2023-10-13 10:15:30,319 [train.py:60] INFO: learning rate : 0.001
2023-10-13 10:15:30,319 [train.py:61] INFO: batch size : 25
2023-10-13 10:15:30,319 [train.py:62] INFO: num epoch : 300
2023-10-13 10:15:30,319 [train.py:63] INFO: trainflow: 10
2023-10-13 10:15:30,319 [train.py:84] INFO: ==========Start training=========
2023-10-13 10:15:59,618 [trainer.py:140] INFO: Epoch : 1, Train_loss : 0.2544971704483032, Mean_ioU: 0.4812862277030945, Mean_Dice: 0.6206955909729004
2023-10-13 10:16:19,179 [trainer.py:140] INFO: Epoch : 2, Train_loss : 0.1378989815711975, Mean_ioU: 0.6318066120147705, Mean_Dice: 0.7664862275123596
2023-10-13 10:16:39,209 [trainer.py:140] INFO: Epoch : 3, Train_loss : 0.12280840426683426, Mean_ioU: 0.6633347272872925, Mean_Dice: 0.7908506989479065
2023-10-13 10:16:58,489 [trainer.py:140] INFO: Epoch : 4, Train_loss : 0.11064527928829193, Mean_ioU: 0.6903241872787476, Mean_Dice: 0.8110213279724121
2023-10-13 10:17:17,660 [trainer.py:140] INFO: Epoch : 5, Train_loss : 0.10498898476362228, Mean_ioU: 0.7021379470825195, Mean_Dice: 0.8195573687553406
2023-10-13 10:17:37,194 [trainer.py:140] INFO: Epoch : 6, Train_loss : 0.09930607676506042, Mean_ioU: 0.7162737250328064, Mean_Dice: 0.8297351598739624
2023-10-13 10:17:56,456 [trainer.py:140] INFO: Epoch : 7, Train_loss : 0.09230691939592361, Mean_ioU: 0.7322936654090881, Mean_Dice: 0.8413562178611755
2023-10-13 10:18:16,144 [trainer.py:140] INFO: Epoch : 8, Train_loss : 0.08848931640386581, Mean_ioU: 0.7416157722473145, Mean_Dice: 0.8478703498840332
2023-10-13 10:18:35,167 [trainer.py:140] INFO: Epoch : 9, Train_loss : 0.08732988685369492, Mean_ioU: 0.7463688850402832, Mean_Dice: 0.8504252433776855
2023-10-13 10:18:54,384 [trainer.py:140] INFO: Epoch : 10, Train_loss : 0.08285868912935257, Mean_ioU: 0.754862368106842, Mean_Dice: 0.8566650152206421
2023-10-13 10:18:57,603 [trainer.py:188] INFO: Validation: Loss : 0.11808856576681137, mIoU : 0.6841520667076111, mDice : 0.8027274012565613
2023-10-13 10:19:17,586 [trainer.py:140] INFO: Epoch : 11, Train_loss : 0.07589829713106155, Mean_ioU: 0.7743653655052185, Mean_Dice: 0.8697553277015686
2023-10-13 10:19:37,114 [trainer.py:140] INFO: Epoch : 12, Train_loss : 0.07341757416725159, Mean_ioU: 0.7809396386146545, Mean_Dice: 0.8737580180168152
2023-10-13 10:19:56,565 [trainer.py:140] INFO: Epoch : 13, Train_loss : 0.07104472815990448, Mean_ioU: 0.7882256507873535, Mean_Dice: 0.878976583480835
2023-10-13 10:20:15,630 [trainer.py:140] INFO: Epoch : 14, Train_loss : 0.07017544656991959, Mean_ioU: 0.7896016836166382, Mean_Dice: 0.8795788288116455
2023-10-13 10:20:35,331 [trainer.py:140] INFO: Epoch : 15, Train_loss : 0.06915835291147232, Mean_ioU: 0.792504608631134, Mean_Dice: 0.8818045258522034
2023-10-13 10:20:54,915 [trainer.py:140] INFO: Epoch : 16, Train_loss : 0.0690491795539856, Mean_ioU: 0.7934038043022156, Mean_Dice: 0.8820299506187439
2023-10-13 10:21:14,876 [trainer.py:140] INFO: Epoch : 17, Train_loss : 0.06821229308843613, Mean_ioU: 0.7955328226089478, Mean_Dice: 0.8836365342140198
2023-10-13 10:21:34,431 [trainer.py:140] INFO: Epoch : 18, Train_loss : 0.06825976818799973, Mean_ioU: 0.7952839136123657, Mean_Dice: 0.8829400539398193
2023-10-13 10:21:54,349 [trainer.py:140] INFO: Epoch : 19, Train_loss : 0.06665211915969849, Mean_ioU: 0.7986171245574951, Mean_Dice: 0.8854149580001831
2023-10-13 10:22:14,142 [trainer.py:140] INFO: Epoch : 20, Train_loss : 0.0657467320561409, Mean_ioU: 0.8015064001083374, Mean_Dice: 0.8871414661407471
2023-10-13 10:22:16,456 [trainer.py:188] INFO: Validation: Loss : 0.09821990877389908, mIoU : 0.7200130820274353, mDice : 0.8298003673553467
2023-10-13 10:22:17,172 [utils.py:24] INFO: Saving ./checkpoint/ckpt_0.09822 ckp 
2023-10-13 10:22:36,852 [trainer.py:140] INFO: Epoch : 21, Train_loss : 0.06469375640153885, Mean_ioU: 0.8040727376937866, Mean_Dice: 0.8890765309333801
2023-10-13 10:22:56,475 [trainer.py:140] INFO: Epoch : 22, Train_loss : 0.06544072180986404, Mean_ioU: 0.8029886484146118, Mean_Dice: 0.8882947564125061
2023-10-13 10:23:15,978 [trainer.py:140] INFO: Epoch : 23, Train_loss : 0.06544896215200424, Mean_ioU: 0.8031296133995056, Mean_Dice: 0.8884950280189514
2023-10-13 10:23:35,431 [trainer.py:140] INFO: Epoch : 24, Train_loss : 0.06496148556470871, Mean_ioU: 0.8051860332489014, Mean_Dice: 0.8895573019981384
2023-10-13 10:23:54,959 [trainer.py:140] INFO: Epoch : 25, Train_loss : 0.06423875689506531, Mean_ioU: 0.8049719333648682, Mean_Dice: 0.889625072479248
2023-10-13 10:24:14,646 [trainer.py:140] INFO: Epoch : 26, Train_loss : 0.0649983286857605, Mean_ioU: 0.8047474026679993, Mean_Dice: 0.8893561363220215
2023-10-13 10:24:34,146 [trainer.py:140] INFO: Epoch : 27, Train_loss : 0.06439368426799774, Mean_ioU: 0.8054986000061035, Mean_Dice: 0.8899052739143372
2023-10-13 10:24:53,364 [trainer.py:140] INFO: Epoch : 28, Train_loss : 0.06478573381900787, Mean_ioU: 0.8042885065078735, Mean_Dice: 0.8890333771705627
2023-10-13 10:25:12,768 [trainer.py:140] INFO: Epoch : 29, Train_loss : 0.06457063555717468, Mean_ioU: 0.8053452372550964, Mean_Dice: 0.8898647427558899
2023-10-13 10:25:32,040 [trainer.py:140] INFO: Epoch : 30, Train_loss : 0.06355781108140945, Mean_ioU: 0.8066128492355347, Mean_Dice: 0.8907817602157593
2023-10-13 10:25:34,233 [trainer.py:188] INFO: Validation: Loss : 0.0968325212597847, mIoU : 0.7256129384040833, mDice : 0.8338271975517273
2023-10-13 10:25:35,000 [utils.py:24] INFO: Saving ./checkpoint/ckpt_0.096833 ckp 
2023-10-13 10:25:54,461 [trainer.py:140] INFO: Epoch : 31, Train_loss : 0.0639273077249527, Mean_ioU: 0.8078833818435669, Mean_Dice: 0.891454815864563
2023-10-13 10:26:13,837 [trainer.py:140] INFO: Epoch : 32, Train_loss : 0.06512884050607681, Mean_ioU: 0.8039889931678772, Mean_Dice: 0.8887991309165955
2023-10-13 10:26:33,236 [trainer.py:140] INFO: Epoch : 33, Train_loss : 0.06439320743083954, Mean_ioU: 0.8057419061660767, Mean_Dice: 0.889944851398468
2023-10-13 10:26:52,136 [trainer.py:140] INFO: Epoch : 34, Train_loss : 0.06445040553808212, Mean_ioU: 0.8054194450378418, Mean_Dice: 0.8896862864494324
2023-10-13 10:27:11,352 [trainer.py:140] INFO: Epoch : 35, Train_loss : 0.06413616240024567, Mean_ioU: 0.8070465922355652, Mean_Dice: 0.8908775448799133
2023-10-13 10:27:30,651 [trainer.py:140] INFO: Epoch : 36, Train_loss : 0.0648278295993805, Mean_ioU: 0.8051114678382874, Mean_Dice: 0.8895127773284912
2023-10-13 10:27:50,124 [trainer.py:140] INFO: Epoch : 37, Train_loss : 0.06411231309175491, Mean_ioU: 0.8066936135292053, Mean_Dice: 0.8906970620155334
2023-10-13 10:28:09,413 [trainer.py:140] INFO: Epoch : 38, Train_loss : 0.06465806066989899, Mean_ioU: 0.8059806227684021, Mean_Dice: 0.8902555108070374
2023-10-13 10:28:28,950 [trainer.py:140] INFO: Epoch : 39, Train_loss : 0.06491003930568695, Mean_ioU: 0.8050097227096558, Mean_Dice: 0.8891709446907043
2023-10-13 10:28:48,791 [trainer.py:140] INFO: Epoch : 40, Train_loss : 0.06395287066698074, Mean_ioU: 0.806678831577301, Mean_Dice: 0.8906494975090027
2023-10-13 10:28:51,012 [trainer.py:188] INFO: Validation: Loss : 0.09677382558584213, mIoU : 0.7261493802070618, mDice : 0.8341984152793884
2023-10-13 10:28:51,692 [utils.py:24] INFO: Saving ./checkpoint/ckpt_0.096774 ckp 
2023-10-13 10:28:52,081 [utils.py:30] INFO: Delete ./checkpoint/ckpt_0.09822.pth ckp
2023-10-13 10:29:11,238 [trainer.py:140] INFO: Epoch : 41, Train_loss : 0.06474606692790985, Mean_ioU: 0.8052726984024048, Mean_Dice: 0.8897117376327515
2023-10-13 10:29:30,657 [trainer.py:140] INFO: Epoch : 42, Train_loss : 0.06437209993600845, Mean_ioU: 0.8068801164627075, Mean_Dice: 0.8907522559165955
2023-10-13 10:29:49,955 [trainer.py:140] INFO: Epoch : 43, Train_loss : 0.06499072164297104, Mean_ioU: 0.8045833706855774, Mean_Dice: 0.8891094923019409
2023-10-13 10:30:09,379 [trainer.py:140] INFO: Epoch : 44, Train_loss : 0.063919797539711, Mean_ioU: 0.806704044342041, Mean_Dice: 0.8906893134117126
2023-10-13 10:30:28,693 [trainer.py:140] INFO: Epoch : 45, Train_loss : 0.06453105062246323, Mean_ioU: 0.8048205971717834, Mean_Dice: 0.8894955515861511
2023-10-13 10:30:48,189 [trainer.py:140] INFO: Epoch : 46, Train_loss : 0.06400524079799652, Mean_ioU: 0.8059654235839844, Mean_Dice: 0.8902978897094727
2023-10-13 10:31:07,719 [trainer.py:140] INFO: Epoch : 47, Train_loss : 0.0637250542640686, Mean_ioU: 0.8072413802146912, Mean_Dice: 0.8911150097846985
2023-10-13 10:31:27,086 [trainer.py:140] INFO: Epoch : 48, Train_loss : 0.0644005537033081, Mean_ioU: 0.8046689033508301, Mean_Dice: 0.8892033100128174
2023-10-13 10:31:46,377 [trainer.py:140] INFO: Epoch : 49, Train_loss : 0.06391791999340057, Mean_ioU: 0.8072412014007568, Mean_Dice: 0.8910146951675415
2023-10-13 10:32:05,840 [trainer.py:140] INFO: Epoch : 50, Train_loss : 0.06391575932502747, Mean_ioU: 0.807016134262085, Mean_Dice: 0.8908795118331909
2023-10-13 10:32:08,066 [trainer.py:188] INFO: Validation: Loss : 0.09653276950120926, mIoU : 0.7262921929359436, mDice : 0.8343263864517212
2023-10-13 10:32:08,788 [utils.py:24] INFO: Saving ./checkpoint/ckpt_0.096533 ckp 
2023-10-13 10:32:09,170 [utils.py:30] INFO: Delete ./checkpoint/ckpt_0.096833.pth ckp
2023-10-13 10:32:28,645 [trainer.py:140] INFO: Epoch : 51, Train_loss : 0.06406144797801971, Mean_ioU: 0.8063046336174011, Mean_Dice: 0.8904297947883606
2023-10-13 10:32:47,767 [trainer.py:140] INFO: Epoch : 52, Train_loss : 0.06363651901483536, Mean_ioU: 0.8076078295707703, Mean_Dice: 0.8912986516952515
2023-10-13 10:33:07,063 [trainer.py:140] INFO: Epoch : 53, Train_loss : 0.06325290352106094, Mean_ioU: 0.8071082234382629, Mean_Dice: 0.8910723924636841
2023-10-13 10:33:26,619 [trainer.py:140] INFO: Epoch : 54, Train_loss : 0.0639050230383873, Mean_ioU: 0.8057488203048706, Mean_Dice: 0.8900129199028015
2023-10-13 10:33:45,931 [trainer.py:140] INFO: Epoch : 55, Train_loss : 0.06361594796180725, Mean_ioU: 0.808096170425415, Mean_Dice: 0.8916916847229004
2023-10-13 10:34:05,316 [trainer.py:140] INFO: Epoch : 56, Train_loss : 0.0643577054142952, Mean_ioU: 0.8066623210906982, Mean_Dice: 0.890593409538269
2023-10-13 10:34:24,946 [trainer.py:140] INFO: Epoch : 57, Train_loss : 0.06407707184553146, Mean_ioU: 0.8061216473579407, Mean_Dice: 0.8902156949043274
2023-10-13 10:34:44,250 [trainer.py:140] INFO: Epoch : 58, Train_loss : 0.06346015632152557, Mean_ioU: 0.8068677186965942, Mean_Dice: 0.891023576259613
2023-10-13 10:35:03,547 [trainer.py:140] INFO: Epoch : 59, Train_loss : 0.06315532326698303, Mean_ioU: 0.8082719445228577, Mean_Dice: 0.8917237520217896
2023-10-13 10:35:23,094 [trainer.py:140] INFO: Epoch : 60, Train_loss : 0.06371288746595383, Mean_ioU: 0.8070603609085083, Mean_Dice: 0.8907819390296936
2023-10-13 10:35:25,324 [trainer.py:188] INFO: Validation: Loss : 0.09661293029785156, mIoU : 0.7261732220649719, mDice : 0.8342106938362122
2023-10-13 10:35:45,506 [trainer.py:140] INFO: Epoch : 61, Train_loss : 0.06430457532405853, Mean_ioU: 0.803870677947998, Mean_Dice: 0.8885949850082397
2023-10-13 10:36:04,535 [trainer.py:140] INFO: Epoch : 62, Train_loss : 0.06398356705904007, Mean_ioU: 0.807311475276947, Mean_Dice: 0.8913507461547852
2023-10-13 10:36:24,082 [trainer.py:140] INFO: Epoch : 63, Train_loss : 0.06436552107334137, Mean_ioU: 0.8054684400558472, Mean_Dice: 0.8899308443069458
2023-10-13 10:36:43,724 [trainer.py:140] INFO: Epoch : 64, Train_loss : 0.06431734561920166, Mean_ioU: 0.8056591749191284, Mean_Dice: 0.8899412751197815
2023-10-13 10:37:03,212 [trainer.py:140] INFO: Epoch : 65, Train_loss : 0.0636541023850441, Mean_ioU: 0.8081918358802795, Mean_Dice: 0.891760528087616
2023-10-13 10:37:22,878 [trainer.py:140] INFO: Epoch : 66, Train_loss : 0.06475064903497696, Mean_ioU: 0.8052090406417847, Mean_Dice: 0.8896283507347107
2023-10-13 10:37:42,536 [trainer.py:140] INFO: Epoch : 67, Train_loss : 0.06446852535009384, Mean_ioU: 0.8061786890029907, Mean_Dice: 0.8903941512107849
2023-10-13 10:38:01,970 [trainer.py:140] INFO: Epoch : 68, Train_loss : 0.0643274337053299, Mean_ioU: 0.8057340979576111, Mean_Dice: 0.8899589776992798
