2023-10-14 12:15:11,670 [train.py:60] INFO: learning rate : 0.001
2023-10-14 12:15:11,670 [train.py:61] INFO: batch size : 4
2023-10-14 12:15:11,670 [train.py:62] INFO: num epoch : 300
2023-10-14 12:15:11,670 [train.py:63] INFO: trainflow: 10
2023-10-14 12:15:11,670 [train.py:84] INFO: ==========Start training=========
2023-10-14 12:16:23,693 [trainer.py:142] INFO: Epoch : 1, Train_loss : 0.3513525128364563, Mean_ioU: 0.2680383026599884, Mean_Dice: 0.3770451545715332
2023-10-14 12:17:33,779 [trainer.py:142] INFO: Epoch : 2, Train_loss : 0.22127223014831543, Mean_ioU: 0.4670076370239258, Mean_Dice: 0.6295901536941528
2023-10-14 12:18:45,592 [trainer.py:142] INFO: Epoch : 3, Train_loss : 0.20494112372398376, Mean_ioU: 0.49113598465919495, Mean_Dice: 0.6517565846443176
2023-10-14 12:19:56,263 [trainer.py:142] INFO: Epoch : 4, Train_loss : 0.19700486958026886, Mean_ioU: 0.5036110281944275, Mean_Dice: 0.6626399159431458
2023-10-14 12:21:07,344 [trainer.py:142] INFO: Epoch : 5, Train_loss : 0.19125545024871826, Mean_ioU: 0.5145518183708191, Mean_Dice: 0.67222660779953
2023-10-14 12:22:18,839 [trainer.py:142] INFO: Epoch : 6, Train_loss : 0.186495840549469, Mean_ioU: 0.5219148397445679, Mean_Dice: 0.6788133382797241
2023-10-14 12:23:29,844 [trainer.py:142] INFO: Epoch : 7, Train_loss : 0.1828395426273346, Mean_ioU: 0.5291793346405029, Mean_Dice: 0.684980571269989
2023-10-14 12:24:40,443 [trainer.py:142] INFO: Epoch : 8, Train_loss : 0.1785556972026825, Mean_ioU: 0.535987377166748, Mean_Dice: 0.6910444498062134
2023-10-14 12:25:51,396 [trainer.py:142] INFO: Epoch : 9, Train_loss : 0.17541782557964325, Mean_ioU: 0.5415490865707397, Mean_Dice: 0.6958304643630981
2023-10-14 12:27:02,487 [trainer.py:142] INFO: Epoch : 10, Train_loss : 0.1735045313835144, Mean_ioU: 0.5444836616516113, Mean_Dice: 0.6984025835990906
2023-10-14 12:27:07,954 [trainer.py:190] INFO: Validation: Loss : 0.1723291128873825, mIoU : 0.5455948114395142, mDice : 0.6988518834114075
2023-10-14 12:28:18,362 [trainer.py:142] INFO: Epoch : 11, Train_loss : 0.18667052686214447, Mean_ioU: 0.5228936076164246, Mean_Dice: 0.6791419982910156
2023-10-14 12:29:29,200 [trainer.py:142] INFO: Epoch : 12, Train_loss : 0.18263813853263855, Mean_ioU: 0.5297297239303589, Mean_Dice: 0.6852872967720032
2023-10-14 12:30:39,990 [trainer.py:142] INFO: Epoch : 13, Train_loss : 0.17955751717090607, Mean_ioU: 0.5350468754768372, Mean_Dice: 0.690009593963623
2023-10-14 12:31:50,572 [trainer.py:142] INFO: Epoch : 14, Train_loss : 0.17779742181301117, Mean_ioU: 0.5373795032501221, Mean_Dice: 0.6918848752975464
2023-10-14 12:33:02,411 [trainer.py:142] INFO: Epoch : 15, Train_loss : 0.1763405203819275, Mean_ioU: 0.5403922200202942, Mean_Dice: 0.694330096244812
2023-10-14 12:34:14,427 [trainer.py:142] INFO: Epoch : 16, Train_loss : 0.17491844296455383, Mean_ioU: 0.5425307154655457, Mean_Dice: 0.6962381601333618
2023-10-14 12:35:26,234 [trainer.py:142] INFO: Epoch : 17, Train_loss : 0.17163603007793427, Mean_ioU: 0.5495814085006714, Mean_Dice: 0.7021884918212891
2023-10-14 12:36:37,659 [trainer.py:142] INFO: Epoch : 18, Train_loss : 0.16900505125522614, Mean_ioU: 0.5541766881942749, Mean_Dice: 0.7063605189323425
2023-10-14 12:37:48,364 [trainer.py:142] INFO: Epoch : 19, Train_loss : 0.16757504642009735, Mean_ioU: 0.5566109418869019, Mean_Dice: 0.7084264159202576
2023-10-14 12:38:59,199 [trainer.py:142] INFO: Epoch : 20, Train_loss : 0.16511580348014832, Mean_ioU: 0.5608986020088196, Mean_Dice: 0.7120979428291321
2023-10-14 12:39:04,291 [trainer.py:190] INFO: Validation: Loss : 0.16273699700832367, mIoU : 0.5605795979499817, mDice : 0.7110752463340759
2023-10-14 12:39:04,349 [utils.py:24] INFO: Saving ./checkpoint/ckpt_0.162737 ckp 
2023-10-14 12:40:14,133 [trainer.py:142] INFO: Epoch : 21, Train_loss : 0.16224020719528198, Mean_ioU: 0.5661388039588928, Mean_Dice: 0.7167163491249084
2023-10-14 12:41:25,301 [trainer.py:142] INFO: Epoch : 22, Train_loss : 0.16033077239990234, Mean_ioU: 0.570094883441925, Mean_Dice: 0.7201423645019531
2023-10-14 12:42:36,233 [trainer.py:142] INFO: Epoch : 23, Train_loss : 0.15973496437072754, Mean_ioU: 0.5714119076728821, Mean_Dice: 0.7211296558380127
2023-10-14 12:43:48,392 [trainer.py:142] INFO: Epoch : 24, Train_loss : 0.15893927216529846, Mean_ioU: 0.5728641748428345, Mean_Dice: 0.7222291231155396
2023-10-14 12:44:59,347 [trainer.py:142] INFO: Epoch : 25, Train_loss : 0.15706944465637207, Mean_ioU: 0.5752114057540894, Mean_Dice: 0.7242452502250671
2023-10-14 12:46:10,432 [trainer.py:142] INFO: Epoch : 26, Train_loss : 0.155076801776886, Mean_ioU: 0.5791965126991272, Mean_Dice: 0.7278759479522705
2023-10-14 12:47:21,048 [trainer.py:142] INFO: Epoch : 27, Train_loss : 0.1542140692472458, Mean_ioU: 0.5818004012107849, Mean_Dice: 0.7298727631568909
2023-10-14 12:48:32,820 [trainer.py:142] INFO: Epoch : 28, Train_loss : 0.15276244282722473, Mean_ioU: 0.583961546421051, Mean_Dice: 0.7318280935287476
2023-10-14 12:49:44,184 [trainer.py:142] INFO: Epoch : 29, Train_loss : 0.1520945429801941, Mean_ioU: 0.5854752063751221, Mean_Dice: 0.7330275177955627
2023-10-14 12:50:54,971 [trainer.py:142] INFO: Epoch : 30, Train_loss : 0.15211234986782074, Mean_ioU: 0.5850903391838074, Mean_Dice: 0.7326818108558655
2023-10-14 12:51:00,108 [trainer.py:190] INFO: Validation: Loss : 0.15676091611385345, mIoU : 0.5745988488197327, mDice : 0.7232905030250549
2023-10-14 12:51:00,153 [utils.py:24] INFO: Saving ./checkpoint/ckpt_0.156761 ckp 
2023-10-14 12:52:10,307 [trainer.py:142] INFO: Epoch : 31, Train_loss : 0.17142173647880554, Mean_ioU: 0.5493329763412476, Mean_Dice: 0.7013604044914246
2023-10-14 12:53:21,581 [trainer.py:142] INFO: Epoch : 32, Train_loss : 0.16483309864997864, Mean_ioU: 0.5623122453689575, Mean_Dice: 0.7134687304496765
2023-10-14 12:54:33,552 [trainer.py:142] INFO: Epoch : 33, Train_loss : 0.16285677254199982, Mean_ioU: 0.5652986764907837, Mean_Dice: 0.7158970236778259
2023-10-14 12:55:46,047 [trainer.py:142] INFO: Epoch : 34, Train_loss : 0.1633380651473999, Mean_ioU: 0.5647426247596741, Mean_Dice: 0.7154983878135681
2023-10-14 12:56:56,593 [trainer.py:142] INFO: Epoch : 35, Train_loss : 0.16132120788097382, Mean_ioU: 0.5687050819396973, Mean_Dice: 0.7187942862510681
2023-10-14 12:58:07,687 [trainer.py:142] INFO: Epoch : 36, Train_loss : 0.1615254282951355, Mean_ioU: 0.5674148201942444, Mean_Dice: 0.7177866101264954
2023-10-14 12:59:19,356 [trainer.py:142] INFO: Epoch : 37, Train_loss : 0.16253022849559784, Mean_ioU: 0.5664029121398926, Mean_Dice: 0.7162683010101318
2023-10-14 13:00:30,537 [trainer.py:142] INFO: Epoch : 38, Train_loss : 0.16087351739406586, Mean_ioU: 0.5687006115913391, Mean_Dice: 0.7184295058250427
2023-10-14 13:01:41,816 [trainer.py:142] INFO: Epoch : 39, Train_loss : 0.15854983031749725, Mean_ioU: 0.5720748901367188, Mean_Dice: 0.7217695116996765
2023-10-14 13:02:51,733 [trainer.py:142] INFO: Epoch : 40, Train_loss : 0.15974727272987366, Mean_ioU: 0.5716718435287476, Mean_Dice: 0.7213454842567444
2023-10-14 13:02:56,897 [trainer.py:190] INFO: Validation: Loss : 0.15754351019859314, mIoU : 0.5751940011978149, mDice : 0.7235267162322998
2023-10-14 13:04:07,986 [trainer.py:142] INFO: Epoch : 41, Train_loss : 0.15798138082027435, Mean_ioU: 0.5743000507354736, Mean_Dice: 0.7235862016677856
2023-10-14 13:05:18,905 [trainer.py:142] INFO: Epoch : 42, Train_loss : 0.15680666267871857, Mean_ioU: 0.5759817361831665, Mean_Dice: 0.7249170541763306
2023-10-14 13:06:31,308 [trainer.py:142] INFO: Epoch : 43, Train_loss : 0.15519918501377106, Mean_ioU: 0.5804020762443542, Mean_Dice: 0.7285751104354858
2023-10-14 13:07:42,481 [trainer.py:142] INFO: Epoch : 44, Train_loss : 0.15593062341213226, Mean_ioU: 0.5784013271331787, Mean_Dice: 0.7271034121513367
2023-10-14 13:08:55,157 [trainer.py:142] INFO: Epoch : 45, Train_loss : 0.15449263155460358, Mean_ioU: 0.5817652344703674, Mean_Dice: 0.729730486869812
2023-10-14 13:10:06,849 [trainer.py:142] INFO: Epoch : 46, Train_loss : 0.15474940836429596, Mean_ioU: 0.5796293616294861, Mean_Dice: 0.7281635403633118
2023-10-14 13:11:17,844 [trainer.py:142] INFO: Epoch : 47, Train_loss : 0.15342272818088531, Mean_ioU: 0.5840228796005249, Mean_Dice: 0.7317340970039368
2023-10-14 13:12:29,085 [trainer.py:142] INFO: Epoch : 48, Train_loss : 0.15127821266651154, Mean_ioU: 0.5865746736526489, Mean_Dice: 0.7339780926704407
2023-10-14 13:13:39,805 [trainer.py:142] INFO: Epoch : 49, Train_loss : 0.15143224596977234, Mean_ioU: 0.5868924856185913, Mean_Dice: 0.7339819073677063
2023-10-14 13:14:51,288 [trainer.py:142] INFO: Epoch : 50, Train_loss : 0.15015627443790436, Mean_ioU: 0.5889365673065186, Mean_Dice: 0.7357474565505981
2023-10-14 13:14:56,435 [trainer.py:190] INFO: Validation: Loss : 0.15205436944961548, mIoU : 0.5848461389541626, mDice : 0.7321038842201233
2023-10-14 13:14:56,471 [utils.py:24] INFO: Saving ./checkpoint/ckpt_0.152054 ckp 
2023-10-14 13:14:56,500 [utils.py:30] INFO: Delete ./checkpoint/ckpt_0.162737.pth ckp
2023-10-14 13:16:07,235 [trainer.py:142] INFO: Epoch : 51, Train_loss : 0.15019798278808594, Mean_ioU: 0.5892208814620972, Mean_Dice: 0.7360574007034302
2023-10-14 13:17:18,733 [trainer.py:142] INFO: Epoch : 52, Train_loss : 0.1491422802209854, Mean_ioU: 0.5915988683700562, Mean_Dice: 0.738084077835083
2023-10-14 13:18:29,696 [trainer.py:142] INFO: Epoch : 53, Train_loss : 0.14748148620128632, Mean_ioU: 0.5948923230171204, Mean_Dice: 0.7407962679862976
2023-10-14 13:19:40,866 [trainer.py:142] INFO: Epoch : 54, Train_loss : 0.14652368426322937, Mean_ioU: 0.5959193706512451, Mean_Dice: 0.7415624856948853
2023-10-14 13:20:51,012 [trainer.py:142] INFO: Epoch : 55, Train_loss : 0.14639587700366974, Mean_ioU: 0.5968155264854431, Mean_Dice: 0.7421172857284546
2023-10-14 13:22:02,391 [trainer.py:142] INFO: Epoch : 56, Train_loss : 0.14612777531147003, Mean_ioU: 0.5975120663642883, Mean_Dice: 0.7427339553833008
2023-10-14 13:23:13,198 [trainer.py:142] INFO: Epoch : 57, Train_loss : 0.14549773931503296, Mean_ioU: 0.5986375212669373, Mean_Dice: 0.7436206936836243
2023-10-14 13:24:24,126 [trainer.py:142] INFO: Epoch : 58, Train_loss : 0.14456689357757568, Mean_ioU: 0.6008341312408447, Mean_Dice: 0.7453917264938354
2023-10-14 13:25:34,613 [trainer.py:142] INFO: Epoch : 59, Train_loss : 0.14412888884544373, Mean_ioU: 0.6010497808456421, Mean_Dice: 0.7455043792724609
2023-10-14 13:26:45,883 [trainer.py:142] INFO: Epoch : 60, Train_loss : 0.14359724521636963, Mean_ioU: 0.602617621421814, Mean_Dice: 0.7470048069953918
2023-10-14 13:26:51,002 [trainer.py:190] INFO: Validation: Loss : 0.15053755044937134, mIoU : 0.5883400440216064, mDice : 0.7347573637962341
2023-10-14 13:26:51,048 [utils.py:24] INFO: Saving ./checkpoint/ckpt_0.150538 ckp 
2023-10-14 13:26:51,080 [utils.py:30] INFO: Delete ./checkpoint/ckpt_0.156761.pth ckp
2023-10-14 13:28:02,045 [trainer.py:142] INFO: Epoch : 61, Train_loss : 0.1424301564693451, Mean_ioU: 0.6037561893463135, Mean_Dice: 0.7477076649665833
2023-10-14 13:29:12,434 [trainer.py:142] INFO: Epoch : 62, Train_loss : 0.14151977002620697, Mean_ioU: 0.6070803999900818, Mean_Dice: 0.7504645586013794
2023-10-14 13:30:23,273 [trainer.py:142] INFO: Epoch : 63, Train_loss : 0.14108622074127197, Mean_ioU: 0.6069002151489258, Mean_Dice: 0.7506207823753357
2023-10-14 13:31:33,869 [trainer.py:142] INFO: Epoch : 64, Train_loss : 0.14169514179229736, Mean_ioU: 0.6061900854110718, Mean_Dice: 0.7499299645423889
2023-10-14 13:32:44,836 [trainer.py:142] INFO: Epoch : 65, Train_loss : 0.14033351838588715, Mean_ioU: 0.6082347631454468, Mean_Dice: 0.7517654895782471
2023-10-14 13:33:55,681 [trainer.py:142] INFO: Epoch : 66, Train_loss : 0.14035508036613464, Mean_ioU: 0.6090443134307861, Mean_Dice: 0.7522062063217163
2023-10-14 13:35:06,386 [trainer.py:142] INFO: Epoch : 67, Train_loss : 0.1402602195739746, Mean_ioU: 0.6087021827697754, Mean_Dice: 0.7520551085472107
2023-10-14 13:36:17,471 [trainer.py:142] INFO: Epoch : 68, Train_loss : 0.13953374326229095, Mean_ioU: 0.609841525554657, Mean_Dice: 0.7530383467674255
2023-10-14 13:37:27,718 [trainer.py:142] INFO: Epoch : 69, Train_loss : 0.13994072377681732, Mean_ioU: 0.6093900203704834, Mean_Dice: 0.7527382373809814
2023-10-14 13:38:38,312 [trainer.py:142] INFO: Epoch : 70, Train_loss : 0.1400461047887802, Mean_ioU: 0.609168529510498, Mean_Dice: 0.7523596882820129
2023-10-14 13:38:43,402 [trainer.py:190] INFO: Validation: Loss : 0.1463085561990738, mIoU : 0.5964095592498779, mDice : 0.7415509819984436
2023-10-14 13:38:43,447 [utils.py:24] INFO: Saving ./checkpoint/ckpt_0.146309 ckp 
2023-10-14 13:38:43,478 [utils.py:30] INFO: Delete ./checkpoint/ckpt_0.152054.pth ckp
2023-10-14 13:39:54,192 [trainer.py:142] INFO: Epoch : 71, Train_loss : 0.15731917321681976, Mean_ioU: 0.5758390426635742, Mean_Dice: 0.7245943546295166
2023-10-14 13:41:04,533 [trainer.py:142] INFO: Epoch : 72, Train_loss : 0.15342214703559875, Mean_ioU: 0.5830851197242737, Mean_Dice: 0.7308225631713867
2023-10-14 13:42:15,416 [trainer.py:142] INFO: Epoch : 73, Train_loss : 0.15249542891979218, Mean_ioU: 0.5858149528503418, Mean_Dice: 0.7328975200653076
2023-10-14 13:43:25,734 [trainer.py:142] INFO: Epoch : 74, Train_loss : 0.15068838000297546, Mean_ioU: 0.5889015197753906, Mean_Dice: 0.7356148362159729
2023-10-14 13:44:36,935 [trainer.py:142] INFO: Epoch : 75, Train_loss : 0.15017718076705933, Mean_ioU: 0.5892413854598999, Mean_Dice: 0.7358526587486267
2023-10-14 13:45:48,815 [trainer.py:142] INFO: Epoch : 76, Train_loss : 0.1508866548538208, Mean_ioU: 0.5880372524261475, Mean_Dice: 0.7350013852119446
2023-10-14 13:47:00,466 [trainer.py:142] INFO: Epoch : 77, Train_loss : 0.15069398283958435, Mean_ioU: 0.5877347588539124, Mean_Dice: 0.7342291474342346
2023-10-14 13:48:13,465 [trainer.py:142] INFO: Epoch : 78, Train_loss : 0.14963899552822113, Mean_ioU: 0.5894548296928406, Mean_Dice: 0.7361128330230713
2023-10-14 13:49:24,273 [trainer.py:142] INFO: Epoch : 79, Train_loss : 0.14868952333927155, Mean_ioU: 0.591682493686676, Mean_Dice: 0.7376048564910889
2023-10-14 13:50:35,663 [trainer.py:142] INFO: Epoch : 80, Train_loss : 0.14959751069545746, Mean_ioU: 0.5902436375617981, Mean_Dice: 0.7366815805435181
2023-10-14 13:50:40,842 [trainer.py:190] INFO: Validation: Loss : 0.15826326608657837, mIoU : 0.5792816281318665, mDice : 0.7264581322669983
2023-10-14 13:51:51,202 [trainer.py:142] INFO: Epoch : 81, Train_loss : 0.1493695229291916, Mean_ioU: 0.5908146500587463, Mean_Dice: 0.7372507452964783
2023-10-14 13:53:03,523 [trainer.py:142] INFO: Epoch : 82, Train_loss : 0.1491870880126953, Mean_ioU: 0.5919482111930847, Mean_Dice: 0.7382380962371826
2023-10-14 13:54:13,484 [trainer.py:142] INFO: Epoch : 83, Train_loss : 0.15051808953285217, Mean_ioU: 0.5896353721618652, Mean_Dice: 0.7360050082206726
2023-10-14 13:55:23,737 [trainer.py:142] INFO: Epoch : 84, Train_loss : 0.14827245473861694, Mean_ioU: 0.5931106209754944, Mean_Dice: 0.7391767501831055
2023-10-14 13:56:34,568 [trainer.py:142] INFO: Epoch : 85, Train_loss : 0.14849238097667694, Mean_ioU: 0.5923717021942139, Mean_Dice: 0.7386668920516968
2023-10-14 13:57:46,329 [trainer.py:142] INFO: Epoch : 86, Train_loss : 0.14806698262691498, Mean_ioU: 0.5936474800109863, Mean_Dice: 0.7393084168434143
2023-10-14 13:58:57,990 [trainer.py:142] INFO: Epoch : 87, Train_loss : 0.14763852953910828, Mean_ioU: 0.5935661196708679, Mean_Dice: 0.7396273016929626
2023-10-14 14:00:08,517 [trainer.py:142] INFO: Epoch : 88, Train_loss : 0.14739257097244263, Mean_ioU: 0.5958094596862793, Mean_Dice: 0.7414466142654419
2023-10-14 14:01:19,744 [trainer.py:142] INFO: Epoch : 89, Train_loss : 0.14751160144805908, Mean_ioU: 0.5946891903877258, Mean_Dice: 0.7402332425117493
2023-10-14 14:02:30,859 [trainer.py:142] INFO: Epoch : 90, Train_loss : 0.145558163523674, Mean_ioU: 0.5980808138847351, Mean_Dice: 0.743106484413147
2023-10-14 14:02:35,989 [trainer.py:190] INFO: Validation: Loss : 0.14988242089748383, mIoU : 0.5906822085380554, mDice : 0.7359742522239685
2023-10-14 14:03:46,604 [trainer.py:142] INFO: Epoch : 91, Train_loss : 0.14556069672107697, Mean_ioU: 0.5984678268432617, Mean_Dice: 0.7434436082839966
2023-10-14 14:04:58,158 [trainer.py:142] INFO: Epoch : 92, Train_loss : 0.14788632094860077, Mean_ioU: 0.5952690839767456, Mean_Dice: 0.7400060892105103
2023-10-14 14:06:10,423 [trainer.py:142] INFO: Epoch : 93, Train_loss : 0.14608077704906464, Mean_ioU: 0.5974656939506531, Mean_Dice: 0.7425903081893921
2023-10-14 14:07:20,917 [trainer.py:142] INFO: Epoch : 94, Train_loss : 0.1447833925485611, Mean_ioU: 0.5996528267860413, Mean_Dice: 0.7445200085639954
2023-10-14 14:08:31,524 [trainer.py:142] INFO: Epoch : 95, Train_loss : 0.14484767615795135, Mean_ioU: 0.6000823378562927, Mean_Dice: 0.7449558973312378
2023-10-14 14:09:42,432 [trainer.py:142] INFO: Epoch : 96, Train_loss : 0.1434900313615799, Mean_ioU: 0.6031464338302612, Mean_Dice: 0.7472288012504578
2023-10-14 14:10:54,923 [trainer.py:142] INFO: Epoch : 97, Train_loss : 0.1439305543899536, Mean_ioU: 0.6026979088783264, Mean_Dice: 0.7470276951789856
2023-10-14 14:12:05,784 [trainer.py:142] INFO: Epoch : 98, Train_loss : 0.14354880154132843, Mean_ioU: 0.6023139953613281, Mean_Dice: 0.7463971376419067
2023-10-14 14:13:16,533 [trainer.py:142] INFO: Epoch : 99, Train_loss : 0.1434202641248703, Mean_ioU: 0.6016818284988403, Mean_Dice: 0.7463313341140747
2023-10-14 14:14:28,452 [trainer.py:142] INFO: Epoch : 100, Train_loss : 0.14412285387516022, Mean_ioU: 0.602514386177063, Mean_Dice: 0.7467814683914185
2023-10-14 14:14:33,631 [trainer.py:190] INFO: Validation: Loss : 0.15048429369926453, mIoU : 0.5884212255477905, mDice : 0.7348121404647827
2023-10-14 14:15:43,999 [trainer.py:142] INFO: Epoch : 101, Train_loss : 0.14301975071430206, Mean_ioU: 0.6038945913314819, Mean_Dice: 0.7480352520942688
2023-10-14 14:16:55,024 [trainer.py:142] INFO: Epoch : 102, Train_loss : 0.14161142706871033, Mean_ioU: 0.6068155169487, Mean_Dice: 0.7501624226570129
2023-10-14 14:18:06,114 [trainer.py:142] INFO: Epoch : 103, Train_loss : 0.1433480978012085, Mean_ioU: 0.6036264300346375, Mean_Dice: 0.7476699352264404
2023-10-14 14:19:16,491 [trainer.py:142] INFO: Epoch : 104, Train_loss : 0.14034639298915863, Mean_ioU: 0.6092989444732666, Mean_Dice: 0.7523623704910278
2023-10-14 14:20:27,613 [trainer.py:142] INFO: Epoch : 105, Train_loss : 0.14067551493644714, Mean_ioU: 0.6080918312072754, Mean_Dice: 0.7513883113861084
2023-10-14 14:21:39,028 [trainer.py:142] INFO: Epoch : 106, Train_loss : 0.14209212362766266, Mean_ioU: 0.6064368486404419, Mean_Dice: 0.7496539354324341
2023-10-14 14:22:50,305 [trainer.py:142] INFO: Epoch : 107, Train_loss : 0.14038188755512238, Mean_ioU: 0.6100867390632629, Mean_Dice: 0.7529085278511047
2023-10-14 14:24:00,962 [trainer.py:142] INFO: Epoch : 108, Train_loss : 0.13966311514377594, Mean_ioU: 0.6101205348968506, Mean_Dice: 0.7529457807540894
2023-10-14 14:25:11,239 [trainer.py:142] INFO: Epoch : 109, Train_loss : 0.13988280296325684, Mean_ioU: 0.6109178066253662, Mean_Dice: 0.7536634206771851
2023-10-14 14:26:21,809 [trainer.py:142] INFO: Epoch : 110, Train_loss : 0.13999822735786438, Mean_ioU: 0.6099271774291992, Mean_Dice: 0.7528123259544373
2023-10-14 14:26:26,956 [trainer.py:190] INFO: Validation: Loss : 0.14853911101818085, mIoU : 0.5920721292495728, mDice : 0.7378677725791931
2023-10-14 14:27:37,523 [trainer.py:142] INFO: Epoch : 111, Train_loss : 0.13821357488632202, Mean_ioU: 0.6124465465545654, Mean_Dice: 0.7548424601554871
2023-10-14 14:28:49,192 [trainer.py:142] INFO: Epoch : 112, Train_loss : 0.13871146738529205, Mean_ioU: 0.612162172794342, Mean_Dice: 0.7543975114822388
2023-10-14 14:30:00,332 [trainer.py:142] INFO: Epoch : 113, Train_loss : 0.13853077590465546, Mean_ioU: 0.6119318604469299, Mean_Dice: 0.7539770007133484
2023-10-14 14:31:10,554 [trainer.py:142] INFO: Epoch : 114, Train_loss : 0.13769377768039703, Mean_ioU: 0.6137042045593262, Mean_Dice: 0.7557048797607422
2023-10-14 14:32:20,770 [trainer.py:142] INFO: Epoch : 115, Train_loss : 0.13701513409614563, Mean_ioU: 0.615240216255188, Mean_Dice: 0.7570562958717346
2023-10-14 14:33:31,797 [trainer.py:142] INFO: Epoch : 116, Train_loss : 0.13689474761486053, Mean_ioU: 0.6162706017494202, Mean_Dice: 0.7577846050262451
2023-10-14 14:34:42,898 [trainer.py:142] INFO: Epoch : 117, Train_loss : 0.13583971560001373, Mean_ioU: 0.6171097159385681, Mean_Dice: 0.7585301995277405
2023-10-14 14:35:53,338 [trainer.py:142] INFO: Epoch : 118, Train_loss : 0.13622242212295532, Mean_ioU: 0.6173819899559021, Mean_Dice: 0.7588417530059814
2023-10-14 14:37:03,896 [trainer.py:142] INFO: Epoch : 119, Train_loss : 0.13592275977134705, Mean_ioU: 0.6177539825439453, Mean_Dice: 0.7589966058731079
2023-10-14 14:38:14,584 [trainer.py:142] INFO: Epoch : 120, Train_loss : 0.13472598791122437, Mean_ioU: 0.6200697422027588, Mean_Dice: 0.7610385417938232
2023-10-14 14:38:19,778 [trainer.py:190] INFO: Validation: Loss : 0.14597390592098236, mIoU : 0.600526750087738, mDice : 0.744048535823822
2023-10-14 14:38:19,822 [utils.py:24] INFO: Saving ./checkpoint/ckpt_0.145974 ckp 
2023-10-14 14:38:19,852 [utils.py:30] INFO: Delete ./checkpoint/ckpt_0.150538.pth ckp
2023-10-14 14:39:30,492 [trainer.py:142] INFO: Epoch : 121, Train_loss : 0.1341380923986435, Mean_ioU: 0.6202093362808228, Mean_Dice: 0.7609705924987793
2023-10-14 14:40:41,188 [trainer.py:142] INFO: Epoch : 122, Train_loss : 0.13463501632213593, Mean_ioU: 0.6203547120094299, Mean_Dice: 0.7612727880477905
2023-10-14 14:41:52,893 [trainer.py:142] INFO: Epoch : 123, Train_loss : 0.13334791362285614, Mean_ioU: 0.6218341588973999, Mean_Dice: 0.762292742729187
2023-10-14 14:43:03,640 [trainer.py:142] INFO: Epoch : 124, Train_loss : 0.13360059261322021, Mean_ioU: 0.622681200504303, Mean_Dice: 0.763073205947876
2023-10-14 14:44:14,413 [trainer.py:142] INFO: Epoch : 125, Train_loss : 0.13361304998397827, Mean_ioU: 0.6223058104515076, Mean_Dice: 0.7628403902053833
2023-10-14 14:45:25,638 [trainer.py:142] INFO: Epoch : 126, Train_loss : 0.13330797851085663, Mean_ioU: 0.6228293776512146, Mean_Dice: 0.7632319331169128
2023-10-14 14:46:37,945 [trainer.py:142] INFO: Epoch : 127, Train_loss : 0.13291674852371216, Mean_ioU: 0.6232032179832458, Mean_Dice: 0.7635084986686707
2023-10-14 14:47:49,864 [trainer.py:142] INFO: Epoch : 128, Train_loss : 0.13310909271240234, Mean_ioU: 0.6230358481407166, Mean_Dice: 0.7632231712341309
2023-10-14 14:49:00,437 [trainer.py:142] INFO: Epoch : 129, Train_loss : 0.13194239139556885, Mean_ioU: 0.6254686117172241, Mean_Dice: 0.765372097492218
2023-10-14 14:50:11,829 [trainer.py:142] INFO: Epoch : 130, Train_loss : 0.13112884759902954, Mean_ioU: 0.6259865164756775, Mean_Dice: 0.7658279538154602
2023-10-14 14:50:16,931 [trainer.py:190] INFO: Validation: Loss : 0.1434856355190277, mIoU : 0.6033908724784851, mDice : 0.7463503479957581
2023-10-14 14:50:16,979 [utils.py:24] INFO: Saving ./checkpoint/ckpt_0.143486 ckp 
2023-10-14 14:50:17,011 [utils.py:30] INFO: Delete ./checkpoint/ckpt_0.146309.pth ckp
2023-10-14 14:51:27,584 [trainer.py:142] INFO: Epoch : 131, Train_loss : 0.13105115294456482, Mean_ioU: 0.6265425682067871, Mean_Dice: 0.766089141368866
2023-10-14 14:52:39,607 [trainer.py:142] INFO: Epoch : 132, Train_loss : 0.1309644877910614, Mean_ioU: 0.6273699402809143, Mean_Dice: 0.7668240666389465
2023-10-14 14:53:50,462 [trainer.py:142] INFO: Epoch : 133, Train_loss : 0.1303645819425583, Mean_ioU: 0.6296034455299377, Mean_Dice: 0.7687063813209534
2023-10-14 14:55:01,071 [trainer.py:142] INFO: Epoch : 134, Train_loss : 0.13174760341644287, Mean_ioU: 0.6249285340309143, Mean_Dice: 0.7645660638809204
2023-10-14 14:56:11,729 [trainer.py:142] INFO: Epoch : 135, Train_loss : 0.13075445592403412, Mean_ioU: 0.6277540326118469, Mean_Dice: 0.7667974233627319
2023-10-14 14:57:23,477 [trainer.py:142] INFO: Epoch : 136, Train_loss : 0.13029858469963074, Mean_ioU: 0.6286338567733765, Mean_Dice: 0.7678778767585754
2023-10-14 14:58:34,576 [trainer.py:142] INFO: Epoch : 137, Train_loss : 0.12976625561714172, Mean_ioU: 0.6292932629585266, Mean_Dice: 0.768428385257721
2023-10-14 14:59:44,725 [trainer.py:142] INFO: Epoch : 138, Train_loss : 0.1291045993566513, Mean_ioU: 0.6305234432220459, Mean_Dice: 0.7692996859550476
2023-10-14 15:00:55,077 [trainer.py:142] INFO: Epoch : 139, Train_loss : 0.12920844554901123, Mean_ioU: 0.6302554607391357, Mean_Dice: 0.7691285014152527
2023-10-14 15:02:05,832 [trainer.py:142] INFO: Epoch : 140, Train_loss : 0.12962733209133148, Mean_ioU: 0.6292405128479004, Mean_Dice: 0.7680627107620239
2023-10-14 15:02:10,968 [trainer.py:190] INFO: Validation: Loss : 0.13955894112586975, mIoU : 0.6082704067230225, mDice : 0.7506320476531982
2023-10-14 15:02:11,012 [utils.py:24] INFO: Saving ./checkpoint/ckpt_0.139559 ckp 
2023-10-14 15:02:11,042 [utils.py:30] INFO: Delete ./checkpoint/ckpt_0.145974.pth ckp
2023-10-14 15:03:21,686 [trainer.py:142] INFO: Epoch : 141, Train_loss : 0.12941990792751312, Mean_ioU: 0.6301528215408325, Mean_Dice: 0.7689919471740723
2023-10-14 15:04:32,507 [trainer.py:142] INFO: Epoch : 142, Train_loss : 0.12843695282936096, Mean_ioU: 0.631585955619812, Mean_Dice: 0.7698687314987183
2023-10-14 15:05:44,267 [trainer.py:142] INFO: Epoch : 143, Train_loss : 0.12856435775756836, Mean_ioU: 0.6324641704559326, Mean_Dice: 0.7706848978996277
2023-10-14 15:06:55,707 [trainer.py:142] INFO: Epoch : 144, Train_loss : 0.13014280796051025, Mean_ioU: 0.6288371682167053, Mean_Dice: 0.7678977847099304
2023-10-14 15:08:06,816 [trainer.py:142] INFO: Epoch : 145, Train_loss : 0.1281161606311798, Mean_ioU: 0.6331341862678528, Mean_Dice: 0.7716528177261353
2023-10-14 15:09:17,237 [trainer.py:142] INFO: Epoch : 146, Train_loss : 0.12873992323875427, Mean_ioU: 0.6315180063247681, Mean_Dice: 0.7699136137962341
2023-10-14 15:10:27,931 [trainer.py:142] INFO: Epoch : 147, Train_loss : 0.12892045080661774, Mean_ioU: 0.6307932734489441, Mean_Dice: 0.7696114182472229
2023-10-14 15:11:39,209 [trainer.py:142] INFO: Epoch : 148, Train_loss : 0.1287103146314621, Mean_ioU: 0.6305875182151794, Mean_Dice: 0.7691810727119446
2023-10-14 15:12:49,653 [trainer.py:142] INFO: Epoch : 149, Train_loss : 0.12848089635372162, Mean_ioU: 0.6325024366378784, Mean_Dice: 0.7709699869155884
2023-10-14 15:14:00,567 [trainer.py:142] INFO: Epoch : 150, Train_loss : 0.12795382738113403, Mean_ioU: 0.6339866518974304, Mean_Dice: 0.7720515727996826
2023-10-14 15:14:05,731 [trainer.py:190] INFO: Validation: Loss : 0.14184688031673431, mIoU : 0.6059199571609497, mDice : 0.7484533190727234
2023-10-14 15:15:16,657 [trainer.py:142] INFO: Epoch : 151, Train_loss : 0.14172685146331787, Mean_ioU: 0.6051799654960632, Mean_Dice: 0.7487475872039795
2023-10-14 15:16:27,219 [trainer.py:142] INFO: Epoch : 152, Train_loss : 0.14157554507255554, Mean_ioU: 0.6057725548744202, Mean_Dice: 0.7490406632423401
2023-10-14 15:17:37,755 [trainer.py:142] INFO: Epoch : 153, Train_loss : 0.14104241132736206, Mean_ioU: 0.6064417958259583, Mean_Dice: 0.7496992945671082
2023-10-14 15:18:48,294 [trainer.py:142] INFO: Epoch : 154, Train_loss : 0.1409071981906891, Mean_ioU: 0.6070274710655212, Mean_Dice: 0.7502867579460144
2023-10-14 15:19:59,275 [trainer.py:142] INFO: Epoch : 155, Train_loss : 0.1418333798646927, Mean_ioU: 0.60535728931427, Mean_Dice: 0.7493942975997925
2023-10-14 15:21:10,536 [trainer.py:142] INFO: Epoch : 156, Train_loss : 0.14244124293327332, Mean_ioU: 0.6044238209724426, Mean_Dice: 0.7481014728546143
2023-10-14 15:22:21,427 [trainer.py:142] INFO: Epoch : 157, Train_loss : 0.14063093066215515, Mean_ioU: 0.6087828278541565, Mean_Dice: 0.7517805099487305
2023-10-14 15:23:32,691 [trainer.py:142] INFO: Epoch : 158, Train_loss : nan, Mean_ioU: 0.6091035604476929, Mean_Dice: nan
2023-10-14 15:24:43,291 [trainer.py:142] INFO: Epoch : 159, Train_loss : nan, Mean_ioU: 0.605396032333374, Mean_Dice: nan
2023-10-14 15:25:51,281 [trainer.py:142] INFO: Epoch : 160, Train_loss : nan, Mean_ioU: 0.2901705801486969, Mean_Dice: nan
2023-10-14 15:25:56,441 [trainer.py:190] INFO: Validation: Loss : 0.29016169905662537, mIoU : 0.2371859848499298, mDice : 0.3805900812149048
2023-10-14 15:27:00,740 [trainer.py:142] INFO: Epoch : 161, Train_loss : nan, Mean_ioU: 0.15551741421222687, Mean_Dice: nan
2023-10-14 15:27:59,292 [trainer.py:142] INFO: Epoch : 162, Train_loss : nan, Mean_ioU: 0.033052053302526474, Mean_Dice: nan
2023-10-14 15:28:58,003 [trainer.py:142] INFO: Epoch : 163, Train_loss : nan, Mean_ioU: 0.0330510288476944, Mean_Dice: nan
2023-10-14 15:29:56,500 [trainer.py:142] INFO: Epoch : 164, Train_loss : nan, Mean_ioU: 0.03305073082447052, Mean_Dice: nan
2023-10-14 15:30:54,912 [trainer.py:142] INFO: Epoch : 165, Train_loss : nan, Mean_ioU: 0.03305051848292351, Mean_Dice: nan
2023-10-14 15:31:53,966 [trainer.py:142] INFO: Epoch : 166, Train_loss : nan, Mean_ioU: 0.03305010870099068, Mean_Dice: nan
2023-10-14 15:32:52,545 [trainer.py:142] INFO: Epoch : 167, Train_loss : nan, Mean_ioU: 0.03305063769221306, Mean_Dice: nan
2023-10-14 15:33:50,963 [trainer.py:142] INFO: Epoch : 168, Train_loss : nan, Mean_ioU: 0.03304961696267128, Mean_Dice: nan
2023-10-14 15:34:49,436 [trainer.py:142] INFO: Epoch : 169, Train_loss : nan, Mean_ioU: 0.0330505333840847, Mean_Dice: nan
2023-10-14 15:35:47,940 [trainer.py:142] INFO: Epoch : 170, Train_loss : nan, Mean_ioU: 0.03305186331272125, Mean_Dice: nan
2023-10-14 15:35:53,129 [trainer.py:190] INFO: Validation: Loss : nan, mIoU : 0.034608736634254456, mDice : nan
2023-10-14 15:36:51,296 [trainer.py:142] INFO: Epoch : 171, Train_loss : nan, Mean_ioU: 0.03305084630846977, Mean_Dice: nan
2023-10-14 15:37:49,876 [trainer.py:142] INFO: Epoch : 172, Train_loss : nan, Mean_ioU: 0.03305094316601753, Mean_Dice: nan
2023-10-14 15:38:48,577 [trainer.py:142] INFO: Epoch : 173, Train_loss : nan, Mean_ioU: 0.03305144980549812, Mean_Dice: nan
2023-10-14 15:39:47,324 [trainer.py:142] INFO: Epoch : 174, Train_loss : nan, Mean_ioU: 0.033050019294023514, Mean_Dice: nan
2023-10-14 15:40:45,665 [trainer.py:142] INFO: Epoch : 175, Train_loss : nan, Mean_ioU: 0.03305032476782799, Mean_Dice: nan
2023-10-14 15:41:44,099 [trainer.py:142] INFO: Epoch : 176, Train_loss : nan, Mean_ioU: 0.0330507755279541, Mean_Dice: nan
2023-10-14 15:42:42,864 [trainer.py:142] INFO: Epoch : 177, Train_loss : nan, Mean_ioU: 0.033049892634153366, Mean_Dice: nan
2023-10-14 15:43:41,279 [trainer.py:142] INFO: Epoch : 178, Train_loss : nan, Mean_ioU: 0.033051855862140656, Mean_Dice: nan
2023-10-14 15:44:39,869 [trainer.py:142] INFO: Epoch : 179, Train_loss : nan, Mean_ioU: 0.03305124118924141, Mean_Dice: nan
2023-10-14 15:45:38,452 [trainer.py:142] INFO: Epoch : 180, Train_loss : nan, Mean_ioU: 0.0330510176718235, Mean_Dice: nan
2023-10-14 15:45:43,594 [trainer.py:190] INFO: Validation: Loss : nan, mIoU : 0.034608736634254456, mDice : nan
2023-10-14 15:46:42,246 [trainer.py:142] INFO: Epoch : 181, Train_loss : nan, Mean_ioU: 0.03305070102214813, Mean_Dice: nan
2023-10-14 15:47:40,638 [trainer.py:142] INFO: Epoch : 182, Train_loss : nan, Mean_ioU: 0.033050958067178726, Mean_Dice: nan
2023-10-14 15:48:39,108 [trainer.py:142] INFO: Epoch : 183, Train_loss : nan, Mean_ioU: 0.03305072709918022, Mean_Dice: nan
2023-10-14 15:49:37,795 [trainer.py:142] INFO: Epoch : 184, Train_loss : nan, Mean_ioU: 0.03304935619235039, Mean_Dice: nan
2023-10-14 15:50:36,586 [trainer.py:142] INFO: Epoch : 185, Train_loss : nan, Mean_ioU: 0.03305000811815262, Mean_Dice: nan
2023-10-14 15:51:34,915 [trainer.py:142] INFO: Epoch : 186, Train_loss : nan, Mean_ioU: 0.033049967139959335, Mean_Dice: nan
2023-10-14 15:52:33,160 [trainer.py:142] INFO: Epoch : 187, Train_loss : nan, Mean_ioU: 0.03304850682616234, Mean_Dice: nan
2023-10-14 15:53:31,607 [trainer.py:142] INFO: Epoch : 188, Train_loss : nan, Mean_ioU: 0.03305051848292351, Mean_Dice: nan
2023-10-14 15:54:29,953 [trainer.py:142] INFO: Epoch : 189, Train_loss : nan, Mean_ioU: 0.033050358295440674, Mean_Dice: nan
2023-10-14 15:55:28,448 [trainer.py:142] INFO: Epoch : 190, Train_loss : nan, Mean_ioU: 0.033050429075956345, Mean_Dice: nan
2023-10-14 15:55:33,592 [trainer.py:190] INFO: Validation: Loss : nan, mIoU : 0.034608736634254456, mDice : nan
2023-10-14 15:56:31,875 [trainer.py:142] INFO: Epoch : 191, Train_loss : nan, Mean_ioU: 0.03305033966898918, Mean_Dice: nan
2023-10-14 15:57:30,310 [trainer.py:142] INFO: Epoch : 192, Train_loss : nan, Mean_ioU: 0.03304986283183098, Mean_Dice: nan
2023-10-14 15:58:29,127 [trainer.py:142] INFO: Epoch : 193, Train_loss : nan, Mean_ioU: 0.033051323145627975, Mean_Dice: nan
2023-10-14 15:59:27,693 [trainer.py:142] INFO: Epoch : 194, Train_loss : nan, Mean_ioU: 0.033049575984478, Mean_Dice: nan
2023-10-14 16:00:26,059 [trainer.py:142] INFO: Epoch : 195, Train_loss : nan, Mean_ioU: 0.033049918711185455, Mean_Dice: nan
2023-10-14 16:01:24,797 [trainer.py:142] INFO: Epoch : 196, Train_loss : nan, Mean_ioU: 0.03304939344525337, Mean_Dice: nan
2023-10-14 16:02:23,101 [trainer.py:142] INFO: Epoch : 197, Train_loss : nan, Mean_ioU: 0.033050715923309326, Mean_Dice: nan
2023-10-14 16:03:21,716 [trainer.py:142] INFO: Epoch : 198, Train_loss : nan, Mean_ioU: 0.03305107727646828, Mean_Dice: nan
2023-10-14 16:04:19,934 [trainer.py:142] INFO: Epoch : 199, Train_loss : nan, Mean_ioU: 0.03304973617196083, Mean_Dice: nan
2023-10-14 16:05:18,327 [trainer.py:142] INFO: Epoch : 200, Train_loss : nan, Mean_ioU: 0.033050984144210815, Mean_Dice: nan
2023-10-14 16:05:23,656 [trainer.py:190] INFO: Validation: Loss : nan, mIoU : 0.034608736634254456, mDice : nan
2023-10-14 16:06:21,999 [trainer.py:142] INFO: Epoch : 201, Train_loss : nan, Mean_ioU: 0.03305044397711754, Mean_Dice: nan
2023-10-14 16:07:20,520 [trainer.py:142] INFO: Epoch : 202, Train_loss : nan, Mean_ioU: 0.03305037319660187, Mean_Dice: nan
2023-10-14 16:08:19,311 [trainer.py:142] INFO: Epoch : 203, Train_loss : nan, Mean_ioU: 0.03305050730705261, Mean_Dice: nan
2023-10-14 16:09:17,643 [trainer.py:142] INFO: Epoch : 204, Train_loss : nan, Mean_ioU: 0.03305064141750336, Mean_Dice: nan
2023-10-14 16:10:15,948 [trainer.py:142] INFO: Epoch : 205, Train_loss : nan, Mean_ioU: 0.03305072337388992, Mean_Dice: nan
2023-10-14 16:11:14,037 [trainer.py:142] INFO: Epoch : 206, Train_loss : nan, Mean_ioU: 0.03304936736822128, Mean_Dice: nan
2023-10-14 16:12:12,583 [trainer.py:142] INFO: Epoch : 207, Train_loss : nan, Mean_ioU: 0.03304954990744591, Mean_Dice: nan
2023-10-14 16:13:11,311 [trainer.py:142] INFO: Epoch : 208, Train_loss : nan, Mean_ioU: 0.033051297068595886, Mean_Dice: nan
2023-10-14 16:14:10,203 [trainer.py:142] INFO: Epoch : 209, Train_loss : nan, Mean_ioU: 0.03304986283183098, Mean_Dice: nan
2023-10-14 16:15:08,905 [trainer.py:142] INFO: Epoch : 210, Train_loss : nan, Mean_ioU: 0.033049844205379486, Mean_Dice: nan
2023-10-14 16:15:14,072 [trainer.py:190] INFO: Validation: Loss : nan, mIoU : 0.034608736634254456, mDice : nan
2023-10-14 16:16:12,491 [trainer.py:142] INFO: Epoch : 211, Train_loss : nan, Mean_ioU: 0.03304983675479889, Mean_Dice: nan
2023-10-14 16:17:11,015 [trainer.py:142] INFO: Epoch : 212, Train_loss : nan, Mean_ioU: 0.03305039182305336, Mean_Dice: nan
2023-10-14 16:18:09,597 [trainer.py:142] INFO: Epoch : 213, Train_loss : nan, Mean_ioU: 0.03305098041892052, Mean_Dice: nan
2023-10-14 16:19:07,692 [trainer.py:142] INFO: Epoch : 214, Train_loss : nan, Mean_ioU: 0.03304949030280113, Mean_Dice: nan
2023-10-14 16:20:06,114 [trainer.py:142] INFO: Epoch : 215, Train_loss : nan, Mean_ioU: 0.033050306141376495, Mean_Dice: nan
2023-10-14 16:21:04,663 [trainer.py:142] INFO: Epoch : 216, Train_loss : nan, Mean_ioU: 0.0330495610833168, Mean_Dice: nan
2023-10-14 16:22:03,084 [trainer.py:142] INFO: Epoch : 217, Train_loss : nan, Mean_ioU: 0.03305072337388992, Mean_Dice: nan
2023-10-14 16:23:01,885 [trainer.py:142] INFO: Epoch : 218, Train_loss : nan, Mean_ioU: 0.03305130451917648, Mean_Dice: nan
2023-10-14 16:24:00,296 [trainer.py:142] INFO: Epoch : 219, Train_loss : nan, Mean_ioU: 0.03305136784911156, Mean_Dice: nan
2023-10-14 16:24:58,823 [trainer.py:142] INFO: Epoch : 220, Train_loss : nan, Mean_ioU: 0.033050552010536194, Mean_Dice: nan
2023-10-14 16:25:03,962 [trainer.py:190] INFO: Validation: Loss : nan, mIoU : 0.034608736634254456, mDice : nan
2023-10-14 16:26:02,668 [trainer.py:142] INFO: Epoch : 221, Train_loss : nan, Mean_ioU: 0.033050328493118286, Mean_Dice: nan
2023-10-14 16:27:00,966 [trainer.py:142] INFO: Epoch : 222, Train_loss : nan, Mean_ioU: 0.03305095061659813, Mean_Dice: nan
2023-10-14 16:27:59,536 [trainer.py:142] INFO: Epoch : 223, Train_loss : nan, Mean_ioU: 0.03305170685052872, Mean_Dice: nan
2023-10-14 16:28:58,345 [trainer.py:142] INFO: Epoch : 224, Train_loss : nan, Mean_ioU: 0.03304935619235039, Mean_Dice: nan
2023-10-14 16:29:56,870 [trainer.py:142] INFO: Epoch : 225, Train_loss : nan, Mean_ioU: 0.03305044770240784, Mean_Dice: nan
2023-10-14 16:30:55,251 [trainer.py:142] INFO: Epoch : 226, Train_loss : nan, Mean_ioU: 0.0330524779856205, Mean_Dice: nan
2023-10-14 16:31:53,614 [trainer.py:142] INFO: Epoch : 227, Train_loss : nan, Mean_ioU: 0.033049967139959335, Mean_Dice: nan
2023-10-14 16:32:52,657 [trainer.py:142] INFO: Epoch : 228, Train_loss : nan, Mean_ioU: 0.033051468431949615, Mean_Dice: nan
2023-10-14 16:33:51,442 [trainer.py:142] INFO: Epoch : 229, Train_loss : nan, Mean_ioU: 0.03305071219801903, Mean_Dice: nan
2023-10-14 16:34:50,344 [trainer.py:142] INFO: Epoch : 230, Train_loss : nan, Mean_ioU: 0.03304947167634964, Mean_Dice: nan
2023-10-14 16:34:55,505 [trainer.py:190] INFO: Validation: Loss : nan, mIoU : 0.034608736634254456, mDice : nan
2023-10-14 16:35:53,661 [trainer.py:142] INFO: Epoch : 231, Train_loss : nan, Mean_ioU: 0.0330495610833168, Mean_Dice: nan
2023-10-14 16:36:52,281 [trainer.py:142] INFO: Epoch : 232, Train_loss : nan, Mean_ioU: 0.033050548285245895, Mean_Dice: nan
2023-10-14 16:37:50,654 [trainer.py:142] INFO: Epoch : 233, Train_loss : nan, Mean_ioU: 0.0330495610833168, Mean_Dice: nan
2023-10-14 16:38:49,284 [trainer.py:142] INFO: Epoch : 234, Train_loss : nan, Mean_ioU: 0.03304959088563919, Mean_Dice: nan
2023-10-14 16:39:48,375 [trainer.py:142] INFO: Epoch : 235, Train_loss : nan, Mean_ioU: 0.033049002289772034, Mean_Dice: nan
2023-10-14 16:40:47,009 [trainer.py:142] INFO: Epoch : 236, Train_loss : nan, Mean_ioU: 0.033049941062927246, Mean_Dice: nan
2023-10-14 16:41:45,815 [trainer.py:142] INFO: Epoch : 237, Train_loss : nan, Mean_ioU: 0.03305067867040634, Mean_Dice: nan
2023-10-14 16:42:44,375 [trainer.py:142] INFO: Epoch : 238, Train_loss : nan, Mean_ioU: 0.033050838857889175, Mean_Dice: nan
2023-10-14 16:43:42,905 [trainer.py:142] INFO: Epoch : 239, Train_loss : nan, Mean_ioU: 0.033050402998924255, Mean_Dice: nan
2023-10-14 16:44:41,455 [trainer.py:142] INFO: Epoch : 240, Train_loss : nan, Mean_ioU: 0.033049438148736954, Mean_Dice: nan
2023-10-14 16:44:46,568 [trainer.py:190] INFO: Validation: Loss : nan, mIoU : 0.034608736634254456, mDice : nan
2023-10-14 16:45:45,169 [trainer.py:142] INFO: Epoch : 241, Train_loss : nan, Mean_ioU: 0.03304985165596008, Mean_Dice: nan
2023-10-14 16:46:44,189 [trainer.py:142] INFO: Epoch : 242, Train_loss : nan, Mean_ioU: 0.03305036202073097, Mean_Dice: nan
2023-10-14 16:47:42,728 [trainer.py:142] INFO: Epoch : 243, Train_loss : nan, Mean_ioU: 0.033051446080207825, Mean_Dice: nan
2023-10-14 16:48:41,232 [trainer.py:142] INFO: Epoch : 244, Train_loss : nan, Mean_ioU: 0.03305016830563545, Mean_Dice: nan
2023-10-14 16:49:39,840 [trainer.py:142] INFO: Epoch : 245, Train_loss : nan, Mean_ioU: 0.03305094316601753, Mean_Dice: nan
2023-10-14 16:50:37,964 [trainer.py:142] INFO: Epoch : 246, Train_loss : nan, Mean_ioU: 0.03305046260356903, Mean_Dice: nan
2023-10-14 16:51:36,831 [trainer.py:142] INFO: Epoch : 247, Train_loss : nan, Mean_ioU: 0.033051177859306335, Mean_Dice: nan
2023-10-14 16:52:35,242 [trainer.py:142] INFO: Epoch : 248, Train_loss : nan, Mean_ioU: 0.03304994851350784, Mean_Dice: nan
2023-10-14 16:53:33,736 [trainer.py:142] INFO: Epoch : 249, Train_loss : nan, Mean_ioU: 0.0330502912402153, Mean_Dice: nan
2023-10-14 16:54:32,247 [trainer.py:142] INFO: Epoch : 250, Train_loss : nan, Mean_ioU: 0.03304959833621979, Mean_Dice: nan
2023-10-14 16:54:37,449 [trainer.py:190] INFO: Validation: Loss : nan, mIoU : 0.034608736634254456, mDice : nan
2023-10-14 16:55:35,564 [trainer.py:142] INFO: Epoch : 251, Train_loss : nan, Mean_ioU: 0.033049311488866806, Mean_Dice: nan
2023-10-14 16:56:33,970 [trainer.py:142] INFO: Epoch : 252, Train_loss : nan, Mean_ioU: 0.03305192291736603, Mean_Dice: nan
2023-10-14 16:57:32,519 [trainer.py:142] INFO: Epoch : 253, Train_loss : nan, Mean_ioU: 0.03305107355117798, Mean_Dice: nan
2023-10-14 16:58:31,617 [trainer.py:142] INFO: Epoch : 254, Train_loss : nan, Mean_ioU: 0.03305098041892052, Mean_Dice: nan
2023-10-14 16:59:29,959 [trainer.py:142] INFO: Epoch : 255, Train_loss : nan, Mean_ioU: 0.033050645142793655, Mean_Dice: nan
2023-10-14 17:00:28,291 [trainer.py:142] INFO: Epoch : 256, Train_loss : nan, Mean_ioU: 0.03304985165596008, Mean_Dice: nan
2023-10-14 17:01:26,550 [trainer.py:142] INFO: Epoch : 257, Train_loss : nan, Mean_ioU: 0.03305002301931381, Mean_Dice: nan
2023-10-14 17:02:24,923 [trainer.py:142] INFO: Epoch : 258, Train_loss : nan, Mean_ioU: 0.03305036947131157, Mean_Dice: nan
2023-10-14 17:03:23,207 [trainer.py:142] INFO: Epoch : 259, Train_loss : nan, Mean_ioU: 0.033050790429115295, Mean_Dice: nan
2023-10-14 17:04:21,773 [trainer.py:142] INFO: Epoch : 260, Train_loss : nan, Mean_ioU: 0.03304944932460785, Mean_Dice: nan
2023-10-14 17:04:26,894 [trainer.py:190] INFO: Validation: Loss : nan, mIoU : 0.034608736634254456, mDice : nan
2023-10-14 17:05:25,224 [trainer.py:142] INFO: Epoch : 261, Train_loss : nan, Mean_ioU: 0.03305136412382126, Mean_Dice: nan
2023-10-14 17:06:24,222 [trainer.py:142] INFO: Epoch : 262, Train_loss : nan, Mean_ioU: 0.03304993361234665, Mean_Dice: nan
2023-10-14 17:07:22,909 [trainer.py:142] INFO: Epoch : 263, Train_loss : nan, Mean_ioU: 0.033050552010536194, Mean_Dice: nan
2023-10-14 17:08:21,444 [trainer.py:142] INFO: Epoch : 264, Train_loss : nan, Mean_ioU: 0.03304969519376755, Mean_Dice: nan
2023-10-14 17:09:20,063 [trainer.py:142] INFO: Epoch : 265, Train_loss : nan, Mean_ioU: 0.033048998564481735, Mean_Dice: nan
2023-10-14 17:10:18,607 [trainer.py:142] INFO: Epoch : 266, Train_loss : nan, Mean_ioU: 0.033050887286663055, Mean_Dice: nan
2023-10-14 17:11:17,057 [trainer.py:142] INFO: Epoch : 267, Train_loss : nan, Mean_ioU: 0.03305042162537575, Mean_Dice: nan
2023-10-14 17:12:15,382 [trainer.py:142] INFO: Epoch : 268, Train_loss : nan, Mean_ioU: 0.03305038809776306, Mean_Dice: nan
2023-10-14 17:13:13,678 [trainer.py:142] INFO: Epoch : 269, Train_loss : nan, Mean_ioU: 0.03305082768201828, Mean_Dice: nan
2023-10-14 17:14:12,181 [trainer.py:142] INFO: Epoch : 270, Train_loss : nan, Mean_ioU: 0.03305118530988693, Mean_Dice: nan
2023-10-14 17:14:17,337 [trainer.py:190] INFO: Validation: Loss : nan, mIoU : 0.034608736634254456, mDice : nan
2023-10-14 17:15:15,620 [trainer.py:142] INFO: Epoch : 271, Train_loss : nan, Mean_ioU: 0.03304934501647949, Mean_Dice: nan
2023-10-14 17:16:15,130 [trainer.py:142] INFO: Epoch : 272, Train_loss : nan, Mean_ioU: 0.03305178880691528, Mean_Dice: nan
2023-10-14 17:17:13,688 [trainer.py:142] INFO: Epoch : 273, Train_loss : nan, Mean_ioU: 0.03305039927363396, Mean_Dice: nan
2023-10-14 17:18:12,340 [trainer.py:142] INFO: Epoch : 274, Train_loss : nan, Mean_ioU: 0.03305008262395859, Mean_Dice: nan
2023-10-14 17:19:10,850 [trainer.py:142] INFO: Epoch : 275, Train_loss : nan, Mean_ioU: 0.03305049613118172, Mean_Dice: nan
2023-10-14 17:20:09,928 [trainer.py:142] INFO: Epoch : 276, Train_loss : nan, Mean_ioU: 0.0330498032271862, Mean_Dice: nan
2023-10-14 17:21:08,559 [trainer.py:142] INFO: Epoch : 277, Train_loss : nan, Mean_ioU: 0.03305116668343544, Mean_Dice: nan
2023-10-14 17:22:07,130 [trainer.py:142] INFO: Epoch : 278, Train_loss : nan, Mean_ioU: 0.03304997831583023, Mean_Dice: nan
2023-10-14 17:23:05,875 [trainer.py:142] INFO: Epoch : 279, Train_loss : nan, Mean_ioU: 0.033050816506147385, Mean_Dice: nan
2023-10-14 17:24:04,672 [trainer.py:142] INFO: Epoch : 280, Train_loss : nan, Mean_ioU: 0.03305063024163246, Mean_Dice: nan
2023-10-14 17:24:09,858 [trainer.py:190] INFO: Validation: Loss : nan, mIoU : 0.034608736634254456, mDice : nan
2023-10-14 17:25:08,195 [trainer.py:142] INFO: Epoch : 281, Train_loss : nan, Mean_ioU: 0.03304947540163994, Mean_Dice: nan
2023-10-14 17:26:06,789 [trainer.py:142] INFO: Epoch : 282, Train_loss : nan, Mean_ioU: 0.033048685640096664, Mean_Dice: nan
2023-10-14 17:27:05,656 [trainer.py:142] INFO: Epoch : 283, Train_loss : nan, Mean_ioU: 0.03305087983608246, Mean_Dice: nan
2023-10-14 17:28:04,352 [trainer.py:142] INFO: Epoch : 284, Train_loss : nan, Mean_ioU: 0.03304959088563919, Mean_Dice: nan
2023-10-14 17:29:02,836 [trainer.py:142] INFO: Epoch : 285, Train_loss : nan, Mean_ioU: 0.03305109590291977, Mean_Dice: nan
2023-10-14 17:30:01,391 [trainer.py:142] INFO: Epoch : 286, Train_loss : nan, Mean_ioU: 0.03305121138691902, Mean_Dice: nan
2023-10-14 17:30:59,655 [trainer.py:142] INFO: Epoch : 287, Train_loss : nan, Mean_ioU: 0.033050864934921265, Mean_Dice: nan
2023-10-14 17:31:58,598 [trainer.py:142] INFO: Epoch : 288, Train_loss : nan, Mean_ioU: 0.033048950135707855, Mean_Dice: nan
2023-10-14 17:32:57,128 [trainer.py:142] INFO: Epoch : 289, Train_loss : nan, Mean_ioU: 0.033050455152988434, Mean_Dice: nan
2023-10-14 17:33:55,474 [trainer.py:142] INFO: Epoch : 290, Train_loss : nan, Mean_ioU: 0.033050235360860825, Mean_Dice: nan
2023-10-14 17:34:00,670 [trainer.py:190] INFO: Validation: Loss : nan, mIoU : 0.034608736634254456, mDice : nan
2023-10-14 17:34:59,362 [trainer.py:142] INFO: Epoch : 291, Train_loss : nan, Mean_ioU: 0.03305142745375633, Mean_Dice: nan
2023-10-14 17:35:58,040 [trainer.py:142] INFO: Epoch : 292, Train_loss : nan, Mean_ioU: 0.03305064141750336, Mean_Dice: nan
2023-10-14 17:36:56,648 [trainer.py:142] INFO: Epoch : 293, Train_loss : nan, Mean_ioU: 0.033050619065761566, Mean_Dice: nan
2023-10-14 17:37:55,228 [trainer.py:142] INFO: Epoch : 294, Train_loss : nan, Mean_ioU: 0.03305057808756828, Mean_Dice: nan
2023-10-14 17:38:53,706 [trainer.py:142] INFO: Epoch : 295, Train_loss : nan, Mean_ioU: 0.033050116151571274, Mean_Dice: nan
2023-10-14 17:39:52,045 [trainer.py:142] INFO: Epoch : 296, Train_loss : nan, Mean_ioU: 0.033049847930669785, Mean_Dice: nan
2023-10-14 17:40:50,827 [trainer.py:142] INFO: Epoch : 297, Train_loss : nan, Mean_ioU: 0.033050213009119034, Mean_Dice: nan
2023-10-14 17:41:49,617 [trainer.py:142] INFO: Epoch : 298, Train_loss : nan, Mean_ioU: 0.03305075690150261, Mean_Dice: nan
2023-10-14 17:42:48,091 [trainer.py:142] INFO: Epoch : 299, Train_loss : nan, Mean_ioU: 0.033049870282411575, Mean_Dice: nan
2023-10-14 17:43:46,678 [trainer.py:142] INFO: Epoch : 300, Train_loss : nan, Mean_ioU: 0.0330502986907959, Mean_Dice: nan
2023-10-14 17:43:51,836 [trainer.py:190] INFO: Validation: Loss : nan, mIoU : 0.034608736634254456, mDice : nan
2023-10-14 17:43:51,880 [train.py:136] INFO: ==========finish train=========
2023-10-14 17:43:51,884 [train.py:145] INFO: ==========finish work=========
