2023-11-03 16:03:05,737 [semi.py:45] INFO: learning rate : 0.001
2023-11-03 16:03:05,737 [semi.py:46] INFO: batch size : 16
2023-11-03 16:03:05,737 [semi.py:47] INFO: num epoch : 300
2023-11-03 16:03:05,737 [semi.py:48] INFO: trainflow: 5
2023-11-03 16:03:05,737 [semi.py:62] INFO: ==========Start semi training=========
2023-11-03 16:04:30,048 [trainer.py:316] INFO: Epoch : 1, Train_loss1 : 0.061967212706804276, Train_loss2 : 0.15851092338562012
2023-11-03 16:05:48,989 [trainer.py:316] INFO: Epoch : 2, Train_loss1 : 0.05026889964938164, Train_loss2 : 0.15260423719882965
2023-11-03 16:07:07,547 [trainer.py:316] INFO: Epoch : 3, Train_loss1 : 0.0487339124083519, Train_loss2 : 0.11916718631982803
2023-11-03 16:08:24,626 [trainer.py:316] INFO: Epoch : 4, Train_loss1 : 0.04557197540998459, Train_loss2 : 0.08638136833906174
2023-11-03 16:09:40,026 [trainer.py:316] INFO: Epoch : 5, Train_loss1 : 0.04262443259358406, Train_loss2 : 0.07474246621131897
2023-11-03 16:09:42,887 [trainer.py:391] INFO: Model1 Validation: Loss : 0.14112654328346252, mIoU : 0.6737520098686218, mDice : 0.7968055009841919
2023-11-03 16:09:42,887 [trainer.py:392] INFO: Model2 Validation: Loss : 0.1704820841550827, mIoU : 0.5625608563423157, mDice : 0.7122451066970825
2023-11-03 16:10:58,794 [trainer.py:316] INFO: Epoch : 6, Train_loss1 : 0.04175359383225441, Train_loss2 : 0.05888320505619049
2023-11-03 16:12:14,629 [trainer.py:316] INFO: Epoch : 7, Train_loss1 : 0.039060451090335846, Train_loss2 : 0.05655151233077049
2023-11-03 16:13:30,003 [trainer.py:316] INFO: Epoch : 8, Train_loss1 : 0.03842858225107193, Train_loss2 : 0.05589450150728226
2023-11-03 16:14:45,553 [trainer.py:316] INFO: Epoch : 9, Train_loss1 : 0.03724844008684158, Train_loss2 : 0.05591404810547829
2023-11-03 16:16:00,754 [trainer.py:316] INFO: Epoch : 10, Train_loss1 : 0.036525703966617584, Train_loss2 : 0.055677056312561035
2023-11-03 16:16:03,052 [trainer.py:391] INFO: Model1 Validation: Loss : 0.09988422691822052, mIoU : 0.7034797072410583, mDice : 0.818985104560852
2023-11-03 16:16:03,053 [trainer.py:392] INFO: Model2 Validation: Loss : 0.1489088535308838, mIoU : 0.5933739542961121, mDice : 0.7375624179840088
2023-11-03 16:16:03,299 [utils.py:24] INFO: Saving ./checkpoint/ckpt_ model1_9 ckp 
2023-11-03 16:16:03,815 [utils.py:24] INFO: Saving ./checkpoint/ckpt_ model2_9 ckp 
2023-11-03 16:17:19,878 [trainer.py:316] INFO: Epoch : 11, Train_loss1 : 0.03559150546789169, Train_loss2 : 0.055337417870759964
2023-11-03 16:18:35,114 [trainer.py:316] INFO: Epoch : 12, Train_loss1 : 0.03528449311852455, Train_loss2 : 0.05580559000372887
2023-11-03 16:19:51,285 [trainer.py:316] INFO: Epoch : 13, Train_loss1 : 0.034794822335243225, Train_loss2 : 0.05741724744439125
2023-11-03 16:21:06,960 [trainer.py:316] INFO: Epoch : 14, Train_loss1 : 0.03395570442080498, Train_loss2 : 0.05595618486404419
2023-11-03 16:22:22,293 [trainer.py:316] INFO: Epoch : 15, Train_loss1 : 0.034071583300828934, Train_loss2 : 0.056027721613645554
2023-11-03 16:22:24,555 [trainer.py:391] INFO: Model1 Validation: Loss : 0.0976775735616684, mIoU : 0.7186980843544006, mDice : 0.8283041715621948
2023-11-03 16:22:24,556 [trainer.py:392] INFO: Model2 Validation: Loss : 0.14642424881458282, mIoU : 0.596720278263092, mDice : 0.7406640648841858
2023-11-03 16:22:24,801 [utils.py:24] INFO: Saving ./checkpoint/ckpt_ model1_14 ckp 
2023-11-03 16:22:25,317 [utils.py:24] INFO: Saving ./checkpoint/ckpt_ model2_14 ckp 
2023-11-03 16:23:42,063 [trainer.py:316] INFO: Epoch : 16, Train_loss1 : 0.033386021852493286, Train_loss2 : 0.05614178255200386
2023-11-03 16:24:58,455 [trainer.py:316] INFO: Epoch : 17, Train_loss1 : 0.03314860910177231, Train_loss2 : 0.05592580884695053
2023-11-03 16:26:15,127 [trainer.py:316] INFO: Epoch : 18, Train_loss1 : 0.03308342024683952, Train_loss2 : 0.05631669983267784
2023-11-03 16:27:29,878 [trainer.py:316] INFO: Epoch : 19, Train_loss1 : 0.03280366212129593, Train_loss2 : 0.05629805475473404
2023-11-03 16:28:45,404 [trainer.py:316] INFO: Epoch : 20, Train_loss1 : 0.0325724296271801, Train_loss2 : 0.05623506382107735
2023-11-03 16:28:47,621 [trainer.py:391] INFO: Model1 Validation: Loss : 0.09016568958759308, mIoU : 0.7311641573905945, mDice : 0.8377184271812439
2023-11-03 16:28:47,621 [trainer.py:392] INFO: Model2 Validation: Loss : 0.14274273812770844, mIoU : 0.600351095199585, mDice : 0.7435675859451294
2023-11-03 16:28:47,892 [utils.py:24] INFO: Saving ./checkpoint/ckpt_ model1_19 ckp 
2023-11-03 16:28:48,397 [utils.py:24] INFO: Saving ./checkpoint/ckpt_ model2_19 ckp 
2023-11-03 16:30:03,042 [trainer.py:316] INFO: Epoch : 21, Train_loss1 : 0.032513588666915894, Train_loss2 : 0.056802283972501755
2023-11-03 16:31:18,512 [trainer.py:316] INFO: Epoch : 22, Train_loss1 : 0.03257358446717262, Train_loss2 : 0.057122696191072464
2023-11-03 16:32:33,936 [trainer.py:316] INFO: Epoch : 23, Train_loss1 : 0.03265944495797157, Train_loss2 : 0.057251445949077606
2023-11-03 16:33:49,340 [trainer.py:316] INFO: Epoch : 24, Train_loss1 : 0.032599516212940216, Train_loss2 : 0.057359956204891205
2023-11-03 16:35:06,002 [trainer.py:316] INFO: Epoch : 25, Train_loss1 : 0.03260321542620659, Train_loss2 : 0.05789555236697197
2023-11-03 16:35:08,449 [trainer.py:391] INFO: Model1 Validation: Loss : 0.10614243149757385, mIoU : 0.7272518277168274, mDice : 0.8339598178863525
2023-11-03 16:35:08,449 [trainer.py:392] INFO: Model2 Validation: Loss : 0.1411324441432953, mIoU : 0.6045621037483215, mDice : 0.7465109825134277
2023-11-03 16:35:09,046 [utils.py:24] INFO: Saving ./checkpoint/ckpt_ model2_24 ckp 
2023-11-03 16:36:25,095 [trainer.py:316] INFO: Epoch : 26, Train_loss1 : 0.032872315496206284, Train_loss2 : 0.05832701548933983
2023-11-03 16:37:40,875 [trainer.py:316] INFO: Epoch : 27, Train_loss1 : 0.032680343836545944, Train_loss2 : 0.05849815905094147
2023-11-03 16:38:56,035 [trainer.py:316] INFO: Epoch : 28, Train_loss1 : 0.03320994973182678, Train_loss2 : 0.059054579585790634
2023-11-03 16:40:11,796 [trainer.py:316] INFO: Epoch : 29, Train_loss1 : 0.033380620181560516, Train_loss2 : 0.05932614579796791
2023-11-03 16:41:27,827 [trainer.py:316] INFO: Epoch : 30, Train_loss1 : 0.03284618258476257, Train_loss2 : 0.059158362448215485
2023-11-03 16:41:30,247 [trainer.py:391] INFO: Model1 Validation: Loss : 0.09003646671772003, mIoU : 0.7314524054527283, mDice : 0.8362138271331787
2023-11-03 16:41:30,247 [trainer.py:392] INFO: Model2 Validation: Loss : 0.13841740787029266, mIoU : 0.6071458458900452, mDice : 0.7487170696258545
2023-11-03 16:41:30,491 [utils.py:24] INFO: Saving ./checkpoint/ckpt_ model1_29 ckp 
2023-11-03 16:41:31,107 [utils.py:24] INFO: Saving ./checkpoint/ckpt_ model2_29 ckp 
2023-11-03 16:42:47,062 [trainer.py:316] INFO: Epoch : 31, Train_loss1 : 0.033151645213365555, Train_loss2 : 0.05967410281300545
2023-11-03 16:44:03,253 [trainer.py:316] INFO: Epoch : 32, Train_loss1 : 0.03360487148165703, Train_loss2 : 0.06018062308430672
2023-11-03 16:45:18,438 [trainer.py:316] INFO: Epoch : 33, Train_loss1 : 0.03401336446404457, Train_loss2 : 0.06080378219485283
2023-11-03 16:46:33,878 [trainer.py:316] INFO: Epoch : 34, Train_loss1 : 0.03393799439072609, Train_loss2 : 0.06087813898921013
2023-11-03 16:47:49,681 [trainer.py:316] INFO: Epoch : 35, Train_loss1 : 0.034658078104257584, Train_loss2 : 0.061645206063985825
2023-11-03 16:47:52,056 [trainer.py:391] INFO: Model1 Validation: Loss : 0.09622342139482498, mIoU : 0.7358952760696411, mDice : 0.8390843272209167
2023-11-03 16:47:52,057 [trainer.py:392] INFO: Model2 Validation: Loss : 0.13657453656196594, mIoU : 0.6113698482513428, mDice : 0.7519859671592712
2023-11-03 16:47:52,692 [utils.py:24] INFO: Saving ./checkpoint/ckpt_ model2_34 ckp 
2023-11-03 16:49:08,929 [trainer.py:316] INFO: Epoch : 36, Train_loss1 : 0.0345861054956913, Train_loss2 : 0.06192049756646156
2023-11-03 16:50:24,821 [trainer.py:316] INFO: Epoch : 37, Train_loss1 : 0.03533683344721794, Train_loss2 : 0.062399689108133316
2023-11-03 16:51:40,834 [trainer.py:316] INFO: Epoch : 38, Train_loss1 : 0.03569735959172249, Train_loss2 : 0.06271103769540787
2023-11-03 16:52:56,688 [trainer.py:316] INFO: Epoch : 39, Train_loss1 : 0.0361904539167881, Train_loss2 : 0.0629517212510109
2023-11-03 16:54:13,097 [trainer.py:316] INFO: Epoch : 40, Train_loss1 : 0.036503616720438004, Train_loss2 : 0.06378325819969177
2023-11-03 16:54:15,041 [trainer.py:391] INFO: Model1 Validation: Loss : 0.0903075635433197, mIoU : 0.7426632642745972, mDice : 0.8438621163368225
2023-11-03 16:54:15,041 [trainer.py:392] INFO: Model2 Validation: Loss : 0.13768614828586578, mIoU : 0.6104270219802856, mDice : 0.7507652044296265
2023-11-03 16:55:31,169 [trainer.py:316] INFO: Epoch : 41, Train_loss1 : 0.03748335316777229, Train_loss2 : 0.06444404274225235
2023-11-03 16:56:46,317 [trainer.py:316] INFO: Epoch : 42, Train_loss1 : 0.03763735666871071, Train_loss2 : 0.0647256076335907
2023-11-03 16:58:02,213 [trainer.py:316] INFO: Epoch : 43, Train_loss1 : 0.03780010715126991, Train_loss2 : 0.06533588469028473
2023-11-03 16:59:17,244 [trainer.py:316] INFO: Epoch : 44, Train_loss1 : 0.038416117429733276, Train_loss2 : 0.06596457958221436
2023-11-03 17:00:33,292 [trainer.py:316] INFO: Epoch : 45, Train_loss1 : 0.039361365139484406, Train_loss2 : 0.06660923361778259
2023-11-03 17:00:35,597 [trainer.py:391] INFO: Model1 Validation: Loss : 0.09146030247211456, mIoU : 0.738167941570282, mDice : 0.8406745195388794
2023-11-03 17:00:35,598 [trainer.py:392] INFO: Model2 Validation: Loss : 0.13389486074447632, mIoU : 0.6193795800209045, mDice : 0.7581084370613098
2023-11-03 17:00:36,209 [utils.py:24] INFO: Saving ./checkpoint/ckpt_ model2_44 ckp 
2023-11-03 17:01:54,797 [trainer.py:316] INFO: Epoch : 46, Train_loss1 : 0.03986666351556778, Train_loss2 : 0.06712566316127777
2023-11-03 17:03:14,159 [trainer.py:316] INFO: Epoch : 47, Train_loss1 : 0.040506601333618164, Train_loss2 : 0.06779695302248001
2023-11-03 17:04:05,161 [trainer.py:316] INFO: Epoch : 48, Train_loss1 : 0.041552506387233734, Train_loss2 : 0.06850666552782059
2023-11-03 17:04:55,091 [trainer.py:316] INFO: Epoch : 49, Train_loss1 : 0.042184676975011826, Train_loss2 : 0.06921028345823288
2023-11-03 17:05:44,041 [trainer.py:316] INFO: Epoch : 50, Train_loss1 : 0.04282592982053757, Train_loss2 : 0.07012245804071426
2023-11-03 17:05:45,576 [trainer.py:391] INFO: Model1 Validation: Loss : 0.08971627056598663, mIoU : 0.7487269639968872, mDice : 0.8473495841026306
2023-11-03 17:05:45,576 [trainer.py:392] INFO: Model2 Validation: Loss : 0.13417349755764008, mIoU : 0.6181278824806213, mDice : 0.7569707036018372
2023-11-03 17:05:45,842 [utils.py:24] INFO: Saving ./checkpoint/ckpt_ model1_49 ckp 
2023-11-03 17:06:36,123 [trainer.py:316] INFO: Epoch : 51, Train_loss1 : 0.04384895786643028, Train_loss2 : 0.07085917145013809
2023-11-03 17:07:25,117 [trainer.py:316] INFO: Epoch : 52, Train_loss1 : 0.04423766955733299, Train_loss2 : 0.07153686881065369
2023-11-03 17:08:14,244 [trainer.py:316] INFO: Epoch : 53, Train_loss1 : 0.04500240832567215, Train_loss2 : 0.0723799616098404
2023-11-03 17:09:03,275 [trainer.py:316] INFO: Epoch : 54, Train_loss1 : 0.045916736125946045, Train_loss2 : 0.07325683534145355
2023-11-03 17:09:53,046 [trainer.py:316] INFO: Epoch : 55, Train_loss1 : 0.047160252928733826, Train_loss2 : 0.07415979355573654
2023-11-03 17:09:54,510 [trainer.py:391] INFO: Model1 Validation: Loss : 0.0911436602473259, mIoU : 0.744149386882782, mDice : 0.8443619012832642
2023-11-03 17:09:54,510 [trainer.py:392] INFO: Model2 Validation: Loss : 0.1334500014781952, mIoU : 0.6220057606697083, mDice : 0.7597314715385437
2023-11-03 17:09:55,112 [utils.py:24] INFO: Saving ./checkpoint/ckpt_ model2_54 ckp 
2023-11-03 17:10:44,207 [trainer.py:316] INFO: Epoch : 56, Train_loss1 : 0.04787994176149368, Train_loss2 : 0.07478787750005722
2023-11-03 17:11:32,731 [trainer.py:316] INFO: Epoch : 57, Train_loss1 : 0.04844272509217262, Train_loss2 : 0.07591277360916138
2023-11-03 17:12:21,095 [trainer.py:316] INFO: Epoch : 58, Train_loss1 : 0.049536071717739105, Train_loss2 : 0.0765736848115921
2023-11-03 17:13:09,754 [trainer.py:316] INFO: Epoch : 59, Train_loss1 : 0.05006197839975357, Train_loss2 : 0.07768336683511734
2023-11-03 17:13:58,670 [trainer.py:316] INFO: Epoch : 60, Train_loss1 : 0.05148956552147865, Train_loss2 : 0.0787234827876091
2023-11-03 17:14:00,175 [trainer.py:391] INFO: Model1 Validation: Loss : 0.09094488620758057, mIoU : 0.7455022931098938, mDice : 0.8452212810516357
2023-11-03 17:14:00,175 [trainer.py:392] INFO: Model2 Validation: Loss : 0.1339050978422165, mIoU : 0.6217347383499146, mDice : 0.7592679262161255
2023-11-03 17:14:50,140 [trainer.py:316] INFO: Epoch : 61, Train_loss1 : 0.05279139056801796, Train_loss2 : 0.07970620691776276
2023-11-03 17:15:39,501 [trainer.py:316] INFO: Epoch : 62, Train_loss1 : 0.0535334087908268, Train_loss2 : 0.08075670152902603
2023-11-03 17:16:28,660 [trainer.py:316] INFO: Epoch : 63, Train_loss1 : 0.05469246953725815, Train_loss2 : 0.08190137892961502
2023-11-03 17:17:17,818 [trainer.py:316] INFO: Epoch : 64, Train_loss1 : 0.05564277619123459, Train_loss2 : 0.08270912617444992
2023-11-03 17:18:08,045 [trainer.py:316] INFO: Epoch : 65, Train_loss1 : 0.05677970498800278, Train_loss2 : 0.08391344547271729
2023-11-03 17:18:09,595 [trainer.py:391] INFO: Model1 Validation: Loss : 0.09263832867145538, mIoU : 0.7441802620887756, mDice : 0.8443512916564941
2023-11-03 17:18:09,595 [trainer.py:392] INFO: Model2 Validation: Loss : 0.13249601423740387, mIoU : 0.6247081160545349, mDice : 0.7618690133094788
2023-11-03 17:18:10,145 [utils.py:24] INFO: Saving ./checkpoint/ckpt_ model2_64 ckp 
2023-11-03 17:18:59,407 [trainer.py:316] INFO: Epoch : 66, Train_loss1 : 0.05805820971727371, Train_loss2 : 0.08514480292797089
2023-11-03 17:19:48,394 [trainer.py:316] INFO: Epoch : 67, Train_loss1 : 0.05917270481586456, Train_loss2 : 0.0862678587436676
2023-11-03 17:20:38,138 [trainer.py:316] INFO: Epoch : 68, Train_loss1 : 0.06053578853607178, Train_loss2 : 0.08763459324836731
2023-11-03 17:21:26,705 [trainer.py:316] INFO: Epoch : 69, Train_loss1 : 0.06166703999042511, Train_loss2 : 0.08878758549690247
2023-11-03 17:22:16,784 [trainer.py:316] INFO: Epoch : 70, Train_loss1 : 0.06284520775079727, Train_loss2 : 0.09004250168800354
2023-11-03 17:22:18,368 [trainer.py:391] INFO: Model1 Validation: Loss : 0.09115392714738846, mIoU : 0.7469480633735657, mDice : 0.8464564085006714
2023-11-03 17:22:18,368 [trainer.py:392] INFO: Model2 Validation: Loss : 0.1335134506225586, mIoU : 0.621859610080719, mDice : 0.7595430612564087
2023-11-03 17:23:08,892 [trainer.py:316] INFO: Epoch : 71, Train_loss1 : 0.06421560049057007, Train_loss2 : 0.09138622879981995
2023-11-03 17:23:57,903 [trainer.py:316] INFO: Epoch : 72, Train_loss1 : 0.06569160521030426, Train_loss2 : 0.0926261693239212
2023-11-03 17:24:46,430 [trainer.py:316] INFO: Epoch : 73, Train_loss1 : 0.06703035533428192, Train_loss2 : 0.0937718003988266
2023-11-03 17:25:35,525 [trainer.py:316] INFO: Epoch : 74, Train_loss1 : 0.06836425513029099, Train_loss2 : 0.09520766139030457
2023-11-03 17:26:25,206 [trainer.py:316] INFO: Epoch : 75, Train_loss1 : 0.06995045393705368, Train_loss2 : 0.09679709374904633
2023-11-03 17:26:26,719 [trainer.py:391] INFO: Model1 Validation: Loss : 0.09116587042808533, mIoU : 0.748745322227478, mDice : 0.8479341268539429
2023-11-03 17:26:26,719 [trainer.py:392] INFO: Model2 Validation: Loss : 0.13483434915542603, mIoU : 0.6220611333847046, mDice : 0.7592302560806274
2023-11-03 17:27:16,684 [trainer.py:316] INFO: Epoch : 76, Train_loss1 : 0.0713990181684494, Train_loss2 : 0.09820029884576797
2023-11-03 17:28:06,530 [trainer.py:316] INFO: Epoch : 77, Train_loss1 : 0.0724962130188942, Train_loss2 : 0.09963559359312057
2023-11-03 17:28:56,588 [trainer.py:316] INFO: Epoch : 78, Train_loss1 : 0.07424379885196686, Train_loss2 : 0.1012922078371048
2023-11-03 17:29:46,338 [trainer.py:316] INFO: Epoch : 79, Train_loss1 : 0.07604188472032547, Train_loss2 : 0.1025853231549263
2023-11-03 17:30:35,992 [trainer.py:316] INFO: Epoch : 80, Train_loss1 : 0.07718866318464279, Train_loss2 : 0.1044587716460228
2023-11-03 17:30:37,531 [trainer.py:391] INFO: Model1 Validation: Loss : 0.09094884991645813, mIoU : 0.7487051486968994, mDice : 0.8478962182998657
2023-11-03 17:30:37,531 [trainer.py:392] INFO: Model2 Validation: Loss : 0.1349431723356247, mIoU : 0.6206415891647339, mDice : 0.7582545280456543
2023-11-03 17:31:27,642 [trainer.py:316] INFO: Epoch : 81, Train_loss1 : 0.07908937335014343, Train_loss2 : 0.10597927123308182
2023-11-03 17:32:17,553 [trainer.py:316] INFO: Epoch : 82, Train_loss1 : 0.08070094883441925, Train_loss2 : 0.10770191252231598
2023-11-03 17:33:07,420 [trainer.py:316] INFO: Epoch : 83, Train_loss1 : 0.08233349025249481, Train_loss2 : 0.10936015844345093
2023-11-03 17:33:57,316 [trainer.py:316] INFO: Epoch : 84, Train_loss1 : 0.08410193026065826, Train_loss2 : 0.1110471785068512
2023-11-03 17:34:46,981 [trainer.py:316] INFO: Epoch : 85, Train_loss1 : 0.08612923324108124, Train_loss2 : 0.11297952383756638
2023-11-03 17:34:48,565 [trainer.py:391] INFO: Model1 Validation: Loss : 0.09035441279411316, mIoU : 0.7499745488166809, mDice : 0.8487306237220764
2023-11-03 17:34:48,566 [trainer.py:392] INFO: Model2 Validation: Loss : 0.13338063657283783, mIoU : 0.623920202255249, mDice : 0.7610278725624084
2023-11-03 17:35:39,037 [trainer.py:316] INFO: Epoch : 86, Train_loss1 : 0.0873941108584404, Train_loss2 : 0.11461459845304489
2023-11-03 17:36:28,044 [trainer.py:316] INFO: Epoch : 87, Train_loss1 : 0.0892750695347786, Train_loss2 : 0.11643113940954208
2023-11-03 17:37:17,547 [trainer.py:316] INFO: Epoch : 88, Train_loss1 : 0.09150771796703339, Train_loss2 : 0.11833854764699936
2023-11-03 17:38:06,768 [trainer.py:316] INFO: Epoch : 89, Train_loss1 : 0.09359938651323318, Train_loss2 : 0.12035783380270004
2023-11-03 17:38:55,969 [trainer.py:316] INFO: Epoch : 90, Train_loss1 : 0.09532280266284943, Train_loss2 : 0.12230037897825241
2023-11-03 17:38:57,503 [trainer.py:391] INFO: Model1 Validation: Loss : 0.09145032614469528, mIoU : 0.7482437491416931, mDice : 0.8476225733757019
2023-11-03 17:38:57,503 [trainer.py:392] INFO: Model2 Validation: Loss : 0.13393203914165497, mIoU : 0.6232762336730957, mDice : 0.760376513004303
2023-11-03 17:39:47,790 [trainer.py:316] INFO: Epoch : 91, Train_loss1 : 0.09757610410451889, Train_loss2 : 0.12441850453615189
2023-11-03 17:40:37,598 [trainer.py:316] INFO: Epoch : 92, Train_loss1 : 0.09913329035043716, Train_loss2 : 0.12626774609088898
2023-11-03 17:41:26,852 [trainer.py:316] INFO: Epoch : 93, Train_loss1 : 0.10201790183782578, Train_loss2 : 0.12850072979927063
2023-11-03 17:42:16,137 [trainer.py:316] INFO: Epoch : 94, Train_loss1 : 0.10342465341091156, Train_loss2 : 0.13064247369766235
2023-11-03 17:43:05,561 [trainer.py:316] INFO: Epoch : 95, Train_loss1 : 0.10575637221336365, Train_loss2 : 0.1324758380651474
2023-11-03 17:43:07,103 [trainer.py:391] INFO: Model1 Validation: Loss : 0.09133263677358627, mIoU : 0.7485036849975586, mDice : 0.8478507995605469
2023-11-03 17:43:07,103 [trainer.py:392] INFO: Model2 Validation: Loss : 0.1333838850259781, mIoU : 0.6238494515419006, mDice : 0.7608744502067566
2023-11-03 17:43:56,575 [trainer.py:316] INFO: Epoch : 96, Train_loss1 : 0.10809773951768875, Train_loss2 : 0.13498803973197937
2023-11-03 17:44:45,937 [trainer.py:316] INFO: Epoch : 97, Train_loss1 : 0.11017092317342758, Train_loss2 : 0.13708184659481049
2023-11-03 17:45:35,219 [trainer.py:316] INFO: Epoch : 98, Train_loss1 : 0.11228682845830917, Train_loss2 : 0.13929659128189087
2023-11-03 17:46:25,248 [trainer.py:316] INFO: Epoch : 99, Train_loss1 : 0.11483747512102127, Train_loss2 : 0.14163343608379364
2023-11-03 17:47:14,646 [trainer.py:316] INFO: Epoch : 100, Train_loss1 : 0.11731594055891037, Train_loss2 : 0.14402921497821808
2023-11-03 17:47:16,147 [trainer.py:391] INFO: Model1 Validation: Loss : 0.0918709933757782, mIoU : 0.7467047572135925, mDice : 0.8466253280639648
2023-11-03 17:47:16,147 [trainer.py:392] INFO: Model2 Validation: Loss : 0.13393796980381012, mIoU : 0.6223188042640686, mDice : 0.7595844268798828
2023-11-03 17:48:05,994 [trainer.py:316] INFO: Epoch : 101, Train_loss1 : 0.1196218878030777, Train_loss2 : 0.1465119868516922
2023-11-03 17:48:55,169 [trainer.py:316] INFO: Epoch : 102, Train_loss1 : 0.12214493751525879, Train_loss2 : 0.14895914494991302
2023-11-03 17:49:45,579 [trainer.py:316] INFO: Epoch : 103, Train_loss1 : 0.1245458573102951, Train_loss2 : 0.15134193003177643
2023-11-03 17:50:35,156 [trainer.py:316] INFO: Epoch : 104, Train_loss1 : 0.12700910866260529, Train_loss2 : 0.15379944443702698
2023-11-03 17:51:24,639 [trainer.py:316] INFO: Epoch : 105, Train_loss1 : 0.12927085161209106, Train_loss2 : 0.15623511373996735
2023-11-03 17:51:26,145 [trainer.py:391] INFO: Model1 Validation: Loss : 0.0923357829451561, mIoU : 0.7485538125038147, mDice : 0.8477578163146973
2023-11-03 17:51:26,145 [trainer.py:392] INFO: Model2 Validation: Loss : 0.13399747014045715, mIoU : 0.6231124401092529, mDice : 0.7601880431175232
2023-11-03 17:52:16,025 [trainer.py:316] INFO: Epoch : 106, Train_loss1 : 0.13206852972507477, Train_loss2 : 0.1588003784418106
2023-11-03 17:53:06,368 [trainer.py:316] INFO: Epoch : 107, Train_loss1 : 0.13495756685733795, Train_loss2 : 0.1617465764284134
2023-11-03 17:53:55,373 [trainer.py:316] INFO: Epoch : 108, Train_loss1 : 0.13744384050369263, Train_loss2 : 0.1642850786447525
2023-11-03 17:54:44,523 [trainer.py:316] INFO: Epoch : 109, Train_loss1 : 0.13995234668254852, Train_loss2 : 0.1669849455356598
2023-11-03 17:55:33,556 [trainer.py:316] INFO: Epoch : 110, Train_loss1 : 0.14316794276237488, Train_loss2 : 0.16984125971794128
2023-11-03 17:55:35,073 [trainer.py:391] INFO: Model1 Validation: Loss : 0.09092815965414047, mIoU : 0.7490895390510559, mDice : 0.8481574654579163
2023-11-03 17:55:35,073 [trainer.py:392] INFO: Model2 Validation: Loss : 0.13432709872722626, mIoU : 0.6221027374267578, mDice : 0.7594000697135925
2023-11-03 17:56:23,962 [trainer.py:316] INFO: Epoch : 111, Train_loss1 : 0.14571136236190796, Train_loss2 : 0.1726653277873993
2023-11-03 17:57:12,182 [trainer.py:316] INFO: Epoch : 112, Train_loss1 : 0.14891798794269562, Train_loss2 : 0.1757834553718567
2023-11-03 17:58:00,920 [trainer.py:316] INFO: Epoch : 113, Train_loss1 : 0.1516803503036499, Train_loss2 : 0.17837147414684296
2023-11-03 17:58:49,724 [trainer.py:316] INFO: Epoch : 114, Train_loss1 : 0.1547020822763443, Train_loss2 : 0.1817023605108261
2023-11-03 17:59:39,040 [trainer.py:316] INFO: Epoch : 115, Train_loss1 : 0.15754681825637817, Train_loss2 : 0.18465307354927063
2023-11-03 17:59:40,554 [trainer.py:391] INFO: Model1 Validation: Loss : 0.0916149839758873, mIoU : 0.748504102230072, mDice : 0.8477544784545898
2023-11-03 17:59:40,555 [trainer.py:392] INFO: Model2 Validation: Loss : 0.13395023345947266, mIoU : 0.6229422092437744, mDice : 0.7600677013397217
2023-11-03 18:00:31,329 [trainer.py:316] INFO: Epoch : 116, Train_loss1 : 0.16082969307899475, Train_loss2 : 0.18759983777999878
2023-11-03 18:01:22,614 [trainer.py:316] INFO: Epoch : 117, Train_loss1 : 0.1639132797718048, Train_loss2 : 0.19056129455566406
2023-11-03 18:02:11,882 [trainer.py:316] INFO: Epoch : 118, Train_loss1 : 0.16676098108291626, Train_loss2 : 0.19367142021656036
2023-11-03 18:03:03,004 [trainer.py:316] INFO: Epoch : 119, Train_loss1 : 0.17029467225074768, Train_loss2 : 0.19729278981685638
2023-11-03 18:03:52,430 [trainer.py:316] INFO: Epoch : 120, Train_loss1 : 0.1735272854566574, Train_loss2 : 0.20008485019207
2023-11-03 18:03:53,948 [trainer.py:391] INFO: Model1 Validation: Loss : 0.09151764959096909, mIoU : 0.7493734955787659, mDice : 0.8483278751373291
2023-11-03 18:03:53,948 [trainer.py:392] INFO: Model2 Validation: Loss : 0.13398338854312897, mIoU : 0.6225965619087219, mDice : 0.7598246335983276
2023-11-03 18:04:44,610 [trainer.py:316] INFO: Epoch : 121, Train_loss1 : 0.1764984279870987, Train_loss2 : 0.20363973081111908
2023-11-03 18:05:33,294 [trainer.py:316] INFO: Epoch : 122, Train_loss1 : 0.18018986284732819, Train_loss2 : 0.20719057321548462
2023-11-03 18:06:21,594 [trainer.py:316] INFO: Epoch : 123, Train_loss1 : 0.18351928889751434, Train_loss2 : 0.21038572490215302
2023-11-03 18:07:10,498 [trainer.py:316] INFO: Epoch : 124, Train_loss1 : 0.18716523051261902, Train_loss2 : 0.21396395564079285
2023-11-03 18:07:59,059 [trainer.py:316] INFO: Epoch : 125, Train_loss1 : 0.19052894413471222, Train_loss2 : 0.21706314384937286
2023-11-03 18:08:00,524 [trainer.py:391] INFO: Model1 Validation: Loss : 0.09149321913719177, mIoU : 0.7487285733222961, mDice : 0.8479446768760681
2023-11-03 18:08:00,524 [trainer.py:392] INFO: Model2 Validation: Loss : 0.13441205024719238, mIoU : 0.6219453811645508, mDice : 0.7592246532440186
2023-11-03 18:08:49,479 [trainer.py:316] INFO: Epoch : 126, Train_loss1 : 0.19387629628181458, Train_loss2 : 0.22063173353672028
2023-11-03 18:09:39,214 [trainer.py:316] INFO: Epoch : 127, Train_loss1 : 0.19720250368118286, Train_loss2 : 0.2242601215839386
2023-11-03 18:10:29,156 [trainer.py:316] INFO: Epoch : 128, Train_loss1 : 0.20125354826450348, Train_loss2 : 0.22794194519519806
2023-11-03 18:11:19,016 [trainer.py:316] INFO: Epoch : 129, Train_loss1 : 0.20486879348754883, Train_loss2 : 0.231775164604187
2023-11-03 18:12:08,063 [trainer.py:316] INFO: Epoch : 130, Train_loss1 : 0.2087019830942154, Train_loss2 : 0.23548676073551178
2023-11-03 18:12:09,602 [trainer.py:391] INFO: Model1 Validation: Loss : 0.09108870476484299, mIoU : 0.749091625213623, mDice : 0.8481802344322205
2023-11-03 18:12:09,603 [trainer.py:392] INFO: Model2 Validation: Loss : 0.1344049870967865, mIoU : 0.6220651865005493, mDice : 0.7593557834625244
2023-11-03 18:12:59,055 [trainer.py:316] INFO: Epoch : 131, Train_loss1 : 0.21251727640628815, Train_loss2 : 0.23921507596969604
2023-11-03 18:13:47,594 [trainer.py:316] INFO: Epoch : 132, Train_loss1 : 0.21616226434707642, Train_loss2 : 0.24299383163452148
2023-11-03 18:14:36,622 [trainer.py:316] INFO: Epoch : 133, Train_loss1 : 0.22056487202644348, Train_loss2 : 0.24712562561035156
2023-11-03 18:15:25,678 [trainer.py:316] INFO: Epoch : 134, Train_loss1 : 0.22414100170135498, Train_loss2 : 0.2511572539806366
2023-11-03 18:16:14,323 [trainer.py:316] INFO: Epoch : 135, Train_loss1 : 0.228085458278656, Train_loss2 : 0.25486600399017334
2023-11-03 18:16:15,857 [trainer.py:391] INFO: Model1 Validation: Loss : 0.0918726995587349, mIoU : 0.7489752173423767, mDice : 0.8481056690216064
2023-11-03 18:16:15,857 [trainer.py:392] INFO: Model2 Validation: Loss : 0.1342693418264389, mIoU : 0.622280478477478, mDice : 0.7595398426055908
2023-11-03 18:17:05,440 [trainer.py:316] INFO: Epoch : 136, Train_loss1 : 0.23184387385845184, Train_loss2 : 0.2587192952632904
2023-11-03 18:17:54,199 [trainer.py:316] INFO: Epoch : 137, Train_loss1 : 0.23610539734363556, Train_loss2 : 0.2629650831222534
2023-11-03 18:18:43,743 [trainer.py:316] INFO: Epoch : 138, Train_loss1 : 0.24037934839725494, Train_loss2 : 0.26730307936668396
2023-11-03 18:19:31,993 [trainer.py:316] INFO: Epoch : 139, Train_loss1 : 0.2444922775030136, Train_loss2 : 0.2713322639465332
2023-11-03 18:20:20,535 [trainer.py:316] INFO: Epoch : 140, Train_loss1 : 0.24859276413917542, Train_loss2 : 0.27560165524482727
2023-11-03 18:20:22,077 [trainer.py:391] INFO: Model1 Validation: Loss : 0.09145033359527588, mIoU : 0.7493889927864075, mDice : 0.8483766317367554
2023-11-03 18:20:22,077 [trainer.py:392] INFO: Model2 Validation: Loss : 0.1343493014574051, mIoU : 0.6220868825912476, mDice : 0.7593614459037781
2023-11-03 18:21:11,676 [trainer.py:316] INFO: Epoch : 141, Train_loss1 : 0.2529164254665375, Train_loss2 : 0.2797006070613861
2023-11-03 18:22:00,862 [trainer.py:316] INFO: Epoch : 142, Train_loss1 : 0.25755229592323303, Train_loss2 : 0.2841323912143707
2023-11-03 18:22:50,058 [trainer.py:316] INFO: Epoch : 143, Train_loss1 : 0.2617221176624298, Train_loss2 : 0.2885745167732239
2023-11-03 18:23:38,679 [trainer.py:316] INFO: Epoch : 144, Train_loss1 : 0.26639774441719055, Train_loss2 : 0.29304662346839905
2023-11-03 18:24:27,922 [trainer.py:316] INFO: Epoch : 145, Train_loss1 : 0.27083274722099304, Train_loss2 : 0.29765403270721436
2023-11-03 18:24:29,394 [trainer.py:391] INFO: Model1 Validation: Loss : 0.09156061708927155, mIoU : 0.7488580942153931, mDice : 0.8479663133621216
2023-11-03 18:24:29,395 [trainer.py:392] INFO: Model2 Validation: Loss : 0.13430118560791016, mIoU : 0.6222435832023621, mDice : 0.7594963908195496
2023-11-03 18:25:19,761 [trainer.py:316] INFO: Epoch : 146, Train_loss1 : 0.2754448354244232, Train_loss2 : 0.3020789623260498
2023-11-03 18:26:15,210 [trainer.py:316] INFO: Epoch : 147, Train_loss1 : 0.2800191342830658, Train_loss2 : 0.30680134892463684
2023-11-03 18:27:23,274 [trainer.py:316] INFO: Epoch : 148, Train_loss1 : 0.2846038043498993, Train_loss2 : 0.31113171577453613
2023-11-03 18:28:31,151 [trainer.py:316] INFO: Epoch : 149, Train_loss1 : 0.2892460525035858, Train_loss2 : 0.3159796893596649
2023-11-03 18:29:39,806 [trainer.py:316] INFO: Epoch : 150, Train_loss1 : 0.29392528533935547, Train_loss2 : 0.32069554924964905
2023-11-03 18:29:41,937 [trainer.py:391] INFO: Model1 Validation: Loss : 0.09164626151323318, mIoU : 0.7484864592552185, mDice : 0.8477262854576111
2023-11-03 18:29:41,937 [trainer.py:392] INFO: Model2 Validation: Loss : 0.1344251036643982, mIoU : 0.6220007538795471, mDice : 0.759283721446991
2023-11-03 18:30:50,618 [trainer.py:316] INFO: Epoch : 151, Train_loss1 : 0.29880326986312866, Train_loss2 : 0.3254821002483368
2023-11-03 18:31:58,434 [trainer.py:316] INFO: Epoch : 152, Train_loss1 : 0.3036905825138092, Train_loss2 : 0.33024275302886963
2023-11-03 18:33:06,528 [trainer.py:316] INFO: Epoch : 153, Train_loss1 : 0.30849844217300415, Train_loss2 : 0.3352861702442169
2023-11-03 18:34:15,349 [trainer.py:316] INFO: Epoch : 154, Train_loss1 : 0.3133614957332611, Train_loss2 : 0.3400159478187561
2023-11-03 18:35:23,373 [trainer.py:316] INFO: Epoch : 155, Train_loss1 : 0.31815728545188904, Train_loss2 : 0.3449415862560272
2023-11-03 18:35:25,667 [trainer.py:391] INFO: Model1 Validation: Loss : 0.09131188690662384, mIoU : 0.74949711561203, mDice : 0.8484438061714172
2023-11-03 18:35:25,668 [trainer.py:392] INFO: Model2 Validation: Loss : 0.13452117145061493, mIoU : 0.6217867136001587, mDice : 0.759107768535614
2023-11-03 18:36:34,398 [trainer.py:316] INFO: Epoch : 156, Train_loss1 : 0.3233869671821594, Train_loss2 : 0.3500063717365265
2023-11-03 18:37:35,354 [trainer.py:316] INFO: Epoch : 157, Train_loss1 : 0.32856467366218567, Train_loss2 : 0.3551941514015198
2023-11-03 18:38:43,324 [trainer.py:316] INFO: Epoch : 158, Train_loss1 : 0.3332690894603729, Train_loss2 : 0.3601870536804199
2023-11-03 18:39:50,956 [trainer.py:316] INFO: Epoch : 159, Train_loss1 : 0.3387269079685211, Train_loss2 : 0.3655238151550293
2023-11-03 18:40:58,373 [trainer.py:316] INFO: Epoch : 160, Train_loss1 : 0.3435724377632141, Train_loss2 : 0.3704783320426941
2023-11-03 18:41:00,486 [trainer.py:391] INFO: Model1 Validation: Loss : 0.09152930229902267, mIoU : 0.7491212487220764, mDice : 0.8482053279876709
2023-11-03 18:41:00,486 [trainer.py:392] INFO: Model2 Validation: Loss : 0.13447490334510803, mIoU : 0.6219293475151062, mDice : 0.7592299580574036
2023-11-03 18:42:09,144 [trainer.py:316] INFO: Epoch : 161, Train_loss1 : 0.349040150642395, Train_loss2 : 0.37578722834587097
2023-11-03 18:43:16,981 [trainer.py:316] INFO: Epoch : 162, Train_loss1 : 0.354373037815094, Train_loss2 : 0.3809674382209778
2023-11-03 18:44:24,494 [trainer.py:316] INFO: Epoch : 163, Train_loss1 : 0.35945025086402893, Train_loss2 : 0.38654592633247375
2023-11-03 18:45:32,240 [trainer.py:316] INFO: Epoch : 164, Train_loss1 : 0.36503681540489197, Train_loss2 : 0.3917548358440399
2023-11-03 18:46:41,244 [trainer.py:316] INFO: Epoch : 165, Train_loss1 : 0.37022218108177185, Train_loss2 : 0.3970370888710022
2023-11-03 18:46:43,465 [trainer.py:391] INFO: Model1 Validation: Loss : 0.09096398204565048, mIoU : 0.7494884133338928, mDice : 0.8484720587730408
2023-11-03 18:46:43,466 [trainer.py:392] INFO: Model2 Validation: Loss : 0.13444839417934418, mIoU : 0.6220799088478088, mDice : 0.7593482136726379
2023-11-03 18:47:50,392 [trainer.py:316] INFO: Epoch : 166, Train_loss1 : 0.3755706250667572, Train_loss2 : 0.40241843461990356
2023-11-03 18:48:57,587 [trainer.py:316] INFO: Epoch : 167, Train_loss1 : 0.3812839686870575, Train_loss2 : 0.40822845697402954
2023-11-03 18:50:04,758 [trainer.py:316] INFO: Epoch : 168, Train_loss1 : 0.3868735730648041, Train_loss2 : 0.41353845596313477
2023-11-03 18:51:11,671 [trainer.py:316] INFO: Epoch : 169, Train_loss1 : 0.3925167918205261, Train_loss2 : 0.41918671131134033
2023-11-03 18:52:18,739 [trainer.py:316] INFO: Epoch : 170, Train_loss1 : 0.3978016972541809, Train_loss2 : 0.4247782230377197
2023-11-03 18:52:21,138 [trainer.py:391] INFO: Model1 Validation: Loss : 0.09150511771440506, mIoU : 0.7491439580917358, mDice : 0.848193347454071
2023-11-03 18:52:21,139 [trainer.py:392] INFO: Model2 Validation: Loss : 0.13448460400104523, mIoU : 0.6220248937606812, mDice : 0.7593006491661072
2023-11-03 18:53:29,897 [trainer.py:316] INFO: Epoch : 171, Train_loss1 : 0.40370944142341614, Train_loss2 : 0.4304036796092987
2023-11-03 18:54:38,083 [trainer.py:316] INFO: Epoch : 172, Train_loss1 : 0.40917760133743286, Train_loss2 : 0.4359893500804901
2023-11-03 18:55:46,719 [trainer.py:316] INFO: Epoch : 173, Train_loss1 : 0.41500961780548096, Train_loss2 : 0.4417901933193207
2023-11-03 18:56:53,364 [trainer.py:316] INFO: Epoch : 174, Train_loss1 : 0.420745313167572, Train_loss2 : 0.4475116431713104
2023-11-03 18:58:01,482 [trainer.py:316] INFO: Epoch : 175, Train_loss1 : 0.42680591344833374, Train_loss2 : 0.4532949924468994
2023-11-03 18:58:03,868 [trainer.py:391] INFO: Model1 Validation: Loss : 0.09104494750499725, mIoU : 0.7499992251396179, mDice : 0.8487285375595093
2023-11-03 18:58:03,868 [trainer.py:392] INFO: Model2 Validation: Loss : 0.1344556361436844, mIoU : 0.62208092212677, mDice : 0.7593585848808289
2023-11-03 18:59:11,664 [trainer.py:316] INFO: Epoch : 176, Train_loss1 : 0.43274471163749695, Train_loss2 : 0.45935437083244324
2023-11-03 19:00:19,326 [trainer.py:316] INFO: Epoch : 177, Train_loss1 : 0.43835246562957764, Train_loss2 : 0.4652547836303711
2023-11-03 19:01:26,727 [trainer.py:316] INFO: Epoch : 178, Train_loss1 : 0.444534569978714, Train_loss2 : 0.4712236821651459
2023-11-03 19:02:33,599 [trainer.py:316] INFO: Epoch : 179, Train_loss1 : 0.450069397687912, Train_loss2 : 0.4768237769603729
2023-11-03 19:03:42,520 [trainer.py:316] INFO: Epoch : 180, Train_loss1 : 0.45630428194999695, Train_loss2 : 0.48291945457458496
2023-11-03 19:03:44,707 [trainer.py:391] INFO: Model1 Validation: Loss : 0.09129419922828674, mIoU : 0.7491226196289062, mDice : 0.848220944404602
2023-11-03 19:03:44,708 [trainer.py:392] INFO: Model2 Validation: Loss : 0.13450634479522705, mIoU : 0.6220035552978516, mDice : 0.7592787146568298
2023-11-03 19:04:53,357 [trainer.py:316] INFO: Epoch : 181, Train_loss1 : 0.4622056186199188, Train_loss2 : 0.4885740578174591
2023-11-03 19:06:00,920 [trainer.py:316] INFO: Epoch : 182, Train_loss1 : 0.46822530031204224, Train_loss2 : 0.4947497546672821
2023-11-03 19:07:09,087 [trainer.py:316] INFO: Epoch : 183, Train_loss1 : 0.4739948809146881, Train_loss2 : 0.5011279582977295
2023-11-03 19:08:17,109 [trainer.py:316] INFO: Epoch : 184, Train_loss1 : 0.48036062717437744, Train_loss2 : 0.506912112236023
2023-11-03 19:09:25,880 [trainer.py:316] INFO: Epoch : 185, Train_loss1 : 0.4864913821220398, Train_loss2 : 0.5128738284111023
2023-11-03 19:09:28,025 [trainer.py:391] INFO: Model1 Validation: Loss : 0.09135930240154266, mIoU : 0.7490664124488831, mDice : 0.8481476306915283
2023-11-03 19:09:28,026 [trainer.py:392] INFO: Model2 Validation: Loss : 0.13446064293384552, mIoU : 0.6220405697822571, mDice : 0.7593229413032532
2023-11-03 19:10:37,168 [trainer.py:316] INFO: Epoch : 186, Train_loss1 : 0.4922647476196289, Train_loss2 : 0.5191821455955505
2023-11-03 19:11:44,950 [trainer.py:316] INFO: Epoch : 187, Train_loss1 : 0.4988962709903717, Train_loss2 : 0.5254719853401184
2023-11-03 19:12:52,571 [trainer.py:316] INFO: Epoch : 188, Train_loss1 : 0.50470370054245, Train_loss2 : 0.5314611196517944
2023-11-03 19:14:00,081 [trainer.py:316] INFO: Epoch : 189, Train_loss1 : 0.5109015107154846, Train_loss2 : 0.5379670858383179
2023-11-03 19:15:08,135 [trainer.py:316] INFO: Epoch : 190, Train_loss1 : 0.5170727968215942, Train_loss2 : 0.543736457824707
2023-11-03 19:15:10,168 [trainer.py:391] INFO: Model1 Validation: Loss : 0.09134815633296967, mIoU : 0.7492421865463257, mDice : 0.8482458591461182
2023-11-03 19:15:10,168 [trainer.py:392] INFO: Model2 Validation: Loss : 0.13444077968597412, mIoU : 0.622050940990448, mDice : 0.7593332529067993
2023-11-03 19:16:18,100 [trainer.py:316] INFO: Epoch : 191, Train_loss1 : 0.5234137177467346, Train_loss2 : 0.5503431558609009
2023-11-03 19:17:26,865 [trainer.py:316] INFO: Epoch : 192, Train_loss1 : 0.5296841263771057, Train_loss2 : 0.5567471385002136
2023-11-03 19:18:34,582 [trainer.py:316] INFO: Epoch : 193, Train_loss1 : 0.5363239645957947, Train_loss2 : 0.5628958344459534
2023-11-03 19:19:42,999 [trainer.py:316] INFO: Epoch : 194, Train_loss1 : 0.5421569347381592, Train_loss2 : 0.5690937638282776
2023-11-03 19:20:50,348 [trainer.py:316] INFO: Epoch : 195, Train_loss1 : 0.5486600995063782, Train_loss2 : 0.5751720666885376
2023-11-03 19:20:52,659 [trainer.py:391] INFO: Model1 Validation: Loss : 0.09154123812913895, mIoU : 0.7490980625152588, mDice : 0.8481178879737854
2023-11-03 19:20:52,659 [trainer.py:392] INFO: Model2 Validation: Loss : 0.13445380330085754, mIoU : 0.6220291256904602, mDice : 0.7593144178390503
2023-11-03 19:22:01,112 [trainer.py:316] INFO: Epoch : 196, Train_loss1 : 0.5550041794776917, Train_loss2 : 0.5817908048629761
2023-11-03 19:23:08,834 [trainer.py:316] INFO: Epoch : 197, Train_loss1 : 0.5614059567451477, Train_loss2 : 0.5881094336509705
2023-11-03 19:24:16,774 [trainer.py:316] INFO: Epoch : 198, Train_loss1 : 0.5678474307060242, Train_loss2 : 0.594512403011322
2023-11-03 19:25:24,130 [trainer.py:316] INFO: Epoch : 199, Train_loss1 : 0.5740914940834045, Train_loss2 : 0.6007523536682129
2023-11-03 19:26:32,368 [trainer.py:316] INFO: Epoch : 200, Train_loss1 : 0.5802432894706726, Train_loss2 : 0.6070185303688049
2023-11-03 19:26:34,476 [trainer.py:391] INFO: Model1 Validation: Loss : 0.0913068950176239, mIoU : 0.7491310834884644, mDice : 0.8482017517089844
2023-11-03 19:26:34,476 [trainer.py:392] INFO: Model2 Validation: Loss : 0.13444259762763977, mIoU : 0.6220502257347107, mDice : 0.7593369483947754
2023-11-03 19:27:43,605 [trainer.py:316] INFO: Epoch : 201, Train_loss1 : 0.5864887833595276, Train_loss2 : 0.6134193539619446
2023-11-03 19:28:51,351 [trainer.py:316] INFO: Epoch : 202, Train_loss1 : 0.5932193994522095, Train_loss2 : 0.6199511289596558
2023-11-03 19:29:59,577 [trainer.py:316] INFO: Epoch : 203, Train_loss1 : 0.5993392467498779, Train_loss2 : 0.6261241436004639
2023-11-03 19:31:07,543 [trainer.py:316] INFO: Epoch : 204, Train_loss1 : 0.6057928204536438, Train_loss2 : 0.6326790452003479
2023-11-03 19:32:17,531 [trainer.py:316] INFO: Epoch : 205, Train_loss1 : 0.6121730208396912, Train_loss2 : 0.6389355659484863
2023-11-03 19:32:19,999 [trainer.py:391] INFO: Model1 Validation: Loss : 0.09153900295495987, mIoU : 0.7490084171295166, mDice : 0.8480822443962097
2023-11-03 19:32:19,999 [trainer.py:392] INFO: Model2 Validation: Loss : 0.13445810973644257, mIoU : 0.6220428943634033, mDice : 0.7593263387680054
2023-11-03 19:33:30,011 [trainer.py:316] INFO: Epoch : 206, Train_loss1 : 0.6184238195419312, Train_loss2 : 0.6452712416648865
2023-11-03 19:34:39,258 [trainer.py:316] INFO: Epoch : 207, Train_loss1 : 0.6255043745040894, Train_loss2 : 0.6518682837486267
2023-11-03 19:35:47,975 [trainer.py:316] INFO: Epoch : 208, Train_loss1 : 0.6312915682792664, Train_loss2 : 0.6582159399986267
2023-11-03 19:36:57,962 [trainer.py:316] INFO: Epoch : 209, Train_loss1 : 0.6377468109130859, Train_loss2 : 0.6645956039428711
2023-11-03 19:38:12,078 [trainer.py:316] INFO: Epoch : 210, Train_loss1 : 0.6442546248435974, Train_loss2 : 0.670885443687439
2023-11-03 19:38:14,782 [trainer.py:391] INFO: Model1 Validation: Loss : 0.09118934720754623, mIoU : 0.7502899765968323, mDice : 0.8489184975624084
2023-11-03 19:38:14,783 [trainer.py:392] INFO: Model2 Validation: Loss : 0.1344708949327469, mIoU : 0.6220247149467468, mDice : 0.7593029141426086
2023-11-03 19:39:25,142 [trainer.py:316] INFO: Epoch : 211, Train_loss1 : 0.6507045030593872, Train_loss2 : 0.6773455142974854
2023-11-03 19:40:32,386 [trainer.py:316] INFO: Epoch : 212, Train_loss1 : 0.6568633913993835, Train_loss2 : 0.6834608912467957
2023-11-03 19:41:39,689 [trainer.py:316] INFO: Epoch : 213, Train_loss1 : 0.6634497046470642, Train_loss2 : 0.6901102662086487
2023-11-03 19:42:47,443 [trainer.py:316] INFO: Epoch : 214, Train_loss1 : 0.6696747541427612, Train_loss2 : 0.6963850855827332
2023-11-03 19:43:57,021 [trainer.py:316] INFO: Epoch : 215, Train_loss1 : 0.6759360432624817, Train_loss2 : 0.7028874754905701
2023-11-03 19:43:59,703 [trainer.py:391] INFO: Model1 Validation: Loss : 0.09149562567472458, mIoU : 0.7490172982215881, mDice : 0.8480891585350037
2023-11-03 19:43:59,704 [trainer.py:392] INFO: Model2 Validation: Loss : 0.13447044789791107, mIoU : 0.6220332384109497, mDice : 0.759309709072113
2023-11-03 19:45:10,289 [trainer.py:316] INFO: Epoch : 216, Train_loss1 : 0.682296633720398, Train_loss2 : 0.7089298963546753
2023-11-03 19:46:17,422 [trainer.py:316] INFO: Epoch : 217, Train_loss1 : 0.6884598135948181, Train_loss2 : 0.7153640985488892
2023-11-03 19:47:23,362 [trainer.py:316] INFO: Epoch : 218, Train_loss1 : 0.6947760581970215, Train_loss2 : 0.721564769744873
2023-11-03 19:48:30,557 [trainer.py:316] INFO: Epoch : 219, Train_loss1 : 0.7012080550193787, Train_loss2 : 0.7277507781982422
2023-11-03 19:49:37,269 [trainer.py:316] INFO: Epoch : 220, Train_loss1 : 0.707524299621582, Train_loss2 : 0.7340863943099976
2023-11-03 19:49:39,302 [trainer.py:391] INFO: Model1 Validation: Loss : 0.09121392667293549, mIoU : 0.7497714757919312, mDice : 0.8485961556434631
2023-11-03 19:49:39,303 [trainer.py:392] INFO: Model2 Validation: Loss : 0.13447758555412292, mIoU : 0.622008740901947, mDice : 0.7592885494232178
2023-11-03 19:50:46,295 [trainer.py:316] INFO: Epoch : 221, Train_loss1 : 0.7136536240577698, Train_loss2 : 0.7403374910354614
2023-11-03 19:51:53,119 [trainer.py:316] INFO: Epoch : 222, Train_loss1 : 0.7199995517730713, Train_loss2 : 0.7467670440673828
2023-11-03 19:52:59,466 [trainer.py:316] INFO: Epoch : 223, Train_loss1 : 0.7260209321975708, Train_loss2 : 0.7528445720672607
2023-11-03 19:54:06,203 [trainer.py:316] INFO: Epoch : 224, Train_loss1 : 0.7321323156356812, Train_loss2 : 0.7590097784996033
2023-11-03 19:55:13,729 [trainer.py:316] INFO: Epoch : 225, Train_loss1 : 0.7382100224494934, Train_loss2 : 0.7650166749954224
2023-11-03 19:55:16,024 [trainer.py:391] INFO: Model1 Validation: Loss : 0.09135668724775314, mIoU : 0.7491647005081177, mDice : 0.8482165932655334
2023-11-03 19:55:16,024 [trainer.py:392] INFO: Model2 Validation: Loss : 0.1344747543334961, mIoU : 0.6220141053199768, mDice : 0.7592949867248535
2023-11-03 19:56:23,444 [trainer.py:316] INFO: Epoch : 226, Train_loss1 : 0.7443169355392456, Train_loss2 : 0.7711620330810547
2023-11-03 19:57:30,420 [trainer.py:316] INFO: Epoch : 227, Train_loss1 : 0.7504809498786926, Train_loss2 : 0.7771921753883362
2023-11-03 19:58:37,242 [trainer.py:316] INFO: Epoch : 228, Train_loss1 : 0.756425678730011, Train_loss2 : 0.7831394076347351
2023-11-03 19:59:44,205 [trainer.py:316] INFO: Epoch : 229, Train_loss1 : 0.7624040246009827, Train_loss2 : 0.7894138693809509
2023-11-03 20:00:51,113 [trainer.py:316] INFO: Epoch : 230, Train_loss1 : 0.7682445645332336, Train_loss2 : 0.795166552066803
2023-11-03 20:00:53,153 [trainer.py:391] INFO: Model1 Validation: Loss : 0.0914391428232193, mIoU : 0.7489677667617798, mDice : 0.848086416721344
2023-11-03 20:00:53,153 [trainer.py:392] INFO: Model2 Validation: Loss : 0.13447684049606323, mIoU : 0.622006356716156, mDice : 0.7592893242835999
2023-11-03 20:01:59,804 [trainer.py:316] INFO: Epoch : 231, Train_loss1 : 0.7742336392402649, Train_loss2 : 0.8011775612831116
2023-11-03 20:03:07,471 [trainer.py:316] INFO: Epoch : 232, Train_loss1 : 0.7805680632591248, Train_loss2 : 0.8071706295013428
2023-11-03 20:04:14,141 [trainer.py:316] INFO: Epoch : 233, Train_loss1 : 0.7861988544464111, Train_loss2 : 0.8129317164421082
2023-11-03 20:05:20,496 [trainer.py:316] INFO: Epoch : 234, Train_loss1 : 0.792066752910614, Train_loss2 : 0.818831205368042
2023-11-03 20:06:27,276 [trainer.py:316] INFO: Epoch : 235, Train_loss1 : 0.798007071018219, Train_loss2 : 0.8244441747665405
2023-11-03 20:06:29,627 [trainer.py:391] INFO: Model1 Validation: Loss : 0.09173537790775299, mIoU : 0.7488090395927429, mDice : 0.847908079624176
2023-11-03 20:06:29,627 [trainer.py:392] INFO: Model2 Validation: Loss : 0.13447469472885132, mIoU : 0.6220069527626038, mDice : 0.7592898011207581
2023-11-03 20:07:37,350 [trainer.py:316] INFO: Epoch : 236, Train_loss1 : 0.8035675883293152, Train_loss2 : 0.8303171992301941
2023-11-03 20:08:45,558 [trainer.py:316] INFO: Epoch : 237, Train_loss1 : 0.8090108036994934, Train_loss2 : 0.8358190059661865
2023-11-03 20:09:52,294 [trainer.py:316] INFO: Epoch : 238, Train_loss1 : 0.8145322799682617, Train_loss2 : 0.8413208723068237
2023-11-03 20:10:57,599 [trainer.py:316] INFO: Epoch : 239, Train_loss1 : 0.8202387690544128, Train_loss2 : 0.8469398021697998
2023-11-03 20:12:04,725 [trainer.py:316] INFO: Epoch : 240, Train_loss1 : 0.8256872296333313, Train_loss2 : 0.8523921966552734
2023-11-03 20:12:06,971 [trainer.py:391] INFO: Model1 Validation: Loss : 0.09155099093914032, mIoU : 0.7491658329963684, mDice : 0.8482394218444824
2023-11-03 20:12:06,972 [trainer.py:392] INFO: Model2 Validation: Loss : 0.13447332382202148, mIoU : 0.6220266222953796, mDice : 0.759305477142334
2023-11-03 20:13:14,142 [trainer.py:316] INFO: Epoch : 241, Train_loss1 : 0.8311779499053955, Train_loss2 : 0.8580474257469177
2023-11-03 20:14:21,237 [trainer.py:316] INFO: Epoch : 242, Train_loss1 : 0.8364046216011047, Train_loss2 : 0.8634801506996155
2023-11-03 20:15:28,684 [trainer.py:316] INFO: Epoch : 243, Train_loss1 : 0.841967761516571, Train_loss2 : 0.8688190579414368
2023-11-03 20:16:34,965 [trainer.py:316] INFO: Epoch : 244, Train_loss1 : 0.8473775386810303, Train_loss2 : 0.8742393851280212
2023-11-03 20:17:41,948 [trainer.py:316] INFO: Epoch : 245, Train_loss1 : 0.8523884415626526, Train_loss2 : 0.8792749047279358
2023-11-03 20:17:44,270 [trainer.py:391] INFO: Model1 Validation: Loss : 0.09124670922756195, mIoU : 0.7496734261512756, mDice : 0.8485105037689209
2023-11-03 20:17:44,270 [trainer.py:392] INFO: Model2 Validation: Loss : 0.13447272777557373, mIoU : 0.6220330595970154, mDice : 0.7593097686767578
2023-11-03 20:18:51,455 [trainer.py:316] INFO: Epoch : 246, Train_loss1 : 0.8577110171318054, Train_loss2 : 0.8842946290969849
2023-11-03 20:19:59,160 [trainer.py:316] INFO: Epoch : 247, Train_loss1 : 0.8625296354293823, Train_loss2 : 0.8895440697669983
2023-11-03 20:21:05,792 [trainer.py:316] INFO: Epoch : 248, Train_loss1 : 0.8677616715431213, Train_loss2 : 0.8945949673652649
2023-11-03 20:22:13,240 [trainer.py:316] INFO: Epoch : 249, Train_loss1 : 0.8725109696388245, Train_loss2 : 0.8995286226272583
2023-11-03 20:23:19,885 [trainer.py:316] INFO: Epoch : 250, Train_loss1 : 0.8777049779891968, Train_loss2 : 0.9043232202529907
2023-11-03 20:23:22,125 [trainer.py:391] INFO: Model1 Validation: Loss : 0.09152022004127502, mIoU : 0.7490098476409912, mDice : 0.8480678200721741
2023-11-03 20:23:22,125 [trainer.py:392] INFO: Model2 Validation: Loss : 0.1344737857580185, mIoU : 0.6220137476921082, mDice : 0.7592950463294983
2023-11-03 20:24:29,380 [trainer.py:316] INFO: Epoch : 251, Train_loss1 : 0.8827641606330872, Train_loss2 : 0.909135103225708
2023-11-03 20:25:36,114 [trainer.py:316] INFO: Epoch : 252, Train_loss1 : 0.887279212474823, Train_loss2 : 0.9139571785926819
2023-11-03 20:26:43,350 [trainer.py:316] INFO: Epoch : 253, Train_loss1 : 0.8915854692459106, Train_loss2 : 0.9187417030334473
2023-11-03 20:27:50,466 [trainer.py:316] INFO: Epoch : 254, Train_loss1 : 0.896368145942688, Train_loss2 : 0.9233095049858093
2023-11-03 20:28:57,455 [trainer.py:316] INFO: Epoch : 255, Train_loss1 : 0.9012764692306519, Train_loss2 : 0.927868664264679
2023-11-03 20:28:59,691 [trainer.py:391] INFO: Model1 Validation: Loss : 0.09146175533533096, mIoU : 0.7489332556724548, mDice : 0.8480350971221924
2023-11-03 20:28:59,691 [trainer.py:392] INFO: Model2 Validation: Loss : 0.13447363674640656, mIoU : 0.6220245957374573, mDice : 0.7593026757240295
2023-11-03 20:30:06,860 [trainer.py:316] INFO: Epoch : 256, Train_loss1 : 0.9055997729301453, Train_loss2 : 0.9322672486305237
2023-11-03 20:31:13,766 [trainer.py:316] INFO: Epoch : 257, Train_loss1 : 0.9102311134338379, Train_loss2 : 0.9367820620536804
2023-11-03 20:32:20,823 [trainer.py:316] INFO: Epoch : 258, Train_loss1 : 0.9147055745124817, Train_loss2 : 0.941238522529602
2023-11-03 20:33:27,533 [trainer.py:316] INFO: Epoch : 259, Train_loss1 : 0.9185228943824768, Train_loss2 : 0.9451371431350708
2023-11-03 20:34:34,505 [trainer.py:316] INFO: Epoch : 260, Train_loss1 : 0.9227547645568848, Train_loss2 : 0.9495173692703247
2023-11-03 20:34:36,889 [trainer.py:391] INFO: Model1 Validation: Loss : 0.09162035584449768, mIoU : 0.748698890209198, mDice : 0.8478875756263733
2023-11-03 20:34:36,890 [trainer.py:392] INFO: Model2 Validation: Loss : 0.1344740092754364, mIoU : 0.6220203638076782, mDice : 0.7592991590499878
2023-11-03 20:35:44,238 [trainer.py:316] INFO: Epoch : 261, Train_loss1 : 0.9266623854637146, Train_loss2 : 0.9533447027206421
2023-11-03 20:36:50,507 [trainer.py:316] INFO: Epoch : 262, Train_loss1 : 0.931020200252533, Train_loss2 : 0.9575650691986084
2023-11-03 20:37:56,934 [trainer.py:316] INFO: Epoch : 263, Train_loss1 : 0.9345378279685974, Train_loss2 : 0.9613132476806641
2023-11-03 20:39:04,690 [trainer.py:316] INFO: Epoch : 264, Train_loss1 : 0.9386270046234131, Train_loss2 : 0.9652931690216064
2023-11-03 20:40:12,032 [trainer.py:316] INFO: Epoch : 265, Train_loss1 : 0.9422127604484558, Train_loss2 : 0.9688512682914734
2023-11-03 20:40:14,284 [trainer.py:391] INFO: Model1 Validation: Loss : 0.09150798618793488, mIoU : 0.749118447303772, mDice : 0.848109245300293
2023-11-03 20:40:14,284 [trainer.py:392] INFO: Model2 Validation: Loss : 0.13447417318820953, mIoU : 0.6220238208770752, mDice : 0.7593017816543579
2023-11-03 20:41:22,541 [trainer.py:316] INFO: Epoch : 266, Train_loss1 : 0.9456932544708252, Train_loss2 : 0.9723840951919556
2023-11-03 20:42:30,004 [trainer.py:316] INFO: Epoch : 267, Train_loss1 : 0.9493263363838196, Train_loss2 : 0.9760881662368774
2023-11-03 20:43:36,589 [trainer.py:316] INFO: Epoch : 268, Train_loss1 : 0.9525617361068726, Train_loss2 : 0.9795196652412415
2023-11-03 20:44:43,069 [trainer.py:316] INFO: Epoch : 269, Train_loss1 : 0.9560526013374329, Train_loss2 : 0.9829062819480896
2023-11-03 20:45:50,414 [trainer.py:316] INFO: Epoch : 270, Train_loss1 : 0.9591952562332153, Train_loss2 : 0.9862269759178162
2023-11-03 20:45:52,709 [trainer.py:391] INFO: Model1 Validation: Loss : 0.09128271788358688, mIoU : 0.7494993805885315, mDice : 0.8484265804290771
2023-11-03 20:45:52,710 [trainer.py:392] INFO: Model2 Validation: Loss : 0.13447421789169312, mIoU : 0.6220238208770752, mDice : 0.7593017816543579
2023-11-03 20:47:00,551 [trainer.py:316] INFO: Epoch : 271, Train_loss1 : 0.9625858664512634, Train_loss2 : 0.9894523024559021
2023-11-03 20:48:08,560 [trainer.py:316] INFO: Epoch : 272, Train_loss1 : 0.9656386375427246, Train_loss2 : 0.9923255443572998
2023-11-03 20:49:15,469 [trainer.py:316] INFO: Epoch : 273, Train_loss1 : 0.9685389995574951, Train_loss2 : 0.9952843189239502
2023-11-03 20:50:21,642 [trainer.py:316] INFO: Epoch : 274, Train_loss1 : 0.9710319638252258, Train_loss2 : 0.9979777336120605
2023-11-03 20:51:28,084 [trainer.py:316] INFO: Epoch : 275, Train_loss1 : 0.9742896556854248, Train_loss2 : 1.0011274814605713
2023-11-03 20:51:30,254 [trainer.py:391] INFO: Model1 Validation: Loss : 0.09117843210697174, mIoU : 0.749437153339386, mDice : 0.8483967185020447
2023-11-03 20:51:30,254 [trainer.py:392] INFO: Model2 Validation: Loss : 0.13447415828704834, mIoU : 0.6220207214355469, mDice : 0.7592989802360535
2023-11-03 20:52:37,315 [trainer.py:316] INFO: Epoch : 276, Train_loss1 : 0.977095365524292, Train_loss2 : 1.003719449043274
2023-11-03 20:53:44,238 [trainer.py:316] INFO: Epoch : 277, Train_loss1 : 0.979516863822937, Train_loss2 : 1.0062779188156128
2023-11-03 20:54:51,773 [trainer.py:316] INFO: Epoch : 278, Train_loss1 : 0.982106626033783, Train_loss2 : 1.008799433708191
2023-11-03 20:55:58,678 [trainer.py:316] INFO: Epoch : 279, Train_loss1 : 0.9845240116119385, Train_loss2 : 1.0111638307571411
2023-11-03 20:57:05,630 [trainer.py:316] INFO: Epoch : 280, Train_loss1 : 0.9865407943725586, Train_loss2 : 1.0132337808609009
2023-11-03 20:57:07,777 [trainer.py:391] INFO: Model1 Validation: Loss : 0.0913861095905304, mIoU : 0.7491527199745178, mDice : 0.8482049703598022
2023-11-03 20:57:07,778 [trainer.py:392] INFO: Model2 Validation: Loss : 0.13447411358356476, mIoU : 0.6220207214355469, mDice : 0.7592989802360535
2023-11-03 20:58:14,980 [trainer.py:316] INFO: Epoch : 281, Train_loss1 : 0.9890082478523254, Train_loss2 : 1.0154352188110352
2023-11-03 20:59:21,598 [trainer.py:316] INFO: Epoch : 282, Train_loss1 : 0.990980863571167, Train_loss2 : 1.01762056350708
2023-11-03 21:00:29,976 [trainer.py:316] INFO: Epoch : 283, Train_loss1 : 0.9927727580070496, Train_loss2 : 1.0197182893753052
2023-11-03 21:01:37,592 [trainer.py:316] INFO: Epoch : 284, Train_loss1 : 0.994726300239563, Train_loss2 : 1.0215504169464111
2023-11-03 21:02:44,301 [trainer.py:316] INFO: Epoch : 285, Train_loss1 : 0.9963727593421936, Train_loss2 : 1.0232179164886475
2023-11-03 21:02:46,320 [trainer.py:391] INFO: Model1 Validation: Loss : 0.09121709316968918, mIoU : 0.7495772838592529, mDice : 0.8484923243522644
2023-11-03 21:02:46,321 [trainer.py:392] INFO: Model2 Validation: Loss : 0.13447414338588715, mIoU : 0.6220207214355469, mDice : 0.7592989802360535
2023-11-03 21:03:53,665 [trainer.py:316] INFO: Epoch : 286, Train_loss1 : 0.9979982972145081, Train_loss2 : 1.0247384309768677
2023-11-03 21:05:01,120 [trainer.py:316] INFO: Epoch : 287, Train_loss1 : 0.9995293021202087, Train_loss2 : 1.0264155864715576
2023-11-03 21:06:09,381 [trainer.py:316] INFO: Epoch : 288, Train_loss1 : 1.0009154081344604, Train_loss2 : 1.0277999639511108
2023-11-03 21:07:16,604 [trainer.py:316] INFO: Epoch : 289, Train_loss1 : 1.002375602722168, Train_loss2 : 1.0292071104049683
2023-11-03 21:08:23,453 [trainer.py:316] INFO: Epoch : 290, Train_loss1 : 1.0039582252502441, Train_loss2 : 1.0304596424102783
2023-11-03 21:08:25,679 [trainer.py:391] INFO: Model1 Validation: Loss : 0.09149736166000366, mIoU : 0.7491768002510071, mDice : 0.8482237458229065
2023-11-03 21:08:25,680 [trainer.py:392] INFO: Model2 Validation: Loss : 0.13447418808937073, mIoU : 0.6220207214355469, mDice : 0.7592989802360535
2023-11-03 21:09:33,515 [trainer.py:316] INFO: Epoch : 291, Train_loss1 : 1.0046559572219849, Train_loss2 : 1.0314654111862183
2023-11-03 21:10:40,387 [trainer.py:316] INFO: Epoch : 292, Train_loss1 : 1.0058928728103638, Train_loss2 : 1.0325649976730347
2023-11-03 21:11:48,301 [trainer.py:316] INFO: Epoch : 293, Train_loss1 : 1.0065994262695312, Train_loss2 : 1.0334218740463257
2023-11-03 21:12:55,993 [trainer.py:316] INFO: Epoch : 294, Train_loss1 : 1.0074617862701416, Train_loss2 : 1.034032940864563
2023-11-03 21:14:02,876 [trainer.py:316] INFO: Epoch : 295, Train_loss1 : 1.0082284212112427, Train_loss2 : 1.034867286682129
2023-11-03 21:14:05,015 [trainer.py:391] INFO: Model1 Validation: Loss : 0.09101637452840805, mIoU : 0.7499588131904602, mDice : 0.8487415909767151
2023-11-03 21:14:05,015 [trainer.py:392] INFO: Model2 Validation: Loss : 0.13447414338588715, mIoU : 0.6220207214355469, mDice : 0.7592989802360535
2023-11-03 21:15:13,581 [trainer.py:316] INFO: Epoch : 296, Train_loss1 : 1.0087627172470093, Train_loss2 : 1.0353013277053833
2023-11-03 21:16:21,218 [trainer.py:316] INFO: Epoch : 297, Train_loss1 : 1.00912606716156, Train_loss2 : 1.0359200239181519
2023-11-03 21:17:27,459 [trainer.py:316] INFO: Epoch : 298, Train_loss1 : 1.0092774629592896, Train_loss2 : 1.03593909740448
2023-11-03 21:18:34,031 [trainer.py:316] INFO: Epoch : 299, Train_loss1 : 1.0095237493515015, Train_loss2 : 1.036300539970398
2023-11-03 21:19:42,033 [trainer.py:316] INFO: Epoch : 300, Train_loss1 : 1.0098081827163696, Train_loss2 : 1.0363233089447021
2023-11-03 21:19:44,065 [trainer.py:391] INFO: Model1 Validation: Loss : 0.0912451446056366, mIoU : 0.7494761943817139, mDice : 0.8483785390853882
2023-11-03 21:19:44,066 [trainer.py:392] INFO: Model2 Validation: Loss : 0.13447415828704834, mIoU : 0.6220207214355469, mDice : 0.7592989802360535
2023-11-03 21:19:44,718 [semi.py:140] INFO: ==========finish train=========
2023-11-03 21:19:44,722 [semi.py:149] INFO: ==========finish work=========
