2023-11-03 11:11:36,047 [semi.py:45] INFO: learning rate : 0.001
2023-11-03 11:11:36,047 [semi.py:46] INFO: batch size : 16
2023-11-03 11:11:36,047 [semi.py:47] INFO: num epoch : 300
2023-11-03 11:11:36,047 [semi.py:48] INFO: trainflow: 5
2023-11-03 11:11:36,047 [semi.py:62] INFO: ==========Start semi training=========
2023-11-03 11:12:26,924 [trainer.py:312] INFO: Epoch : 1, Train_loss1 : 0.1282806098461151, Train_loss2 : 0.3567896783351898
2023-11-03 11:13:15,630 [trainer.py:312] INFO: Epoch : 2, Train_loss1 : 0.10154995322227478, Train_loss2 : 0.3588082492351532
2023-11-03 11:14:04,372 [trainer.py:312] INFO: Epoch : 3, Train_loss1 : 0.0960092693567276, Train_loss2 : 0.3546382784843445
2023-11-03 11:14:53,260 [trainer.py:312] INFO: Epoch : 4, Train_loss1 : 0.09426061809062958, Train_loss2 : 0.35307008028030396
2023-11-03 11:15:41,672 [trainer.py:312] INFO: Epoch : 5, Train_loss1 : 0.09291060268878937, Train_loss2 : 0.36008524894714355
2023-11-03 11:15:43,450 [trainer.py:387] INFO: Model1 Validation: Loss : 0.11618172377347946, mIoU : 0.6742339134216309, mDice : 0.7964355945587158
2023-11-03 11:15:43,451 [trainer.py:388] INFO: Model2 Validation: Loss : 0.47849196195602417, mIoU : 0.06230933591723442, mDice : 0.10907037556171417
2023-11-03 11:16:32,136 [trainer.py:312] INFO: Epoch : 6, Train_loss1 : 0.09045831114053726, Train_loss2 : 0.3558257818222046
2023-11-03 11:17:20,169 [trainer.py:312] INFO: Epoch : 7, Train_loss1 : 0.08898855000734329, Train_loss2 : 0.3606400191783905
2023-11-03 11:18:07,891 [trainer.py:312] INFO: Epoch : 8, Train_loss1 : 0.08950424939393997, Train_loss2 : 0.3594815135002136
2023-11-03 11:18:56,360 [trainer.py:312] INFO: Epoch : 9, Train_loss1 : 0.09253284335136414, Train_loss2 : 0.3434205949306488
2023-11-03 11:19:45,095 [trainer.py:312] INFO: Epoch : 10, Train_loss1 : 0.10310251265764236, Train_loss2 : 0.33016136288642883
2023-11-03 11:19:46,560 [trainer.py:387] INFO: Model1 Validation: Loss : 0.1396992951631546, mIoU : 0.6835761666297913, mDice : 0.8042418360710144
2023-11-03 11:19:46,560 [trainer.py:388] INFO: Model2 Validation: Loss : 0.4173352122306824, mIoU : 0.18656015396118164, mDice : 0.297756552696228
2023-11-03 11:20:35,913 [trainer.py:312] INFO: Epoch : 11, Train_loss1 : 0.09371896833181381, Train_loss2 : 0.3165907859802246
2023-11-03 11:21:24,931 [trainer.py:312] INFO: Epoch : 12, Train_loss1 : 0.09453580528497696, Train_loss2 : 0.3142794072628021
2023-11-03 11:22:13,262 [trainer.py:312] INFO: Epoch : 13, Train_loss1 : 0.09647080302238464, Train_loss2 : 0.3087364137172699
2023-11-03 11:23:01,686 [trainer.py:312] INFO: Epoch : 14, Train_loss1 : 0.09837446361780167, Train_loss2 : 0.2831646800041199
2023-11-03 11:23:49,730 [trainer.py:312] INFO: Epoch : 15, Train_loss1 : 0.10070623457431793, Train_loss2 : 0.2734682261943817
2023-11-03 11:23:51,217 [trainer.py:387] INFO: Model1 Validation: Loss : 0.09078554809093475, mIoU : 0.724515438079834, mDice : 0.8338847160339355
2023-11-03 11:23:51,217 [trainer.py:388] INFO: Model2 Validation: Loss : 0.3035370409488678, mIoU : 0.3204125463962555, mDice : 0.46549245715141296
2023-11-03 11:23:51,468 [utils.py:24] INFO: Saving model1 model_14 ckp 
