2023-11-02 11:05:01,325 [train.py:61] INFO: learning rate : 0.001
2023-11-02 11:05:01,325 [train.py:62] INFO: batch size : 4
2023-11-02 11:05:01,325 [train.py:63] INFO: num epoch : 300
2023-11-02 11:05:01,325 [train.py:64] INFO: trainflow: 10
2023-11-02 11:05:01,325 [train.py:85] INFO: ==========Start training=========
2023-11-02 11:05:25,664 [trainer.py:142] INFO: Epoch : 1, Train_loss : 0.1752525269985199, Mean_ioU: 0.5613961815834045, Mean_Dice: 0.70741868019104
2023-11-02 11:05:47,712 [trainer.py:142] INFO: Epoch : 2, Train_loss : 0.1384953111410141, Mean_ioU: 0.6256446838378906, Mean_Dice: 0.7603791952133179
2023-11-02 11:06:10,260 [trainer.py:142] INFO: Epoch : 3, Train_loss : 0.1256231665611267, Mean_ioU: 0.65081787109375, Mean_Dice: 0.7795982956886292
2023-11-02 11:06:32,003 [trainer.py:142] INFO: Epoch : 4, Train_loss : 0.11580385267734528, Mean_ioU: 0.673034131526947, Mean_Dice: 0.7963047623634338
2023-11-02 11:06:54,370 [trainer.py:142] INFO: Epoch : 5, Train_loss : 0.10703941434621811, Mean_ioU: 0.6895669102668762, Mean_Dice: 0.8089962005615234
2023-11-02 11:07:16,232 [trainer.py:142] INFO: Epoch : 6, Train_loss : 0.09989038854837418, Mean_ioU: 0.7058325409889221, Mean_Dice: 0.8209905624389648
2023-11-02 11:07:38,473 [trainer.py:142] INFO: Epoch : 7, Train_loss : 0.09333343803882599, Mean_ioU: 0.7206341624259949, Mean_Dice: 0.8317524790763855
2023-11-02 11:08:00,275 [trainer.py:142] INFO: Epoch : 8, Train_loss : 0.08568959683179855, Mean_ioU: 0.7389855980873108, Mean_Dice: 0.8448801636695862
2023-11-02 11:08:22,887 [trainer.py:142] INFO: Epoch : 9, Train_loss : 0.0792739987373352, Mean_ioU: 0.754377007484436, Mean_Dice: 0.8554152250289917
2023-11-02 11:08:45,158 [trainer.py:142] INFO: Epoch : 10, Train_loss : 0.07635918259620667, Mean_ioU: 0.7623025178909302, Mean_Dice: 0.8610344529151917
2023-11-02 11:08:46,370 [trainer.py:190] INFO: Validation: Loss : 0.09062512218952179, mIoU : 0.7288267016410828, mDice : 0.8367142677307129
2023-11-02 11:09:09,292 [trainer.py:142] INFO: Epoch : 11, Train_loss : 0.10592370480298996, Mean_ioU: 0.6948590278625488, Mean_Dice: 0.812591016292572
2023-11-02 11:09:32,085 [trainer.py:142] INFO: Epoch : 12, Train_loss : 0.09826365858316422, Mean_ioU: 0.7107946276664734, Mean_Dice: 0.8242387771606445
2023-11-02 11:09:54,529 [trainer.py:142] INFO: Epoch : 13, Train_loss : 0.0938548818230629, Mean_ioU: 0.7200648784637451, Mean_Dice: 0.8306615948677063
2023-11-02 11:10:16,905 [trainer.py:142] INFO: Epoch : 14, Train_loss : 0.08891606330871582, Mean_ioU: 0.7319519519805908, Mean_Dice: 0.8396626710891724
2023-11-02 11:10:38,767 [trainer.py:142] INFO: Epoch : 15, Train_loss : 0.0852014422416687, Mean_ioU: 0.7402645349502563, Mean_Dice: 0.8454176187515259
2023-11-02 11:11:01,268 [trainer.py:142] INFO: Epoch : 16, Train_loss : 0.08090097457170486, Mean_ioU: 0.7498814463615417, Mean_Dice: 0.8517717719078064
2023-11-02 11:11:23,297 [trainer.py:142] INFO: Epoch : 17, Train_loss : 0.07874216139316559, Mean_ioU: 0.7563925981521606, Mean_Dice: 0.8563271760940552
2023-11-02 11:11:45,368 [trainer.py:142] INFO: Epoch : 18, Train_loss : 0.07496991753578186, Mean_ioU: 0.7645584940910339, Mean_Dice: 0.8622082471847534
2023-11-02 11:12:07,539 [trainer.py:142] INFO: Epoch : 19, Train_loss : 0.07160168886184692, Mean_ioU: 0.7729952931404114, Mean_Dice: 0.8677575588226318
2023-11-02 11:12:29,573 [trainer.py:142] INFO: Epoch : 20, Train_loss : 0.07079729437828064, Mean_ioU: 0.7756064534187317, Mean_Dice: 0.8689777255058289
2023-11-02 11:12:30,582 [trainer.py:190] INFO: Validation: Loss : 0.09027320891618729, mIoU : 0.7296770215034485, mDice : 0.836397647857666
2023-11-02 11:12:30,830 [utils.py:24] INFO: Saving ./checkpoint/ckpt_0.090273 ckp 
2023-11-02 11:12:53,224 [trainer.py:142] INFO: Epoch : 21, Train_loss : 0.06713980436325073, Mean_ioU: 0.7862082719802856, Mean_Dice: 0.8761051893234253
2023-11-02 11:13:15,394 [trainer.py:142] INFO: Epoch : 22, Train_loss : 0.0637940838932991, Mean_ioU: 0.7945166826248169, Mean_Dice: 0.881319522857666
2023-11-02 11:13:38,248 [trainer.py:142] INFO: Epoch : 23, Train_loss : 0.06133284047245979, Mean_ioU: 0.8009061217308044, Mean_Dice: 0.8856930732727051
2023-11-02 11:14:01,163 [trainer.py:142] INFO: Epoch : 24, Train_loss : 0.05871826782822609, Mean_ioU: 0.8076502680778503, Mean_Dice: 0.8898349404335022
2023-11-02 11:14:23,342 [trainer.py:142] INFO: Epoch : 25, Train_loss : 0.05909912288188934, Mean_ioU: 0.8097995519638062, Mean_Dice: 0.8909175395965576
2023-11-02 11:14:45,883 [trainer.py:142] INFO: Epoch : 26, Train_loss : 0.05543122813105583, Mean_ioU: 0.8193520903587341, Mean_Dice: 0.897213876247406
2023-11-02 11:15:08,525 [trainer.py:142] INFO: Epoch : 27, Train_loss : 0.05396931990981102, Mean_ioU: 0.8244691491127014, Mean_Dice: 0.9002461433410645
2023-11-02 11:15:31,049 [trainer.py:142] INFO: Epoch : 28, Train_loss : 0.051529545336961746, Mean_ioU: 0.8300194144248962, Mean_Dice: 0.9039138555526733
2023-11-02 11:15:52,545 [trainer.py:142] INFO: Epoch : 29, Train_loss : 0.05155209079384804, Mean_ioU: 0.8296328186988831, Mean_Dice: 0.9035968780517578
2023-11-02 11:16:14,232 [trainer.py:142] INFO: Epoch : 30, Train_loss : 0.05093342065811157, Mean_ioU: 0.8320940732955933, Mean_Dice: 0.904888927936554
2023-11-02 11:16:15,261 [trainer.py:190] INFO: Validation: Loss : 0.08695411682128906, mIoU : 0.7425894141197205, mDice : 0.8441977500915527
2023-11-02 11:16:15,505 [utils.py:24] INFO: Saving ./checkpoint/ckpt_0.086954 ckp 
2023-11-02 11:16:37,656 [trainer.py:142] INFO: Epoch : 31, Train_loss : 0.07223454117774963, Mean_ioU: 0.7737429141998291, Mean_Dice: 0.8678916096687317
2023-11-02 11:16:57,979 [trainer.py:142] INFO: Epoch : 32, Train_loss : 0.07051824033260345, Mean_ioU: 0.7783952951431274, Mean_Dice: 0.8704500794410706
2023-11-02 11:17:20,079 [trainer.py:142] INFO: Epoch : 33, Train_loss : 0.06849668174982071, Mean_ioU: 0.7827363014221191, Mean_Dice: 0.8737879991531372
2023-11-02 11:17:41,923 [trainer.py:142] INFO: Epoch : 34, Train_loss : 0.06550081819295883, Mean_ioU: 0.7918424606323242, Mean_Dice: 0.8800821304321289
2023-11-02 11:18:04,577 [trainer.py:142] INFO: Epoch : 35, Train_loss : 0.06655214726924896, Mean_ioU: 0.788205087184906, Mean_Dice: 0.8769440650939941
2023-11-02 11:18:26,125 [trainer.py:142] INFO: Epoch : 36, Train_loss : 0.06466063857078552, Mean_ioU: 0.7945384979248047, Mean_Dice: 0.8808813095092773
2023-11-02 11:18:49,597 [trainer.py:142] INFO: Epoch : 37, Train_loss : 0.06274717301130295, Mean_ioU: 0.798690676689148, Mean_Dice: 0.8838287591934204
2023-11-02 11:19:11,504 [trainer.py:142] INFO: Epoch : 38, Train_loss : 0.060408953577280045, Mean_ioU: 0.8066513538360596, Mean_Dice: 0.8888523578643799
2023-11-02 11:19:33,954 [trainer.py:142] INFO: Epoch : 39, Train_loss : 0.061423733830451965, Mean_ioU: 0.8034420013427734, Mean_Dice: 0.8868404030799866
2023-11-02 11:19:57,377 [trainer.py:142] INFO: Epoch : 40, Train_loss : 0.05795799940824509, Mean_ioU: 0.8115304708480835, Mean_Dice: 0.8923272490501404
2023-11-02 11:19:58,445 [trainer.py:190] INFO: Validation: Loss : 0.09186805784702301, mIoU : 0.7289282083511353, mDice : 0.8348287343978882
2023-11-02 11:20:21,771 [trainer.py:142] INFO: Epoch : 41, Train_loss : 0.057077497243881226, Mean_ioU: 0.8145391941070557, Mean_Dice: 0.8939762115478516
2023-11-02 11:20:48,081 [trainer.py:142] INFO: Epoch : 42, Train_loss : 0.05442085117101669, Mean_ioU: 0.8217601180076599, Mean_Dice: 0.8985500335693359
2023-11-02 11:21:10,489 [trainer.py:142] INFO: Epoch : 43, Train_loss : 0.055435243993997574, Mean_ioU: 0.8210161924362183, Mean_Dice: 0.8978320360183716
2023-11-02 11:21:35,598 [trainer.py:142] INFO: Epoch : 44, Train_loss : 0.05274278298020363, Mean_ioU: 0.8260954022407532, Mean_Dice: 0.901044487953186
2023-11-02 11:21:59,647 [trainer.py:142] INFO: Epoch : 45, Train_loss : 0.052597396075725555, Mean_ioU: 0.8273715376853943, Mean_Dice: 0.901767373085022
2023-11-02 11:22:22,526 [trainer.py:142] INFO: Epoch : 46, Train_loss : 0.05193071439862251, Mean_ioU: 0.8287740349769592, Mean_Dice: 0.9026126861572266
2023-11-02 11:22:45,898 [trainer.py:142] INFO: Epoch : 47, Train_loss : 0.0514167957007885, Mean_ioU: 0.8305135369300842, Mean_Dice: 0.9034863710403442
2023-11-02 11:23:08,008 [trainer.py:142] INFO: Epoch : 48, Train_loss : 0.049138203263282776, Mean_ioU: 0.8396181464195251, Mean_Dice: 0.9094611406326294
2023-11-02 11:23:30,703 [trainer.py:142] INFO: Epoch : 49, Train_loss : 0.047257743775844574, Mean_ioU: 0.842430830001831, Mean_Dice: 0.9113154411315918
2023-11-02 11:23:53,485 [trainer.py:142] INFO: Epoch : 50, Train_loss : 0.04680440574884415, Mean_ioU: 0.8460745811462402, Mean_Dice: 0.913262128829956
2023-11-02 11:23:54,503 [trainer.py:190] INFO: Validation: Loss : 0.09039856493473053, mIoU : 0.7388818264007568, mDice : 0.8409890532493591
2023-11-02 11:24:17,446 [trainer.py:142] INFO: Epoch : 51, Train_loss : 0.04593237489461899, Mean_ioU: 0.8471646904945374, Mean_Dice: 0.9141823649406433
2023-11-02 11:24:40,480 [trainer.py:142] INFO: Epoch : 52, Train_loss : 0.044523194432258606, Mean_ioU: 0.8514891266822815, Mean_Dice: 0.9169418811798096
2023-11-02 11:25:04,967 [trainer.py:142] INFO: Epoch : 53, Train_loss : 0.044733136892318726, Mean_ioU: 0.851398766040802, Mean_Dice: 0.916713535785675
2023-11-02 11:25:29,534 [trainer.py:142] INFO: Epoch : 54, Train_loss : 0.043696530163288116, Mean_ioU: 0.854763388633728, Mean_Dice: 0.9186524748802185
2023-11-02 11:25:54,132 [trainer.py:142] INFO: Epoch : 55, Train_loss : 0.04192039743065834, Mean_ioU: 0.8588389158248901, Mean_Dice: 0.9210651516914368
2023-11-02 11:26:15,982 [trainer.py:142] INFO: Epoch : 56, Train_loss : 0.04272828996181488, Mean_ioU: 0.8590796589851379, Mean_Dice: 0.9210793972015381
2023-11-02 11:26:37,865 [trainer.py:142] INFO: Epoch : 57, Train_loss : 0.0404188334941864, Mean_ioU: 0.8636199235916138, Mean_Dice: 0.923971951007843
2023-11-02 11:27:01,777 [trainer.py:142] INFO: Epoch : 58, Train_loss : 0.04059089347720146, Mean_ioU: 0.864549458026886, Mean_Dice: 0.9244083166122437
2023-11-02 11:27:25,388 [trainer.py:142] INFO: Epoch : 59, Train_loss : 0.03971649706363678, Mean_ioU: 0.8661540150642395, Mean_Dice: 0.9251436591148376
2023-11-02 11:27:48,297 [trainer.py:142] INFO: Epoch : 60, Train_loss : 0.03962279111146927, Mean_ioU: 0.8664865493774414, Mean_Dice: 0.9256616234779358
2023-11-02 11:27:49,344 [trainer.py:190] INFO: Validation: Loss : 0.08687195926904678, mIoU : 0.7456626892089844, mDice : 0.8457183241844177
2023-11-02 11:27:49,600 [utils.py:24] INFO: Saving ./checkpoint/ckpt_0.086872 ckp 
2023-11-02 11:27:49,704 [utils.py:30] INFO: Delete ./checkpoint/ckpt_0.090273.pth ckp
2023-11-02 11:28:12,276 [trainer.py:142] INFO: Epoch : 61, Train_loss : 0.03825994208455086, Mean_ioU: 0.8705030679702759, Mean_Dice: 0.9280914664268494
2023-11-02 11:28:35,124 [trainer.py:142] INFO: Epoch : 62, Train_loss : 0.037283871322870255, Mean_ioU: 0.8730564713478088, Mean_Dice: 0.929444432258606
2023-11-02 11:28:57,618 [trainer.py:142] INFO: Epoch : 63, Train_loss : 0.0364777073264122, Mean_ioU: 0.8749694228172302, Mean_Dice: 0.9306706786155701
2023-11-02 11:29:20,298 [trainer.py:142] INFO: Epoch : 64, Train_loss : 0.03687498718500137, Mean_ioU: 0.8758847713470459, Mean_Dice: 0.9311806559562683
2023-11-02 11:29:45,186 [trainer.py:142] INFO: Epoch : 65, Train_loss : 0.03607472777366638, Mean_ioU: 0.87635737657547, Mean_Dice: 0.9313952326774597
2023-11-02 11:30:07,842 [trainer.py:142] INFO: Epoch : 66, Train_loss : 0.03544355183839798, Mean_ioU: 0.8798249959945679, Mean_Dice: 0.933599591255188
2023-11-02 11:30:31,295 [trainer.py:142] INFO: Epoch : 67, Train_loss : 0.03489941731095314, Mean_ioU: 0.8805243372917175, Mean_Dice: 0.934235692024231
2023-11-02 11:30:54,488 [trainer.py:142] INFO: Epoch : 68, Train_loss : 0.03617005795240402, Mean_ioU: 0.8773332238197327, Mean_Dice: 0.9320449233055115
2023-11-02 11:31:18,282 [trainer.py:142] INFO: Epoch : 69, Train_loss : 0.036305658519268036, Mean_ioU: 0.8775426745414734, Mean_Dice: 0.9321008920669556
2023-11-02 11:31:41,768 [trainer.py:142] INFO: Epoch : 70, Train_loss : 0.03613516688346863, Mean_ioU: 0.8771477937698364, Mean_Dice: 0.9319270253181458
2023-11-02 11:31:42,808 [trainer.py:190] INFO: Validation: Loss : 0.08789128065109253, mIoU : 0.7455459833145142, mDice : 0.8455137014389038
2023-11-02 11:32:05,548 [trainer.py:142] INFO: Epoch : 71, Train_loss : 0.04948069900274277, Mean_ioU: 0.8375874757766724, Mean_Dice: 0.9080977439880371
2023-11-02 11:32:29,244 [trainer.py:142] INFO: Epoch : 72, Train_loss : 0.05174650996923447, Mean_ioU: 0.8311747312545776, Mean_Dice: 0.9043079614639282
2023-11-02 11:32:52,661 [trainer.py:142] INFO: Epoch : 73, Train_loss : 0.05249602347612381, Mean_ioU: 0.8298039436340332, Mean_Dice: 0.9029300212860107
2023-11-02 11:33:15,411 [trainer.py:142] INFO: Epoch : 74, Train_loss : 0.0497172549366951, Mean_ioU: 0.8360541462898254, Mean_Dice: 0.9069953560829163
2023-11-02 11:33:38,937 [trainer.py:142] INFO: Epoch : 75, Train_loss : 0.04798717051744461, Mean_ioU: 0.8395566344261169, Mean_Dice: 0.9093934297561646
2023-11-02 11:34:03,276 [trainer.py:142] INFO: Epoch : 76, Train_loss : 0.048660848289728165, Mean_ioU: 0.8397384285926819, Mean_Dice: 0.909504234790802
2023-11-02 11:34:27,883 [trainer.py:142] INFO: Epoch : 77, Train_loss : 0.04651331529021263, Mean_ioU: 0.8455785512924194, Mean_Dice: 0.913250207901001
2023-11-02 11:34:50,672 [trainer.py:142] INFO: Epoch : 78, Train_loss : 0.04598018899559975, Mean_ioU: 0.8461170792579651, Mean_Dice: 0.9131996035575867
2023-11-02 11:35:13,379 [trainer.py:142] INFO: Epoch : 79, Train_loss : 0.0461164228618145, Mean_ioU: 0.8477939367294312, Mean_Dice: 0.9140770435333252
2023-11-02 11:35:36,567 [trainer.py:142] INFO: Epoch : 80, Train_loss : 0.0453135222196579, Mean_ioU: 0.8485474586486816, Mean_Dice: 0.914621114730835
2023-11-02 11:35:37,541 [trainer.py:190] INFO: Validation: Loss : 0.09478816390037537, mIoU : 0.7318301796913147, mDice : 0.8358467221260071
2023-11-02 11:36:00,522 [trainer.py:142] INFO: Epoch : 81, Train_loss : 0.04441956430673599, Mean_ioU: 0.8523480892181396, Mean_Dice: 0.9172548055648804
2023-11-02 11:36:23,388 [trainer.py:142] INFO: Epoch : 82, Train_loss : 0.04407401382923126, Mean_ioU: 0.8532416820526123, Mean_Dice: 0.9174916744232178
2023-11-02 11:36:45,624 [trainer.py:142] INFO: Epoch : 83, Train_loss : 0.0453476682305336, Mean_ioU: 0.8500709533691406, Mean_Dice: 0.9156523942947388
2023-11-02 11:37:09,013 [trainer.py:142] INFO: Epoch : 84, Train_loss : 0.04315013065934181, Mean_ioU: 0.8556503057479858, Mean_Dice: 0.9193086624145508
2023-11-02 11:37:32,620 [trainer.py:142] INFO: Epoch : 85, Train_loss : 0.04229780659079552, Mean_ioU: 0.8593389987945557, Mean_Dice: 0.9213436245918274
2023-11-02 11:37:55,853 [trainer.py:142] INFO: Epoch : 86, Train_loss : 0.043185122311115265, Mean_ioU: 0.8563746809959412, Mean_Dice: 0.9194062352180481
2023-11-02 11:38:18,204 [trainer.py:142] INFO: Epoch : 87, Train_loss : 0.04225247725844383, Mean_ioU: 0.8584792017936707, Mean_Dice: 0.9206265211105347
2023-11-02 11:38:40,747 [trainer.py:142] INFO: Epoch : 88, Train_loss : 0.04300611838698387, Mean_ioU: 0.8567724823951721, Mean_Dice: 0.9198614358901978
2023-11-02 11:39:03,663 [trainer.py:142] INFO: Epoch : 89, Train_loss : 0.04104647785425186, Mean_ioU: 0.8634898662567139, Mean_Dice: 0.9238855838775635
2023-11-02 11:39:26,138 [trainer.py:142] INFO: Epoch : 90, Train_loss : 0.040201667696237564, Mean_ioU: 0.8653668165206909, Mean_Dice: 0.9249540567398071
2023-11-02 11:39:27,157 [trainer.py:190] INFO: Validation: Loss : 0.0919894278049469, mIoU : 0.7349535226821899, mDice : 0.8384429216384888
2023-11-02 11:39:50,374 [trainer.py:142] INFO: Epoch : 91, Train_loss : 0.041375502943992615, Mean_ioU: 0.8614014983177185, Mean_Dice: 0.9224280118942261
2023-11-02 11:40:13,141 [trainer.py:142] INFO: Epoch : 92, Train_loss : 0.03968815505504608, Mean_ioU: 0.8676616549491882, Mean_Dice: 0.9261317253112793
2023-11-02 11:40:36,256 [trainer.py:142] INFO: Epoch : 93, Train_loss : 0.04062528908252716, Mean_ioU: 0.8649104237556458, Mean_Dice: 0.9242050051689148
2023-11-02 11:40:59,892 [trainer.py:142] INFO: Epoch : 94, Train_loss : 0.039942145347595215, Mean_ioU: 0.8662089705467224, Mean_Dice: 0.925112783908844
2023-11-02 11:41:22,260 [trainer.py:142] INFO: Epoch : 95, Train_loss : 0.03849804028868675, Mean_ioU: 0.8702362179756165, Mean_Dice: 0.9279797673225403
2023-11-02 11:41:45,883 [trainer.py:142] INFO: Epoch : 96, Train_loss : 0.0381808876991272, Mean_ioU: 0.8712545037269592, Mean_Dice: 0.928250789642334
2023-11-02 11:42:08,002 [trainer.py:142] INFO: Epoch : 97, Train_loss : 0.03789481520652771, Mean_ioU: 0.8718226552009583, Mean_Dice: 0.9286679029464722
2023-11-02 11:42:30,214 [trainer.py:142] INFO: Epoch : 98, Train_loss : 0.03787492588162422, Mean_ioU: 0.8726956844329834, Mean_Dice: 0.9293068647384644
2023-11-02 11:42:52,995 [trainer.py:142] INFO: Epoch : 99, Train_loss : 0.03705313801765442, Mean_ioU: 0.8764985799789429, Mean_Dice: 0.9317750930786133
2023-11-02 11:43:14,939 [trainer.py:142] INFO: Epoch : 100, Train_loss : 0.03611378371715546, Mean_ioU: 0.8779560923576355, Mean_Dice: 0.9321141242980957
2023-11-02 11:43:15,979 [trainer.py:190] INFO: Validation: Loss : 0.0929676741361618, mIoU : 0.7360601425170898, mDice : 0.8386797308921814
2023-11-02 11:43:38,430 [trainer.py:142] INFO: Epoch : 101, Train_loss : 0.035857126116752625, Mean_ioU: 0.8786405324935913, Mean_Dice: 0.9329482913017273
2023-11-02 11:44:02,344 [trainer.py:142] INFO: Epoch : 102, Train_loss : 0.03445974364876747, Mean_ioU: 0.8832283020019531, Mean_Dice: 0.9354860186576843
2023-11-02 11:44:25,159 [trainer.py:142] INFO: Epoch : 103, Train_loss : 0.03503191098570824, Mean_ioU: 0.8807034492492676, Mean_Dice: 0.9339338541030884
2023-11-02 11:44:47,960 [trainer.py:142] INFO: Epoch : 104, Train_loss : 0.03567494451999664, Mean_ioU: 0.8796939849853516, Mean_Dice: 0.9331727623939514
2023-11-02 11:45:10,926 [trainer.py:142] INFO: Epoch : 105, Train_loss : 0.03456379473209381, Mean_ioU: 0.8844682574272156, Mean_Dice: 0.9361569285392761
2023-11-02 11:45:34,381 [trainer.py:142] INFO: Epoch : 106, Train_loss : 0.035125136375427246, Mean_ioU: 0.8818725943565369, Mean_Dice: 0.9345235228538513
2023-11-02 11:45:58,086 [trainer.py:142] INFO: Epoch : 107, Train_loss : 0.033476077020168304, Mean_ioU: 0.8861583471298218, Mean_Dice: 0.9372778534889221
2023-11-02 11:46:21,645 [trainer.py:142] INFO: Epoch : 108, Train_loss : 0.034200090914964676, Mean_ioU: 0.8842995166778564, Mean_Dice: 0.9359316825866699
2023-11-02 11:46:47,278 [trainer.py:142] INFO: Epoch : 109, Train_loss : 0.033521126955747604, Mean_ioU: 0.8871155977249146, Mean_Dice: 0.9375500082969666
2023-11-02 11:47:10,315 [trainer.py:142] INFO: Epoch : 110, Train_loss : 0.03295554593205452, Mean_ioU: 0.8884856104850769, Mean_Dice: 0.9384037852287292
2023-11-02 11:47:11,302 [trainer.py:190] INFO: Validation: Loss : 0.09103629738092422, mIoU : 0.7411981821060181, mDice : 0.8418694138526917
2023-11-02 11:47:33,060 [trainer.py:142] INFO: Epoch : 111, Train_loss : 0.03297333046793938, Mean_ioU: 0.8882281184196472, Mean_Dice: 0.938183069229126
2023-11-02 11:47:54,868 [trainer.py:142] INFO: Epoch : 112, Train_loss : 0.032781027257442474, Mean_ioU: 0.8897584080696106, Mean_Dice: 0.9391117691993713
2023-11-02 11:48:17,102 [trainer.py:142] INFO: Epoch : 113, Train_loss : 0.03315316513180733, Mean_ioU: 0.8887925148010254, Mean_Dice: 0.9383153915405273
2023-11-02 11:48:39,551 [trainer.py:142] INFO: Epoch : 114, Train_loss : 0.03117714822292328, Mean_ioU: 0.8938208818435669, Mean_Dice: 0.9414936900138855
2023-11-02 11:49:01,424 [trainer.py:142] INFO: Epoch : 115, Train_loss : 0.02970876358449459, Mean_ioU: 0.8965383768081665, Mean_Dice: 0.9433444738388062
2023-11-02 11:49:22,753 [trainer.py:142] INFO: Epoch : 116, Train_loss : 0.029247289523482323, Mean_ioU: 0.8985896110534668, Mean_Dice: 0.9444711804389954
2023-11-02 11:49:45,715 [trainer.py:142] INFO: Epoch : 117, Train_loss : 0.029902217909693718, Mean_ioU: 0.8974983096122742, Mean_Dice: 0.94376540184021
2023-11-02 11:50:07,294 [trainer.py:142] INFO: Epoch : 118, Train_loss : 0.03022998571395874, Mean_ioU: 0.897308886051178, Mean_Dice: 0.9436236023902893
2023-11-02 11:50:29,025 [trainer.py:142] INFO: Epoch : 119, Train_loss : 0.029874244704842567, Mean_ioU: 0.8978127241134644, Mean_Dice: 0.9438806176185608
2023-11-02 11:50:50,728 [trainer.py:142] INFO: Epoch : 120, Train_loss : 0.029619451612234116, Mean_ioU: 0.8997324109077454, Mean_Dice: 0.945004403591156
2023-11-02 11:50:51,653 [trainer.py:190] INFO: Validation: Loss : 0.08955766260623932, mIoU : 0.7434853911399841, mDice : 0.8443609476089478
2023-11-02 11:51:13,472 [trainer.py:142] INFO: Epoch : 121, Train_loss : 0.029317762702703476, Mean_ioU: 0.8997207283973694, Mean_Dice: 0.9449873566627502
2023-11-02 11:51:35,164 [trainer.py:142] INFO: Epoch : 122, Train_loss : 0.02880973182618618, Mean_ioU: 0.9015085697174072, Mean_Dice: 0.9460474848747253
2023-11-02 11:51:57,596 [trainer.py:142] INFO: Epoch : 123, Train_loss : 0.02840397134423256, Mean_ioU: 0.9021986126899719, Mean_Dice: 0.9464271664619446
2023-11-02 11:52:19,677 [trainer.py:142] INFO: Epoch : 124, Train_loss : 0.028737181797623634, Mean_ioU: 0.9017633199691772, Mean_Dice: 0.946131706237793
2023-11-02 11:52:41,232 [trainer.py:142] INFO: Epoch : 125, Train_loss : 0.02852601371705532, Mean_ioU: 0.9024400115013123, Mean_Dice: 0.946506679058075
2023-11-02 11:53:03,568 [trainer.py:142] INFO: Epoch : 126, Train_loss : 0.027110101655125618, Mean_ioU: 0.9067334532737732, Mean_Dice: 0.9489197134971619
2023-11-02 11:53:24,515 [trainer.py:142] INFO: Epoch : 127, Train_loss : 0.026922903954982758, Mean_ioU: 0.906832218170166, Mean_Dice: 0.9491976499557495
2023-11-02 11:53:46,784 [trainer.py:142] INFO: Epoch : 128, Train_loss : 0.028088508173823357, Mean_ioU: 0.903540313243866, Mean_Dice: 0.9471648931503296
2023-11-02 11:54:09,265 [trainer.py:142] INFO: Epoch : 129, Train_loss : 0.02676350623369217, Mean_ioU: 0.9077273011207581, Mean_Dice: 0.949628472328186
2023-11-02 11:54:31,859 [trainer.py:142] INFO: Epoch : 130, Train_loss : 0.026041347533464432, Mean_ioU: 0.9085191488265991, Mean_Dice: 0.9501022100448608
2023-11-02 11:54:32,967 [trainer.py:190] INFO: Validation: Loss : 0.08930528908967972, mIoU : 0.744438886642456, mDice : 0.8449516296386719
2023-11-02 11:54:56,189 [trainer.py:142] INFO: Epoch : 131, Train_loss : 0.02793477103114128, Mean_ioU: 0.9052080512046814, Mean_Dice: 0.9480264186859131
2023-11-02 11:55:19,748 [trainer.py:142] INFO: Epoch : 132, Train_loss : 0.026644287630915642, Mean_ioU: 0.9086559414863586, Mean_Dice: 0.9500812888145447
2023-11-02 11:55:41,945 [trainer.py:142] INFO: Epoch : 133, Train_loss : 0.026321418583393097, Mean_ioU: 0.9087038636207581, Mean_Dice: 0.950373113155365
2023-11-02 11:56:04,310 [trainer.py:142] INFO: Epoch : 134, Train_loss : 0.025971844792366028, Mean_ioU: 0.9105257391929626, Mean_Dice: 0.9513025283813477
2023-11-02 11:56:26,653 [trainer.py:142] INFO: Epoch : 135, Train_loss : 0.02613016963005066, Mean_ioU: 0.9093427658081055, Mean_Dice: 0.9505206346511841
2023-11-02 11:56:49,625 [trainer.py:142] INFO: Epoch : 136, Train_loss : 0.025538643822073936, Mean_ioU: 0.9110445380210876, Mean_Dice: 0.9513210654258728
2023-11-02 11:57:12,230 [trainer.py:142] INFO: Epoch : 137, Train_loss : 0.025095907971262932, Mean_ioU: 0.9120456576347351, Mean_Dice: 0.9521551728248596
2023-11-02 11:57:35,142 [trainer.py:142] INFO: Epoch : 138, Train_loss : 0.024478496983647346, Mean_ioU: 0.9150949716567993, Mean_Dice: 0.9541228413581848
2023-11-02 11:57:57,814 [trainer.py:142] INFO: Epoch : 139, Train_loss : 0.0251757949590683, Mean_ioU: 0.9125821590423584, Mean_Dice: 0.9524354338645935
2023-11-02 11:58:19,637 [trainer.py:142] INFO: Epoch : 140, Train_loss : 0.02508697845041752, Mean_ioU: 0.9123901724815369, Mean_Dice: 0.9521690607070923
2023-11-02 11:58:20,699 [trainer.py:190] INFO: Validation: Loss : 0.08730491250753403, mIoU : 0.7495185732841492, mDice : 0.8485775589942932
2023-11-02 11:58:43,970 [trainer.py:142] INFO: Epoch : 141, Train_loss : 0.02443528175354004, Mean_ioU: 0.9148814678192139, Mean_Dice: 0.953924834728241
2023-11-02 11:59:06,088 [trainer.py:142] INFO: Epoch : 142, Train_loss : 0.025283461436629295, Mean_ioU: 0.9125032424926758, Mean_Dice: 0.9524783492088318
2023-11-02 11:59:27,997 [trainer.py:142] INFO: Epoch : 143, Train_loss : 0.025573913007974625, Mean_ioU: 0.9116207957267761, Mean_Dice: 0.9518246054649353
2023-11-02 11:59:52,365 [trainer.py:142] INFO: Epoch : 144, Train_loss : 0.024833425879478455, Mean_ioU: 0.914146363735199, Mean_Dice: 0.9533145427703857
2023-11-02 12:00:18,219 [trainer.py:142] INFO: Epoch : 145, Train_loss : 0.024897636845707893, Mean_ioU: 0.9139485359191895, Mean_Dice: 0.9532870054244995
2023-11-02 12:00:40,652 [trainer.py:142] INFO: Epoch : 146, Train_loss : 0.025024542585015297, Mean_ioU: 0.9141204953193665, Mean_Dice: 0.9534602165222168
2023-11-02 12:01:04,458 [trainer.py:142] INFO: Epoch : 147, Train_loss : 0.025198139250278473, Mean_ioU: 0.9131828546524048, Mean_Dice: 0.9526686668395996
2023-11-02 12:01:27,823 [trainer.py:142] INFO: Epoch : 148, Train_loss : 0.023803871124982834, Mean_ioU: 0.9161823987960815, Mean_Dice: 0.9546450972557068
2023-11-02 12:01:51,839 [trainer.py:142] INFO: Epoch : 149, Train_loss : 0.023902948945760727, Mean_ioU: 0.9165693521499634, Mean_Dice: 0.9547844529151917
2023-11-02 12:02:15,026 [trainer.py:142] INFO: Epoch : 150, Train_loss : 0.02439526468515396, Mean_ioU: 0.9146324992179871, Mean_Dice: 0.9534776210784912
2023-11-02 12:02:16,077 [trainer.py:190] INFO: Validation: Loss : 0.08759640902280807, mIoU : 0.7484951019287109, mDice : 0.8479154109954834
2023-11-02 12:02:40,476 [trainer.py:142] INFO: Epoch : 151, Train_loss : 0.03808637335896492, Mean_ioU: 0.8746808171272278, Mean_Dice: 0.930451512336731
2023-11-02 12:03:03,207 [trainer.py:142] INFO: Epoch : 152, Train_loss : 0.03776635229587555, Mean_ioU: 0.8725842237472534, Mean_Dice: 0.9291408658027649
2023-11-02 12:03:25,910 [trainer.py:142] INFO: Epoch : 153, Train_loss : 0.036129213869571686, Mean_ioU: 0.877578854560852, Mean_Dice: 0.9320759773254395
2023-11-02 12:03:49,285 [trainer.py:142] INFO: Epoch : 154, Train_loss : 0.03467460349202156, Mean_ioU: 0.8818702101707458, Mean_Dice: 0.9343106746673584
2023-11-02 12:04:12,640 [trainer.py:142] INFO: Epoch : 155, Train_loss : 0.033722151070833206, Mean_ioU: 0.885904848575592, Mean_Dice: 0.9370747208595276
2023-11-02 12:04:36,013 [trainer.py:142] INFO: Epoch : 156, Train_loss : 0.03353159874677658, Mean_ioU: 0.8854181170463562, Mean_Dice: 0.9366289973258972
2023-11-02 12:04:59,197 [trainer.py:142] INFO: Epoch : 157, Train_loss : 0.03546682745218277, Mean_ioU: 0.8798667192459106, Mean_Dice: 0.9332811832427979
2023-11-02 12:05:23,204 [trainer.py:142] INFO: Epoch : 158, Train_loss : 0.03313145786523819, Mean_ioU: 0.8863798975944519, Mean_Dice: 0.937360942363739
2023-11-02 12:05:46,383 [trainer.py:142] INFO: Epoch : 159, Train_loss : 0.0343390628695488, Mean_ioU: 0.8837976455688477, Mean_Dice: 0.9356644749641418
2023-11-02 12:06:09,326 [trainer.py:142] INFO: Epoch : 160, Train_loss : 0.03452278673648834, Mean_ioU: 0.8823670148849487, Mean_Dice: 0.9347764253616333
2023-11-02 12:06:10,395 [trainer.py:190] INFO: Validation: Loss : 0.09318891912698746, mIoU : 0.7367352843284607, mDice : 0.8395887613296509
2023-11-02 12:06:34,358 [trainer.py:142] INFO: Epoch : 161, Train_loss : 0.035202380269765854, Mean_ioU: 0.8823643922805786, Mean_Dice: 0.9349002838134766
2023-11-02 12:06:56,829 [trainer.py:142] INFO: Epoch : 162, Train_loss : 0.03395792096853256, Mean_ioU: 0.885366678237915, Mean_Dice: 0.9369252324104309
2023-11-02 12:07:19,821 [trainer.py:142] INFO: Epoch : 163, Train_loss : 0.03375401720404625, Mean_ioU: 0.8846144676208496, Mean_Dice: 0.9359557628631592
2023-11-02 12:07:42,849 [trainer.py:142] INFO: Epoch : 164, Train_loss : 0.034698594361543655, Mean_ioU: 0.8832740187644958, Mean_Dice: 0.9353238940238953
2023-11-02 12:08:05,836 [trainer.py:142] INFO: Epoch : 165, Train_loss : 0.0323777049779892, Mean_ioU: 0.8880513310432434, Mean_Dice: 0.938093900680542
2023-11-02 12:08:28,941 [trainer.py:142] INFO: Epoch : 166, Train_loss : 0.03194105252623558, Mean_ioU: 0.8920212388038635, Mean_Dice: 0.9405180811882019
2023-11-02 12:08:52,111 [trainer.py:142] INFO: Epoch : 167, Train_loss : 0.031418103724718094, Mean_ioU: 0.8921505212783813, Mean_Dice: 0.9406604170799255
2023-11-02 12:09:14,804 [trainer.py:142] INFO: Epoch : 168, Train_loss : 0.03302495926618576, Mean_ioU: 0.8870195150375366, Mean_Dice: 0.9373972415924072
2023-11-02 12:09:38,454 [trainer.py:142] INFO: Epoch : 169, Train_loss : 0.03218996152281761, Mean_ioU: 0.8891650438308716, Mean_Dice: 0.9388896226882935
2023-11-02 12:10:01,586 [trainer.py:142] INFO: Epoch : 170, Train_loss : 0.030797870829701424, Mean_ioU: 0.8943596482276917, Mean_Dice: 0.9420558214187622
2023-11-02 12:10:02,611 [trainer.py:190] INFO: Validation: Loss : 0.09201084077358246, mIoU : 0.7422571182250977, mDice : 0.8434908390045166
2023-11-02 12:10:25,572 [trainer.py:142] INFO: Epoch : 171, Train_loss : 0.03219989687204361, Mean_ioU: 0.8919400572776794, Mean_Dice: 0.9404416680335999
2023-11-02 12:10:48,362 [trainer.py:142] INFO: Epoch : 172, Train_loss : 0.03278767317533493, Mean_ioU: 0.8897159695625305, Mean_Dice: 0.9390571117401123
2023-11-02 12:11:11,207 [trainer.py:142] INFO: Epoch : 173, Train_loss : 0.031288035213947296, Mean_ioU: 0.893110454082489, Mean_Dice: 0.9412537217140198
2023-11-02 12:11:33,414 [trainer.py:142] INFO: Epoch : 174, Train_loss : 0.032095398753881454, Mean_ioU: 0.8916460871696472, Mean_Dice: 0.9402313828468323
2023-11-02 12:11:56,281 [trainer.py:142] INFO: Epoch : 175, Train_loss : 0.03103243000805378, Mean_ioU: 0.8946139216423035, Mean_Dice: 0.9420963525772095
2023-11-02 12:12:19,301 [trainer.py:142] INFO: Epoch : 176, Train_loss : 0.03076086938381195, Mean_ioU: 0.8941717743873596, Mean_Dice: 0.9417348504066467
2023-11-02 12:12:41,587 [trainer.py:142] INFO: Epoch : 177, Train_loss : 0.031764425337314606, Mean_ioU: 0.8928683996200562, Mean_Dice: 0.9410032033920288
2023-11-02 12:13:04,025 [trainer.py:142] INFO: Epoch : 178, Train_loss : 0.03229473531246185, Mean_ioU: 0.8904442191123962, Mean_Dice: 0.9395462274551392
2023-11-02 12:13:26,650 [trainer.py:142] INFO: Epoch : 179, Train_loss : 0.030161144211888313, Mean_ioU: 0.8976264595985413, Mean_Dice: 0.9438816905021667
2023-11-02 12:13:49,920 [trainer.py:142] INFO: Epoch : 180, Train_loss : 0.030034881085157394, Mean_ioU: 0.8959067463874817, Mean_Dice: 0.9428269863128662
2023-11-02 12:13:50,964 [trainer.py:190] INFO: Validation: Loss : 0.09750031679868698, mIoU : 0.7299652695655823, mDice : 0.834293782711029
2023-11-02 12:14:14,567 [trainer.py:142] INFO: Epoch : 181, Train_loss : 0.030742710456252098, Mean_ioU: 0.8953297734260559, Mean_Dice: 0.9424204230308533
2023-11-02 12:14:38,684 [trainer.py:142] INFO: Epoch : 182, Train_loss : 0.030009355396032333, Mean_ioU: 0.8974437713623047, Mean_Dice: 0.9436172842979431
2023-11-02 12:15:01,513 [trainer.py:142] INFO: Epoch : 183, Train_loss : 0.03085687756538391, Mean_ioU: 0.8946261405944824, Mean_Dice: 0.941814124584198
2023-11-02 12:15:23,925 [trainer.py:142] INFO: Epoch : 184, Train_loss : 0.032329756766557693, Mean_ioU: 0.8912320137023926, Mean_Dice: 0.9400660991668701
2023-11-02 12:15:46,470 [trainer.py:142] INFO: Epoch : 185, Train_loss : 0.02939903363585472, Mean_ioU: 0.8991890549659729, Mean_Dice: 0.9446812272071838
2023-11-02 12:16:09,542 [trainer.py:142] INFO: Epoch : 186, Train_loss : 0.0301558468490839, Mean_ioU: 0.8973678946495056, Mean_Dice: 0.9435946345329285
2023-11-02 12:16:32,567 [trainer.py:142] INFO: Epoch : 187, Train_loss : 0.02817264199256897, Mean_ioU: 0.9032138586044312, Mean_Dice: 0.9471343755722046
2023-11-02 12:16:55,043 [trainer.py:142] INFO: Epoch : 188, Train_loss : 0.02858412265777588, Mean_ioU: 0.9030135273933411, Mean_Dice: 0.9468815326690674
2023-11-02 12:17:18,436 [trainer.py:142] INFO: Epoch : 189, Train_loss : 0.02977096475660801, Mean_ioU: 0.8988242745399475, Mean_Dice: 0.9443225264549255
2023-11-02 12:17:40,961 [trainer.py:142] INFO: Epoch : 190, Train_loss : 0.02763655222952366, Mean_ioU: 0.9041246175765991, Mean_Dice: 0.9476298093795776
2023-11-02 12:17:42,031 [trainer.py:190] INFO: Validation: Loss : 0.08875581622123718, mIoU : 0.7473625540733337, mDice : 0.8472781777381897
2023-11-02 12:18:04,271 [trainer.py:142] INFO: Epoch : 191, Train_loss : 0.028202246874570847, Mean_ioU: 0.9030587673187256, Mean_Dice: 0.946761965751648
2023-11-02 12:18:26,579 [trainer.py:142] INFO: Epoch : 192, Train_loss : 0.028714947402477264, Mean_ioU: 0.900830090045929, Mean_Dice: 0.94574373960495
2023-11-02 12:18:49,964 [trainer.py:142] INFO: Epoch : 193, Train_loss : 0.02886076085269451, Mean_ioU: 0.90121990442276, Mean_Dice: 0.9457560181617737
2023-11-02 12:19:11,407 [trainer.py:142] INFO: Epoch : 194, Train_loss : 0.027596579864621162, Mean_ioU: 0.905807614326477, Mean_Dice: 0.9485378265380859
2023-11-02 12:19:33,838 [trainer.py:142] INFO: Epoch : 195, Train_loss : 0.028504665940999985, Mean_ioU: 0.9026749134063721, Mean_Dice: 0.9467840194702148
2023-11-02 12:19:56,035 [trainer.py:142] INFO: Epoch : 196, Train_loss : 0.02758204936981201, Mean_ioU: 0.9047924876213074, Mean_Dice: 0.9480655193328857
2023-11-02 12:20:19,704 [trainer.py:142] INFO: Epoch : 197, Train_loss : 0.028647957369685173, Mean_ioU: 0.9032032489776611, Mean_Dice: 0.9470111727714539
2023-11-02 12:20:42,362 [trainer.py:142] INFO: Epoch : 198, Train_loss : 0.027373844757676125, Mean_ioU: 0.9056245684623718, Mean_Dice: 0.9484203457832336
2023-11-02 12:21:04,466 [trainer.py:142] INFO: Epoch : 199, Train_loss : 0.027341149747371674, Mean_ioU: 0.9062235951423645, Mean_Dice: 0.948680579662323
2023-11-02 12:21:27,382 [trainer.py:142] INFO: Epoch : 200, Train_loss : 0.02848188206553459, Mean_ioU: 0.9036809802055359, Mean_Dice: 0.9472523927688599
2023-11-02 12:21:28,387 [trainer.py:190] INFO: Validation: Loss : 0.09103421121835709, mIoU : 0.7456933856010437, mDice : 0.8458077907562256
2023-11-02 12:21:52,138 [trainer.py:142] INFO: Epoch : 201, Train_loss : 0.027751849964261055, Mean_ioU: 0.9052668809890747, Mean_Dice: 0.9480859041213989
2023-11-02 12:22:14,451 [trainer.py:142] INFO: Epoch : 202, Train_loss : 0.027827078476548195, Mean_ioU: 0.9040273427963257, Mean_Dice: 0.9471591711044312
2023-11-02 12:22:38,071 [trainer.py:142] INFO: Epoch : 203, Train_loss : 0.026303809136152267, Mean_ioU: 0.9097009301185608, Mean_Dice: 0.9507632255554199
2023-11-02 12:23:00,986 [trainer.py:142] INFO: Epoch : 204, Train_loss : 0.027386518195271492, Mean_ioU: 0.9069856405258179, Mean_Dice: 0.9491921067237854
2023-11-02 12:23:23,524 [trainer.py:142] INFO: Epoch : 205, Train_loss : 0.02725217305123806, Mean_ioU: 0.9070348739624023, Mean_Dice: 0.9492496252059937
2023-11-02 12:23:46,853 [trainer.py:142] INFO: Epoch : 206, Train_loss : 0.026632459834218025, Mean_ioU: 0.9080503582954407, Mean_Dice: 0.9497273564338684
2023-11-02 12:24:09,450 [trainer.py:142] INFO: Epoch : 207, Train_loss : 0.026176730170845985, Mean_ioU: 0.9104174971580505, Mean_Dice: 0.9511623978614807
2023-11-02 12:24:32,275 [trainer.py:142] INFO: Epoch : 208, Train_loss : 0.025125479325652122, Mean_ioU: 0.9130005836486816, Mean_Dice: 0.9525493383407593
2023-11-02 12:24:55,269 [trainer.py:142] INFO: Epoch : 209, Train_loss : 0.02567397803068161, Mean_ioU: 0.9121042490005493, Mean_Dice: 0.9521662592887878
2023-11-02 12:25:17,998 [trainer.py:142] INFO: Epoch : 210, Train_loss : 0.026124877855181694, Mean_ioU: 0.9098792672157288, Mean_Dice: 0.9506293535232544
2023-11-02 12:25:18,998 [trainer.py:190] INFO: Validation: Loss : 0.08843998610973358, mIoU : 0.7458311319351196, mDice : 0.8460038304328918
2023-11-02 12:25:42,491 [trainer.py:142] INFO: Epoch : 211, Train_loss : 0.02442781627178192, Mean_ioU: 0.9150978922843933, Mean_Dice: 0.9538472294807434
2023-11-02 12:26:05,566 [trainer.py:142] INFO: Epoch : 212, Train_loss : 0.026567449793219566, Mean_ioU: 0.9083985090255737, Mean_Dice: 0.9498177170753479
2023-11-02 12:26:29,362 [trainer.py:142] INFO: Epoch : 213, Train_loss : 0.025944562628865242, Mean_ioU: 0.9110559821128845, Mean_Dice: 0.9514777660369873
2023-11-02 12:26:51,747 [trainer.py:142] INFO: Epoch : 214, Train_loss : 0.02573784440755844, Mean_ioU: 0.9122735857963562, Mean_Dice: 0.9523428678512573
2023-11-02 12:27:14,743 [trainer.py:142] INFO: Epoch : 215, Train_loss : 0.025457818061113358, Mean_ioU: 0.9127936959266663, Mean_Dice: 0.9524324536323547
2023-11-02 12:27:37,407 [trainer.py:142] INFO: Epoch : 216, Train_loss : 0.024686196818947792, Mean_ioU: 0.9157724380493164, Mean_Dice: 0.9540461301803589
2023-11-02 12:28:00,405 [trainer.py:142] INFO: Epoch : 217, Train_loss : 0.024912510067224503, Mean_ioU: 0.9141038060188293, Mean_Dice: 0.9532560110092163
2023-11-02 12:28:24,368 [trainer.py:142] INFO: Epoch : 218, Train_loss : 0.0243777297437191, Mean_ioU: 0.9151498675346375, Mean_Dice: 0.9537363648414612
2023-11-02 12:28:46,899 [trainer.py:142] INFO: Epoch : 219, Train_loss : 0.02436079829931259, Mean_ioU: 0.9150699973106384, Mean_Dice: 0.9536586999893188
2023-11-02 12:29:12,010 [trainer.py:142] INFO: Epoch : 220, Train_loss : 0.023985402658581734, Mean_ioU: 0.9165469408035278, Mean_Dice: 0.9546595811843872
2023-11-02 12:29:13,183 [trainer.py:190] INFO: Validation: Loss : 0.09534385800361633, mIoU : 0.7313804030418396, mDice : 0.8351609706878662
2023-11-02 12:29:36,410 [trainer.py:142] INFO: Epoch : 221, Train_loss : 0.023705454543232918, Mean_ioU: 0.9174099564552307, Mean_Dice: 0.9551397562026978
2023-11-02 12:30:00,401 [trainer.py:142] INFO: Epoch : 222, Train_loss : 0.023403413593769073, Mean_ioU: 0.9189263582229614, Mean_Dice: 0.9562141299247742
2023-11-02 12:30:22,974 [trainer.py:142] INFO: Epoch : 223, Train_loss : 0.02432146482169628, Mean_ioU: 0.9156742095947266, Mean_Dice: 0.9539971947669983
2023-11-02 12:30:46,063 [trainer.py:142] INFO: Epoch : 224, Train_loss : 0.023589156568050385, Mean_ioU: 0.9191798567771912, Mean_Dice: 0.9562660455703735
2023-11-02 12:31:09,772 [trainer.py:142] INFO: Epoch : 225, Train_loss : 0.023191457614302635, Mean_ioU: 0.9192646145820618, Mean_Dice: 0.9562423825263977
2023-11-02 12:31:32,447 [trainer.py:142] INFO: Epoch : 226, Train_loss : 0.02316909097135067, Mean_ioU: 0.91948401927948, Mean_Dice: 0.9563594460487366
2023-11-02 12:31:54,678 [trainer.py:142] INFO: Epoch : 227, Train_loss : 0.022887807339429855, Mean_ioU: 0.9214452505111694, Mean_Dice: 0.9574697613716125
2023-11-02 12:32:17,047 [trainer.py:142] INFO: Epoch : 228, Train_loss : 0.022463660687208176, Mean_ioU: 0.9222287535667419, Mean_Dice: 0.957922101020813
2023-11-02 12:32:39,642 [trainer.py:142] INFO: Epoch : 229, Train_loss : 0.023152915760874748, Mean_ioU: 0.920549750328064, Mean_Dice: 0.9569850564002991
2023-11-02 12:33:02,236 [trainer.py:142] INFO: Epoch : 230, Train_loss : 0.023420939221978188, Mean_ioU: 0.9200281500816345, Mean_Dice: 0.9563811421394348
2023-11-02 12:33:03,306 [trainer.py:190] INFO: Validation: Loss : 0.09260641038417816, mIoU : 0.7431540489196777, mDice : 0.8432790637016296
2023-11-02 12:33:26,401 [trainer.py:142] INFO: Epoch : 231, Train_loss : 0.021561557427048683, Mean_ioU: 0.9248002171516418, Mean_Dice: 0.9593683481216431
2023-11-02 12:33:48,765 [trainer.py:142] INFO: Epoch : 232, Train_loss : 0.021278858184814453, Mean_ioU: 0.926018476486206, Mean_Dice: 0.960221529006958
2023-11-02 12:34:10,808 [trainer.py:142] INFO: Epoch : 233, Train_loss : 0.022221582010388374, Mean_ioU: 0.9219672083854675, Mean_Dice: 0.95766681432724
2023-11-02 12:34:33,617 [trainer.py:142] INFO: Epoch : 234, Train_loss : 0.02178812399506569, Mean_ioU: 0.9232048392295837, Mean_Dice: 0.9584391713142395
2023-11-02 12:34:57,224 [trainer.py:142] INFO: Epoch : 235, Train_loss : 0.02149607054889202, Mean_ioU: 0.9248518347740173, Mean_Dice: 0.9592196941375732
2023-11-02 12:35:20,378 [trainer.py:142] INFO: Epoch : 236, Train_loss : 0.020601456984877586, Mean_ioU: 0.9276226162910461, Mean_Dice: 0.9611597061157227
2023-11-02 12:35:44,664 [trainer.py:142] INFO: Epoch : 237, Train_loss : 0.02156047523021698, Mean_ioU: 0.924836277961731, Mean_Dice: 0.9592970609664917
2023-11-02 12:36:09,169 [trainer.py:142] INFO: Epoch : 238, Train_loss : 0.02186650224030018, Mean_ioU: 0.9256846904754639, Mean_Dice: 0.9598849415779114
2023-11-02 12:36:31,811 [trainer.py:142] INFO: Epoch : 239, Train_loss : 0.021145934239029884, Mean_ioU: 0.9266303777694702, Mean_Dice: 0.9603231549263
2023-11-02 12:36:54,343 [trainer.py:142] INFO: Epoch : 240, Train_loss : 0.02057812549173832, Mean_ioU: 0.9285228252410889, Mean_Dice: 0.9614242315292358
2023-11-02 12:36:55,403 [trainer.py:190] INFO: Validation: Loss : 0.09180735051631927, mIoU : 0.741283118724823, mDice : 0.8422824740409851
2023-11-02 12:37:18,635 [trainer.py:142] INFO: Epoch : 241, Train_loss : 0.02170564793050289, Mean_ioU: 0.9257321357727051, Mean_Dice: 0.9598493576049805
2023-11-02 12:37:42,381 [trainer.py:142] INFO: Epoch : 242, Train_loss : 0.021560123190283775, Mean_ioU: 0.9254360198974609, Mean_Dice: 0.9595375061035156
2023-11-02 12:38:04,966 [trainer.py:142] INFO: Epoch : 243, Train_loss : 0.021215351298451424, Mean_ioU: 0.9274556040763855, Mean_Dice: 0.9607958197593689
2023-11-02 12:38:27,663 [trainer.py:142] INFO: Epoch : 244, Train_loss : 0.020753439515829086, Mean_ioU: 0.9273726344108582, Mean_Dice: 0.9606265425682068
2023-11-02 12:38:50,776 [trainer.py:142] INFO: Epoch : 245, Train_loss : 0.020737674087285995, Mean_ioU: 0.9285081624984741, Mean_Dice: 0.9613208174705505
2023-11-02 12:39:13,486 [trainer.py:142] INFO: Epoch : 246, Train_loss : 0.020731303840875626, Mean_ioU: 0.9287354350090027, Mean_Dice: 0.9615861177444458
2023-11-02 12:39:37,941 [trainer.py:142] INFO: Epoch : 247, Train_loss : 0.020730379968881607, Mean_ioU: 0.9284367561340332, Mean_Dice: 0.9613017439842224
2023-11-02 12:40:01,376 [trainer.py:142] INFO: Epoch : 248, Train_loss : 0.019991755485534668, Mean_ioU: 0.9294477105140686, Mean_Dice: 0.9619520902633667
2023-11-02 12:40:24,428 [trainer.py:142] INFO: Epoch : 249, Train_loss : 0.020538730546832085, Mean_ioU: 0.9296156167984009, Mean_Dice: 0.9619115591049194
2023-11-02 12:40:48,416 [trainer.py:142] INFO: Epoch : 250, Train_loss : 0.020001234486699104, Mean_ioU: 0.9298105835914612, Mean_Dice: 0.9620500802993774
2023-11-02 12:40:49,422 [trainer.py:190] INFO: Validation: Loss : 0.08887001872062683, mIoU : 0.7468132972717285, mDice : 0.8461933135986328
2023-11-02 12:41:11,630 [trainer.py:142] INFO: Epoch : 251, Train_loss : 0.019827280193567276, Mean_ioU: 0.9304021596908569, Mean_Dice: 0.9624719023704529
2023-11-02 12:41:34,430 [trainer.py:142] INFO: Epoch : 252, Train_loss : 0.019841665402054787, Mean_ioU: 0.9315190315246582, Mean_Dice: 0.9630167484283447
2023-11-02 12:41:57,340 [trainer.py:142] INFO: Epoch : 253, Train_loss : 0.018856555223464966, Mean_ioU: 0.9341158270835876, Mean_Dice: 0.9646954536437988
2023-11-02 12:42:19,689 [trainer.py:142] INFO: Epoch : 254, Train_loss : 0.019752901047468185, Mean_ioU: 0.9313873648643494, Mean_Dice: 0.9626786708831787
2023-11-02 12:42:41,924 [trainer.py:142] INFO: Epoch : 255, Train_loss : 0.019550425931811333, Mean_ioU: 0.9322971105575562, Mean_Dice: 0.9635114073753357
2023-11-02 12:43:04,896 [trainer.py:142] INFO: Epoch : 256, Train_loss : 0.01890844665467739, Mean_ioU: 0.9341923594474792, Mean_Dice: 0.9645724892616272
2023-11-02 12:43:27,540 [trainer.py:142] INFO: Epoch : 257, Train_loss : 0.019204406067728996, Mean_ioU: 0.9336380362510681, Mean_Dice: 0.9643245935440063
2023-11-02 12:43:50,334 [trainer.py:142] INFO: Epoch : 258, Train_loss : 0.018725061789155006, Mean_ioU: 0.9340351223945618, Mean_Dice: 0.9644871354103088
2023-11-02 12:44:15,229 [trainer.py:142] INFO: Epoch : 259, Train_loss : 0.01804521307349205, Mean_ioU: 0.9375523924827576, Mean_Dice: 0.966651201248169
2023-11-02 12:44:38,578 [trainer.py:142] INFO: Epoch : 260, Train_loss : 0.0195733904838562, Mean_ioU: 0.9318671822547913, Mean_Dice: 0.9632821083068848
2023-11-02 12:44:39,589 [trainer.py:190] INFO: Validation: Loss : 0.08900921046733856, mIoU : 0.7456905841827393, mDice : 0.8452727794647217
2023-11-02 12:45:02,106 [trainer.py:142] INFO: Epoch : 261, Train_loss : 0.018887577578425407, Mean_ioU: 0.9345245361328125, Mean_Dice: 0.964739978313446
2023-11-02 12:45:25,989 [trainer.py:142] INFO: Epoch : 262, Train_loss : 0.018745318055152893, Mean_ioU: 0.9352444410324097, Mean_Dice: 0.9648188352584839
2023-11-02 12:45:50,641 [trainer.py:142] INFO: Epoch : 263, Train_loss : 0.018704736605286598, Mean_ioU: 0.9351071715354919, Mean_Dice: 0.9650665521621704
2023-11-02 12:46:12,650 [trainer.py:142] INFO: Epoch : 264, Train_loss : 0.018354231491684914, Mean_ioU: 0.9366145133972168, Mean_Dice: 0.9660111665725708
2023-11-02 12:46:35,030 [trainer.py:142] INFO: Epoch : 265, Train_loss : 0.018698496744036674, Mean_ioU: 0.9354590177536011, Mean_Dice: 0.9652528762817383
2023-11-02 12:46:57,144 [trainer.py:142] INFO: Epoch : 266, Train_loss : 0.018345477059483528, Mean_ioU: 0.9352536201477051, Mean_Dice: 0.9649536609649658
2023-11-02 12:47:20,099 [trainer.py:142] INFO: Epoch : 267, Train_loss : 0.018602930009365082, Mean_ioU: 0.9362866878509521, Mean_Dice: 0.9657964110374451
2023-11-02 12:47:42,494 [trainer.py:142] INFO: Epoch : 268, Train_loss : 0.01907743327319622, Mean_ioU: 0.9345459938049316, Mean_Dice: 0.9647191166877747
2023-11-02 12:48:05,266 [trainer.py:142] INFO: Epoch : 269, Train_loss : 0.018370045349001884, Mean_ioU: 0.9364095330238342, Mean_Dice: 0.9656845331192017
2023-11-02 12:48:27,676 [trainer.py:142] INFO: Epoch : 270, Train_loss : 0.018546616658568382, Mean_ioU: 0.9360095262527466, Mean_Dice: 0.9655895233154297
2023-11-02 12:48:28,726 [trainer.py:190] INFO: Validation: Loss : 0.08898609131574631, mIoU : 0.7495227456092834, mDice : 0.8482531309127808
2023-11-02 12:48:52,597 [trainer.py:142] INFO: Epoch : 271, Train_loss : 0.017102820798754692, Mean_ioU: 0.9402735829353333, Mean_Dice: 0.9680559039115906
2023-11-02 12:49:15,342 [trainer.py:142] INFO: Epoch : 272, Train_loss : 0.018074823543429375, Mean_ioU: 0.9379016160964966, Mean_Dice: 0.9665021300315857
2023-11-02 12:49:39,104 [trainer.py:142] INFO: Epoch : 273, Train_loss : 0.017816098406910896, Mean_ioU: 0.9385046362876892, Mean_Dice: 0.9668408632278442
2023-11-02 12:50:01,323 [trainer.py:142] INFO: Epoch : 274, Train_loss : 0.017921265214681625, Mean_ioU: 0.9374780654907227, Mean_Dice: 0.9662794470787048
2023-11-02 12:50:23,523 [trainer.py:142] INFO: Epoch : 275, Train_loss : 0.017030686140060425, Mean_ioU: 0.9408442974090576, Mean_Dice: 0.9683827757835388
2023-11-02 12:50:48,062 [trainer.py:142] INFO: Epoch : 276, Train_loss : 0.017185073345899582, Mean_ioU: 0.9400068521499634, Mean_Dice: 0.9678372740745544
2023-11-02 12:51:10,332 [trainer.py:142] INFO: Epoch : 277, Train_loss : 0.01775556057691574, Mean_ioU: 0.9382297396659851, Mean_Dice: 0.966732919216156
2023-11-02 12:51:32,650 [trainer.py:142] INFO: Epoch : 278, Train_loss : 0.01812649704515934, Mean_ioU: 0.9376153349876404, Mean_Dice: 0.9664580225944519
2023-11-02 12:51:55,036 [trainer.py:142] INFO: Epoch : 279, Train_loss : 0.01696407049894333, Mean_ioU: 0.9415717720985413, Mean_Dice: 0.968654453754425
2023-11-02 12:52:20,296 [trainer.py:142] INFO: Epoch : 280, Train_loss : 0.016765404492616653, Mean_ioU: 0.9417498111724854, Mean_Dice: 0.9688103795051575
2023-11-02 12:52:21,289 [trainer.py:190] INFO: Validation: Loss : 0.0881376788020134, mIoU : 0.7492817044258118, mDice : 0.8478434085845947
2023-11-02 12:52:44,360 [trainer.py:142] INFO: Epoch : 281, Train_loss : 0.017288682982325554, Mean_ioU: 0.9401087760925293, Mean_Dice: 0.9676899313926697
2023-11-02 12:53:07,176 [trainer.py:142] INFO: Epoch : 282, Train_loss : 0.01715392805635929, Mean_ioU: 0.9406573176383972, Mean_Dice: 0.9682692885398865
2023-11-02 12:53:30,960 [trainer.py:142] INFO: Epoch : 283, Train_loss : 0.017260178923606873, Mean_ioU: 0.9405767321586609, Mean_Dice: 0.968192458152771
2023-11-02 12:53:53,478 [trainer.py:142] INFO: Epoch : 284, Train_loss : 0.016427945345640182, Mean_ioU: 0.9420768618583679, Mean_Dice: 0.9688989520072937
2023-11-02 12:54:16,239 [trainer.py:142] INFO: Epoch : 285, Train_loss : 0.01683175191283226, Mean_ioU: 0.9420523047447205, Mean_Dice: 0.9688568711280823
2023-11-02 12:54:40,235 [trainer.py:142] INFO: Epoch : 286, Train_loss : 0.01681947521865368, Mean_ioU: 0.9416255354881287, Mean_Dice: 0.9685019254684448
2023-11-02 12:55:02,634 [trainer.py:142] INFO: Epoch : 287, Train_loss : 0.01689154841005802, Mean_ioU: 0.9402063488960266, Mean_Dice: 0.9678098559379578
2023-11-02 12:55:24,923 [trainer.py:142] INFO: Epoch : 288, Train_loss : 0.017117347568273544, Mean_ioU: 0.9407157897949219, Mean_Dice: 0.9682053923606873
2023-11-02 12:55:47,977 [trainer.py:142] INFO: Epoch : 289, Train_loss : 0.01650512032210827, Mean_ioU: 0.9424245953559875, Mean_Dice: 0.9691970944404602
2023-11-02 12:56:10,679 [trainer.py:142] INFO: Epoch : 290, Train_loss : 0.01619931124150753, Mean_ioU: 0.9436596632003784, Mean_Dice: 0.969865083694458
2023-11-02 12:56:11,749 [trainer.py:190] INFO: Validation: Loss : 0.08923760056495667, mIoU : 0.7496852874755859, mDice : 0.8480013012886047
2023-11-02 12:56:34,802 [trainer.py:142] INFO: Epoch : 291, Train_loss : 0.016452673822641373, Mean_ioU: 0.9429810047149658, Mean_Dice: 0.9695327281951904
2023-11-02 12:56:56,849 [trainer.py:142] INFO: Epoch : 292, Train_loss : 0.016537411138415337, Mean_ioU: 0.9421483874320984, Mean_Dice: 0.9689410924911499
2023-11-02 12:57:19,208 [trainer.py:142] INFO: Epoch : 293, Train_loss : 0.016955165192484856, Mean_ioU: 0.9411583542823792, Mean_Dice: 0.9683343172073364
2023-11-02 12:57:41,128 [trainer.py:142] INFO: Epoch : 294, Train_loss : 0.017025621607899666, Mean_ioU: 0.9404104351997375, Mean_Dice: 0.9679291844367981
2023-11-02 12:58:06,229 [trainer.py:142] INFO: Epoch : 295, Train_loss : 0.017064258456230164, Mean_ioU: 0.9417383670806885, Mean_Dice: 0.9688409566879272
2023-11-02 12:58:29,208 [trainer.py:142] INFO: Epoch : 296, Train_loss : 0.016400327906012535, Mean_ioU: 0.9440380334854126, Mean_Dice: 0.9700062870979309
2023-11-02 12:58:52,331 [trainer.py:142] INFO: Epoch : 297, Train_loss : 0.017185097560286522, Mean_ioU: 0.9410940408706665, Mean_Dice: 0.9684340357780457
2023-11-02 12:59:15,612 [trainer.py:142] INFO: Epoch : 298, Train_loss : 0.016480613499879837, Mean_ioU: 0.942799985408783, Mean_Dice: 0.96934574842453
2023-11-02 12:59:39,738 [trainer.py:142] INFO: Epoch : 299, Train_loss : 0.016450900584459305, Mean_ioU: 0.9438272714614868, Mean_Dice: 0.9699652194976807
2023-11-02 13:00:01,775 [trainer.py:142] INFO: Epoch : 300, Train_loss : 0.016302263364195824, Mean_ioU: 0.9432454109191895, Mean_Dice: 0.9696369767189026
2023-11-02 13:00:02,755 [trainer.py:190] INFO: Validation: Loss : 0.08908794075250626, mIoU : 0.750128984451294, mDice : 0.8483913540840149
2023-11-02 13:00:02,990 [train.py:138] INFO: ==========finish train=========
2023-11-02 13:00:02,992 [train.py:147] INFO: ==========finish work=========
