2023-11-03 18:37:18,534 [train.py:61] INFO: learning rate : 0.001
2023-11-03 18:37:18,534 [train.py:62] INFO: batch size : 4
2023-11-03 18:37:18,534 [train.py:63] INFO: num epoch : 300
2023-11-03 18:37:18,535 [train.py:64] INFO: trainflow: 10
2023-11-03 18:37:18,535 [train.py:84] INFO: ==========Start training=========
2023-11-03 18:38:48,761 [trainer.py:144] INFO: Epoch : 1, Train_loss : 0.4588756561279297, Mean_ioU: 0.1319972723722458, Mean_Dice: 0.2156190425157547
2023-11-03 18:40:11,690 [trainer.py:144] INFO: Epoch : 2, Train_loss : 0.28667640686035156, Mean_ioU: 0.3576786518096924, Mean_Dice: 0.5144979357719421
2023-11-03 18:41:38,386 [trainer.py:144] INFO: Epoch : 3, Train_loss : 0.24697895348072052, Mean_ioU: 0.41471168398857117, Mean_Dice: 0.5748705863952637
2023-11-03 18:43:01,922 [trainer.py:144] INFO: Epoch : 4, Train_loss : 0.24046717584133148, Mean_ioU: 0.42486950755119324, Mean_Dice: 0.5850009322166443
2023-11-03 18:44:26,145 [trainer.py:144] INFO: Epoch : 5, Train_loss : 0.24153952300548553, Mean_ioU: 0.42244330048561096, Mean_Dice: 0.5827599167823792
2023-11-03 18:45:49,716 [trainer.py:144] INFO: Epoch : 6, Train_loss : 0.23253901302814484, Mean_ioU: 0.43911466002464294, Mean_Dice: 0.592293381690979
2023-11-03 18:47:13,628 [trainer.py:144] INFO: Epoch : 7, Train_loss : 0.22746358811855316, Mean_ioU: 0.4459435045719147, Mean_Dice: 0.5965394973754883
2023-11-03 18:48:40,987 [trainer.py:144] INFO: Epoch : 8, Train_loss : 0.2213858664035797, Mean_ioU: 0.45626506209373474, Mean_Dice: 0.6065793037414551
2023-11-03 18:50:06,913 [trainer.py:144] INFO: Epoch : 9, Train_loss : 0.21384884417057037, Mean_ioU: 0.4674380421638489, Mean_Dice: 0.6197336912155151
2023-11-03 18:51:32,500 [trainer.py:144] INFO: Epoch : 10, Train_loss : 0.2065272182226181, Mean_ioU: 0.4825490117073059, Mean_Dice: 0.6350289583206177
2023-11-03 18:51:34,993 [trainer.py:192] INFO: Validation: Loss : 0.1832386702299118, mIoU : 0.5231344103813171, mDice : 0.6768699884414673
2023-11-03 18:52:59,564 [trainer.py:144] INFO: Epoch : 11, Train_loss : 0.20111887156963348, Mean_ioU: 0.49164724349975586, Mean_Dice: 0.6442354321479797
2023-11-03 18:54:24,128 [trainer.py:144] INFO: Epoch : 12, Train_loss : 0.19922786951065063, Mean_ioU: 0.493076890707016, Mean_Dice: 0.6475575566291809
2023-11-03 18:55:49,389 [trainer.py:144] INFO: Epoch : 13, Train_loss : 0.1962658166885376, Mean_ioU: 0.4985014796257019, Mean_Dice: 0.6527337431907654
2023-11-03 18:57:14,999 [trainer.py:144] INFO: Epoch : 14, Train_loss : 0.19433653354644775, Mean_ioU: 0.5013350248336792, Mean_Dice: 0.6546180248260498
2023-11-03 18:58:39,872 [trainer.py:144] INFO: Epoch : 15, Train_loss : 0.19464513659477234, Mean_ioU: 0.5017626881599426, Mean_Dice: 0.6549607515335083
2023-11-03 19:00:04,182 [trainer.py:144] INFO: Epoch : 16, Train_loss : 0.19005000591278076, Mean_ioU: 0.5114259123802185, Mean_Dice: 0.6639829277992249
2023-11-03 19:01:29,742 [trainer.py:144] INFO: Epoch : 17, Train_loss : 0.18490637838840485, Mean_ioU: 0.5200846195220947, Mean_Dice: 0.6726036071777344
2023-11-03 19:02:55,332 [trainer.py:144] INFO: Epoch : 18, Train_loss : 0.181747168302536, Mean_ioU: 0.5258471965789795, Mean_Dice: 0.6770427227020264
2023-11-03 19:04:20,157 [trainer.py:144] INFO: Epoch : 19, Train_loss : 0.18352538347244263, Mean_ioU: 0.5218228101730347, Mean_Dice: 0.6732180118560791
2023-11-03 19:05:44,183 [trainer.py:144] INFO: Epoch : 20, Train_loss : 0.18136242032051086, Mean_ioU: 0.5247809290885925, Mean_Dice: 0.6762312054634094
2023-11-03 19:05:46,776 [trainer.py:192] INFO: Validation: Loss : 0.17053259909152985, mIoU : 0.5478028655052185, mDice : 0.6971823573112488
2023-11-03 19:05:47,193 [utils.py:24] INFO: Saving ./checkpoint/ckpt_ model_19 ckp 
2023-11-03 19:07:10,763 [trainer.py:144] INFO: Epoch : 21, Train_loss : 0.17857877910137177, Mean_ioU: 0.5300610065460205, Mean_Dice: 0.6815118193626404
2023-11-03 19:08:34,867 [trainer.py:144] INFO: Epoch : 22, Train_loss : 0.17819970846176147, Mean_ioU: 0.5328993797302246, Mean_Dice: 0.6834225654602051
2023-11-03 19:09:57,591 [trainer.py:144] INFO: Epoch : 23, Train_loss : 0.1726895272731781, Mean_ioU: 0.5396897792816162, Mean_Dice: 0.690264105796814
2023-11-03 19:11:22,235 [trainer.py:144] INFO: Epoch : 24, Train_loss : 0.17178389430046082, Mean_ioU: 0.5426854491233826, Mean_Dice: 0.6927834749221802
2023-11-03 19:12:47,670 [trainer.py:144] INFO: Epoch : 25, Train_loss : 0.1704622358083725, Mean_ioU: 0.546207070350647, Mean_Dice: 0.6958716511726379
2023-11-03 19:14:12,451 [trainer.py:144] INFO: Epoch : 26, Train_loss : 0.16876627504825592, Mean_ioU: 0.5488651394844055, Mean_Dice: 0.6982192397117615
2023-11-03 19:15:38,025 [trainer.py:144] INFO: Epoch : 27, Train_loss : 0.16814950108528137, Mean_ioU: 0.5487814545631409, Mean_Dice: 0.6984664797782898
2023-11-03 19:17:04,041 [trainer.py:144] INFO: Epoch : 28, Train_loss : 0.1675867885351181, Mean_ioU: 0.5504986047744751, Mean_Dice: 0.7000771760940552
2023-11-03 19:18:28,928 [trainer.py:144] INFO: Epoch : 29, Train_loss : 0.1673855185508728, Mean_ioU: 0.5517602562904358, Mean_Dice: 0.7011391520500183
2023-11-03 19:19:53,539 [trainer.py:144] INFO: Epoch : 30, Train_loss : 0.16494311392307281, Mean_ioU: 0.5547037124633789, Mean_Dice: 0.7036416530609131
2023-11-03 19:19:56,092 [trainer.py:192] INFO: Validation: Loss : 0.16294503211975098, mIoU : 0.5620277523994446, mDice : 0.710965633392334
2023-11-03 19:19:56,580 [utils.py:24] INFO: Saving ./checkpoint/ckpt_ model_29 ckp 
2023-11-03 19:21:21,937 [trainer.py:144] INFO: Epoch : 31, Train_loss : 0.1634211391210556, Mean_ioU: 0.5580613613128662, Mean_Dice: 0.7067945599555969
2023-11-03 19:22:46,765 [trainer.py:144] INFO: Epoch : 32, Train_loss : 0.16329917311668396, Mean_ioU: 0.5585298538208008, Mean_Dice: 0.7075854539871216
2023-11-03 19:24:10,742 [trainer.py:144] INFO: Epoch : 33, Train_loss : 0.1641603261232376, Mean_ioU: 0.5560928583145142, Mean_Dice: 0.7050576210021973
2023-11-03 19:25:37,108 [trainer.py:144] INFO: Epoch : 34, Train_loss : 0.16332828998565674, Mean_ioU: 0.5587812662124634, Mean_Dice: 0.7075365781784058
2023-11-03 19:27:04,947 [trainer.py:144] INFO: Epoch : 35, Train_loss : 0.163371279835701, Mean_ioU: 0.5580436587333679, Mean_Dice: 0.7070885896682739
2023-11-03 19:28:33,334 [trainer.py:144] INFO: Epoch : 36, Train_loss : 0.16369624435901642, Mean_ioU: 0.5574678778648376, Mean_Dice: 0.705881655216217
2023-11-03 19:30:02,027 [trainer.py:144] INFO: Epoch : 37, Train_loss : 0.16152453422546387, Mean_ioU: 0.5621278285980225, Mean_Dice: 0.7103798985481262
2023-11-03 19:31:29,510 [trainer.py:144] INFO: Epoch : 38, Train_loss : 0.16153982281684875, Mean_ioU: 0.5611528754234314, Mean_Dice: 0.709520161151886
2023-11-03 19:32:57,717 [trainer.py:144] INFO: Epoch : 39, Train_loss : 0.15993277728557587, Mean_ioU: 0.564742386341095, Mean_Dice: 0.7124789357185364
2023-11-03 19:34:26,107 [trainer.py:144] INFO: Epoch : 40, Train_loss : 0.16090640425682068, Mean_ioU: 0.5627018809318542, Mean_Dice: 0.7109695672988892
2023-11-03 19:34:28,790 [trainer.py:192] INFO: Validation: Loss : 0.15897701680660248, mIoU : 0.5698314309120178, mDice : 0.7173433303833008
2023-11-03 19:34:29,228 [utils.py:24] INFO: Saving ./checkpoint/ckpt_ model_39 ckp 
2023-11-03 19:35:58,165 [trainer.py:144] INFO: Epoch : 41, Train_loss : 0.16129179298877716, Mean_ioU: 0.562356173992157, Mean_Dice: 0.7103372812271118
2023-11-03 19:37:30,780 [trainer.py:144] INFO: Epoch : 42, Train_loss : 0.16085150837898254, Mean_ioU: 0.5620313286781311, Mean_Dice: 0.7097498774528503
2023-11-03 19:38:58,531 [trainer.py:144] INFO: Epoch : 43, Train_loss : 0.1603819727897644, Mean_ioU: 0.5638655424118042, Mean_Dice: 0.7119064927101135
2023-11-03 19:40:28,223 [trainer.py:144] INFO: Epoch : 44, Train_loss : 0.16026048362255096, Mean_ioU: 0.5630985498428345, Mean_Dice: 0.7113023996353149
2023-11-03 19:41:53,533 [trainer.py:144] INFO: Epoch : 45, Train_loss : 0.1606927514076233, Mean_ioU: 0.5633695125579834, Mean_Dice: 0.7110806107521057
2023-11-03 19:43:18,696 [trainer.py:144] INFO: Epoch : 46, Train_loss : 0.16026301681995392, Mean_ioU: 0.564248263835907, Mean_Dice: 0.7121279239654541
2023-11-03 19:44:49,992 [trainer.py:144] INFO: Epoch : 47, Train_loss : 0.16037750244140625, Mean_ioU: 0.5639680624008179, Mean_Dice: 0.7121153473854065
2023-11-03 19:46:16,686 [trainer.py:144] INFO: Epoch : 48, Train_loss : 0.1601557582616806, Mean_ioU: 0.5635301470756531, Mean_Dice: 0.7114121317863464
2023-11-03 19:47:39,515 [trainer.py:144] INFO: Epoch : 49, Train_loss : 0.15933926403522491, Mean_ioU: 0.5651581883430481, Mean_Dice: 0.713205873966217
2023-11-03 19:49:03,476 [trainer.py:144] INFO: Epoch : 50, Train_loss : 0.1602390855550766, Mean_ioU: 0.563938558101654, Mean_Dice: 0.7119433283805847
2023-11-03 19:49:05,923 [trainer.py:192] INFO: Validation: Loss : 0.15791261196136475, mIoU : 0.5721256732940674, mDice : 0.719191312789917
2023-11-03 19:49:06,359 [utils.py:24] INFO: Saving ./checkpoint/ckpt_ model_49 ckp 
2023-11-03 19:50:30,433 [trainer.py:144] INFO: Epoch : 51, Train_loss : 0.15992246568202972, Mean_ioU: 0.5645692944526672, Mean_Dice: 0.7121996283531189
2023-11-03 19:51:54,028 [trainer.py:144] INFO: Epoch : 52, Train_loss : 0.15921427309513092, Mean_ioU: 0.5654432773590088, Mean_Dice: 0.7130938768386841
2023-11-03 19:53:18,773 [trainer.py:144] INFO: Epoch : 53, Train_loss : 0.1591675579547882, Mean_ioU: 0.5662897229194641, Mean_Dice: 0.7138364911079407
2023-11-03 19:54:41,347 [trainer.py:144] INFO: Epoch : 54, Train_loss : 0.1599217653274536, Mean_ioU: 0.5651048421859741, Mean_Dice: 0.7128956913948059
2023-11-03 19:56:05,585 [trainer.py:144] INFO: Epoch : 55, Train_loss : 0.16015642881393433, Mean_ioU: 0.5637269020080566, Mean_Dice: 0.7115996479988098
2023-11-03 19:57:29,029 [trainer.py:144] INFO: Epoch : 56, Train_loss : 0.15958598256111145, Mean_ioU: 0.5647308230400085, Mean_Dice: 0.7124012112617493
2023-11-03 19:58:53,191 [trainer.py:144] INFO: Epoch : 57, Train_loss : 0.15966491401195526, Mean_ioU: 0.5645413994789124, Mean_Dice: 0.712224543094635
2023-11-03 20:00:15,187 [trainer.py:144] INFO: Epoch : 58, Train_loss : 0.15923495590686798, Mean_ioU: 0.5670270323753357, Mean_Dice: 0.7144455909729004
2023-11-03 20:01:41,637 [trainer.py:144] INFO: Epoch : 59, Train_loss : 0.1587984412908554, Mean_ioU: 0.5669605135917664, Mean_Dice: 0.714390754699707
2023-11-03 20:03:04,130 [trainer.py:144] INFO: Epoch : 60, Train_loss : 0.15913398563861847, Mean_ioU: 0.5661529898643494, Mean_Dice: 0.7141455411911011
2023-11-03 20:03:06,620 [trainer.py:192] INFO: Validation: Loss : 0.15822085738182068, mIoU : 0.5712921619415283, mDice : 0.7185607552528381
2023-11-03 20:04:31,358 [trainer.py:144] INFO: Epoch : 61, Train_loss : 0.1588914692401886, Mean_ioU: 0.5664864778518677, Mean_Dice: 0.7141705751419067
2023-11-03 20:05:57,401 [trainer.py:144] INFO: Epoch : 62, Train_loss : 0.16023463010787964, Mean_ioU: 0.5636611580848694, Mean_Dice: 0.7113998532295227
2023-11-03 20:07:20,382 [trainer.py:144] INFO: Epoch : 63, Train_loss : 0.15923917293548584, Mean_ioU: 0.5666552186012268, Mean_Dice: 0.714194655418396
2023-11-03 20:08:42,502 [trainer.py:144] INFO: Epoch : 64, Train_loss : 0.1588328629732132, Mean_ioU: 0.5673415660858154, Mean_Dice: 0.714763879776001
2023-11-03 20:10:07,655 [trainer.py:144] INFO: Epoch : 65, Train_loss : 0.15954749286174774, Mean_ioU: 0.5658427476882935, Mean_Dice: 0.7134459018707275
2023-11-03 20:11:32,223 [trainer.py:144] INFO: Epoch : 66, Train_loss : 0.15866713225841522, Mean_ioU: 0.5678756833076477, Mean_Dice: 0.7150683403015137
2023-11-03 20:12:56,655 [trainer.py:144] INFO: Epoch : 67, Train_loss : 0.1598418653011322, Mean_ioU: 0.565365731716156, Mean_Dice: 0.7131949663162231
2023-11-03 20:14:21,144 [trainer.py:144] INFO: Epoch : 68, Train_loss : 0.15898676216602325, Mean_ioU: 0.567139744758606, Mean_Dice: 0.7143962383270264
2023-11-03 20:15:45,294 [trainer.py:144] INFO: Epoch : 69, Train_loss : 0.15927062928676605, Mean_ioU: 0.566406786441803, Mean_Dice: 0.7139094471931458
2023-11-03 20:17:11,006 [trainer.py:144] INFO: Epoch : 70, Train_loss : 0.1590738743543625, Mean_ioU: 0.5669511556625366, Mean_Dice: 0.7144808173179626
2023-11-03 20:17:13,323 [trainer.py:192] INFO: Validation: Loss : 0.15805551409721375, mIoU : 0.5719364285469055, mDice : 0.7191417813301086
2023-11-03 20:18:38,181 [trainer.py:144] INFO: Epoch : 71, Train_loss : 0.15857535600662231, Mean_ioU: 0.5669766068458557, Mean_Dice: 0.714266300201416
2023-11-03 20:20:01,246 [trainer.py:144] INFO: Epoch : 72, Train_loss : 0.15838183462619781, Mean_ioU: 0.5673713088035583, Mean_Dice: 0.7148589491844177
2023-11-03 20:21:24,952 [trainer.py:144] INFO: Epoch : 73, Train_loss : 0.15927888453006744, Mean_ioU: 0.5648281574249268, Mean_Dice: 0.7125073671340942
2023-11-03 20:22:48,773 [trainer.py:144] INFO: Epoch : 74, Train_loss : 0.15863801538944244, Mean_ioU: 0.5669466257095337, Mean_Dice: 0.7144750952720642
2023-11-03 20:24:13,964 [trainer.py:144] INFO: Epoch : 75, Train_loss : 0.15852700173854828, Mean_ioU: 0.568285346031189, Mean_Dice: 0.7154207229614258
2023-11-03 20:25:38,165 [trainer.py:144] INFO: Epoch : 76, Train_loss : 0.1591930389404297, Mean_ioU: 0.5666971206665039, Mean_Dice: 0.7138842344284058
2023-11-03 20:27:02,618 [trainer.py:144] INFO: Epoch : 77, Train_loss : 0.1591620147228241, Mean_ioU: 0.5674681663513184, Mean_Dice: 0.7148878574371338
2023-11-03 20:28:27,400 [trainer.py:144] INFO: Epoch : 78, Train_loss : 0.15890727937221527, Mean_ioU: 0.567310631275177, Mean_Dice: 0.7147707343101501
2023-11-03 20:29:51,186 [trainer.py:144] INFO: Epoch : 79, Train_loss : 0.1592206507921219, Mean_ioU: 0.5672293305397034, Mean_Dice: 0.7146459817886353
2023-11-03 20:31:14,123 [trainer.py:144] INFO: Epoch : 80, Train_loss : 0.15923456847667694, Mean_ioU: 0.5655595064163208, Mean_Dice: 0.7132481336593628
2023-11-03 20:31:16,686 [trainer.py:192] INFO: Validation: Loss : 0.15805719792842865, mIoU : 0.5717490315437317, mDice : 0.7190478444099426
2023-11-03 20:32:40,653 [trainer.py:144] INFO: Epoch : 81, Train_loss : 0.15871493518352509, Mean_ioU: 0.5664775967597961, Mean_Dice: 0.714258074760437
2023-11-03 20:34:05,990 [trainer.py:144] INFO: Epoch : 82, Train_loss : 0.15910685062408447, Mean_ioU: 0.5666848421096802, Mean_Dice: 0.7140218615531921
2023-11-03 20:35:30,718 [trainer.py:144] INFO: Epoch : 83, Train_loss : 0.15911167860031128, Mean_ioU: 0.5664936304092407, Mean_Dice: 0.7137439250946045
2023-11-03 20:36:54,873 [trainer.py:144] INFO: Epoch : 84, Train_loss : 0.15819676220417023, Mean_ioU: 0.5679681301116943, Mean_Dice: 0.7154723405838013
2023-11-03 20:38:18,483 [trainer.py:144] INFO: Epoch : 85, Train_loss : 0.1586366891860962, Mean_ioU: 0.5676621794700623, Mean_Dice: 0.7150188684463501
2023-11-03 20:39:42,135 [trainer.py:144] INFO: Epoch : 86, Train_loss : 0.15835505723953247, Mean_ioU: 0.5686414241790771, Mean_Dice: 0.7159567475318909
2023-11-03 20:41:06,250 [trainer.py:144] INFO: Epoch : 87, Train_loss : 0.15896472334861755, Mean_ioU: 0.5675700902938843, Mean_Dice: 0.7150536179542542
2023-11-03 20:42:30,145 [trainer.py:144] INFO: Epoch : 88, Train_loss : 0.15767481923103333, Mean_ioU: 0.5691916346549988, Mean_Dice: 0.7167243957519531
2023-11-03 20:43:53,808 [trainer.py:144] INFO: Epoch : 89, Train_loss : 0.1594540923833847, Mean_ioU: 0.5663334131240845, Mean_Dice: 0.7137618660926819
2023-11-03 20:45:18,354 [trainer.py:144] INFO: Epoch : 90, Train_loss : 0.15797337889671326, Mean_ioU: 0.5687894821166992, Mean_Dice: 0.7160986661911011
2023-11-03 20:45:21,157 [trainer.py:192] INFO: Validation: Loss : 0.15808597207069397, mIoU : 0.5717247724533081, mDice : 0.7190067172050476
2023-11-03 20:46:45,426 [trainer.py:144] INFO: Epoch : 91, Train_loss : 0.15877558290958405, Mean_ioU: 0.5674606561660767, Mean_Dice: 0.7147315740585327
2023-11-03 20:48:08,532 [trainer.py:144] INFO: Epoch : 92, Train_loss : 0.1593971848487854, Mean_ioU: 0.5652199983596802, Mean_Dice: 0.7130603194236755
2023-11-03 20:49:34,915 [trainer.py:144] INFO: Epoch : 93, Train_loss : 0.15864276885986328, Mean_ioU: 0.5676966905593872, Mean_Dice: 0.7153887748718262
2023-11-03 20:50:59,655 [trainer.py:144] INFO: Epoch : 94, Train_loss : 0.15926170349121094, Mean_ioU: 0.5663586258888245, Mean_Dice: 0.7137420773506165
2023-11-03 20:52:23,055 [trainer.py:144] INFO: Epoch : 95, Train_loss : 0.15830178558826447, Mean_ioU: 0.5682587027549744, Mean_Dice: 0.7156444191932678
2023-11-03 20:53:47,530 [trainer.py:144] INFO: Epoch : 96, Train_loss : 0.1588747650384903, Mean_ioU: 0.5674689412117004, Mean_Dice: 0.7148496508598328
2023-11-03 20:55:11,076 [trainer.py:144] INFO: Epoch : 97, Train_loss : 0.1590908318758011, Mean_ioU: 0.5664525032043457, Mean_Dice: 0.7141481637954712
2023-11-03 20:56:35,239 [trainer.py:144] INFO: Epoch : 98, Train_loss : 0.15791106224060059, Mean_ioU: 0.5692241191864014, Mean_Dice: 0.7164739966392517
2023-11-03 20:57:58,097 [trainer.py:144] INFO: Epoch : 99, Train_loss : 0.15869414806365967, Mean_ioU: 0.568322479724884, Mean_Dice: 0.715828001499176
2023-11-03 20:59:23,361 [trainer.py:144] INFO: Epoch : 100, Train_loss : 0.1593342423439026, Mean_ioU: 0.5660091638565063, Mean_Dice: 0.7135868668556213
2023-11-03 20:59:25,891 [trainer.py:192] INFO: Validation: Loss : 0.15809983015060425, mIoU : 0.5717350840568542, mDice : 0.718995988368988
2023-11-03 21:00:47,999 [trainer.py:144] INFO: Epoch : 101, Train_loss : 0.15853214263916016, Mean_ioU: 0.5676608085632324, Mean_Dice: 0.7151317596435547
2023-11-03 21:02:11,152 [trainer.py:144] INFO: Epoch : 102, Train_loss : 0.15846242010593414, Mean_ioU: 0.5674334764480591, Mean_Dice: 0.715168833732605
2023-11-03 21:03:35,073 [trainer.py:144] INFO: Epoch : 103, Train_loss : 0.15853682160377502, Mean_ioU: 0.5672926306724548, Mean_Dice: 0.7149611115455627
2023-11-03 21:04:59,474 [trainer.py:144] INFO: Epoch : 104, Train_loss : 0.15973065793514252, Mean_ioU: 0.5641102194786072, Mean_Dice: 0.7118728160858154
2023-11-03 21:06:22,351 [trainer.py:144] INFO: Epoch : 105, Train_loss : 0.15841425955295563, Mean_ioU: 0.567023754119873, Mean_Dice: 0.7147843837738037
2023-11-03 21:07:47,174 [trainer.py:144] INFO: Epoch : 106, Train_loss : 0.15882986783981323, Mean_ioU: 0.567031741142273, Mean_Dice: 0.7146501541137695
2023-11-03 21:09:11,311 [trainer.py:144] INFO: Epoch : 107, Train_loss : 0.158396914601326, Mean_ioU: 0.5670388340950012, Mean_Dice: 0.7143498659133911
2023-11-03 21:10:35,392 [trainer.py:144] INFO: Epoch : 108, Train_loss : 0.15848208963871002, Mean_ioU: 0.5673772692680359, Mean_Dice: 0.7148382663726807
2023-11-03 21:11:59,707 [trainer.py:144] INFO: Epoch : 109, Train_loss : 0.15895821154117584, Mean_ioU: 0.5668272376060486, Mean_Dice: 0.7144555449485779
2023-11-03 21:13:23,826 [trainer.py:144] INFO: Epoch : 110, Train_loss : 0.15770696103572845, Mean_ioU: 0.5703556537628174, Mean_Dice: 0.7175390720367432
2023-11-03 21:13:26,388 [trainer.py:192] INFO: Validation: Loss : 0.15808382630348206, mIoU : 0.5717287063598633, mDice : 0.7189963459968567
2023-11-03 21:14:50,348 [trainer.py:144] INFO: Epoch : 111, Train_loss : 0.1587507277727127, Mean_ioU: 0.5682837963104248, Mean_Dice: 0.7154447436332703
2023-11-03 21:16:13,208 [trainer.py:144] INFO: Epoch : 112, Train_loss : 0.15895172953605652, Mean_ioU: 0.5670459866523743, Mean_Dice: 0.7147542238235474
2023-11-03 21:17:37,850 [trainer.py:144] INFO: Epoch : 113, Train_loss : 0.15794579684734344, Mean_ioU: 0.5695807337760925, Mean_Dice: 0.716974675655365
2023-11-03 21:19:01,312 [trainer.py:144] INFO: Epoch : 114, Train_loss : 0.1589183360338211, Mean_ioU: 0.5670365691184998, Mean_Dice: 0.7146065831184387
2023-11-03 21:20:17,849 [trainer.py:144] INFO: Epoch : 115, Train_loss : 0.15858882665634155, Mean_ioU: 0.5670763254165649, Mean_Dice: 0.714839518070221
2023-11-03 21:21:22,327 [trainer.py:144] INFO: Epoch : 116, Train_loss : 0.15856701135635376, Mean_ioU: 0.5676231980323792, Mean_Dice: 0.7152165770530701
2023-11-03 21:22:27,286 [trainer.py:144] INFO: Epoch : 117, Train_loss : 0.1590682864189148, Mean_ioU: 0.565706729888916, Mean_Dice: 0.7133467793464661
2023-11-03 21:23:30,364 [trainer.py:144] INFO: Epoch : 118, Train_loss : 0.15883886814117432, Mean_ioU: 0.5672414302825928, Mean_Dice: 0.7145377397537231
2023-11-03 21:24:33,642 [trainer.py:144] INFO: Epoch : 119, Train_loss : 0.15897880494594574, Mean_ioU: 0.567940890789032, Mean_Dice: 0.7152063846588135
2023-11-03 21:25:38,271 [trainer.py:144] INFO: Epoch : 120, Train_loss : 0.15955322980880737, Mean_ioU: 0.5663911700248718, Mean_Dice: 0.7135162949562073
2023-11-03 21:25:40,105 [trainer.py:192] INFO: Validation: Loss : 0.15808109939098358, mIoU : 0.5717277526855469, mDice : 0.7189958691596985
2023-11-03 21:26:43,631 [trainer.py:144] INFO: Epoch : 121, Train_loss : 0.1587221473455429, Mean_ioU: 0.567328929901123, Mean_Dice: 0.714992344379425
2023-11-03 21:27:47,439 [trainer.py:144] INFO: Epoch : 122, Train_loss : 0.15936079621315002, Mean_ioU: 0.5663819313049316, Mean_Dice: 0.714073657989502
2023-11-03 21:28:51,379 [trainer.py:144] INFO: Epoch : 123, Train_loss : 0.15811194479465485, Mean_ioU: 0.5677205920219421, Mean_Dice: 0.715466320514679
2023-11-03 21:29:55,284 [trainer.py:144] INFO: Epoch : 124, Train_loss : 0.15879152715206146, Mean_ioU: 0.5670893788337708, Mean_Dice: 0.7147056460380554
2023-11-03 21:31:02,303 [trainer.py:144] INFO: Epoch : 125, Train_loss : 0.15861253440380096, Mean_ioU: 0.5675475001335144, Mean_Dice: 0.7147017121315002
2023-11-03 21:32:06,393 [trainer.py:144] INFO: Epoch : 126, Train_loss : 0.15932625532150269, Mean_ioU: 0.5663091540336609, Mean_Dice: 0.713987410068512
2023-11-03 21:33:11,440 [trainer.py:144] INFO: Epoch : 127, Train_loss : 0.1583801954984665, Mean_ioU: 0.5679078102111816, Mean_Dice: 0.7153618931770325
2023-11-03 21:34:14,199 [trainer.py:144] INFO: Epoch : 128, Train_loss : 0.15959370136260986, Mean_ioU: 0.5655655860900879, Mean_Dice: 0.7130529284477234
2023-11-03 21:35:18,888 [trainer.py:144] INFO: Epoch : 129, Train_loss : 0.15827426314353943, Mean_ioU: 0.5678341388702393, Mean_Dice: 0.7153840661048889
2023-11-03 21:36:23,928 [trainer.py:144] INFO: Epoch : 130, Train_loss : 0.15734969079494476, Mean_ioU: 0.5700995326042175, Mean_Dice: 0.717232346534729
2023-11-03 21:36:25,721 [trainer.py:192] INFO: Validation: Loss : 0.15808171033859253, mIoU : 0.5717276930809021, mDice : 0.7189971804618835
2023-11-03 21:37:31,142 [trainer.py:144] INFO: Epoch : 131, Train_loss : 0.15781936049461365, Mean_ioU: 0.569183349609375, Mean_Dice: 0.7163667678833008
2023-11-03 21:38:33,847 [trainer.py:144] INFO: Epoch : 132, Train_loss : 0.1584813892841339, Mean_ioU: 0.5672091841697693, Mean_Dice: 0.7148022651672363
2023-11-03 21:39:38,070 [trainer.py:144] INFO: Epoch : 133, Train_loss : 0.1582670509815216, Mean_ioU: 0.5690290331840515, Mean_Dice: 0.7161134481430054
2023-11-03 21:40:42,599 [trainer.py:144] INFO: Epoch : 134, Train_loss : 0.15899117290973663, Mean_ioU: 0.567459762096405, Mean_Dice: 0.7148904800415039
2023-11-03 21:41:45,298 [trainer.py:144] INFO: Epoch : 135, Train_loss : 0.15924999117851257, Mean_ioU: 0.56611567735672, Mean_Dice: 0.7135437726974487
2023-11-03 21:42:48,610 [trainer.py:144] INFO: Epoch : 136, Train_loss : 0.15943752229213715, Mean_ioU: 0.5657889246940613, Mean_Dice: 0.7137060165405273
2023-11-03 21:43:50,636 [trainer.py:144] INFO: Epoch : 137, Train_loss : 0.15893755853176117, Mean_ioU: 0.5678058862686157, Mean_Dice: 0.7151892781257629
2023-11-03 21:44:55,429 [trainer.py:144] INFO: Epoch : 138, Train_loss : 0.15812139213085175, Mean_ioU: 0.5695120692253113, Mean_Dice: 0.7166029810905457
2023-11-03 21:46:00,300 [trainer.py:144] INFO: Epoch : 139, Train_loss : 0.1577713042497635, Mean_ioU: 0.5699484944343567, Mean_Dice: 0.7170454859733582
2023-11-03 21:47:02,736 [trainer.py:144] INFO: Epoch : 140, Train_loss : 0.1590472161769867, Mean_ioU: 0.5664915442466736, Mean_Dice: 0.7141007781028748
2023-11-03 21:47:04,544 [trainer.py:192] INFO: Validation: Loss : 0.15808165073394775, mIoU : 0.5717280507087708, mDice : 0.7189974784851074
2023-11-03 21:48:08,163 [trainer.py:144] INFO: Epoch : 141, Train_loss : 0.15847201645374298, Mean_ioU: 0.5676571130752563, Mean_Dice: 0.7150990962982178
2023-11-03 21:49:12,044 [trainer.py:144] INFO: Epoch : 142, Train_loss : 0.15966390073299408, Mean_ioU: 0.5669565200805664, Mean_Dice: 0.7144190669059753
2023-11-03 21:50:15,754 [trainer.py:144] INFO: Epoch : 143, Train_loss : 0.15896648168563843, Mean_ioU: 0.567947268486023, Mean_Dice: 0.7150643467903137
2023-11-03 21:51:19,449 [trainer.py:144] INFO: Epoch : 144, Train_loss : 0.15821006894111633, Mean_ioU: 0.5689036250114441, Mean_Dice: 0.715986430644989
2023-11-03 21:52:23,489 [trainer.py:144] INFO: Epoch : 145, Train_loss : 0.1590592861175537, Mean_ioU: 0.567105233669281, Mean_Dice: 0.714281439781189
2023-11-03 21:53:26,389 [trainer.py:144] INFO: Epoch : 146, Train_loss : 0.15916785597801208, Mean_ioU: 0.5659100413322449, Mean_Dice: 0.7133945226669312
2023-11-03 21:54:30,033 [trainer.py:144] INFO: Epoch : 147, Train_loss : 0.1584101766347885, Mean_ioU: 0.5675510168075562, Mean_Dice: 0.7148217558860779
2023-11-03 21:55:33,585 [trainer.py:144] INFO: Epoch : 148, Train_loss : 0.15912501513957977, Mean_ioU: 0.566582441329956, Mean_Dice: 0.7141380906105042
2023-11-03 21:56:37,269 [trainer.py:144] INFO: Epoch : 149, Train_loss : 0.15972968935966492, Mean_ioU: 0.5651241540908813, Mean_Dice: 0.7127692103385925
2023-11-03 21:57:41,450 [trainer.py:144] INFO: Epoch : 150, Train_loss : 0.15926656126976013, Mean_ioU: 0.5659008026123047, Mean_Dice: 0.7137407660484314
2023-11-03 21:57:43,103 [trainer.py:192] INFO: Validation: Loss : 0.15808168053627014, mIoU : 0.5717280507087708, mDice : 0.7189974784851074
2023-11-03 21:58:48,349 [trainer.py:144] INFO: Epoch : 151, Train_loss : 0.15912403166294098, Mean_ioU: 0.5670307874679565, Mean_Dice: 0.7147303819656372
2023-11-03 21:59:53,362 [trainer.py:144] INFO: Epoch : 152, Train_loss : 0.15874609351158142, Mean_ioU: 0.5668777227401733, Mean_Dice: 0.7143759727478027
2023-11-03 22:00:56,191 [trainer.py:144] INFO: Epoch : 153, Train_loss : 0.15866972506046295, Mean_ioU: 0.5675910711288452, Mean_Dice: 0.7150036096572876
2023-11-03 22:01:59,361 [trainer.py:144] INFO: Epoch : 154, Train_loss : 0.15830586850643158, Mean_ioU: 0.5681014060974121, Mean_Dice: 0.7154863476753235
2023-11-03 22:03:03,214 [trainer.py:144] INFO: Epoch : 155, Train_loss : 0.15843822062015533, Mean_ioU: 0.5677772760391235, Mean_Dice: 0.7149786353111267
2023-11-03 22:04:06,897 [trainer.py:144] INFO: Epoch : 156, Train_loss : 0.15909670293331146, Mean_ioU: 0.5666418075561523, Mean_Dice: 0.7139596939086914
2023-11-03 22:05:09,898 [trainer.py:144] INFO: Epoch : 157, Train_loss : 0.15895973145961761, Mean_ioU: 0.5673708915710449, Mean_Dice: 0.7149071097373962
2023-11-03 22:06:14,908 [trainer.py:144] INFO: Epoch : 158, Train_loss : 0.15894648432731628, Mean_ioU: 0.566830039024353, Mean_Dice: 0.7142698168754578
2023-11-03 22:07:18,823 [trainer.py:144] INFO: Epoch : 159, Train_loss : 0.15794149041175842, Mean_ioU: 0.5694047212600708, Mean_Dice: 0.7165599465370178
2023-11-03 22:08:21,998 [trainer.py:144] INFO: Epoch : 160, Train_loss : 0.15784963965415955, Mean_ioU: 0.568733274936676, Mean_Dice: 0.7162744998931885
2023-11-03 22:08:23,749 [trainer.py:192] INFO: Validation: Loss : 0.15808165073394775, mIoU : 0.5717280507087708, mDice : 0.7189974784851074
2023-11-03 22:09:26,546 [trainer.py:144] INFO: Epoch : 161, Train_loss : 0.15918292105197906, Mean_ioU: 0.5675375461578369, Mean_Dice: 0.7150335311889648
2023-11-03 22:10:31,320 [trainer.py:144] INFO: Epoch : 162, Train_loss : 0.1586332768201828, Mean_ioU: 0.5688830614089966, Mean_Dice: 0.7163679599761963
2023-11-03 22:11:35,774 [trainer.py:144] INFO: Epoch : 163, Train_loss : 0.15918931365013123, Mean_ioU: 0.5666918754577637, Mean_Dice: 0.7142357230186462
2023-11-03 22:12:40,039 [trainer.py:144] INFO: Epoch : 164, Train_loss : 0.15866844356060028, Mean_ioU: 0.5664445757865906, Mean_Dice: 0.7139716744422913
2023-11-03 22:13:43,196 [trainer.py:144] INFO: Epoch : 165, Train_loss : 0.15939828753471375, Mean_ioU: 0.5667886734008789, Mean_Dice: 0.7144032716751099
2023-11-03 22:14:46,841 [trainer.py:144] INFO: Epoch : 166, Train_loss : 0.1588054597377777, Mean_ioU: 0.5682174563407898, Mean_Dice: 0.7155287861824036
2023-11-03 22:15:50,176 [trainer.py:144] INFO: Epoch : 167, Train_loss : 0.15919670462608337, Mean_ioU: 0.5663402676582336, Mean_Dice: 0.7140350937843323
2023-11-03 22:16:53,876 [trainer.py:144] INFO: Epoch : 168, Train_loss : 0.1592666655778885, Mean_ioU: 0.5658390522003174, Mean_Dice: 0.7136527299880981
2023-11-03 22:17:57,332 [trainer.py:144] INFO: Epoch : 169, Train_loss : 0.1583184152841568, Mean_ioU: 0.5686535835266113, Mean_Dice: 0.7159348726272583
2023-11-03 22:19:00,930 [trainer.py:144] INFO: Epoch : 170, Train_loss : 0.15931151807308197, Mean_ioU: 0.5665421485900879, Mean_Dice: 0.7144814729690552
2023-11-03 22:19:02,741 [trainer.py:192] INFO: Validation: Loss : 0.15808166563510895, mIoU : 0.5717280507087708, mDice : 0.7189974784851074
2023-11-03 22:20:05,903 [trainer.py:144] INFO: Epoch : 171, Train_loss : 0.1584884375333786, Mean_ioU: 0.5684055089950562, Mean_Dice: 0.7156690359115601
2023-11-03 22:21:09,346 [trainer.py:144] INFO: Epoch : 172, Train_loss : 0.15844836831092834, Mean_ioU: 0.5669991970062256, Mean_Dice: 0.7143876552581787
2023-11-03 22:22:13,392 [trainer.py:144] INFO: Epoch : 173, Train_loss : 0.15891705453395844, Mean_ioU: 0.5682125091552734, Mean_Dice: 0.7154284119606018
2023-11-03 22:23:16,226 [trainer.py:144] INFO: Epoch : 174, Train_loss : 0.1599721759557724, Mean_ioU: 0.5657307505607605, Mean_Dice: 0.7129635810852051
2023-11-03 22:24:20,300 [trainer.py:144] INFO: Epoch : 175, Train_loss : 0.1580459475517273, Mean_ioU: 0.5690456032752991, Mean_Dice: 0.7163457274436951
2023-11-03 22:25:23,459 [trainer.py:144] INFO: Epoch : 176, Train_loss : 0.15902875363826752, Mean_ioU: 0.568070650100708, Mean_Dice: 0.7152392864227295
2023-11-03 22:26:26,031 [trainer.py:144] INFO: Epoch : 177, Train_loss : 0.1587633341550827, Mean_ioU: 0.5676118731498718, Mean_Dice: 0.7150658965110779
2023-11-03 22:27:29,540 [trainer.py:144] INFO: Epoch : 178, Train_loss : 0.15895162522792816, Mean_ioU: 0.5669425129890442, Mean_Dice: 0.71450275182724
2023-11-03 22:28:33,014 [trainer.py:144] INFO: Epoch : 179, Train_loss : 0.15765556693077087, Mean_ioU: 0.5694932341575623, Mean_Dice: 0.7168523669242859
2023-11-03 22:29:36,881 [trainer.py:144] INFO: Epoch : 180, Train_loss : 0.1585138440132141, Mean_ioU: 0.5688809752464294, Mean_Dice: 0.7159976959228516
2023-11-03 22:29:38,611 [trainer.py:192] INFO: Validation: Loss : 0.15808165073394775, mIoU : 0.5717280507087708, mDice : 0.7189974784851074
2023-11-03 22:30:41,532 [trainer.py:144] INFO: Epoch : 181, Train_loss : 0.15957202017307281, Mean_ioU: 0.5654757022857666, Mean_Dice: 0.7133540511131287
2023-11-03 22:31:44,924 [trainer.py:144] INFO: Epoch : 182, Train_loss : 0.1591499149799347, Mean_ioU: 0.5664083361625671, Mean_Dice: 0.7140429615974426
2023-11-03 22:32:48,464 [trainer.py:144] INFO: Epoch : 183, Train_loss : 0.15908688306808472, Mean_ioU: 0.5664154291152954, Mean_Dice: 0.7141258716583252
2023-11-03 22:33:52,607 [trainer.py:144] INFO: Epoch : 184, Train_loss : 0.15892231464385986, Mean_ioU: 0.5673310160636902, Mean_Dice: 0.7148554921150208
2023-11-03 22:34:56,519 [trainer.py:144] INFO: Epoch : 185, Train_loss : 0.15837480127811432, Mean_ioU: 0.5677793025970459, Mean_Dice: 0.7154299020767212
2023-11-03 22:35:59,703 [trainer.py:144] INFO: Epoch : 186, Train_loss : 0.1581372171640396, Mean_ioU: 0.5679453611373901, Mean_Dice: 0.7154213190078735
2023-11-03 22:37:05,115 [trainer.py:144] INFO: Epoch : 187, Train_loss : 0.15955936908721924, Mean_ioU: 0.5658233165740967, Mean_Dice: 0.7131971120834351
2023-11-03 22:38:09,278 [trainer.py:144] INFO: Epoch : 188, Train_loss : 0.15858961641788483, Mean_ioU: 0.5674700736999512, Mean_Dice: 0.7151199579238892
2023-11-03 22:39:11,941 [trainer.py:144] INFO: Epoch : 189, Train_loss : 0.15898163616657257, Mean_ioU: 0.5679884552955627, Mean_Dice: 0.7153147459030151
2023-11-03 22:40:15,373 [trainer.py:144] INFO: Epoch : 190, Train_loss : 0.15925468504428864, Mean_ioU: 0.5671530365943909, Mean_Dice: 0.7147617936134338
2023-11-03 22:40:17,236 [trainer.py:192] INFO: Validation: Loss : 0.15808165073394775, mIoU : 0.5717280507087708, mDice : 0.7189974784851074
2023-11-03 22:41:19,503 [trainer.py:144] INFO: Epoch : 191, Train_loss : 0.15952500700950623, Mean_ioU: 0.5651305317878723, Mean_Dice: 0.7126352787017822
2023-11-03 22:42:23,832 [trainer.py:144] INFO: Epoch : 192, Train_loss : 0.15924423933029175, Mean_ioU: 0.5656523108482361, Mean_Dice: 0.7136485576629639
2023-11-03 22:43:27,685 [trainer.py:144] INFO: Epoch : 193, Train_loss : 0.15959252417087555, Mean_ioU: 0.5659316778182983, Mean_Dice: 0.7129877805709839
2023-11-03 22:44:29,717 [trainer.py:144] INFO: Epoch : 194, Train_loss : 0.15845200419425964, Mean_ioU: 0.5691747069358826, Mean_Dice: 0.7163630127906799
2023-11-03 22:45:36,303 [trainer.py:144] INFO: Epoch : 195, Train_loss : 0.15930840373039246, Mean_ioU: 0.5664685368537903, Mean_Dice: 0.7136916518211365
2023-11-03 22:46:38,410 [trainer.py:144] INFO: Epoch : 196, Train_loss : 0.1595020741224289, Mean_ioU: 0.5656286478042603, Mean_Dice: 0.7129499912261963
2023-11-03 22:47:43,349 [trainer.py:144] INFO: Epoch : 197, Train_loss : 0.1586969792842865, Mean_ioU: 0.5671254992485046, Mean_Dice: 0.7144701480865479
2023-11-03 22:48:48,029 [trainer.py:144] INFO: Epoch : 198, Train_loss : 0.15839847922325134, Mean_ioU: 0.5669121146202087, Mean_Dice: 0.7146098017692566
2023-11-03 22:49:52,088 [trainer.py:144] INFO: Epoch : 199, Train_loss : 0.1577804684638977, Mean_ioU: 0.5681332349777222, Mean_Dice: 0.7155288457870483
2023-11-03 22:50:56,580 [trainer.py:144] INFO: Epoch : 200, Train_loss : 0.1582433581352234, Mean_ioU: 0.5673018097877502, Mean_Dice: 0.7145540714263916
2023-11-03 22:50:58,316 [trainer.py:192] INFO: Validation: Loss : 0.15808165073394775, mIoU : 0.5717280507087708, mDice : 0.7189974784851074
2023-11-03 22:52:03,123 [trainer.py:144] INFO: Epoch : 201, Train_loss : 0.15994779765605927, Mean_ioU: 0.5658332109451294, Mean_Dice: 0.713355302810669
2023-11-03 22:53:06,495 [trainer.py:144] INFO: Epoch : 202, Train_loss : 0.158138245344162, Mean_ioU: 0.5681522488594055, Mean_Dice: 0.7158651351928711
2023-11-03 22:54:08,341 [trainer.py:144] INFO: Epoch : 203, Train_loss : 0.15830112993717194, Mean_ioU: 0.5684822201728821, Mean_Dice: 0.7157520651817322
2023-11-03 22:55:11,420 [trainer.py:144] INFO: Epoch : 204, Train_loss : 0.1594504863023758, Mean_ioU: 0.5662209391593933, Mean_Dice: 0.7137304544448853
2023-11-03 22:56:15,515 [trainer.py:144] INFO: Epoch : 205, Train_loss : 0.1588423103094101, Mean_ioU: 0.5672856569290161, Mean_Dice: 0.7144621014595032
2023-11-03 22:57:18,480 [trainer.py:144] INFO: Epoch : 206, Train_loss : 0.15910641849040985, Mean_ioU: 0.566337525844574, Mean_Dice: 0.7138237357139587
2023-11-03 22:58:22,373 [trainer.py:144] INFO: Epoch : 207, Train_loss : 0.1594230830669403, Mean_ioU: 0.5663312673568726, Mean_Dice: 0.7133575081825256
2023-11-03 22:59:24,486 [trainer.py:144] INFO: Epoch : 208, Train_loss : 0.15731742978096008, Mean_ioU: 0.5708927512168884, Mean_Dice: 0.7183250188827515
2023-11-03 23:00:28,283 [trainer.py:144] INFO: Epoch : 209, Train_loss : 0.1580999791622162, Mean_ioU: 0.5672256350517273, Mean_Dice: 0.7151411175727844
2023-11-03 23:01:32,499 [trainer.py:144] INFO: Epoch : 210, Train_loss : 0.1589345484972, Mean_ioU: 0.5661192536354065, Mean_Dice: 0.7133969664573669
2023-11-03 23:01:34,256 [trainer.py:192] INFO: Validation: Loss : 0.15808163583278656, mIoU : 0.5717280507087708, mDice : 0.7189974784851074
2023-11-03 23:02:38,823 [trainer.py:144] INFO: Epoch : 211, Train_loss : 0.1592988818883896, Mean_ioU: 0.5659834742546082, Mean_Dice: 0.7136837840080261
2023-11-03 23:03:43,048 [trainer.py:144] INFO: Epoch : 212, Train_loss : 0.15872173011302948, Mean_ioU: 0.5673234462738037, Mean_Dice: 0.7147983312606812
2023-11-03 23:04:46,011 [trainer.py:144] INFO: Epoch : 213, Train_loss : 0.1591746062040329, Mean_ioU: 0.5662943124771118, Mean_Dice: 0.7134758830070496
2023-11-03 23:05:50,073 [trainer.py:144] INFO: Epoch : 214, Train_loss : 0.15940064191818237, Mean_ioU: 0.5660855770111084, Mean_Dice: 0.7135631442070007
2023-11-03 23:06:52,879 [trainer.py:144] INFO: Epoch : 215, Train_loss : 0.15913577377796173, Mean_ioU: 0.5674480199813843, Mean_Dice: 0.7147336602210999
2023-11-03 23:07:56,713 [trainer.py:144] INFO: Epoch : 216, Train_loss : 0.15812943875789642, Mean_ioU: 0.5690805912017822, Mean_Dice: 0.7164775729179382
2023-11-03 23:08:59,172 [trainer.py:144] INFO: Epoch : 217, Train_loss : 0.15920935571193695, Mean_ioU: 0.5674049258232117, Mean_Dice: 0.7147148251533508
2023-11-03 23:10:02,344 [trainer.py:144] INFO: Epoch : 218, Train_loss : 0.15876330435276031, Mean_ioU: 0.5679630637168884, Mean_Dice: 0.7152447700500488
2023-11-03 23:11:05,806 [trainer.py:144] INFO: Epoch : 219, Train_loss : 0.1580740511417389, Mean_ioU: 0.5678940415382385, Mean_Dice: 0.7148683071136475
2023-11-03 23:12:12,200 [trainer.py:144] INFO: Epoch : 220, Train_loss : 0.15820391476154327, Mean_ioU: 0.5677803158760071, Mean_Dice: 0.7152074575424194
2023-11-03 23:12:13,975 [trainer.py:192] INFO: Validation: Loss : 0.15808165073394775, mIoU : 0.5717280507087708, mDice : 0.7189974784851074
2023-11-03 23:13:19,669 [trainer.py:144] INFO: Epoch : 221, Train_loss : 0.15848739445209503, Mean_ioU: 0.5669463872909546, Mean_Dice: 0.714576780796051
2023-11-03 23:14:22,457 [trainer.py:144] INFO: Epoch : 222, Train_loss : 0.159031942486763, Mean_ioU: 0.5663638710975647, Mean_Dice: 0.7137162685394287
2023-11-03 23:15:25,839 [trainer.py:144] INFO: Epoch : 223, Train_loss : 0.1576775461435318, Mean_ioU: 0.5688936710357666, Mean_Dice: 0.7163095474243164
2023-11-03 23:16:31,543 [trainer.py:144] INFO: Epoch : 224, Train_loss : 0.15898658335208893, Mean_ioU: 0.5667687058448792, Mean_Dice: 0.7144474983215332
2023-11-03 23:17:34,350 [trainer.py:144] INFO: Epoch : 225, Train_loss : 0.15780706703662872, Mean_ioU: 0.5690467357635498, Mean_Dice: 0.7162564992904663
2023-11-03 23:18:39,771 [trainer.py:144] INFO: Epoch : 226, Train_loss : 0.15835709869861603, Mean_ioU: 0.5683305263519287, Mean_Dice: 0.7160633206367493
2023-11-03 23:19:43,878 [trainer.py:144] INFO: Epoch : 227, Train_loss : 0.15907417237758636, Mean_ioU: 0.5672457218170166, Mean_Dice: 0.7145958542823792
2023-11-03 23:20:47,807 [trainer.py:144] INFO: Epoch : 228, Train_loss : 0.15853729844093323, Mean_ioU: 0.5678836107254028, Mean_Dice: 0.715207576751709
2023-11-03 23:21:52,388 [trainer.py:144] INFO: Epoch : 229, Train_loss : 0.15855397284030914, Mean_ioU: 0.5675711035728455, Mean_Dice: 0.7150164246559143
2023-11-03 23:22:54,850 [trainer.py:144] INFO: Epoch : 230, Train_loss : 0.15931391716003418, Mean_ioU: 0.565211296081543, Mean_Dice: 0.7129533886909485
2023-11-03 23:22:56,634 [trainer.py:192] INFO: Validation: Loss : 0.15808166563510895, mIoU : 0.5717280507087708, mDice : 0.7189974784851074
2023-11-03 23:24:02,204 [trainer.py:144] INFO: Epoch : 231, Train_loss : 0.15900589525699615, Mean_ioU: 0.567356526851654, Mean_Dice: 0.7148294448852539
2023-11-03 23:25:06,995 [trainer.py:144] INFO: Epoch : 232, Train_loss : 0.15809351205825806, Mean_ioU: 0.5690181851387024, Mean_Dice: 0.7162919640541077
2023-11-03 23:26:10,378 [trainer.py:144] INFO: Epoch : 233, Train_loss : 0.15850669145584106, Mean_ioU: 0.5677027702331543, Mean_Dice: 0.7148982286453247
2023-11-03 23:27:14,600 [trainer.py:144] INFO: Epoch : 234, Train_loss : 0.1592426300048828, Mean_ioU: 0.5674809217453003, Mean_Dice: 0.7147361636161804
2023-11-03 23:28:17,729 [trainer.py:144] INFO: Epoch : 235, Train_loss : 0.15884733200073242, Mean_ioU: 0.5674916505813599, Mean_Dice: 0.7147870659828186
2023-11-03 23:29:21,254 [trainer.py:144] INFO: Epoch : 236, Train_loss : 0.15765632688999176, Mean_ioU: 0.5699571371078491, Mean_Dice: 0.7169861197471619
2023-11-03 23:30:25,598 [trainer.py:144] INFO: Epoch : 237, Train_loss : 0.15897899866104126, Mean_ioU: 0.567301332950592, Mean_Dice: 0.714555561542511
2023-11-03 23:31:28,444 [trainer.py:144] INFO: Epoch : 238, Train_loss : 0.15991827845573425, Mean_ioU: 0.5655688643455505, Mean_Dice: 0.7132934331893921
2023-11-03 23:32:32,319 [trainer.py:144] INFO: Epoch : 239, Train_loss : 0.15872535109519958, Mean_ioU: 0.5668509006500244, Mean_Dice: 0.7147102952003479
2023-11-03 23:33:34,776 [trainer.py:144] INFO: Epoch : 240, Train_loss : 0.15752792358398438, Mean_ioU: 0.5698727965354919, Mean_Dice: 0.7170151472091675
2023-11-03 23:33:36,557 [trainer.py:192] INFO: Validation: Loss : 0.15808166563510895, mIoU : 0.5717280507087708, mDice : 0.7189974784851074
2023-11-03 23:34:40,337 [trainer.py:144] INFO: Epoch : 241, Train_loss : 0.1580944061279297, Mean_ioU: 0.569433867931366, Mean_Dice: 0.7165376543998718
2023-11-03 23:35:44,466 [trainer.py:144] INFO: Epoch : 242, Train_loss : 0.15858019888401031, Mean_ioU: 0.5679019689559937, Mean_Dice: 0.715153694152832
2023-11-03 23:36:47,952 [trainer.py:144] INFO: Epoch : 243, Train_loss : 0.15807084739208221, Mean_ioU: 0.5688098669052124, Mean_Dice: 0.7163709998130798
2023-11-03 23:37:51,767 [trainer.py:144] INFO: Epoch : 244, Train_loss : 0.15788601338863373, Mean_ioU: 0.5672337412834167, Mean_Dice: 0.7148800492286682
2023-11-03 23:38:57,076 [trainer.py:144] INFO: Epoch : 245, Train_loss : 0.15770654380321503, Mean_ioU: 0.5702299475669861, Mean_Dice: 0.7175295948982239
2023-11-03 23:40:02,366 [trainer.py:144] INFO: Epoch : 246, Train_loss : 0.1589701920747757, Mean_ioU: 0.5671700835227966, Mean_Dice: 0.7150097489356995
2023-11-03 23:41:09,103 [trainer.py:144] INFO: Epoch : 247, Train_loss : 0.15859760344028473, Mean_ioU: 0.5673052668571472, Mean_Dice: 0.7147166132926941
2023-11-03 23:42:13,205 [trainer.py:144] INFO: Epoch : 248, Train_loss : 0.1586218774318695, Mean_ioU: 0.5672567486763, Mean_Dice: 0.7145771980285645
2023-11-03 23:43:17,866 [trainer.py:144] INFO: Epoch : 249, Train_loss : 0.1576453149318695, Mean_ioU: 0.5707391500473022, Mean_Dice: 0.7177796959877014
2023-11-03 23:44:22,510 [trainer.py:144] INFO: Epoch : 250, Train_loss : 0.15812739729881287, Mean_ioU: 0.5677345991134644, Mean_Dice: 0.7148589491844177
2023-11-03 23:44:24,253 [trainer.py:192] INFO: Validation: Loss : 0.15808166563510895, mIoU : 0.5717280507087708, mDice : 0.7189974784851074
2023-11-03 23:45:27,304 [trainer.py:144] INFO: Epoch : 251, Train_loss : 0.15821440517902374, Mean_ioU: 0.5683504343032837, Mean_Dice: 0.7155078649520874
2023-11-03 23:46:31,218 [trainer.py:144] INFO: Epoch : 252, Train_loss : 0.15839532017707825, Mean_ioU: 0.5679680109024048, Mean_Dice: 0.7153425812721252
2023-11-03 23:47:35,028 [trainer.py:144] INFO: Epoch : 253, Train_loss : 0.15830875933170319, Mean_ioU: 0.5669996738433838, Mean_Dice: 0.7146294116973877
2023-11-03 23:48:38,718 [trainer.py:144] INFO: Epoch : 254, Train_loss : 0.15921801328659058, Mean_ioU: 0.5670427680015564, Mean_Dice: 0.7144550681114197
2023-11-03 23:49:42,553 [trainer.py:144] INFO: Epoch : 255, Train_loss : 0.16021686792373657, Mean_ioU: 0.5654563307762146, Mean_Dice: 0.7129984498023987
2023-11-03 23:50:46,004 [trainer.py:144] INFO: Epoch : 256, Train_loss : 0.1586773693561554, Mean_ioU: 0.5681279897689819, Mean_Dice: 0.7155783176422119
2023-11-03 23:51:51,306 [trainer.py:144] INFO: Epoch : 257, Train_loss : 0.15863224864006042, Mean_ioU: 0.568527102470398, Mean_Dice: 0.7157450914382935
2023-11-03 23:52:54,595 [trainer.py:144] INFO: Epoch : 258, Train_loss : 0.1585581749677658, Mean_ioU: 0.5671625137329102, Mean_Dice: 0.7143232822418213
2023-11-03 23:53:58,045 [trainer.py:144] INFO: Epoch : 259, Train_loss : 0.1585971713066101, Mean_ioU: 0.5663361549377441, Mean_Dice: 0.714130163192749
2023-11-03 23:55:02,691 [trainer.py:144] INFO: Epoch : 260, Train_loss : 0.15856845676898956, Mean_ioU: 0.5673052072525024, Mean_Dice: 0.7145156264305115
2023-11-03 23:55:04,492 [trainer.py:192] INFO: Validation: Loss : 0.15808166563510895, mIoU : 0.5717280507087708, mDice : 0.7189974784851074
2023-11-03 23:56:07,679 [trainer.py:144] INFO: Epoch : 261, Train_loss : 0.15959186851978302, Mean_ioU: 0.5658499002456665, Mean_Dice: 0.7134605050086975
2023-11-03 23:57:12,999 [trainer.py:144] INFO: Epoch : 262, Train_loss : 0.15870918333530426, Mean_ioU: 0.5671495199203491, Mean_Dice: 0.7146546244621277
2023-11-03 23:58:16,884 [trainer.py:144] INFO: Epoch : 263, Train_loss : 0.15904955565929413, Mean_ioU: 0.5663522481918335, Mean_Dice: 0.7137840390205383
2023-11-03 23:59:20,056 [trainer.py:144] INFO: Epoch : 264, Train_loss : 0.15872822701931, Mean_ioU: 0.5681153535842896, Mean_Dice: 0.715435802936554
2023-11-04 00:00:24,272 [trainer.py:144] INFO: Epoch : 265, Train_loss : 0.1581496298313141, Mean_ioU: 0.5679243206977844, Mean_Dice: 0.7155774235725403
2023-11-04 00:01:29,331 [trainer.py:144] INFO: Epoch : 266, Train_loss : 0.15736235678195953, Mean_ioU: 0.5694748759269714, Mean_Dice: 0.7167244553565979
2023-11-04 00:02:32,236 [trainer.py:144] INFO: Epoch : 267, Train_loss : 0.1585918515920639, Mean_ioU: 0.567503035068512, Mean_Dice: 0.715151309967041
2023-11-04 00:03:34,855 [trainer.py:144] INFO: Epoch : 268, Train_loss : 0.1587151288986206, Mean_ioU: 0.5672590136528015, Mean_Dice: 0.7146954536437988
2023-11-04 00:04:39,966 [trainer.py:144] INFO: Epoch : 269, Train_loss : 0.15973234176635742, Mean_ioU: 0.5656298398971558, Mean_Dice: 0.7129344344139099
2023-11-04 00:05:43,385 [trainer.py:144] INFO: Epoch : 270, Train_loss : 0.15873588621616364, Mean_ioU: 0.5667680501937866, Mean_Dice: 0.7144266366958618
2023-11-04 00:05:45,166 [trainer.py:192] INFO: Validation: Loss : 0.15808166563510895, mIoU : 0.5717280507087708, mDice : 0.7189974784851074
2023-11-04 00:06:49,717 [trainer.py:144] INFO: Epoch : 271, Train_loss : 0.1586105078458786, Mean_ioU: 0.5681071281433105, Mean_Dice: 0.7154908180236816
2023-11-04 00:07:52,622 [trainer.py:144] INFO: Epoch : 272, Train_loss : 0.15776370465755463, Mean_ioU: 0.5690552592277527, Mean_Dice: 0.7164298892021179
2023-11-04 00:08:56,625 [trainer.py:144] INFO: Epoch : 273, Train_loss : 0.15847869217395782, Mean_ioU: 0.5676169395446777, Mean_Dice: 0.7150455117225647
2023-11-04 00:10:00,552 [trainer.py:144] INFO: Epoch : 274, Train_loss : 0.15940169990062714, Mean_ioU: 0.5659592747688293, Mean_Dice: 0.7132192254066467
2023-11-04 00:11:03,748 [trainer.py:144] INFO: Epoch : 275, Train_loss : 0.15917223691940308, Mean_ioU: 0.5672844052314758, Mean_Dice: 0.7145332098007202
2023-11-04 00:12:07,430 [trainer.py:144] INFO: Epoch : 276, Train_loss : 0.1587287336587906, Mean_ioU: 0.566443681716919, Mean_Dice: 0.7140728831291199
2023-11-04 00:13:11,857 [trainer.py:144] INFO: Epoch : 277, Train_loss : 0.15880770981311798, Mean_ioU: 0.5670297741889954, Mean_Dice: 0.7145169973373413
2023-11-04 00:14:15,388 [trainer.py:144] INFO: Epoch : 278, Train_loss : 0.1596960425376892, Mean_ioU: 0.5653132796287537, Mean_Dice: 0.7123541235923767
2023-11-04 00:15:19,691 [trainer.py:144] INFO: Epoch : 279, Train_loss : 0.15880818665027618, Mean_ioU: 0.567043662071228, Mean_Dice: 0.7149603366851807
2023-11-04 00:16:23,210 [trainer.py:144] INFO: Epoch : 280, Train_loss : 0.15840047597885132, Mean_ioU: 0.5670000314712524, Mean_Dice: 0.7144649028778076
2023-11-04 00:16:24,974 [trainer.py:192] INFO: Validation: Loss : 0.15808166563510895, mIoU : 0.5717280507087708, mDice : 0.7189974784851074
2023-11-04 00:17:28,786 [trainer.py:144] INFO: Epoch : 281, Train_loss : 0.1581619381904602, Mean_ioU: 0.5683361887931824, Mean_Dice: 0.7156739830970764
2023-11-04 00:18:34,210 [trainer.py:144] INFO: Epoch : 282, Train_loss : 0.1575469821691513, Mean_ioU: 0.5697008371353149, Mean_Dice: 0.7165793776512146
2023-11-04 00:19:37,546 [trainer.py:144] INFO: Epoch : 283, Train_loss : 0.15844827890396118, Mean_ioU: 0.5672571063041687, Mean_Dice: 0.7150645852088928
2023-11-04 00:20:40,678 [trainer.py:144] INFO: Epoch : 284, Train_loss : 0.15980151295661926, Mean_ioU: 0.5660540461540222, Mean_Dice: 0.7137683629989624
2023-11-04 00:21:43,767 [trainer.py:144] INFO: Epoch : 285, Train_loss : 0.1585170030593872, Mean_ioU: 0.5671878457069397, Mean_Dice: 0.7148728966712952
2023-11-04 00:22:49,572 [trainer.py:144] INFO: Epoch : 286, Train_loss : 0.15917660295963287, Mean_ioU: 0.567097008228302, Mean_Dice: 0.7147296667098999
2023-11-04 00:23:53,645 [trainer.py:144] INFO: Epoch : 287, Train_loss : 0.1590883731842041, Mean_ioU: 0.5682079792022705, Mean_Dice: 0.7155221700668335
2023-11-04 00:24:58,547 [trainer.py:144] INFO: Epoch : 288, Train_loss : 0.15954336524009705, Mean_ioU: 0.5650993585586548, Mean_Dice: 0.7126285433769226
2023-11-04 00:26:02,565 [trainer.py:144] INFO: Epoch : 289, Train_loss : 0.15884216129779816, Mean_ioU: 0.5669186115264893, Mean_Dice: 0.7141109704971313
2023-11-04 00:27:05,326 [trainer.py:144] INFO: Epoch : 290, Train_loss : 0.15782149136066437, Mean_ioU: 0.5686010718345642, Mean_Dice: 0.715757429599762
2023-11-04 00:27:07,040 [trainer.py:192] INFO: Validation: Loss : 0.15808166563510895, mIoU : 0.5717280507087708, mDice : 0.7189974784851074
2023-11-04 00:28:10,603 [trainer.py:144] INFO: Epoch : 291, Train_loss : 0.15802708268165588, Mean_ioU: 0.5687735676765442, Mean_Dice: 0.7162038683891296
2023-11-04 00:29:14,195 [trainer.py:144] INFO: Epoch : 292, Train_loss : 0.15864425897598267, Mean_ioU: 0.5672674179077148, Mean_Dice: 0.71476149559021
2023-11-04 00:30:18,914 [trainer.py:144] INFO: Epoch : 293, Train_loss : 0.15813152492046356, Mean_ioU: 0.5681725144386292, Mean_Dice: 0.7152585983276367
2023-11-04 00:31:22,393 [trainer.py:144] INFO: Epoch : 294, Train_loss : 0.15849801898002625, Mean_ioU: 0.5673970580101013, Mean_Dice: 0.7150126695632935
2023-11-04 00:32:26,194 [trainer.py:144] INFO: Epoch : 295, Train_loss : 0.15844270586967468, Mean_ioU: 0.5682749152183533, Mean_Dice: 0.7154388427734375
2023-11-04 00:33:31,476 [trainer.py:144] INFO: Epoch : 296, Train_loss : 0.15956225991249084, Mean_ioU: 0.5643249750137329, Mean_Dice: 0.7120867967605591
2023-11-04 00:34:34,041 [trainer.py:144] INFO: Epoch : 297, Train_loss : 0.15753453969955444, Mean_ioU: 0.5690615773200989, Mean_Dice: 0.7165020108222961
2023-11-04 00:35:37,247 [trainer.py:144] INFO: Epoch : 298, Train_loss : 0.15764710307121277, Mean_ioU: 0.5704593658447266, Mean_Dice: 0.7175219058990479
2023-11-04 00:36:41,186 [trainer.py:144] INFO: Epoch : 299, Train_loss : 0.15977439284324646, Mean_ioU: 0.566261351108551, Mean_Dice: 0.7137196063995361
2023-11-04 00:37:44,535 [trainer.py:144] INFO: Epoch : 300, Train_loss : 0.15803702175617218, Mean_ioU: 0.5689975023269653, Mean_Dice: 0.7164035439491272
2023-11-04 00:37:46,455 [trainer.py:192] INFO: Validation: Loss : 0.15808166563510895, mIoU : 0.5717280507087708, mDice : 0.7189974784851074
2023-11-04 00:37:46,907 [train.py:137] INFO: ==========finish train=========
2023-11-04 00:37:46,910 [train.py:146] INFO: ==========finish work=========
