2023-10-16 14:05:30,536 [train.py:61] INFO: learning rate : 0.001
2023-10-16 14:05:30,536 [train.py:62] INFO: batch size : 4
2023-10-16 14:05:30,536 [train.py:63] INFO: num epoch : 300
2023-10-16 14:05:30,537 [train.py:64] INFO: trainflow: 10
2023-10-16 14:05:30,537 [train.py:85] INFO: ==========Start training=========
2023-10-16 14:06:27,125 [trainer.py:142] INFO: Epoch : 1, Train_loss : 0.6615120768547058, Mean_ioU: 0.021591711789369583, Mean_Dice: 0.04167310893535614
2023-10-16 14:07:19,713 [trainer.py:142] INFO: Epoch : 2, Train_loss : 0.523078978061676, Mean_ioU: 0.011737961322069168, Mean_Dice: 0.02159249223768711
2023-10-16 14:08:13,396 [trainer.py:142] INFO: Epoch : 3, Train_loss : 0.5056058764457703, Mean_ioU: 0.04159216210246086, Mean_Dice: 0.07529620081186295
2023-10-16 14:09:05,914 [trainer.py:142] INFO: Epoch : 4, Train_loss : 0.5002539753913879, Mean_ioU: 0.04614988714456558, Mean_Dice: 0.08297106623649597
2023-10-16 14:09:59,409 [trainer.py:142] INFO: Epoch : 5, Train_loss : 0.49540913105010986, Mean_ioU: 0.06152660399675369, Mean_Dice: 0.1081409603357315
2023-10-16 14:10:52,525 [trainer.py:142] INFO: Epoch : 6, Train_loss : 0.4923141300678253, Mean_ioU: 0.07240010797977448, Mean_Dice: 0.12657353281974792
2023-10-16 14:11:46,340 [trainer.py:142] INFO: Epoch : 7, Train_loss : 0.48497942090034485, Mean_ioU: 0.08815683424472809, Mean_Dice: 0.15009380877017975
2023-10-16 14:12:40,938 [trainer.py:142] INFO: Epoch : 8, Train_loss : 0.47809281945228577, Mean_ioU: 0.10130332410335541, Mean_Dice: 0.1698320209980011
2023-10-16 14:13:33,214 [trainer.py:142] INFO: Epoch : 9, Train_loss : 0.46791544556617737, Mean_ioU: 0.11677627265453339, Mean_Dice: 0.19249333441257477
2023-10-16 14:14:26,992 [trainer.py:142] INFO: Epoch : 10, Train_loss : 0.4253385365009308, Mean_ioU: 0.1812390685081482, Mean_Dice: 0.28808724880218506
2023-10-16 14:14:28,673 [trainer.py:190] INFO: Validation: Loss : 0.4111991226673126, mIoU : 0.20574140548706055, mDice : 0.32656195759773254
2023-10-16 14:15:22,053 [trainer.py:142] INFO: Epoch : 11, Train_loss : 0.40679243206977844, Mean_ioU: 0.21736106276512146, Mean_Dice: 0.3431539535522461
2023-10-16 14:16:13,746 [trainer.py:142] INFO: Epoch : 12, Train_loss : 0.33290693163871765, Mean_ioU: 0.2881542444229126, Mean_Dice: 0.4342077076435089
2023-10-16 14:17:08,365 [trainer.py:142] INFO: Epoch : 13, Train_loss : 0.3571862578392029, Mean_ioU: 0.25193047523498535, Mean_Dice: 0.3747836649417877
2023-10-16 14:18:02,273 [trainer.py:142] INFO: Epoch : 14, Train_loss : 0.4085109233856201, Mean_ioU: 0.19887010753154755, Mean_Dice: 0.31958648562431335
2023-10-16 14:18:57,147 [trainer.py:142] INFO: Epoch : 15, Train_loss : 0.36723873019218445, Mean_ioU: 0.24475045502185822, Mean_Dice: 0.3790905773639679
2023-10-16 14:19:52,363 [trainer.py:142] INFO: Epoch : 16, Train_loss : 0.34602421522140503, Mean_ioU: 0.2724495530128479, Mean_Dice: 0.41364097595214844
2023-10-16 14:20:46,907 [trainer.py:142] INFO: Epoch : 17, Train_loss : 0.317641943693161, Mean_ioU: 0.309217631816864, Mean_Dice: 0.45789116621017456
2023-10-16 14:21:42,882 [trainer.py:142] INFO: Epoch : 18, Train_loss : 0.3202047646045685, Mean_ioU: 0.3025631904602051, Mean_Dice: 0.4470027685165405
2023-10-16 14:22:36,506 [trainer.py:142] INFO: Epoch : 19, Train_loss : 0.2934546172618866, Mean_ioU: 0.3462234139442444, Mean_Dice: 0.49988293647766113
2023-10-16 14:23:31,637 [trainer.py:142] INFO: Epoch : 20, Train_loss : 0.26972970366477966, Mean_ioU: 0.3758046627044678, Mean_Dice: 0.5357321500778198
2023-10-16 14:23:33,338 [trainer.py:190] INFO: Validation: Loss : 0.26805561780929565, mIoU : 0.3738366663455963, mDice : 0.5342300534248352
2023-10-16 14:23:33,840 [utils.py:24] INFO: Saving ./checkpoint/ckpt_0.268056 ckp 
2023-10-16 14:24:26,537 [trainer.py:142] INFO: Epoch : 21, Train_loss : 0.2646852433681488, Mean_ioU: 0.3836451768875122, Mean_Dice: 0.543039083480835
2023-10-16 14:25:20,341 [trainer.py:142] INFO: Epoch : 22, Train_loss : 0.2546639144420624, Mean_ioU: 0.39715468883514404, Mean_Dice: 0.5576770305633545
2023-10-16 14:26:14,775 [trainer.py:142] INFO: Epoch : 23, Train_loss : 0.2559809684753418, Mean_ioU: 0.3986367881298065, Mean_Dice: 0.554068922996521
2023-10-16 14:27:09,222 [trainer.py:142] INFO: Epoch : 24, Train_loss : 0.24894985556602478, Mean_ioU: 0.4131649136543274, Mean_Dice: 0.5704047679901123
2023-10-16 14:28:03,782 [trainer.py:142] INFO: Epoch : 25, Train_loss : 0.1914127767086029, Mean_ioU: 0.5093735456466675, Mean_Dice: 0.665569007396698
2023-10-16 14:28:55,618 [trainer.py:142] INFO: Epoch : 26, Train_loss : 0.18496675789356232, Mean_ioU: 0.520476758480072, Mean_Dice: 0.6744611263275146
2023-10-16 14:29:49,285 [trainer.py:142] INFO: Epoch : 27, Train_loss : 0.17959308624267578, Mean_ioU: 0.530491828918457, Mean_Dice: 0.6832133531570435
2023-10-16 14:30:41,955 [trainer.py:142] INFO: Epoch : 28, Train_loss : 0.17553044855594635, Mean_ioU: 0.5386683940887451, Mean_Dice: 0.6899901628494263
2023-10-16 14:31:35,744 [trainer.py:142] INFO: Epoch : 29, Train_loss : 0.1746387928724289, Mean_ioU: 0.541262149810791, Mean_Dice: 0.6919626593589783
2023-10-16 14:32:29,246 [trainer.py:142] INFO: Epoch : 30, Train_loss : 0.1726304441690445, Mean_ioU: 0.5441592335700989, Mean_Dice: 0.6945368647575378
2023-10-16 14:32:30,875 [trainer.py:190] INFO: Validation: Loss : 0.16568098962306976, mIoU : 0.5584203600883484, mDice : 0.7081505060195923
2023-10-16 14:32:31,320 [utils.py:24] INFO: Saving ./checkpoint/ckpt_0.165681 ckp 
2023-10-16 14:33:24,782 [trainer.py:142] INFO: Epoch : 31, Train_loss : 0.2678658068180084, Mean_ioU: 0.3796476721763611, Mean_Dice: 0.5364074110984802
2023-10-16 14:34:08,982 [trainer.py:142] INFO: Epoch : 32, Train_loss : nan, Mean_ioU: 0.10293398052453995, Mean_Dice: nan
2023-10-16 14:34:51,233 [trainer.py:142] INFO: Epoch : 33, Train_loss : nan, Mean_ioU: 0.033049631863832474, Mean_Dice: nan
2023-10-16 14:35:33,351 [trainer.py:142] INFO: Epoch : 34, Train_loss : nan, Mean_ioU: 0.03305080160498619, Mean_Dice: nan
2023-10-16 14:36:15,956 [trainer.py:142] INFO: Epoch : 35, Train_loss : nan, Mean_ioU: 0.03305094316601753, Mean_Dice: nan
2023-10-16 14:36:57,879 [trainer.py:142] INFO: Epoch : 36, Train_loss : nan, Mean_ioU: 0.033049844205379486, Mean_Dice: nan
