2023-10-13 12:00:45,413 [train.py:60] INFO: learning rate : 0.001
2023-10-13 12:00:45,413 [train.py:61] INFO: batch size : 25
2023-10-13 12:00:45,414 [train.py:62] INFO: num epoch : 300
2023-10-13 12:00:45,414 [train.py:63] INFO: trainflow: 10
2023-10-13 12:00:45,414 [train.py:84] INFO: ==========Start training=========
2023-10-13 12:01:15,710 [trainer.py:140] INFO: Epoch : 1, Train_loss : 0.2676534056663513, Mean_ioU: 0.46031513810157776, Mean_Dice: 0.6000571250915527
2023-10-13 12:01:36,081 [trainer.py:140] INFO: Epoch : 2, Train_loss : 0.14319933950901031, Mean_ioU: 0.6218722462654114, Mean_Dice: 0.7595369815826416
2023-10-13 12:01:56,246 [trainer.py:140] INFO: Epoch : 3, Train_loss : 0.126991406083107, Mean_ioU: 0.6542150974273682, Mean_Dice: 0.7836928963661194
2023-10-13 12:02:16,877 [trainer.py:140] INFO: Epoch : 4, Train_loss : 0.11837785691022873, Mean_ioU: 0.675940990447998, Mean_Dice: 0.8001784682273865
2023-10-13 12:02:37,299 [trainer.py:140] INFO: Epoch : 5, Train_loss : 0.1226334422826767, Mean_ioU: 0.6679542064666748, Mean_Dice: 0.7938060760498047
2023-10-13 12:02:57,319 [trainer.py:140] INFO: Epoch : 6, Train_loss : 0.10589705407619476, Mean_ioU: 0.7024293541908264, Mean_Dice: 0.8200778365135193
2023-10-13 12:03:17,931 [trainer.py:140] INFO: Epoch : 7, Train_loss : 0.09746845066547394, Mean_ioU: 0.7236153483390808, Mean_Dice: 0.8352030515670776
2023-10-13 12:03:38,456 [trainer.py:140] INFO: Epoch : 8, Train_loss : 0.09189490973949432, Mean_ioU: 0.7366230487823486, Mean_Dice: 0.8442229628562927
2023-10-13 12:03:58,935 [trainer.py:140] INFO: Epoch : 9, Train_loss : 0.08950812369585037, Mean_ioU: 0.7438250780105591, Mean_Dice: 0.8489900827407837
2023-10-13 12:04:19,592 [trainer.py:140] INFO: Epoch : 10, Train_loss : 0.087501659989357, Mean_ioU: 0.7458699941635132, Mean_Dice: 0.8504652380943298
2023-10-13 12:04:23,717 [trainer.py:188] INFO: Validation: Loss : 0.10530529171228409, mIoU : 0.7076523303985596, mDice : 0.8221732974052429
2023-10-13 12:04:44,804 [trainer.py:140] INFO: Epoch : 11, Train_loss : 0.0799851343035698, Mean_ioU: 0.7665687203407288, Mean_Dice: 0.8648927211761475
2023-10-13 12:05:05,075 [trainer.py:140] INFO: Epoch : 12, Train_loss : 0.07659776508808136, Mean_ioU: 0.7745220065116882, Mean_Dice: 0.8699595332145691
2023-10-13 12:05:25,749 [trainer.py:140] INFO: Epoch : 13, Train_loss : 0.0754220113158226, Mean_ioU: 0.7773450016975403, Mean_Dice: 0.8718617558479309
2023-10-13 12:05:46,327 [trainer.py:140] INFO: Epoch : 14, Train_loss : 0.07428410649299622, Mean_ioU: 0.779844343662262, Mean_Dice: 0.8735016584396362
2023-10-13 12:06:06,417 [trainer.py:140] INFO: Epoch : 15, Train_loss : 0.07439732551574707, Mean_ioU: 0.7814416885375977, Mean_Dice: 0.8745130896568298
2023-10-13 12:06:26,751 [trainer.py:140] INFO: Epoch : 16, Train_loss : 0.0726274624466896, Mean_ioU: 0.7851753830909729, Mean_Dice: 0.8770418763160706
2023-10-13 12:06:47,206 [trainer.py:140] INFO: Epoch : 17, Train_loss : 0.07264504581689835, Mean_ioU: 0.7865864634513855, Mean_Dice: 0.8779892921447754
2023-10-13 12:07:07,688 [trainer.py:140] INFO: Epoch : 18, Train_loss : 0.07376966625452042, Mean_ioU: 0.7833303809165955, Mean_Dice: 0.8756150603294373
2023-10-13 12:07:27,991 [trainer.py:140] INFO: Epoch : 19, Train_loss : 0.072151318192482, Mean_ioU: 0.7875319719314575, Mean_Dice: 0.8784064054489136
2023-10-13 12:07:48,371 [trainer.py:140] INFO: Epoch : 20, Train_loss : 0.07107943296432495, Mean_ioU: 0.7894546389579773, Mean_Dice: 0.8797809481620789
2023-10-13 12:07:51,642 [trainer.py:188] INFO: Validation: Loss : 0.09759422391653061, mIoU : 0.7238941192626953, mDice : 0.8332441449165344
2023-10-13 12:07:52,348 [utils.py:24] INFO: Saving ./checkpoint/ckpt_0.097594 ckp 
2023-10-13 12:08:13,074 [trainer.py:140] INFO: Epoch : 21, Train_loss : 0.0700085237622261, Mean_ioU: 0.7939276695251465, Mean_Dice: 0.8826156258583069
2023-10-13 12:08:34,116 [trainer.py:140] INFO: Epoch : 22, Train_loss : 0.06918387115001678, Mean_ioU: 0.7948594689369202, Mean_Dice: 0.8832918405532837
2023-10-13 12:08:54,200 [trainer.py:140] INFO: Epoch : 23, Train_loss : 0.06981094181537628, Mean_ioU: 0.7931146621704102, Mean_Dice: 0.8818950057029724
2023-10-13 12:09:14,287 [trainer.py:140] INFO: Epoch : 24, Train_loss : 0.07031068950891495, Mean_ioU: 0.7923765182495117, Mean_Dice: 0.8819542527198792
2023-10-13 12:09:34,554 [trainer.py:140] INFO: Epoch : 25, Train_loss : 0.0695793554186821, Mean_ioU: 0.7941218018531799, Mean_Dice: 0.8828290104866028
2023-10-13 12:09:55,001 [trainer.py:140] INFO: Epoch : 26, Train_loss : 0.06999755650758743, Mean_ioU: 0.7943916916847229, Mean_Dice: 0.8829560875892639
2023-10-13 12:10:15,270 [trainer.py:140] INFO: Epoch : 27, Train_loss : 0.07031997293233871, Mean_ioU: 0.7927455902099609, Mean_Dice: 0.8817620873451233
2023-10-13 12:10:35,672 [trainer.py:140] INFO: Epoch : 28, Train_loss : 0.06915868818759918, Mean_ioU: 0.7951064705848694, Mean_Dice: 0.8835975527763367
2023-10-13 12:10:56,251 [trainer.py:140] INFO: Epoch : 29, Train_loss : 0.07008103281259537, Mean_ioU: 0.7929823398590088, Mean_Dice: 0.8820072412490845
2023-10-13 12:11:16,800 [trainer.py:140] INFO: Epoch : 30, Train_loss : 0.06962890177965164, Mean_ioU: 0.7936646342277527, Mean_Dice: 0.882486879825592
2023-10-13 12:11:19,988 [trainer.py:188] INFO: Validation: Loss : 0.09681852161884308, mIoU : 0.7240250706672668, mDice : 0.8335583806037903
2023-10-13 12:11:20,692 [utils.py:24] INFO: Saving ./checkpoint/ckpt_0.096819 ckp 
2023-10-13 12:11:41,593 [trainer.py:140] INFO: Epoch : 31, Train_loss : 0.06854910403490067, Mean_ioU: 0.796816349029541, Mean_Dice: 0.8847658038139343
2023-10-13 12:12:01,790 [trainer.py:140] INFO: Epoch : 32, Train_loss : 0.0694253072142601, Mean_ioU: 0.7960115075111389, Mean_Dice: 0.8839907646179199
2023-10-13 12:12:22,184 [trainer.py:140] INFO: Epoch : 33, Train_loss : 0.0694316104054451, Mean_ioU: 0.7952023148536682, Mean_Dice: 0.8834012746810913
2023-10-13 12:12:42,839 [trainer.py:140] INFO: Epoch : 34, Train_loss : 0.06845923513174057, Mean_ioU: 0.7976831793785095, Mean_Dice: 0.8851287364959717
2023-10-13 12:13:03,127 [trainer.py:140] INFO: Epoch : 35, Train_loss : 0.06886844336986542, Mean_ioU: 0.7965723872184753, Mean_Dice: 0.884414553642273
2023-10-13 12:13:23,766 [trainer.py:140] INFO: Epoch : 36, Train_loss : 0.06834033876657486, Mean_ioU: 0.7981762886047363, Mean_Dice: 0.8856069445610046
2023-10-13 12:13:44,186 [trainer.py:140] INFO: Epoch : 37, Train_loss : 0.06933442503213882, Mean_ioU: 0.7946538925170898, Mean_Dice: 0.8831471800804138
2023-10-13 12:14:04,506 [trainer.py:140] INFO: Epoch : 38, Train_loss : 0.06937921792268753, Mean_ioU: 0.7955915331840515, Mean_Dice: 0.8839930891990662
2023-10-13 12:14:24,835 [trainer.py:140] INFO: Epoch : 39, Train_loss : 0.06945028156042099, Mean_ioU: 0.7948216795921326, Mean_Dice: 0.8831363320350647
2023-10-13 12:14:45,406 [trainer.py:140] INFO: Epoch : 40, Train_loss : 0.06869472563266754, Mean_ioU: 0.7958438396453857, Mean_Dice: 0.8838449120521545
2023-10-13 12:14:48,674 [trainer.py:188] INFO: Validation: Loss : 0.09681118279695511, mIoU : 0.7240541577339172, mDice : 0.8335624933242798
2023-10-13 12:14:49,368 [utils.py:24] INFO: Saving ./checkpoint/ckpt_0.096811 ckp 
2023-10-13 12:14:49,748 [utils.py:30] INFO: Delete ./checkpoint/ckpt_0.097594.pth ckp
2023-10-13 12:15:09,727 [trainer.py:140] INFO: Epoch : 41, Train_loss : 0.06870898604393005, Mean_ioU: 0.7952711582183838, Mean_Dice: 0.8836389183998108
2023-10-13 12:15:29,860 [trainer.py:140] INFO: Epoch : 42, Train_loss : 0.06819631159305573, Mean_ioU: 0.7974727749824524, Mean_Dice: 0.8852419853210449
2023-10-13 12:15:50,387 [trainer.py:140] INFO: Epoch : 43, Train_loss : 0.06989285349845886, Mean_ioU: 0.7933725118637085, Mean_Dice: 0.8819560408592224
2023-10-13 12:16:10,672 [trainer.py:140] INFO: Epoch : 44, Train_loss : 0.06964309513568878, Mean_ioU: 0.7954513430595398, Mean_Dice: 0.8834726810455322
2023-10-13 12:16:30,892 [trainer.py:140] INFO: Epoch : 45, Train_loss : 0.0690913274884224, Mean_ioU: 0.7960062623023987, Mean_Dice: 0.884194016456604
2023-10-13 12:16:51,173 [trainer.py:140] INFO: Epoch : 46, Train_loss : 0.06910783797502518, Mean_ioU: 0.7948947548866272, Mean_Dice: 0.8833622336387634
2023-10-13 12:17:11,688 [trainer.py:140] INFO: Epoch : 47, Train_loss : 0.07034162431955338, Mean_ioU: 0.7939608693122864, Mean_Dice: 0.8826786279678345
2023-10-13 12:17:32,012 [trainer.py:140] INFO: Epoch : 48, Train_loss : 0.06881186366081238, Mean_ioU: 0.797678530216217, Mean_Dice: 0.8850452899932861
2023-10-13 12:17:52,483 [trainer.py:140] INFO: Epoch : 49, Train_loss : 0.068794384598732, Mean_ioU: 0.7966262698173523, Mean_Dice: 0.8846584558486938
2023-10-13 12:18:13,172 [trainer.py:140] INFO: Epoch : 50, Train_loss : 0.0700017511844635, Mean_ioU: 0.7935069799423218, Mean_Dice: 0.8824558258056641
2023-10-13 12:18:16,344 [trainer.py:188] INFO: Validation: Loss : 0.09686733782291412, mIoU : 0.7241805195808411, mDice : 0.8336707949638367
2023-10-13 12:18:37,280 [trainer.py:140] INFO: Epoch : 51, Train_loss : 0.06854373961687088, Mean_ioU: 0.7961355447769165, Mean_Dice: 0.8842183351516724
2023-10-13 12:18:57,718 [trainer.py:140] INFO: Epoch : 52, Train_loss : 0.06876523047685623, Mean_ioU: 0.7972860336303711, Mean_Dice: 0.8847507834434509
2023-10-13 12:19:18,466 [trainer.py:140] INFO: Epoch : 53, Train_loss : 0.0690464973449707, Mean_ioU: 0.7957448363304138, Mean_Dice: 0.8838682174682617
2023-10-13 12:19:38,902 [trainer.py:140] INFO: Epoch : 54, Train_loss : 0.06928712129592896, Mean_ioU: 0.7949783802032471, Mean_Dice: 0.8832926750183105
2023-10-13 12:19:59,629 [trainer.py:140] INFO: Epoch : 55, Train_loss : 0.0693197175860405, Mean_ioU: 0.7942103743553162, Mean_Dice: 0.8827357888221741
2023-10-13 12:20:19,913 [trainer.py:140] INFO: Epoch : 56, Train_loss : 0.07002448290586472, Mean_ioU: 0.7937921285629272, Mean_Dice: 0.8826446533203125
2023-10-13 12:20:40,228 [trainer.py:140] INFO: Epoch : 57, Train_loss : 0.06905274838209152, Mean_ioU: 0.796119749546051, Mean_Dice: 0.8843067288398743
2023-10-13 12:21:00,383 [trainer.py:140] INFO: Epoch : 58, Train_loss : 0.06828820705413818, Mean_ioU: 0.7976160645484924, Mean_Dice: 0.8852086663246155
2023-10-13 12:21:20,535 [trainer.py:140] INFO: Epoch : 59, Train_loss : 0.06870009005069733, Mean_ioU: 0.7976316213607788, Mean_Dice: 0.8851879835128784
2023-10-13 12:21:41,076 [trainer.py:140] INFO: Epoch : 60, Train_loss : 0.06913190335035324, Mean_ioU: 0.7947008609771729, Mean_Dice: 0.8829237818717957
2023-10-13 12:21:44,258 [trainer.py:188] INFO: Validation: Loss : 0.09692779928445816, mIoU : 0.7242366671562195, mDice : 0.833678662776947
2023-10-13 12:22:05,086 [trainer.py:140] INFO: Epoch : 61, Train_loss : 0.06912717968225479, Mean_ioU: 0.79437255859375, Mean_Dice: 0.8829827308654785
2023-10-13 12:22:25,900 [trainer.py:140] INFO: Epoch : 62, Train_loss : 0.06928153336048126, Mean_ioU: 0.7950366139411926, Mean_Dice: 0.8833146095275879
2023-10-13 12:22:46,007 [trainer.py:140] INFO: Epoch : 63, Train_loss : 0.06873416900634766, Mean_ioU: 0.796439528465271, Mean_Dice: 0.8844438195228577
2023-10-13 12:23:06,424 [trainer.py:140] INFO: Epoch : 64, Train_loss : 0.06835953146219254, Mean_ioU: 0.7966656684875488, Mean_Dice: 0.8846217393875122
2023-10-13 12:23:26,968 [trainer.py:140] INFO: Epoch : 65, Train_loss : 0.06878828257322311, Mean_ioU: 0.7959290742874146, Mean_Dice: 0.8839071393013
2023-10-13 12:23:47,406 [trainer.py:140] INFO: Epoch : 66, Train_loss : 0.0693315789103508, Mean_ioU: 0.7950112819671631, Mean_Dice: 0.8834492564201355
2023-10-13 12:24:07,987 [trainer.py:140] INFO: Epoch : 67, Train_loss : 0.06799871474504471, Mean_ioU: 0.7978171706199646, Mean_Dice: 0.885550320148468
2023-10-13 12:24:28,286 [trainer.py:140] INFO: Epoch : 68, Train_loss : 0.06934937089681625, Mean_ioU: 0.7946822643280029, Mean_Dice: 0.8831228017807007
2023-10-13 12:24:49,066 [trainer.py:140] INFO: Epoch : 69, Train_loss : 0.06925264000892639, Mean_ioU: 0.7951429486274719, Mean_Dice: 0.8833438158035278
2023-10-13 12:25:09,492 [trainer.py:140] INFO: Epoch : 70, Train_loss : 0.06906396895647049, Mean_ioU: 0.794265866279602, Mean_Dice: 0.8829813599586487
2023-10-13 12:25:12,715 [trainer.py:188] INFO: Validation: Loss : 0.09687408059835434, mIoU : 0.7241575717926025, mDice : 0.8336332440376282
2023-10-13 12:25:33,500 [trainer.py:140] INFO: Epoch : 71, Train_loss : 0.06912308931350708, Mean_ioU: 0.7959546446800232, Mean_Dice: 0.8841806054115295
2023-10-13 12:25:53,914 [trainer.py:140] INFO: Epoch : 72, Train_loss : 0.06903617829084396, Mean_ioU: 0.7954822182655334, Mean_Dice: 0.8837051391601562
2023-10-13 12:26:14,277 [trainer.py:140] INFO: Epoch : 73, Train_loss : 0.06874633580446243, Mean_ioU: 0.7951383590698242, Mean_Dice: 0.8835268020629883
2023-10-13 12:26:34,257 [trainer.py:140] INFO: Epoch : 74, Train_loss : 0.06973712891340256, Mean_ioU: 0.7929098606109619, Mean_Dice: 0.8816164135932922
2023-10-13 12:26:54,524 [trainer.py:140] INFO: Epoch : 75, Train_loss : 0.06936788558959961, Mean_ioU: 0.795604944229126, Mean_Dice: 0.8836227059364319
2023-10-13 12:27:14,630 [trainer.py:140] INFO: Epoch : 76, Train_loss : 0.06802405416965485, Mean_ioU: 0.7977887392044067, Mean_Dice: 0.885417640209198
2023-10-13 12:27:35,362 [trainer.py:140] INFO: Epoch : 77, Train_loss : 0.06994611024856567, Mean_ioU: 0.7940986752510071, Mean_Dice: 0.8828331828117371
2023-10-13 12:27:56,094 [trainer.py:140] INFO: Epoch : 78, Train_loss : 0.0697033554315567, Mean_ioU: 0.7945829033851624, Mean_Dice: 0.8829846978187561
2023-10-13 12:28:16,520 [trainer.py:140] INFO: Epoch : 79, Train_loss : 0.0695716142654419, Mean_ioU: 0.7948477864265442, Mean_Dice: 0.8833413124084473
2023-10-13 12:28:37,131 [trainer.py:140] INFO: Epoch : 80, Train_loss : 0.06970924884080887, Mean_ioU: 0.7943870425224304, Mean_Dice: 0.8829509615898132
2023-10-13 12:28:40,372 [trainer.py:188] INFO: Validation: Loss : 0.09701389074325562, mIoU : 0.7240455746650696, mDice : 0.8335320353507996
2023-10-13 12:29:01,083 [trainer.py:140] INFO: Epoch : 81, Train_loss : 0.06899107247591019, Mean_ioU: 0.7956264019012451, Mean_Dice: 0.8839421272277832
2023-10-13 12:29:21,674 [trainer.py:140] INFO: Epoch : 82, Train_loss : 0.06757667660713196, Mean_ioU: 0.7990655899047852, Mean_Dice: 0.8862372636795044
2023-10-13 12:29:42,011 [trainer.py:140] INFO: Epoch : 83, Train_loss : 0.06827106326818466, Mean_ioU: 0.7981279492378235, Mean_Dice: 0.8855482339859009
2023-10-13 12:30:02,580 [trainer.py:140] INFO: Epoch : 84, Train_loss : 0.06960148364305496, Mean_ioU: 0.7949009537696838, Mean_Dice: 0.8832950592041016
2023-10-13 12:30:22,730 [trainer.py:140] INFO: Epoch : 85, Train_loss : 0.06909523904323578, Mean_ioU: 0.7947569489479065, Mean_Dice: 0.8830109238624573
2023-10-13 12:30:43,002 [trainer.py:140] INFO: Epoch : 86, Train_loss : 0.06902695447206497, Mean_ioU: 0.7961887717247009, Mean_Dice: 0.8842165470123291
2023-10-13 12:31:03,343 [trainer.py:140] INFO: Epoch : 87, Train_loss : 0.06985820829868317, Mean_ioU: 0.7930040955543518, Mean_Dice: 0.8819059729576111
2023-10-13 12:31:23,377 [trainer.py:140] INFO: Epoch : 88, Train_loss : 0.06987312436103821, Mean_ioU: 0.7928839921951294, Mean_Dice: 0.8817586898803711
2023-10-13 12:31:43,431 [trainer.py:140] INFO: Epoch : 89, Train_loss : 0.06856182962656021, Mean_ioU: 0.7961485981941223, Mean_Dice: 0.884263277053833
2023-10-13 12:32:03,940 [trainer.py:140] INFO: Epoch : 90, Train_loss : 0.06816224008798599, Mean_ioU: 0.7965179085731506, Mean_Dice: 0.8842849135398865
2023-10-13 12:32:07,187 [trainer.py:188] INFO: Validation: Loss : 0.09695005416870117, mIoU : 0.7240447998046875, mDice : 0.8335514664649963
2023-10-13 12:32:28,394 [trainer.py:140] INFO: Epoch : 91, Train_loss : 0.07037799060344696, Mean_ioU: 0.7939425110816956, Mean_Dice: 0.8827321529388428
2023-10-13 12:32:48,962 [trainer.py:140] INFO: Epoch : 92, Train_loss : 0.06877093017101288, Mean_ioU: 0.7958575487136841, Mean_Dice: 0.8840413093566895
2023-10-13 12:33:09,372 [trainer.py:140] INFO: Epoch : 93, Train_loss : 0.06939224898815155, Mean_ioU: 0.7955083847045898, Mean_Dice: 0.8838140368461609
2023-10-13 12:33:29,924 [trainer.py:140] INFO: Epoch : 94, Train_loss : 0.0693431943655014, Mean_ioU: 0.7953135371208191, Mean_Dice: 0.8836292624473572
2023-10-13 12:33:50,608 [trainer.py:140] INFO: Epoch : 95, Train_loss : 0.0688198059797287, Mean_ioU: 0.7962709069252014, Mean_Dice: 0.8843589425086975
2023-10-13 12:34:11,279 [trainer.py:140] INFO: Epoch : 96, Train_loss : 0.0688411220908165, Mean_ioU: 0.7967491745948792, Mean_Dice: 0.8845679759979248
2023-10-13 12:34:31,802 [trainer.py:140] INFO: Epoch : 97, Train_loss : 0.0688161626458168, Mean_ioU: 0.7967261672019958, Mean_Dice: 0.8844456076622009
2023-10-13 12:34:52,353 [trainer.py:140] INFO: Epoch : 98, Train_loss : 0.06848679482936859, Mean_ioU: 0.7976976037025452, Mean_Dice: 0.8853302001953125
2023-10-13 12:35:12,721 [trainer.py:140] INFO: Epoch : 99, Train_loss : 0.06854983419179916, Mean_ioU: 0.7970384359359741, Mean_Dice: 0.8848719000816345
2023-10-13 12:35:32,983 [trainer.py:140] INFO: Epoch : 100, Train_loss : 0.06926064938306808, Mean_ioU: 0.7955010533332825, Mean_Dice: 0.8837690949440002
2023-10-13 12:35:36,147 [trainer.py:188] INFO: Validation: Loss : 0.09690982848405838, mIoU : 0.7240607738494873, mDice : 0.8335540890693665
2023-10-13 12:35:57,562 [trainer.py:140] INFO: Epoch : 101, Train_loss : 0.06887159496545792, Mean_ioU: 0.7951589226722717, Mean_Dice: 0.8835223913192749
2023-10-13 12:36:18,187 [trainer.py:140] INFO: Epoch : 102, Train_loss : 0.06781698763370514, Mean_ioU: 0.7979946136474609, Mean_Dice: 0.8854371309280396
2023-10-13 12:36:38,755 [trainer.py:140] INFO: Epoch : 103, Train_loss : 0.06901933252811432, Mean_ioU: 0.7960934638977051, Mean_Dice: 0.8841477036476135
2023-10-13 12:36:58,680 [trainer.py:140] INFO: Epoch : 104, Train_loss : 0.06928988546133041, Mean_ioU: 0.7945128083229065, Mean_Dice: 0.8830263614654541
2023-10-13 12:37:19,105 [trainer.py:140] INFO: Epoch : 105, Train_loss : 0.0692678913474083, Mean_ioU: 0.7943862080574036, Mean_Dice: 0.8827550411224365
2023-10-13 12:37:39,231 [trainer.py:140] INFO: Epoch : 106, Train_loss : 0.06872604787349701, Mean_ioU: 0.7961838245391846, Mean_Dice: 0.8842576742172241
2023-10-13 12:37:59,865 [trainer.py:140] INFO: Epoch : 107, Train_loss : 0.06918349117040634, Mean_ioU: 0.7954812049865723, Mean_Dice: 0.8835025429725647
2023-10-13 12:38:20,083 [trainer.py:140] INFO: Epoch : 108, Train_loss : 0.069550059735775, Mean_ioU: 0.7946662902832031, Mean_Dice: 0.8831557035446167
2023-10-13 12:38:40,626 [trainer.py:140] INFO: Epoch : 109, Train_loss : 0.06900158524513245, Mean_ioU: 0.7961070537567139, Mean_Dice: 0.884024441242218
2023-10-13 12:39:01,287 [trainer.py:140] INFO: Epoch : 110, Train_loss : 0.06824985891580582, Mean_ioU: 0.7978430390357971, Mean_Dice: 0.885124921798706
2023-10-13 12:39:04,485 [trainer.py:188] INFO: Validation: Loss : 0.09683951735496521, mIoU : 0.7242450714111328, mDice : 0.8336828351020813
2023-10-13 12:39:25,566 [trainer.py:140] INFO: Epoch : 111, Train_loss : 0.0690411776304245, Mean_ioU: 0.7958115339279175, Mean_Dice: 0.8839699625968933
2023-10-13 12:39:46,080 [trainer.py:140] INFO: Epoch : 112, Train_loss : 0.06919461488723755, Mean_ioU: 0.7960177063941956, Mean_Dice: 0.8840276598930359
2023-10-13 12:40:06,408 [trainer.py:140] INFO: Epoch : 113, Train_loss : 0.0689675435423851, Mean_ioU: 0.7947341203689575, Mean_Dice: 0.883240818977356
2023-10-13 12:40:26,858 [trainer.py:140] INFO: Epoch : 114, Train_loss : 0.07017368078231812, Mean_ioU: 0.7933502197265625, Mean_Dice: 0.8819844722747803
2023-10-13 12:40:47,115 [trainer.py:140] INFO: Epoch : 115, Train_loss : 0.07089753448963165, Mean_ioU: 0.7922236323356628, Mean_Dice: 0.8815398812294006
2023-10-13 12:41:07,419 [trainer.py:140] INFO: Epoch : 116, Train_loss : 0.06882209330797195, Mean_ioU: 0.7970064878463745, Mean_Dice: 0.8846385478973389
2023-10-13 12:41:27,395 [trainer.py:140] INFO: Epoch : 117, Train_loss : 0.06846758723258972, Mean_ioU: 0.7953376770019531, Mean_Dice: 0.8836895823478699
2023-10-13 12:41:47,847 [trainer.py:140] INFO: Epoch : 118, Train_loss : 0.07033326476812363, Mean_ioU: 0.792720377445221, Mean_Dice: 0.8815609216690063
2023-10-13 12:42:08,341 [trainer.py:140] INFO: Epoch : 119, Train_loss : 0.06887656450271606, Mean_ioU: 0.795746922492981, Mean_Dice: 0.8835960030555725
2023-10-13 12:42:28,767 [trainer.py:140] INFO: Epoch : 120, Train_loss : 0.06946419179439545, Mean_ioU: 0.7946469187736511, Mean_Dice: 0.8830875158309937
2023-10-13 12:42:31,982 [trainer.py:188] INFO: Validation: Loss : 0.09695397317409515, mIoU : 0.7240490913391113, mDice : 0.8335430026054382
2023-10-13 12:42:52,687 [trainer.py:140] INFO: Epoch : 121, Train_loss : 0.06970185786485672, Mean_ioU: 0.7941386103630066, Mean_Dice: 0.8829081654548645
2023-10-13 12:43:13,024 [trainer.py:140] INFO: Epoch : 122, Train_loss : 0.06820796430110931, Mean_ioU: 0.7983782291412354, Mean_Dice: 0.8857007622718811
2023-10-13 12:43:33,263 [trainer.py:140] INFO: Epoch : 123, Train_loss : 0.06832413375377655, Mean_ioU: 0.7976459264755249, Mean_Dice: 0.8852254152297974
2023-10-13 12:43:53,488 [trainer.py:140] INFO: Epoch : 124, Train_loss : 0.06890224665403366, Mean_ioU: 0.7963100075721741, Mean_Dice: 0.8840847611427307
2023-10-13 12:44:14,016 [trainer.py:140] INFO: Epoch : 125, Train_loss : 0.06926041841506958, Mean_ioU: 0.7949341535568237, Mean_Dice: 0.8833935856819153
2023-10-13 12:44:34,549 [trainer.py:140] INFO: Epoch : 126, Train_loss : 0.06943240016698837, Mean_ioU: 0.7948412299156189, Mean_Dice: 0.8832337856292725
2023-10-13 12:44:55,264 [trainer.py:140] INFO: Epoch : 127, Train_loss : 0.06911658495664597, Mean_ioU: 0.7959113717079163, Mean_Dice: 0.8840593695640564
2023-10-13 12:45:15,723 [trainer.py:140] INFO: Epoch : 128, Train_loss : 0.06794057041406631, Mean_ioU: 0.7978134155273438, Mean_Dice: 0.8853247165679932
2023-10-13 12:45:36,133 [trainer.py:140] INFO: Epoch : 129, Train_loss : 0.06931419670581818, Mean_ioU: 0.7952482104301453, Mean_Dice: 0.883489727973938
2023-10-13 12:45:56,584 [trainer.py:140] INFO: Epoch : 130, Train_loss : 0.0686645656824112, Mean_ioU: 0.7963045239448547, Mean_Dice: 0.884263277053833
2023-10-13 12:45:59,809 [trainer.py:188] INFO: Validation: Loss : 0.09687529504299164, mIoU : 0.7241201400756836, mDice : 0.8336090445518494
2023-10-13 12:46:20,732 [trainer.py:140] INFO: Epoch : 131, Train_loss : 0.06818189471960068, Mean_ioU: 0.797699511051178, Mean_Dice: 0.8852526545524597
2023-10-13 12:46:41,071 [trainer.py:140] INFO: Epoch : 132, Train_loss : 0.06935242563486099, Mean_ioU: 0.794226348400116, Mean_Dice: 0.8827966451644897
2023-10-13 12:47:01,297 [trainer.py:140] INFO: Epoch : 133, Train_loss : 0.06792961806058884, Mean_ioU: 0.7974569797515869, Mean_Dice: 0.8851901888847351
2023-10-13 12:47:21,902 [trainer.py:140] INFO: Epoch : 134, Train_loss : 0.06954348832368851, Mean_ioU: 0.7941627502441406, Mean_Dice: 0.8829187154769897
2023-10-13 12:47:42,558 [trainer.py:140] INFO: Epoch : 135, Train_loss : 0.06931588053703308, Mean_ioU: 0.7944955229759216, Mean_Dice: 0.8830292820930481
2023-10-13 12:48:02,511 [trainer.py:140] INFO: Epoch : 136, Train_loss : 0.06942596286535263, Mean_ioU: 0.7947574853897095, Mean_Dice: 0.8832264542579651
2023-10-13 12:48:23,254 [trainer.py:140] INFO: Epoch : 137, Train_loss : 0.0690702497959137, Mean_ioU: 0.796234667301178, Mean_Dice: 0.8842167854309082
2023-10-13 12:48:43,592 [trainer.py:140] INFO: Epoch : 138, Train_loss : 0.06905794143676758, Mean_ioU: 0.7954715490341187, Mean_Dice: 0.8838021755218506
2023-10-13 12:49:04,191 [trainer.py:140] INFO: Epoch : 139, Train_loss : 0.0697251483798027, Mean_ioU: 0.794238805770874, Mean_Dice: 0.8829094767570496
2023-10-13 12:49:24,801 [trainer.py:140] INFO: Epoch : 140, Train_loss : 0.06995488703250885, Mean_ioU: 0.7941985130310059, Mean_Dice: 0.8827550411224365
2023-10-13 12:49:28,028 [trainer.py:188] INFO: Validation: Loss : 0.09687896817922592, mIoU : 0.7241791486740112, mDice : 0.8336400389671326
2023-10-13 12:49:48,964 [trainer.py:140] INFO: Epoch : 141, Train_loss : 0.06852899491786957, Mean_ioU: 0.7965986728668213, Mean_Dice: 0.8845417499542236
2023-10-13 12:50:09,453 [trainer.py:140] INFO: Epoch : 142, Train_loss : 0.07024174183607101, Mean_ioU: 0.7934467792510986, Mean_Dice: 0.8823032379150391
2023-10-13 12:50:29,741 [trainer.py:140] INFO: Epoch : 143, Train_loss : 0.0688648372888565, Mean_ioU: 0.7946297526359558, Mean_Dice: 0.8829350471496582
2023-10-13 12:50:50,220 [trainer.py:140] INFO: Epoch : 144, Train_loss : 0.06833228468894958, Mean_ioU: 0.797049343585968, Mean_Dice: 0.8848514556884766
2023-10-13 12:51:10,716 [trainer.py:140] INFO: Epoch : 145, Train_loss : 0.06909510493278503, Mean_ioU: 0.7960339188575745, Mean_Dice: 0.8840503096580505
2023-10-13 12:51:31,042 [trainer.py:140] INFO: Epoch : 146, Train_loss : 0.06985361129045486, Mean_ioU: 0.7940148115158081, Mean_Dice: 0.8827031254768372
2023-10-13 12:51:51,270 [trainer.py:140] INFO: Epoch : 147, Train_loss : 0.06829611957073212, Mean_ioU: 0.7980738282203674, Mean_Dice: 0.8853886723518372
2023-10-13 12:52:11,176 [trainer.py:140] INFO: Epoch : 148, Train_loss : 0.06895118206739426, Mean_ioU: 0.7959144115447998, Mean_Dice: 0.8839752078056335
2023-10-13 12:52:31,719 [trainer.py:140] INFO: Epoch : 149, Train_loss : 0.06889937818050385, Mean_ioU: 0.7957468032836914, Mean_Dice: 0.8838171362876892
2023-10-13 12:52:52,010 [trainer.py:140] INFO: Epoch : 150, Train_loss : 0.06891975551843643, Mean_ioU: 0.7952249050140381, Mean_Dice: 0.883699893951416
2023-10-13 12:52:55,234 [trainer.py:188] INFO: Validation: Loss : 0.09690102934837341, mIoU : 0.7239473462104797, mDice : 0.833462119102478
2023-10-13 12:53:16,321 [trainer.py:140] INFO: Epoch : 151, Train_loss : 0.06915497034788132, Mean_ioU: 0.7958806157112122, Mean_Dice: 0.884050726890564
2023-10-13 12:53:36,724 [trainer.py:140] INFO: Epoch : 152, Train_loss : 0.06858893483877182, Mean_ioU: 0.7964244484901428, Mean_Dice: 0.8844216465950012
2023-10-13 12:53:57,208 [trainer.py:140] INFO: Epoch : 153, Train_loss : 0.0687004029750824, Mean_ioU: 0.7974324822425842, Mean_Dice: 0.8849579095840454
2023-10-13 12:54:17,649 [trainer.py:140] INFO: Epoch : 154, Train_loss : 0.06909718364477158, Mean_ioU: 0.7955792546272278, Mean_Dice: 0.8836448192596436
2023-10-13 12:54:38,065 [trainer.py:140] INFO: Epoch : 155, Train_loss : 0.06934907287359238, Mean_ioU: 0.7949350476264954, Mean_Dice: 0.883414089679718
2023-10-13 12:54:58,502 [trainer.py:140] INFO: Epoch : 156, Train_loss : 0.06828983873128891, Mean_ioU: 0.7973738312721252, Mean_Dice: 0.8851326107978821
2023-10-13 12:55:19,017 [trainer.py:140] INFO: Epoch : 157, Train_loss : 0.06873343884944916, Mean_ioU: 0.7957831025123596, Mean_Dice: 0.8838343024253845
2023-10-13 12:55:39,209 [trainer.py:140] INFO: Epoch : 158, Train_loss : 0.069280244410038, Mean_ioU: 0.7952311038970947, Mean_Dice: 0.8837357759475708
2023-10-13 12:55:59,411 [trainer.py:140] INFO: Epoch : 159, Train_loss : 0.0694279596209526, Mean_ioU: 0.7951951026916504, Mean_Dice: 0.8834947347640991
2023-10-13 12:56:19,679 [trainer.py:140] INFO: Epoch : 160, Train_loss : 0.0686948299407959, Mean_ioU: 0.7960585951805115, Mean_Dice: 0.884074330329895
2023-10-13 12:56:22,837 [trainer.py:188] INFO: Validation: Loss : 0.09682711213827133, mIoU : 0.7243862152099609, mDice : 0.8337862491607666
2023-10-13 12:56:43,696 [trainer.py:140] INFO: Epoch : 161, Train_loss : 0.06842293590307236, Mean_ioU: 0.7976065278053284, Mean_Dice: 0.8851181268692017
2023-10-13 12:57:04,043 [trainer.py:140] INFO: Epoch : 162, Train_loss : 0.06984562426805496, Mean_ioU: 0.7941371202468872, Mean_Dice: 0.8825670480728149
2023-10-13 12:57:24,638 [trainer.py:140] INFO: Epoch : 163, Train_loss : 0.06913462281227112, Mean_ioU: 0.7955817580223083, Mean_Dice: 0.8837037682533264
2023-10-13 12:57:45,020 [trainer.py:140] INFO: Epoch : 164, Train_loss : 0.06887967139482498, Mean_ioU: 0.7963611483573914, Mean_Dice: 0.884425699710846
2023-10-13 12:58:05,082 [trainer.py:140] INFO: Epoch : 165, Train_loss : 0.06915737688541412, Mean_ioU: 0.795694887638092, Mean_Dice: 0.8839848041534424
2023-10-13 12:58:25,708 [trainer.py:140] INFO: Epoch : 166, Train_loss : 0.06867875903844833, Mean_ioU: 0.7961874604225159, Mean_Dice: 0.884113609790802
2023-10-13 12:58:45,804 [trainer.py:140] INFO: Epoch : 167, Train_loss : 0.06819702684879303, Mean_ioU: 0.7968113422393799, Mean_Dice: 0.8845744729042053
2023-10-13 12:59:06,235 [trainer.py:140] INFO: Epoch : 168, Train_loss : 0.06918751448392868, Mean_ioU: 0.796302855014801, Mean_Dice: 0.8842079043388367
2023-10-13 12:59:26,133 [trainer.py:140] INFO: Epoch : 169, Train_loss : 0.06880266219377518, Mean_ioU: 0.7964428067207336, Mean_Dice: 0.8844002485275269
2023-10-13 12:59:46,328 [trainer.py:140] INFO: Epoch : 170, Train_loss : 0.06912853568792343, Mean_ioU: 0.7960689067840576, Mean_Dice: 0.8838027119636536
2023-10-13 12:59:49,664 [trainer.py:188] INFO: Validation: Loss : 0.09689770638942719, mIoU : 0.7241124510765076, mDice : 0.833597719669342
2023-10-13 13:00:10,698 [trainer.py:140] INFO: Epoch : 171, Train_loss : 0.0696253702044487, Mean_ioU: 0.7942123413085938, Mean_Dice: 0.8826660513877869
2023-10-13 13:00:30,923 [trainer.py:140] INFO: Epoch : 172, Train_loss : 0.0684513971209526, Mean_ioU: 0.7981083393096924, Mean_Dice: 0.885522723197937
2023-10-13 13:00:51,780 [trainer.py:140] INFO: Epoch : 173, Train_loss : 0.06904551386833191, Mean_ioU: 0.7962052822113037, Mean_Dice: 0.8841040134429932
2023-10-13 13:01:12,368 [trainer.py:140] INFO: Epoch : 174, Train_loss : 0.06820446252822876, Mean_ioU: 0.797616183757782, Mean_Dice: 0.8851245045661926
2023-10-13 13:01:32,591 [trainer.py:140] INFO: Epoch : 175, Train_loss : 0.06871866434812546, Mean_ioU: 0.7960399389266968, Mean_Dice: 0.8841149210929871
2023-10-13 13:01:52,997 [trainer.py:140] INFO: Epoch : 176, Train_loss : 0.0695008710026741, Mean_ioU: 0.7939208745956421, Mean_Dice: 0.8822884559631348
2023-10-13 13:02:13,277 [trainer.py:140] INFO: Epoch : 177, Train_loss : 0.07029755413532257, Mean_ioU: 0.7935588359832764, Mean_Dice: 0.8824008703231812
2023-10-13 13:02:33,477 [trainer.py:140] INFO: Epoch : 178, Train_loss : 0.0690448060631752, Mean_ioU: 0.796112596988678, Mean_Dice: 0.8841379880905151
2023-10-13 13:02:53,973 [trainer.py:140] INFO: Epoch : 179, Train_loss : 0.0685364231467247, Mean_ioU: 0.7971420884132385, Mean_Dice: 0.8848047256469727
2023-10-13 13:03:14,246 [trainer.py:140] INFO: Epoch : 180, Train_loss : 0.06985387206077576, Mean_ioU: 0.7937090396881104, Mean_Dice: 0.8825273513793945
2023-10-13 13:03:17,530 [trainer.py:188] INFO: Validation: Loss : 0.09690985828638077, mIoU : 0.7241182327270508, mDice : 0.8336006999015808
2023-10-13 13:03:38,300 [trainer.py:140] INFO: Epoch : 181, Train_loss : 0.06886798143386841, Mean_ioU: 0.7962091565132141, Mean_Dice: 0.8842920064926147
2023-10-13 13:03:58,764 [trainer.py:140] INFO: Epoch : 182, Train_loss : 0.06952042877674103, Mean_ioU: 0.7945568561553955, Mean_Dice: 0.8830907940864563
2023-10-13 13:04:19,036 [trainer.py:140] INFO: Epoch : 183, Train_loss : 0.06936889886856079, Mean_ioU: 0.795604944229126, Mean_Dice: 0.8837234973907471
2023-10-13 13:04:39,672 [trainer.py:140] INFO: Epoch : 184, Train_loss : 0.0687614157795906, Mean_ioU: 0.7961682081222534, Mean_Dice: 0.8843148350715637
2023-10-13 13:04:59,748 [trainer.py:140] INFO: Epoch : 185, Train_loss : 0.06890664249658585, Mean_ioU: 0.7950901985168457, Mean_Dice: 0.8834563493728638
2023-10-13 13:05:20,612 [trainer.py:140] INFO: Epoch : 186, Train_loss : 0.06901656091213226, Mean_ioU: 0.7965490818023682, Mean_Dice: 0.884619414806366
2023-10-13 13:05:41,098 [trainer.py:140] INFO: Epoch : 187, Train_loss : 0.06970654428005219, Mean_ioU: 0.7942907810211182, Mean_Dice: 0.8827711939811707
2023-10-13 13:06:01,410 [trainer.py:140] INFO: Epoch : 188, Train_loss : 0.06846233457326889, Mean_ioU: 0.7965559363365173, Mean_Dice: 0.8844922780990601
2023-10-13 13:06:21,764 [trainer.py:140] INFO: Epoch : 189, Train_loss : 0.06806689500808716, Mean_ioU: 0.7970954775810242, Mean_Dice: 0.8848744034767151
2023-10-13 13:06:42,088 [trainer.py:140] INFO: Epoch : 190, Train_loss : 0.06930495798587799, Mean_ioU: 0.794783890247345, Mean_Dice: 0.882993221282959
2023-10-13 13:06:45,317 [trainer.py:188] INFO: Validation: Loss : 0.09697165340185165, mIoU : 0.7240799069404602, mDice : 0.8335608839988708
2023-10-13 13:07:06,254 [trainer.py:140] INFO: Epoch : 191, Train_loss : 0.06944423913955688, Mean_ioU: 0.7943618893623352, Mean_Dice: 0.8830332159996033
2023-10-13 13:07:26,721 [trainer.py:140] INFO: Epoch : 192, Train_loss : 0.06942829489707947, Mean_ioU: 0.795175313949585, Mean_Dice: 0.8835158944129944
2023-10-13 13:07:46,926 [trainer.py:140] INFO: Epoch : 193, Train_loss : 0.06984870135784149, Mean_ioU: 0.7940601706504822, Mean_Dice: 0.8825433850288391
2023-10-13 13:08:07,136 [trainer.py:140] INFO: Epoch : 194, Train_loss : 0.06998347491025925, Mean_ioU: 0.7935453057289124, Mean_Dice: 0.8822346925735474
2023-10-13 13:08:27,814 [trainer.py:140] INFO: Epoch : 195, Train_loss : 0.06829115748405457, Mean_ioU: 0.7976242899894714, Mean_Dice: 0.88517165184021
2023-10-13 13:08:48,504 [trainer.py:140] INFO: Epoch : 196, Train_loss : 0.06912355124950409, Mean_ioU: 0.7953770756721497, Mean_Dice: 0.8835482001304626
2023-10-13 13:09:08,687 [trainer.py:140] INFO: Epoch : 197, Train_loss : 0.06829428672790527, Mean_ioU: 0.7973272800445557, Mean_Dice: 0.8849093914031982
2023-10-13 13:09:29,056 [trainer.py:140] INFO: Epoch : 198, Train_loss : 0.06932582706212997, Mean_ioU: 0.795854389667511, Mean_Dice: 0.8837435841560364
2023-10-13 13:09:49,676 [trainer.py:140] INFO: Epoch : 199, Train_loss : 0.06899327039718628, Mean_ioU: 0.7966576218605042, Mean_Dice: 0.8844985961914062
2023-10-13 13:10:09,680 [trainer.py:140] INFO: Epoch : 200, Train_loss : 0.06881237775087357, Mean_ioU: 0.7976356148719788, Mean_Dice: 0.8851794600486755
2023-10-13 13:10:13,015 [trainer.py:188] INFO: Validation: Loss : 0.09686345607042313, mIoU : 0.7241620421409607, mDice : 0.8336377739906311
2023-10-13 13:10:34,082 [trainer.py:140] INFO: Epoch : 201, Train_loss : 0.06911929696798325, Mean_ioU: 0.796459972858429, Mean_Dice: 0.8843989372253418
2023-10-13 13:10:54,468 [trainer.py:140] INFO: Epoch : 202, Train_loss : 0.06881952285766602, Mean_ioU: 0.7965747117996216, Mean_Dice: 0.8845877051353455
2023-10-13 13:11:15,015 [trainer.py:140] INFO: Epoch : 203, Train_loss : 0.06792961061000824, Mean_ioU: 0.797831654548645, Mean_Dice: 0.8854362368583679
2023-10-13 13:11:35,497 [trainer.py:140] INFO: Epoch : 204, Train_loss : 0.06927578151226044, Mean_ioU: 0.7950072288513184, Mean_Dice: 0.883489727973938
2023-10-13 13:11:55,997 [trainer.py:140] INFO: Epoch : 205, Train_loss : 0.06879395246505737, Mean_ioU: 0.796209990978241, Mean_Dice: 0.8841416239738464
2023-10-13 13:12:16,446 [trainer.py:140] INFO: Epoch : 206, Train_loss : 0.0682569220662117, Mean_ioU: 0.7978421449661255, Mean_Dice: 0.8853067755699158
2023-10-13 13:12:37,047 [trainer.py:140] INFO: Epoch : 207, Train_loss : 0.06896182149648666, Mean_ioU: 0.7966213226318359, Mean_Dice: 0.8844677209854126
2023-10-13 13:12:57,390 [trainer.py:140] INFO: Epoch : 208, Train_loss : 0.06905026733875275, Mean_ioU: 0.796305775642395, Mean_Dice: 0.8841944336891174
2023-10-13 13:13:17,977 [trainer.py:140] INFO: Epoch : 209, Train_loss : 0.06825091689825058, Mean_ioU: 0.7992571592330933, Mean_Dice: 0.8863932490348816
2023-10-13 13:13:38,287 [trainer.py:140] INFO: Epoch : 210, Train_loss : 0.06871844828128815, Mean_ioU: 0.7966548800468445, Mean_Dice: 0.8845710158348083
2023-10-13 13:13:41,547 [trainer.py:188] INFO: Validation: Loss : 0.09689353406429291, mIoU : 0.7241883277893066, mDice : 0.8336524367332458
2023-10-13 13:14:02,380 [trainer.py:140] INFO: Epoch : 211, Train_loss : 0.06908829510211945, Mean_ioU: 0.7957205176353455, Mean_Dice: 0.883635938167572
2023-10-13 13:14:23,151 [trainer.py:140] INFO: Epoch : 212, Train_loss : 0.0680801272392273, Mean_ioU: 0.7973148226737976, Mean_Dice: 0.8848881125450134
2023-10-13 13:14:43,525 [trainer.py:140] INFO: Epoch : 213, Train_loss : 0.06934373825788498, Mean_ioU: 0.795647144317627, Mean_Dice: 0.8837670683860779
2023-10-13 13:15:04,390 [trainer.py:140] INFO: Epoch : 214, Train_loss : 0.06988028436899185, Mean_ioU: 0.7935049533843994, Mean_Dice: 0.8824043273925781
2023-10-13 13:15:25,939 [trainer.py:140] INFO: Epoch : 215, Train_loss : 0.06987857818603516, Mean_ioU: 0.7946639060974121, Mean_Dice: 0.8833021521568298
2023-10-13 13:15:47,535 [trainer.py:140] INFO: Epoch : 216, Train_loss : 0.0689413920044899, Mean_ioU: 0.7959172129631042, Mean_Dice: 0.8839896321296692
2023-10-13 13:16:07,597 [trainer.py:140] INFO: Epoch : 217, Train_loss : 0.06853096932172775, Mean_ioU: 0.7975611090660095, Mean_Dice: 0.8852955102920532
2023-10-13 13:16:28,396 [trainer.py:140] INFO: Epoch : 218, Train_loss : 0.06840437650680542, Mean_ioU: 0.7968306541442871, Mean_Dice: 0.8846381902694702
2023-10-13 13:16:49,745 [trainer.py:140] INFO: Epoch : 219, Train_loss : 0.06921621412038803, Mean_ioU: 0.7954622507095337, Mean_Dice: 0.8836063146591187
2023-10-13 13:17:10,719 [trainer.py:140] INFO: Epoch : 220, Train_loss : 0.06917723268270493, Mean_ioU: 0.7961215376853943, Mean_Dice: 0.8840742111206055
2023-10-13 13:17:14,076 [trainer.py:188] INFO: Validation: Loss : 0.09668555855751038, mIoU : 0.7244790196418762, mDice : 0.8338850736618042
2023-10-13 13:17:14,755 [utils.py:24] INFO: Saving ./checkpoint/ckpt_0.096686 ckp 
2023-10-13 13:17:15,155 [utils.py:30] INFO: Delete ./checkpoint/ckpt_0.096819.pth ckp
2023-10-13 13:17:36,100 [trainer.py:140] INFO: Epoch : 221, Train_loss : 0.06867726892232895, Mean_ioU: 0.7968574166297913, Mean_Dice: 0.8846566677093506
2023-10-13 13:17:57,252 [trainer.py:140] INFO: Epoch : 222, Train_loss : 0.06914593279361725, Mean_ioU: 0.7944348454475403, Mean_Dice: 0.8828971982002258
2023-10-13 13:18:18,072 [trainer.py:140] INFO: Epoch : 223, Train_loss : 0.06932724267244339, Mean_ioU: 0.7941370606422424, Mean_Dice: 0.8828298449516296
2023-10-13 13:18:38,972 [trainer.py:140] INFO: Epoch : 224, Train_loss : 0.06908205896615982, Mean_ioU: 0.7957695126533508, Mean_Dice: 0.8839435577392578
2023-10-13 13:18:59,711 [trainer.py:140] INFO: Epoch : 225, Train_loss : 0.06867465376853943, Mean_ioU: 0.7964262366294861, Mean_Dice: 0.884649395942688
2023-10-13 13:19:20,194 [trainer.py:140] INFO: Epoch : 226, Train_loss : 0.06896430999040604, Mean_ioU: 0.7958887219429016, Mean_Dice: 0.883991539478302
2023-10-13 13:19:40,686 [trainer.py:140] INFO: Epoch : 227, Train_loss : 0.06950469315052032, Mean_ioU: 0.7942684888839722, Mean_Dice: 0.882749617099762
2023-10-13 13:20:01,055 [trainer.py:140] INFO: Epoch : 228, Train_loss : 0.06914333999156952, Mean_ioU: 0.7951874732971191, Mean_Dice: 0.883563220500946
2023-10-13 13:20:21,732 [trainer.py:140] INFO: Epoch : 229, Train_loss : 0.06862011551856995, Mean_ioU: 0.7965699434280396, Mean_Dice: 0.8846712112426758
2023-10-13 13:20:42,522 [trainer.py:140] INFO: Epoch : 230, Train_loss : 0.0696873590350151, Mean_ioU: 0.7944097518920898, Mean_Dice: 0.8829485774040222
2023-10-13 13:20:45,824 [trainer.py:188] INFO: Validation: Loss : 0.0967959389090538, mIoU : 0.7241923809051514, mDice : 0.8336632251739502
2023-10-13 13:21:07,001 [trainer.py:140] INFO: Epoch : 231, Train_loss : 0.06948208808898926, Mean_ioU: 0.7953089475631714, Mean_Dice: 0.8836610317230225
2023-10-13 13:21:27,835 [trainer.py:140] INFO: Epoch : 232, Train_loss : 0.0687076523900032, Mean_ioU: 0.7971968054771423, Mean_Dice: 0.884901225566864
2023-10-13 13:21:48,640 [trainer.py:140] INFO: Epoch : 233, Train_loss : 0.06963291764259338, Mean_ioU: 0.7955141663551331, Mean_Dice: 0.8837358951568604
2023-10-13 13:22:09,283 [trainer.py:140] INFO: Epoch : 234, Train_loss : 0.06965982168912888, Mean_ioU: 0.7946338057518005, Mean_Dice: 0.8831314444541931
2023-10-13 13:22:30,128 [trainer.py:140] INFO: Epoch : 235, Train_loss : 0.06973904371261597, Mean_ioU: 0.7949588298797607, Mean_Dice: 0.8834227919578552
2023-10-13 13:22:50,986 [trainer.py:140] INFO: Epoch : 236, Train_loss : 0.06976214051246643, Mean_ioU: 0.7939332127571106, Mean_Dice: 0.8824706673622131
2023-10-13 13:23:11,494 [trainer.py:140] INFO: Epoch : 237, Train_loss : 0.06967279314994812, Mean_ioU: 0.794866144657135, Mean_Dice: 0.8831427097320557
2023-10-13 13:23:31,767 [trainer.py:140] INFO: Epoch : 238, Train_loss : 0.06861770153045654, Mean_ioU: 0.797368049621582, Mean_Dice: 0.8850343823432922
2023-10-13 13:23:52,384 [trainer.py:140] INFO: Epoch : 239, Train_loss : 0.06970247626304626, Mean_ioU: 0.79359370470047, Mean_Dice: 0.8821514248847961
2023-10-13 13:24:13,070 [trainer.py:140] INFO: Epoch : 240, Train_loss : 0.0695311650633812, Mean_ioU: 0.7949139475822449, Mean_Dice: 0.8833138942718506
2023-10-13 13:24:16,336 [trainer.py:188] INFO: Validation: Loss : 0.09682156145572662, mIoU : 0.7242389917373657, mDice : 0.8336833715438843
2023-10-13 13:24:37,664 [trainer.py:140] INFO: Epoch : 241, Train_loss : 0.06802767515182495, Mean_ioU: 0.798453152179718, Mean_Dice: 0.8859309554100037
2023-10-13 13:24:58,516 [trainer.py:140] INFO: Epoch : 242, Train_loss : 0.0687946304678917, Mean_ioU: 0.7967325448989868, Mean_Dice: 0.8847079873085022
2023-10-13 13:25:19,098 [trainer.py:140] INFO: Epoch : 243, Train_loss : 0.06900622695684433, Mean_ioU: 0.7964728474617004, Mean_Dice: 0.8843110203742981
2023-10-13 13:25:39,849 [trainer.py:140] INFO: Epoch : 244, Train_loss : 0.06849946081638336, Mean_ioU: 0.796002209186554, Mean_Dice: 0.8841072916984558
2023-10-13 13:26:00,558 [trainer.py:140] INFO: Epoch : 245, Train_loss : 0.06921891868114471, Mean_ioU: 0.7947421073913574, Mean_Dice: 0.8832299709320068
2023-10-13 13:26:21,426 [trainer.py:140] INFO: Epoch : 246, Train_loss : 0.06958840042352676, Mean_ioU: 0.7950448393821716, Mean_Dice: 0.8834421038627625
2023-10-13 13:26:42,451 [trainer.py:140] INFO: Epoch : 247, Train_loss : 0.0691031813621521, Mean_ioU: 0.7960888743400574, Mean_Dice: 0.8840332627296448
2023-10-13 13:27:03,434 [trainer.py:140] INFO: Epoch : 248, Train_loss : 0.07014674693346024, Mean_ioU: 0.7936462759971619, Mean_Dice: 0.8822036981582642
2023-10-13 13:27:24,363 [trainer.py:140] INFO: Epoch : 249, Train_loss : 0.06860161572694778, Mean_ioU: 0.7977167367935181, Mean_Dice: 0.885188639163971
2023-10-13 13:27:45,072 [trainer.py:140] INFO: Epoch : 250, Train_loss : 0.06941279023885727, Mean_ioU: 0.7953137755393982, Mean_Dice: 0.883717954158783
2023-10-13 13:27:48,424 [trainer.py:188] INFO: Validation: Loss : 0.096910260617733, mIoU : 0.724168598651886, mDice : 0.833635687828064
2023-10-13 13:28:09,606 [trainer.py:140] INFO: Epoch : 251, Train_loss : 0.06842420995235443, Mean_ioU: 0.7965368032455444, Mean_Dice: 0.8844881057739258
2023-10-13 13:28:30,413 [trainer.py:140] INFO: Epoch : 252, Train_loss : 0.06839246302843094, Mean_ioU: 0.7966784238815308, Mean_Dice: 0.8842267394065857
2023-10-13 13:28:51,323 [trainer.py:140] INFO: Epoch : 253, Train_loss : 0.0684618353843689, Mean_ioU: 0.7970704436302185, Mean_Dice: 0.88496333360672
2023-10-13 13:29:12,075 [trainer.py:140] INFO: Epoch : 254, Train_loss : 0.06913255155086517, Mean_ioU: 0.7948935031890869, Mean_Dice: 0.8833122849464417
2023-10-13 13:29:33,035 [trainer.py:140] INFO: Epoch : 255, Train_loss : 0.06880339235067368, Mean_ioU: 0.795597493648529, Mean_Dice: 0.8836329579353333
2023-10-13 13:29:54,259 [trainer.py:140] INFO: Epoch : 256, Train_loss : 0.06887475401163101, Mean_ioU: 0.796459972858429, Mean_Dice: 0.8845294117927551
2023-10-13 13:30:15,464 [trainer.py:140] INFO: Epoch : 257, Train_loss : 0.06897544860839844, Mean_ioU: 0.7945367097854614, Mean_Dice: 0.8830622434616089
2023-10-13 13:30:36,311 [trainer.py:140] INFO: Epoch : 258, Train_loss : 0.06901825219392776, Mean_ioU: 0.7956629395484924, Mean_Dice: 0.883817195892334
2023-10-13 13:30:57,275 [trainer.py:140] INFO: Epoch : 259, Train_loss : 0.06827425956726074, Mean_ioU: 0.7967414259910583, Mean_Dice: 0.8844978213310242
2023-10-13 13:31:18,179 [trainer.py:140] INFO: Epoch : 260, Train_loss : 0.06855644285678864, Mean_ioU: 0.796291708946228, Mean_Dice: 0.8841778039932251
2023-10-13 13:31:21,534 [trainer.py:188] INFO: Validation: Loss : 0.09691546112298965, mIoU : 0.7241889834403992, mDice : 0.8336470723152161
2023-10-13 13:31:43,027 [trainer.py:140] INFO: Epoch : 261, Train_loss : 0.0691172331571579, Mean_ioU: 0.7954354882240295, Mean_Dice: 0.8837850689888
2023-10-13 13:32:04,176 [trainer.py:140] INFO: Epoch : 262, Train_loss : 0.06860513240098953, Mean_ioU: 0.7967354655265808, Mean_Dice: 0.8846848011016846
2023-10-13 13:32:25,316 [trainer.py:140] INFO: Epoch : 263, Train_loss : 0.06969942152500153, Mean_ioU: 0.7940910458564758, Mean_Dice: 0.8826540112495422
2023-10-13 13:32:46,111 [trainer.py:140] INFO: Epoch : 264, Train_loss : 0.06993073970079422, Mean_ioU: 0.7938436269760132, Mean_Dice: 0.8824796080589294
2023-10-13 13:33:06,912 [trainer.py:140] INFO: Epoch : 265, Train_loss : 0.06953220814466476, Mean_ioU: 0.796046257019043, Mean_Dice: 0.8840790390968323
2023-10-13 13:33:27,822 [trainer.py:140] INFO: Epoch : 266, Train_loss : 0.06897302716970444, Mean_ioU: 0.7967392802238464, Mean_Dice: 0.8845000267028809
2023-10-13 13:33:49,178 [trainer.py:140] INFO: Epoch : 267, Train_loss : 0.06919674575328827, Mean_ioU: 0.7952049374580383, Mean_Dice: 0.8834758996963501
2023-10-13 13:34:10,123 [trainer.py:140] INFO: Epoch : 268, Train_loss : 0.06879906356334686, Mean_ioU: 0.7966486215591431, Mean_Dice: 0.8843837976455688
2023-10-13 13:34:30,611 [trainer.py:140] INFO: Epoch : 269, Train_loss : 0.06982586532831192, Mean_ioU: 0.7946015000343323, Mean_Dice: 0.8831954598426819
2023-10-13 13:34:51,427 [trainer.py:140] INFO: Epoch : 270, Train_loss : 0.07007517665624619, Mean_ioU: 0.7939122915267944, Mean_Dice: 0.8825908303260803
2023-10-13 13:34:54,791 [trainer.py:188] INFO: Validation: Loss : 0.09687212854623795, mIoU : 0.7240522503852844, mDice : 0.8335612416267395
2023-10-13 13:35:16,205 [trainer.py:140] INFO: Epoch : 271, Train_loss : 0.0693928673863411, Mean_ioU: 0.7949758172035217, Mean_Dice: 0.8834620714187622
2023-10-13 13:35:37,088 [trainer.py:140] INFO: Epoch : 272, Train_loss : 0.0691954493522644, Mean_ioU: 0.7958884835243225, Mean_Dice: 0.8840808868408203
2023-10-13 13:35:57,835 [trainer.py:140] INFO: Epoch : 273, Train_loss : 0.06946242600679398, Mean_ioU: 0.7949733734130859, Mean_Dice: 0.8833191394805908
2023-10-13 13:36:18,642 [trainer.py:140] INFO: Epoch : 274, Train_loss : 0.06848197430372238, Mean_ioU: 0.7979487776756287, Mean_Dice: 0.8854013681411743
2023-10-13 13:36:39,251 [trainer.py:140] INFO: Epoch : 275, Train_loss : 0.06977592408657074, Mean_ioU: 0.7945053577423096, Mean_Dice: 0.8829408288002014
2023-10-13 13:37:00,046 [trainer.py:140] INFO: Epoch : 276, Train_loss : 0.06876837462186813, Mean_ioU: 0.7962046265602112, Mean_Dice: 0.8841818571090698
2023-10-13 13:37:20,886 [trainer.py:140] INFO: Epoch : 277, Train_loss : 0.0684831365942955, Mean_ioU: 0.79664146900177, Mean_Dice: 0.8843330144882202
2023-10-13 13:37:41,316 [trainer.py:140] INFO: Epoch : 278, Train_loss : 0.06943278014659882, Mean_ioU: 0.7947375178337097, Mean_Dice: 0.8833236694335938
2023-10-13 13:38:02,319 [trainer.py:140] INFO: Epoch : 279, Train_loss : 0.06849422305822372, Mean_ioU: 0.7967352271080017, Mean_Dice: 0.884598433971405
2023-10-13 13:38:22,991 [trainer.py:140] INFO: Epoch : 280, Train_loss : 0.06932204216718674, Mean_ioU: 0.7950197458267212, Mean_Dice: 0.8834354281425476
2023-10-13 13:38:26,237 [trainer.py:188] INFO: Validation: Loss : 0.09690135717391968, mIoU : 0.7241030335426331, mDice : 0.8335840106010437
2023-10-13 13:38:47,393 [trainer.py:140] INFO: Epoch : 281, Train_loss : 0.06954890489578247, Mean_ioU: 0.7949524521827698, Mean_Dice: 0.8831431269645691
2023-10-13 13:39:07,978 [trainer.py:140] INFO: Epoch : 282, Train_loss : 0.06910230964422226, Mean_ioU: 0.7954996228218079, Mean_Dice: 0.8834922313690186
2023-10-13 13:39:28,441 [trainer.py:140] INFO: Epoch : 283, Train_loss : 0.06866838783025742, Mean_ioU: 0.7951717376708984, Mean_Dice: 0.8833138942718506
2023-10-13 13:39:48,959 [trainer.py:140] INFO: Epoch : 284, Train_loss : 0.06881623715162277, Mean_ioU: 0.7970247864723206, Mean_Dice: 0.8848634362220764
2023-10-13 13:40:09,366 [trainer.py:140] INFO: Epoch : 285, Train_loss : 0.06828803569078445, Mean_ioU: 0.7974568605422974, Mean_Dice: 0.8852093815803528
2023-10-13 13:40:30,522 [trainer.py:140] INFO: Epoch : 286, Train_loss : 0.06963187456130981, Mean_ioU: 0.7949104309082031, Mean_Dice: 0.8834971785545349
2023-10-13 13:40:51,151 [trainer.py:140] INFO: Epoch : 287, Train_loss : 0.06817767769098282, Mean_ioU: 0.7973577380180359, Mean_Dice: 0.8851139545440674
2023-10-13 13:41:11,976 [trainer.py:140] INFO: Epoch : 288, Train_loss : 0.0683777928352356, Mean_ioU: 0.7970542907714844, Mean_Dice: 0.8848076462745667
2023-10-13 13:41:32,530 [trainer.py:140] INFO: Epoch : 289, Train_loss : 0.06894228607416153, Mean_ioU: 0.7956632971763611, Mean_Dice: 0.8837103843688965
2023-10-13 13:41:53,199 [trainer.py:140] INFO: Epoch : 290, Train_loss : 0.07042839378118515, Mean_ioU: 0.791924774646759, Mean_Dice: 0.8809584379196167
2023-10-13 13:41:56,403 [trainer.py:188] INFO: Validation: Loss : 0.0969376266002655, mIoU : 0.7241728901863098, mDice : 0.8336307406425476
2023-10-13 13:42:17,568 [trainer.py:140] INFO: Epoch : 291, Train_loss : 0.06959926337003708, Mean_ioU: 0.7945997714996338, Mean_Dice: 0.8832376599311829
2023-10-13 13:42:38,448 [trainer.py:140] INFO: Epoch : 292, Train_loss : 0.06922873854637146, Mean_ioU: 0.7935304641723633, Mean_Dice: 0.8823129534721375
2023-10-13 13:42:59,075 [trainer.py:140] INFO: Epoch : 293, Train_loss : 0.06892938166856766, Mean_ioU: 0.7960821986198425, Mean_Dice: 0.8842818140983582
2023-10-13 13:43:19,739 [trainer.py:140] INFO: Epoch : 294, Train_loss : 0.06924887746572495, Mean_ioU: 0.7940526604652405, Mean_Dice: 0.8828474283218384
2023-10-13 13:43:40,494 [trainer.py:140] INFO: Epoch : 295, Train_loss : 0.06861957162618637, Mean_ioU: 0.7969951033592224, Mean_Dice: 0.884659469127655
2023-10-13 13:44:01,287 [trainer.py:140] INFO: Epoch : 296, Train_loss : 0.07008429616689682, Mean_ioU: 0.7941620349884033, Mean_Dice: 0.882983922958374
2023-10-13 13:44:21,922 [trainer.py:140] INFO: Epoch : 297, Train_loss : 0.06881318241357803, Mean_ioU: 0.7965371608734131, Mean_Dice: 0.8844454288482666
2023-10-13 13:44:42,521 [trainer.py:140] INFO: Epoch : 298, Train_loss : 0.06933816522359848, Mean_ioU: 0.7950361967086792, Mean_Dice: 0.8835583925247192
2023-10-13 13:45:03,257 [trainer.py:140] INFO: Epoch : 299, Train_loss : 0.06961695849895477, Mean_ioU: 0.7946677803993225, Mean_Dice: 0.882991373538971
2023-10-13 13:45:23,911 [trainer.py:140] INFO: Epoch : 300, Train_loss : 0.06888368725776672, Mean_ioU: 0.7958996295928955, Mean_Dice: 0.8841065168380737
2023-10-13 13:45:27,167 [trainer.py:188] INFO: Validation: Loss : 0.09692119807004929, mIoU : 0.7243114113807678, mDice : 0.8337416052818298
2023-10-13 13:45:27,872 [train.py:135] INFO: ==========finish train=========
2023-10-13 13:45:27,878 [train.py:144] INFO: ==========finish work=========
