2023-11-03 11:31:13,120 [semi.py:45] INFO: learning rate : 0.001
2023-11-03 11:31:13,120 [semi.py:46] INFO: batch size : 16
2023-11-03 11:31:13,120 [semi.py:47] INFO: num epoch : 300
2023-11-03 11:31:13,120 [semi.py:48] INFO: trainflow: 5
2023-11-03 11:31:13,120 [semi.py:62] INFO: ==========Start semi training=========
2023-11-03 11:32:03,994 [trainer.py:312] INFO: Epoch : 1, Train_loss1 : 0.13039369881153107, Train_loss2 : 0.3584238886833191
2023-11-03 11:32:52,564 [trainer.py:312] INFO: Epoch : 2, Train_loss1 : 0.10563924908638, Train_loss2 : 0.35140103101730347
2023-11-03 11:33:41,531 [trainer.py:312] INFO: Epoch : 3, Train_loss1 : 0.09931027144193649, Train_loss2 : 0.2845987379550934
2023-11-03 11:34:30,131 [trainer.py:312] INFO: Epoch : 4, Train_loss1 : 0.0959654450416565, Train_loss2 : 0.2065178006887436
2023-11-03 11:35:18,494 [trainer.py:312] INFO: Epoch : 5, Train_loss1 : 0.09492214024066925, Train_loss2 : 0.19632960855960846
2023-11-03 11:35:20,224 [trainer.py:387] INFO: Model1 Validation: Loss : 0.11172690987586975, mIoU : 0.6824320554733276, mDice : 0.8045441508293152
2023-11-03 11:35:20,224 [trainer.py:388] INFO: Model2 Validation: Loss : 0.24544575810432434, mIoU : 0.4150693714618683, mDice : 0.5754981637001038
2023-11-03 11:36:09,335 [trainer.py:312] INFO: Epoch : 6, Train_loss1 : 0.09520886838436127, Train_loss2 : 0.19648601114749908
2023-11-03 11:36:58,201 [trainer.py:312] INFO: Epoch : 7, Train_loss1 : 0.09497924894094467, Train_loss2 : 0.19395342469215393
2023-11-03 11:37:46,371 [trainer.py:312] INFO: Epoch : 8, Train_loss1 : 0.09413556009531021, Train_loss2 : 0.19468970596790314
2023-11-03 11:38:34,932 [trainer.py:312] INFO: Epoch : 9, Train_loss1 : 0.09628310799598694, Train_loss2 : 0.20276214182376862
2023-11-03 11:39:23,177 [trainer.py:312] INFO: Epoch : 10, Train_loss1 : 0.09766329824924469, Train_loss2 : 0.19841431081295013
2023-11-03 11:39:24,621 [trainer.py:387] INFO: Model1 Validation: Loss : 0.10264092683792114, mIoU : 0.7028810381889343, mDice : 0.8178539276123047
2023-11-03 11:39:24,621 [trainer.py:388] INFO: Model2 Validation: Loss : 0.24467693269252777, mIoU : 0.4252741038799286, mDice : 0.5878315567970276
2023-11-03 11:39:24,867 [utils.py:24] INFO: Saving model1 model_9 ckp 
2023-11-03 11:40:13,078 [trainer.py:312] INFO: Epoch : 11, Train_loss1 : 0.09195629507303238, Train_loss2 : 0.19320932030677795
2023-11-03 11:41:03,320 [trainer.py:312] INFO: Epoch : 12, Train_loss1 : 0.09293864667415619, Train_loss2 : 0.19547760486602783
2023-11-03 11:41:51,655 [trainer.py:312] INFO: Epoch : 13, Train_loss1 : 0.09528161585330963, Train_loss2 : 0.18875423073768616
2023-11-03 11:42:39,643 [trainer.py:312] INFO: Epoch : 14, Train_loss1 : 0.09740407019853592, Train_loss2 : 0.16617479920387268
2023-11-03 11:43:28,106 [trainer.py:312] INFO: Epoch : 15, Train_loss1 : 0.10050921142101288, Train_loss2 : 0.1601911187171936
2023-11-03 11:43:29,521 [trainer.py:387] INFO: Model1 Validation: Loss : 0.09505030512809753, mIoU : 0.7154683470726013, mDice : 0.8271925449371338
2023-11-03 11:43:29,521 [trainer.py:388] INFO: Model2 Validation: Loss : 0.15396158397197723, mIoU : 0.5847291350364685, mDice : 0.7306028008460999
2023-11-03 11:43:29,778 [utils.py:24] INFO: Saving model1 model_14 ckp 
2023-11-03 11:44:18,990 [trainer.py:312] INFO: Epoch : 16, Train_loss1 : 0.10308334976434708, Train_loss2 : 0.161696657538414
2023-11-03 11:45:07,289 [trainer.py:312] INFO: Epoch : 17, Train_loss1 : 0.10494621843099594, Train_loss2 : 0.1632344126701355
2023-11-03 11:45:56,140 [trainer.py:312] INFO: Epoch : 18, Train_loss1 : 0.10727610439062119, Train_loss2 : 0.16647425293922424
2023-11-03 11:46:44,770 [trainer.py:312] INFO: Epoch : 19, Train_loss1 : 0.1093604564666748, Train_loss2 : 0.16876624524593353
2023-11-03 11:47:34,417 [trainer.py:312] INFO: Epoch : 20, Train_loss1 : 0.11245318502187729, Train_loss2 : 0.17064829170703888
2023-11-03 11:47:35,857 [trainer.py:387] INFO: Model1 Validation: Loss : 0.09362949430942535, mIoU : 0.7212076783180237, mDice : 0.8305359482765198
2023-11-03 11:47:35,857 [trainer.py:388] INFO: Model2 Validation: Loss : 0.1501840204000473, mIoU : 0.5874325037002563, mDice : 0.7331652045249939
2023-11-03 11:47:36,108 [utils.py:24] INFO: Saving model1 model_19 ckp 
