2023-10-13 10:54:00,515 [train.py:60] INFO: learning rate : 0.001
2023-10-13 10:54:00,515 [train.py:61] INFO: batch size : 25
2023-10-13 10:54:00,515 [train.py:62] INFO: num epoch : 300
2023-10-13 10:54:00,515 [train.py:63] INFO: trainflow: 10
2023-10-13 10:54:00,515 [train.py:84] INFO: ==========Start training=========
2023-10-13 10:54:30,548 [trainer.py:140] INFO: Epoch : 1, Train_loss : 0.27137500047683716, Mean_ioU: 0.461887389421463, Mean_Dice: 0.5999718308448792
2023-10-13 10:54:50,434 [trainer.py:140] INFO: Epoch : 2, Train_loss : 0.13839229941368103, Mean_ioU: 0.6264423131942749, Mean_Dice: 0.7625170350074768
2023-10-13 10:55:10,409 [trainer.py:140] INFO: Epoch : 3, Train_loss : 0.12088093906641006, Mean_ioU: 0.6608432531356812, Mean_Dice: 0.7888404130935669
2023-10-13 10:55:30,551 [trainer.py:140] INFO: Epoch : 4, Train_loss : 0.11138609051704407, Mean_ioU: 0.6810416579246521, Mean_Dice: 0.8041849732398987
2023-10-13 10:55:50,452 [trainer.py:140] INFO: Epoch : 5, Train_loss : 0.10336268693208694, Mean_ioU: 0.7011387944221497, Mean_Dice: 0.8189589381217957
2023-10-13 10:56:10,397 [trainer.py:140] INFO: Epoch : 6, Train_loss : 0.09555498510599136, Mean_ioU: 0.7189803123474121, Mean_Dice: 0.8317365050315857
2023-10-13 10:56:30,983 [trainer.py:140] INFO: Epoch : 7, Train_loss : 0.08798161149024963, Mean_ioU: 0.736454427242279, Mean_Dice: 0.8438886404037476
2023-10-13 10:56:50,430 [trainer.py:140] INFO: Epoch : 8, Train_loss : 0.08429722487926483, Mean_ioU: 0.7464566826820374, Mean_Dice: 0.8506198525428772
2023-10-13 10:57:10,463 [trainer.py:140] INFO: Epoch : 9, Train_loss : 0.08131734281778336, Mean_ioU: 0.7517037391662598, Mean_Dice: 0.8542964458465576
2023-10-13 10:57:30,334 [trainer.py:140] INFO: Epoch : 10, Train_loss : 0.07850651443004608, Mean_ioU: 0.7605772614479065, Mean_Dice: 0.8601590991020203
2023-10-13 10:57:34,059 [trainer.py:188] INFO: Validation: Loss : 0.1017070859670639, mIoU : 0.7023798823356628, mDice : 0.817028820514679
2023-10-13 10:57:54,477 [trainer.py:140] INFO: Epoch : 11, Train_loss : 0.07184025645256042, Mean_ioU: 0.7755485773086548, Mean_Dice: 0.8699861168861389
2023-10-13 10:58:14,331 [trainer.py:140] INFO: Epoch : 12, Train_loss : 0.06854803115129471, Mean_ioU: 0.7860814929008484, Mean_Dice: 0.8771750330924988
2023-10-13 10:58:34,637 [trainer.py:140] INFO: Epoch : 13, Train_loss : 0.06646505743265152, Mean_ioU: 0.7922425270080566, Mean_Dice: 0.8814411163330078
2023-10-13 10:58:54,697 [trainer.py:140] INFO: Epoch : 14, Train_loss : 0.0664491280913353, Mean_ioU: 0.7930182814598083, Mean_Dice: 0.8816609978675842
2023-10-13 10:59:14,624 [trainer.py:140] INFO: Epoch : 15, Train_loss : 0.06547795236110687, Mean_ioU: 0.7951785922050476, Mean_Dice: 0.8832172751426697
2023-10-13 10:59:34,339 [trainer.py:140] INFO: Epoch : 16, Train_loss : 0.0649830549955368, Mean_ioU: 0.7970746755599976, Mean_Dice: 0.8841405510902405
2023-10-13 10:59:54,349 [trainer.py:140] INFO: Epoch : 17, Train_loss : 0.06397934257984161, Mean_ioU: 0.7987504005432129, Mean_Dice: 0.8852903842926025
2023-10-13 11:00:14,401 [trainer.py:140] INFO: Epoch : 18, Train_loss : 0.06325024366378784, Mean_ioU: 0.8002631664276123, Mean_Dice: 0.886267364025116
2023-10-13 11:00:34,419 [trainer.py:140] INFO: Epoch : 19, Train_loss : 0.06360086053609848, Mean_ioU: 0.8016864657402039, Mean_Dice: 0.8869386911392212
2023-10-13 11:00:54,212 [trainer.py:140] INFO: Epoch : 20, Train_loss : 0.06209597736597061, Mean_ioU: 0.8051326870918274, Mean_Dice: 0.8895055055618286
2023-10-13 11:00:56,976 [trainer.py:188] INFO: Validation: Loss : 0.08888265490531921, mIoU : 0.7347447276115417, mDice : 0.8407325148582458
2023-10-13 11:00:57,684 [utils.py:24] INFO: Saving ./checkpoint/ckpt_0.088883 ckp 
2023-10-13 11:01:17,915 [trainer.py:140] INFO: Epoch : 21, Train_loss : 0.06152239814400673, Mean_ioU: 0.8057827353477478, Mean_Dice: 0.8898295760154724
2023-10-13 11:01:37,717 [trainer.py:140] INFO: Epoch : 22, Train_loss : 0.061304353177547455, Mean_ioU: 0.8066381216049194, Mean_Dice: 0.8900083303451538
2023-10-13 11:01:57,668 [trainer.py:140] INFO: Epoch : 23, Train_loss : 0.06054869666695595, Mean_ioU: 0.8084487915039062, Mean_Dice: 0.8914394974708557
2023-10-13 11:02:17,341 [trainer.py:140] INFO: Epoch : 24, Train_loss : 0.0607062429189682, Mean_ioU: 0.8083738088607788, Mean_Dice: 0.8914754390716553
2023-10-13 11:02:36,915 [trainer.py:140] INFO: Epoch : 25, Train_loss : 0.06103355064988136, Mean_ioU: 0.8080825805664062, Mean_Dice: 0.8912609219551086
2023-10-13 11:02:57,145 [trainer.py:140] INFO: Epoch : 26, Train_loss : 0.060618456453084946, Mean_ioU: 0.8086808323860168, Mean_Dice: 0.8916431069374084
2023-10-13 11:03:17,133 [trainer.py:140] INFO: Epoch : 27, Train_loss : 0.06001590937376022, Mean_ioU: 0.8094485402107239, Mean_Dice: 0.892224133014679
2023-10-13 11:03:37,072 [trainer.py:140] INFO: Epoch : 28, Train_loss : 0.06004587933421135, Mean_ioU: 0.8095194697380066, Mean_Dice: 0.8923003673553467
2023-10-13 11:03:56,843 [trainer.py:140] INFO: Epoch : 29, Train_loss : 0.060747019946575165, Mean_ioU: 0.8071489930152893, Mean_Dice: 0.8906459212303162
2023-10-13 11:04:16,812 [trainer.py:140] INFO: Epoch : 30, Train_loss : 0.05970799922943115, Mean_ioU: 0.810548722743988, Mean_Dice: 0.8929252028465271
2023-10-13 11:04:19,529 [trainer.py:188] INFO: Validation: Loss : 0.08841000497341156, mIoU : 0.7368753552436829, mDice : 0.8421199321746826
2023-10-13 11:04:20,207 [utils.py:24] INFO: Saving ./checkpoint/ckpt_0.08841 ckp 
2023-10-13 11:04:40,641 [trainer.py:140] INFO: Epoch : 31, Train_loss : 0.05958308279514313, Mean_ioU: 0.8106433153152466, Mean_Dice: 0.8928736448287964
2023-10-13 11:05:00,480 [trainer.py:140] INFO: Epoch : 32, Train_loss : 0.06036996841430664, Mean_ioU: 0.8095554113388062, Mean_Dice: 0.8918952345848083
2023-10-13 11:05:20,712 [trainer.py:140] INFO: Epoch : 33, Train_loss : 0.06014501303434372, Mean_ioU: 0.8103431463241577, Mean_Dice: 0.8926757574081421
2023-10-13 11:05:40,603 [trainer.py:140] INFO: Epoch : 34, Train_loss : 0.061157677322626114, Mean_ioU: 0.8079412579536438, Mean_Dice: 0.8912279009819031
2023-10-13 11:06:00,659 [trainer.py:140] INFO: Epoch : 35, Train_loss : 0.06056416034698486, Mean_ioU: 0.8090502619743347, Mean_Dice: 0.8917405009269714
2023-10-13 11:06:20,488 [trainer.py:140] INFO: Epoch : 36, Train_loss : 0.05936111509799957, Mean_ioU: 0.8111303448677063, Mean_Dice: 0.8933387398719788
2023-10-13 11:06:40,410 [trainer.py:140] INFO: Epoch : 37, Train_loss : 0.05936027318239212, Mean_ioU: 0.8110008835792542, Mean_Dice: 0.8931480646133423
2023-10-13 11:07:00,486 [trainer.py:140] INFO: Epoch : 38, Train_loss : 0.06028490141034126, Mean_ioU: 0.8095351457595825, Mean_Dice: 0.8920731544494629
2023-10-13 11:07:20,803 [trainer.py:140] INFO: Epoch : 39, Train_loss : 0.06027500703930855, Mean_ioU: 0.809036135673523, Mean_Dice: 0.891576886177063
2023-10-13 11:07:40,491 [trainer.py:140] INFO: Epoch : 40, Train_loss : 0.06075214594602585, Mean_ioU: 0.8073015213012695, Mean_Dice: 0.8904498219490051
2023-10-13 11:07:43,259 [trainer.py:188] INFO: Validation: Loss : 0.08851373195648193, mIoU : 0.7368578910827637, mDice : 0.8421242237091064
2023-10-13 11:08:03,855 [trainer.py:140] INFO: Epoch : 41, Train_loss : 0.059903740882873535, Mean_ioU: 0.8104572892189026, Mean_Dice: 0.8926969170570374
2023-10-13 11:08:23,847 [trainer.py:140] INFO: Epoch : 42, Train_loss : 0.059286270290613174, Mean_ioU: 0.8114458918571472, Mean_Dice: 0.8935004472732544
2023-10-13 11:08:44,003 [trainer.py:140] INFO: Epoch : 43, Train_loss : 0.05993284285068512, Mean_ioU: 0.8098843097686768, Mean_Dice: 0.8920646905899048
2023-10-13 11:09:04,401 [trainer.py:140] INFO: Epoch : 44, Train_loss : 0.05897786468267441, Mean_ioU: 0.8118128180503845, Mean_Dice: 0.8939276933670044
2023-10-13 11:09:24,575 [trainer.py:140] INFO: Epoch : 45, Train_loss : 0.05956951901316643, Mean_ioU: 0.8108177781105042, Mean_Dice: 0.8931805491447449
2023-10-13 11:09:44,921 [trainer.py:140] INFO: Epoch : 46, Train_loss : 0.06086006760597229, Mean_ioU: 0.8087419867515564, Mean_Dice: 0.8916129469871521
2023-10-13 11:10:05,428 [trainer.py:140] INFO: Epoch : 47, Train_loss : 0.05923478677868843, Mean_ioU: 0.8126968145370483, Mean_Dice: 0.8943780064582825
2023-10-13 11:10:25,744 [trainer.py:140] INFO: Epoch : 48, Train_loss : 0.05915796756744385, Mean_ioU: 0.8118234872817993, Mean_Dice: 0.8935520648956299
2023-10-13 11:10:45,896 [trainer.py:140] INFO: Epoch : 49, Train_loss : 0.059871625155210495, Mean_ioU: 0.8104995489120483, Mean_Dice: 0.8926551938056946
2023-10-13 11:11:05,932 [trainer.py:140] INFO: Epoch : 50, Train_loss : 0.06086908280849457, Mean_ioU: 0.8077479004859924, Mean_Dice: 0.8907564878463745
2023-10-13 11:11:08,677 [trainer.py:188] INFO: Validation: Loss : 0.08857528120279312, mIoU : 0.7366974353790283, mDice : 0.8420187830924988
2023-10-13 11:11:29,520 [trainer.py:140] INFO: Epoch : 51, Train_loss : 0.059437450021505356, Mean_ioU: 0.8113054633140564, Mean_Dice: 0.8934953808784485
2023-10-13 11:11:49,908 [trainer.py:140] INFO: Epoch : 52, Train_loss : 0.06131584569811821, Mean_ioU: 0.8076953887939453, Mean_Dice: 0.8908217549324036
2023-10-13 11:12:10,224 [trainer.py:140] INFO: Epoch : 53, Train_loss : 0.060676608234643936, Mean_ioU: 0.8081130981445312, Mean_Dice: 0.8912656903266907
2023-10-13 11:12:30,346 [trainer.py:140] INFO: Epoch : 54, Train_loss : 0.05987521633505821, Mean_ioU: 0.8104284405708313, Mean_Dice: 0.8926839828491211
2023-10-13 11:12:50,620 [trainer.py:140] INFO: Epoch : 55, Train_loss : 0.05919172614812851, Mean_ioU: 0.8127703070640564, Mean_Dice: 0.894192099571228
2023-10-13 11:13:10,942 [trainer.py:140] INFO: Epoch : 56, Train_loss : 0.06003749370574951, Mean_ioU: 0.8098728060722351, Mean_Dice: 0.8924153447151184
2023-10-13 11:13:30,813 [trainer.py:140] INFO: Epoch : 57, Train_loss : 0.06029050424695015, Mean_ioU: 0.8083077073097229, Mean_Dice: 0.89117431640625
2023-10-13 11:13:50,744 [trainer.py:140] INFO: Epoch : 58, Train_loss : 0.05967565253376961, Mean_ioU: 0.8099715113639832, Mean_Dice: 0.8926284909248352
2023-10-13 11:14:10,733 [trainer.py:140] INFO: Epoch : 59, Train_loss : 0.05917862057685852, Mean_ioU: 0.8109274506568909, Mean_Dice: 0.8932559490203857
2023-10-13 11:14:30,701 [trainer.py:140] INFO: Epoch : 60, Train_loss : 0.060447193682193756, Mean_ioU: 0.8084777593612671, Mean_Dice: 0.8913294672966003
2023-10-13 11:14:33,457 [trainer.py:188] INFO: Validation: Loss : 0.08830655366182327, mIoU : 0.7368810772895813, mDice : 0.8421706557273865
2023-10-13 11:14:34,156 [utils.py:24] INFO: Saving ./checkpoint/ckpt_0.088307 ckp 
2023-10-13 11:14:34,535 [utils.py:30] INFO: Delete ./checkpoint/ckpt_0.088883.pth ckp
2023-10-13 11:14:54,823 [trainer.py:140] INFO: Epoch : 61, Train_loss : 0.06021452695131302, Mean_ioU: 0.8079715371131897, Mean_Dice: 0.8906912803649902
2023-10-13 11:15:14,526 [trainer.py:140] INFO: Epoch : 62, Train_loss : 0.059351157397031784, Mean_ioU: 0.8108489513397217, Mean_Dice: 0.8931351900100708
