2023-10-12 19:28:28,696 [train.py:60] INFO: learning rate : 0.001
2023-10-12 19:28:28,697 [train.py:61] INFO: batch size : 25
2023-10-12 19:28:28,697 [train.py:62] INFO: num epoch : 300
2023-10-12 19:28:28,697 [train.py:63] INFO: trainflow: 10
2023-10-12 19:28:28,697 [train.py:84] INFO: ==========Start training=========
2023-10-12 19:28:58,485 [trainer.py:140] INFO: Epoch : 1, Train_loss : 0.24528862535953522, Mean_ioU: 0.4842880964279175, Mean_Dice: 0.6255764365196228
2023-10-12 19:29:17,803 [trainer.py:140] INFO: Epoch : 2, Train_loss : 0.13772711157798767, Mean_ioU: 0.6300811171531677, Mean_Dice: 0.7659250497817993
2023-10-12 19:29:37,176 [trainer.py:140] INFO: Epoch : 3, Train_loss : 0.12181979417800903, Mean_ioU: 0.6615135669708252, Mean_Dice: 0.789752721786499
2023-10-12 19:29:56,751 [trainer.py:140] INFO: Epoch : 4, Train_loss : 0.10953478515148163, Mean_ioU: 0.6906799077987671, Mean_Dice: 0.8116828799247742
2023-10-12 19:30:15,608 [trainer.py:140] INFO: Epoch : 5, Train_loss : 0.10421215742826462, Mean_ioU: 0.7019029259681702, Mean_Dice: 0.8193771243095398
2023-10-12 19:30:35,033 [trainer.py:140] INFO: Epoch : 6, Train_loss : 0.09696759283542633, Mean_ioU: 0.7212260365486145, Mean_Dice: 0.8336377739906311
2023-10-12 19:30:54,679 [trainer.py:140] INFO: Epoch : 7, Train_loss : 0.09256748110055923, Mean_ioU: 0.7304628491401672, Mean_Dice: 0.8396645784378052
2023-10-12 19:31:14,066 [trainer.py:140] INFO: Epoch : 8, Train_loss : 0.08977726846933365, Mean_ioU: 0.7393158674240112, Mean_Dice: 0.8460952043533325
2023-10-12 19:31:33,663 [trainer.py:140] INFO: Epoch : 9, Train_loss : 0.0847255140542984, Mean_ioU: 0.7492887377738953, Mean_Dice: 0.8532468676567078
2023-10-12 19:31:53,247 [trainer.py:140] INFO: Epoch : 10, Train_loss : 0.08151888847351074, Mean_ioU: 0.7577318549156189, Mean_Dice: 0.8584312200546265
2023-10-12 19:31:56,766 [trainer.py:188] INFO: Validation: Loss : 0.10556742548942566, mIoU : 0.7001268863677979, mDice : 0.8163940906524658
2023-10-12 19:32:16,952 [trainer.py:140] INFO: Epoch : 11, Train_loss : 0.07516202330589294, Mean_ioU: 0.7750563621520996, Mean_Dice: 0.869897186756134
2023-10-12 19:32:36,622 [trainer.py:140] INFO: Epoch : 12, Train_loss : 0.07135910540819168, Mean_ioU: 0.7833841443061829, Mean_Dice: 0.8755865097045898
2023-10-12 19:32:56,100 [trainer.py:140] INFO: Epoch : 13, Train_loss : 0.07003694772720337, Mean_ioU: 0.787417471408844, Mean_Dice: 0.8781284689903259
2023-10-12 19:33:15,655 [trainer.py:140] INFO: Epoch : 14, Train_loss : 0.06957501918077469, Mean_ioU: 0.7882166504859924, Mean_Dice: 0.878743052482605
2023-10-12 19:33:35,465 [trainer.py:140] INFO: Epoch : 15, Train_loss : 0.06917782872915268, Mean_ioU: 0.7921342849731445, Mean_Dice: 0.8812376856803894
2023-10-12 19:33:54,725 [trainer.py:140] INFO: Epoch : 16, Train_loss : 0.0678560733795166, Mean_ioU: 0.7960876822471619, Mean_Dice: 0.8837317228317261
2023-10-12 19:34:14,107 [trainer.py:140] INFO: Epoch : 17, Train_loss : 0.06788897514343262, Mean_ioU: 0.7954033613204956, Mean_Dice: 0.8833523988723755
