2023-11-03 12:00:44,768 [semi.py:45] INFO: learning rate : 0.001
2023-11-03 12:00:44,768 [semi.py:46] INFO: batch size : 16
2023-11-03 12:00:44,769 [semi.py:47] INFO: num epoch : 300
2023-11-03 12:00:44,769 [semi.py:48] INFO: trainflow: 5
2023-11-03 12:00:44,769 [semi.py:62] INFO: ==========Start semi training=========
2023-11-03 12:01:38,665 [trainer.py:313] INFO: Epoch : 1, Train_loss1 : 0.12908872961997986, Train_loss2 : 0.22052346169948578
2023-11-03 12:02:29,569 [trainer.py:313] INFO: Epoch : 2, Train_loss1 : 0.09963219612836838, Train_loss2 : 0.12760886549949646
2023-11-03 12:03:19,890 [trainer.py:313] INFO: Epoch : 3, Train_loss1 : 0.09502549469470978, Train_loss2 : 0.12338852882385254
2023-11-03 12:04:10,276 [trainer.py:313] INFO: Epoch : 4, Train_loss1 : 0.09877742826938629, Train_loss2 : 0.12464580684900284
2023-11-03 12:05:01,236 [trainer.py:313] INFO: Epoch : 5, Train_loss1 : 0.09575105458498001, Train_loss2 : 0.12350329011678696
2023-11-03 12:05:03,101 [trainer.py:388] INFO: Model1 Validation: Loss : 0.18462029099464417, mIoU : 0.6488119959831238, mDice : 0.7780937552452087
2023-11-03 12:05:03,101 [trainer.py:389] INFO: Model2 Validation: Loss : 0.15391558408737183, mIoU : 0.5850467681884766, mDice : 0.7307652831077576
2023-11-03 12:05:53,832 [trainer.py:313] INFO: Epoch : 6, Train_loss1 : 0.09524188935756683, Train_loss2 : 0.12396859377622604
2023-11-03 12:06:44,851 [trainer.py:313] INFO: Epoch : 7, Train_loss1 : 0.09647151082754135, Train_loss2 : 0.12513625621795654
2023-11-03 12:07:35,628 [trainer.py:313] INFO: Epoch : 8, Train_loss1 : 0.10894525051116943, Train_loss2 : 0.12739594280719757
2023-11-03 12:08:26,064 [trainer.py:313] INFO: Epoch : 9, Train_loss1 : 0.10284139215946198, Train_loss2 : 0.1286565214395523
2023-11-03 12:09:16,674 [trainer.py:313] INFO: Epoch : 10, Train_loss1 : 0.09990111738443375, Train_loss2 : 0.18913063406944275
2023-11-03 12:09:18,145 [trainer.py:388] INFO: Model1 Validation: Loss : 0.10055117309093475, mIoU : 0.7054436802864075, mDice : 0.8207230567932129
2023-11-03 12:09:18,145 [trainer.py:389] INFO: Model2 Validation: Loss : 0.1613510698080063, mIoU : 0.5784454345703125, mDice : 0.7257376313209534
2023-11-03 12:09:18,451 [utils.py:24] INFO: Saving ./checkpoint/ckpt_ model1_9 ckp 
2023-11-03 12:10:08,831 [trainer.py:313] INFO: Epoch : 11, Train_loss1 : 0.09717348963022232, Train_loss2 : 0.14747972786426544
2023-11-03 12:10:59,526 [trainer.py:313] INFO: Epoch : 12, Train_loss1 : 0.09812150150537491, Train_loss2 : 0.14488673210144043
2023-11-03 12:11:50,458 [trainer.py:313] INFO: Epoch : 13, Train_loss1 : 0.1006450429558754, Train_loss2 : 0.14501237869262695
2023-11-03 12:12:41,077 [trainer.py:313] INFO: Epoch : 14, Train_loss1 : 0.10307436436414719, Train_loss2 : 0.14685486257076263
2023-11-03 12:13:31,827 [trainer.py:313] INFO: Epoch : 15, Train_loss1 : 0.10601920634508133, Train_loss2 : 0.1490260511636734
2023-11-03 12:13:33,384 [trainer.py:388] INFO: Model1 Validation: Loss : 0.09952820837497711, mIoU : 0.7136854529380798, mDice : 0.8260319232940674
2023-11-03 12:13:33,384 [trainer.py:389] INFO: Model2 Validation: Loss : 0.14044667780399323, mIoU : 0.6066416501998901, mDice : 0.747998833656311
2023-11-03 12:13:33,672 [utils.py:24] INFO: Saving ./checkpoint/ckpt_ model1_14 ckp 
2023-11-03 12:13:34,137 [utils.py:24] INFO: Saving ./checkpoint/ckpt_ model2_14 ckp 
2023-11-03 12:14:25,237 [trainer.py:313] INFO: Epoch : 16, Train_loss1 : 0.10859265923500061, Train_loss2 : 0.1510258913040161
2023-11-03 12:15:15,994 [trainer.py:313] INFO: Epoch : 17, Train_loss1 : 0.11138240247964859, Train_loss2 : 0.1541416049003601
2023-11-03 12:16:06,511 [trainer.py:313] INFO: Epoch : 18, Train_loss1 : 0.11377095431089401, Train_loss2 : 0.1572970151901245
2023-11-03 12:16:57,404 [trainer.py:313] INFO: Epoch : 19, Train_loss1 : 0.11578992009162903, Train_loss2 : 0.1590327024459839
2023-11-03 12:17:47,786 [trainer.py:313] INFO: Epoch : 20, Train_loss1 : 0.11839468032121658, Train_loss2 : 0.1624261885881424
2023-11-03 12:17:49,261 [trainer.py:388] INFO: Model1 Validation: Loss : 0.09236402809619904, mIoU : 0.7210860252380371, mDice : 0.8314059376716614
2023-11-03 12:17:49,261 [trainer.py:389] INFO: Model2 Validation: Loss : 0.13746950030326843, mIoU : 0.6125183701515198, mDice : 0.7526876330375671
2023-11-03 12:17:49,519 [utils.py:24] INFO: Saving ./checkpoint/ckpt_ model1_19 ckp 
2023-11-03 12:17:49,923 [utils.py:24] INFO: Saving ./checkpoint/ckpt_ model2_19 ckp 
2023-11-03 12:18:40,373 [trainer.py:313] INFO: Epoch : 21, Train_loss1 : 0.12071350961923599, Train_loss2 : 0.16452927887439728
2023-11-03 12:19:30,931 [trainer.py:313] INFO: Epoch : 22, Train_loss1 : 0.1229441910982132, Train_loss2 : 0.16763578355312347
2023-11-03 12:20:21,486 [trainer.py:313] INFO: Epoch : 23, Train_loss1 : 0.1261989027261734, Train_loss2 : 0.17100849747657776
2023-11-03 12:21:12,122 [trainer.py:313] INFO: Epoch : 24, Train_loss1 : 0.1295728236436844, Train_loss2 : 0.17507290840148926
2023-11-03 12:22:02,995 [trainer.py:313] INFO: Epoch : 25, Train_loss1 : 0.13228031992912292, Train_loss2 : 0.1777753084897995
2023-11-03 12:22:04,495 [trainer.py:388] INFO: Model1 Validation: Loss : 0.09170187264680862, mIoU : 0.7230648398399353, mDice : 0.8327092528343201
2023-11-03 12:22:04,495 [trainer.py:389] INFO: Model2 Validation: Loss : 0.13670773804187775, mIoU : 0.6138892769813538, mDice : 0.7538371682167053
2023-11-03 12:22:04,753 [utils.py:24] INFO: Saving ./checkpoint/ckpt_ model1_24 ckp 
2023-11-03 12:22:05,160 [utils.py:24] INFO: Saving ./checkpoint/ckpt_ model2_24 ckp 
2023-11-03 12:22:55,388 [trainer.py:313] INFO: Epoch : 26, Train_loss1 : 0.1358639895915985, Train_loss2 : 0.18092674016952515
2023-11-03 12:23:46,234 [trainer.py:313] INFO: Epoch : 27, Train_loss1 : 0.1395418494939804, Train_loss2 : 0.18470798432826996
2023-11-03 12:24:36,719 [trainer.py:313] INFO: Epoch : 28, Train_loss1 : 0.14223428070545197, Train_loss2 : 0.18720214068889618
2023-11-03 12:25:28,437 [trainer.py:313] INFO: Epoch : 29, Train_loss1 : 0.14644694328308105, Train_loss2 : 0.19084520637989044
2023-11-03 12:26:19,905 [trainer.py:313] INFO: Epoch : 30, Train_loss1 : 0.14902259409427643, Train_loss2 : 0.1937888264656067
2023-11-03 12:26:21,421 [trainer.py:388] INFO: Model1 Validation: Loss : 0.09198553115129471, mIoU : 0.7237725853919983, mDice : 0.8330463171005249
2023-11-03 12:26:21,421 [trainer.py:389] INFO: Model2 Validation: Loss : 0.1365654468536377, mIoU : 0.6141751408576965, mDice : 0.7540448904037476
2023-11-03 12:26:22,027 [utils.py:24] INFO: Saving ./checkpoint/ckpt_ model2_29 ckp 
2023-11-03 12:27:13,905 [trainer.py:313] INFO: Epoch : 31, Train_loss1 : 0.1521628201007843, Train_loss2 : 0.19703194499015808
2023-11-03 12:28:04,886 [trainer.py:313] INFO: Epoch : 32, Train_loss1 : 0.15495608747005463, Train_loss2 : 0.20092688500881195
2023-11-03 12:28:55,431 [trainer.py:313] INFO: Epoch : 33, Train_loss1 : 0.15886996686458588, Train_loss2 : 0.20376794040203094
2023-11-03 12:29:45,848 [trainer.py:313] INFO: Epoch : 34, Train_loss1 : 0.1615733653306961, Train_loss2 : 0.2066936045885086
2023-11-03 12:30:36,451 [trainer.py:313] INFO: Epoch : 35, Train_loss1 : 0.1650109887123108, Train_loss2 : 0.21024619042873383
2023-11-03 12:30:37,997 [trainer.py:388] INFO: Model1 Validation: Loss : 0.0917939692735672, mIoU : 0.7239376306533813, mDice : 0.8332028985023499
2023-11-03 12:30:37,997 [trainer.py:389] INFO: Model2 Validation: Loss : 0.13646963238716125, mIoU : 0.6142289638519287, mDice : 0.7540908455848694
2023-11-03 12:30:38,612 [utils.py:24] INFO: Saving ./checkpoint/ckpt_ model2_34 ckp 
2023-11-03 12:31:29,203 [trainer.py:313] INFO: Epoch : 36, Train_loss1 : 0.1689944714307785, Train_loss2 : 0.21405480802059174
2023-11-03 12:32:19,596 [trainer.py:313] INFO: Epoch : 37, Train_loss1 : 0.17205001413822174, Train_loss2 : 0.21723982691764832
2023-11-03 12:33:10,076 [trainer.py:313] INFO: Epoch : 38, Train_loss1 : 0.17552264034748077, Train_loss2 : 0.22051380574703217
2023-11-03 12:34:00,323 [trainer.py:313] INFO: Epoch : 39, Train_loss1 : 0.17806492745876312, Train_loss2 : 0.2238968312740326
2023-11-03 12:34:50,883 [trainer.py:313] INFO: Epoch : 40, Train_loss1 : 0.1819216012954712, Train_loss2 : 0.22671839594841003
2023-11-03 12:34:52,416 [trainer.py:388] INFO: Model1 Validation: Loss : 0.09159530699253082, mIoU : 0.724424421787262, mDice : 0.8335171341896057
2023-11-03 12:34:52,417 [trainer.py:389] INFO: Model2 Validation: Loss : 0.13642984628677368, mIoU : 0.6142804622650146, mDice : 0.754128634929657
2023-11-03 12:34:52,682 [utils.py:24] INFO: Saving ./checkpoint/ckpt_ model1_39 ckp 
2023-11-03 12:34:53,129 [utils.py:24] INFO: Saving ./checkpoint/ckpt_ model2_39 ckp 
2023-11-03 12:35:43,828 [trainer.py:313] INFO: Epoch : 41, Train_loss1 : 0.18540135025978088, Train_loss2 : 0.23044514656066895
2023-11-03 12:36:34,148 [trainer.py:313] INFO: Epoch : 42, Train_loss1 : 0.18861043453216553, Train_loss2 : 0.2333693951368332
2023-11-03 12:37:24,948 [trainer.py:313] INFO: Epoch : 43, Train_loss1 : 0.1920209378004074, Train_loss2 : 0.23702003061771393
2023-11-03 12:38:15,725 [trainer.py:313] INFO: Epoch : 44, Train_loss1 : 0.19474439322948456, Train_loss2 : 0.24014624953269958
2023-11-03 12:39:06,197 [trainer.py:313] INFO: Epoch : 45, Train_loss1 : 0.1989443600177765, Train_loss2 : 0.24383851885795593
2023-11-03 12:39:07,750 [trainer.py:388] INFO: Model1 Validation: Loss : 0.0913497731089592, mIoU : 0.7248883247375488, mDice : 0.8337926268577576
2023-11-03 12:39:07,750 [trainer.py:389] INFO: Model2 Validation: Loss : 0.13643676042556763, mIoU : 0.6143040060997009, mDice : 0.7541478276252747
2023-11-03 12:39:08,013 [utils.py:24] INFO: Saving ./checkpoint/ckpt_ model1_44 ckp 
2023-11-03 12:39:59,352 [trainer.py:313] INFO: Epoch : 46, Train_loss1 : 0.20180317759513855, Train_loss2 : 0.2471262365579605
2023-11-03 12:40:50,002 [trainer.py:313] INFO: Epoch : 47, Train_loss1 : 0.20499306917190552, Train_loss2 : 0.2507842183113098
2023-11-03 12:41:40,875 [trainer.py:313] INFO: Epoch : 48, Train_loss1 : 0.20842909812927246, Train_loss2 : 0.2538675367832184
2023-11-03 12:42:30,424 [trainer.py:313] INFO: Epoch : 49, Train_loss1 : 0.21193712949752808, Train_loss2 : 0.25749921798706055
2023-11-03 12:43:21,512 [trainer.py:313] INFO: Epoch : 50, Train_loss1 : 0.21558082103729248, Train_loss2 : 0.26047563552856445
2023-11-03 12:43:23,023 [trainer.py:388] INFO: Model1 Validation: Loss : 0.0913301408290863, mIoU : 0.7252041101455688, mDice : 0.8340810537338257
2023-11-03 12:43:23,023 [trainer.py:389] INFO: Model2 Validation: Loss : 0.13644099235534668, mIoU : 0.6142860054969788, mDice : 0.7541341185569763
2023-11-03 12:43:23,297 [utils.py:24] INFO: Saving ./checkpoint/ckpt_ model1_49 ckp 
2023-11-03 12:44:15,141 [trainer.py:313] INFO: Epoch : 51, Train_loss1 : 0.21907725930213928, Train_loss2 : 0.2638050615787506
2023-11-03 12:45:06,581 [trainer.py:313] INFO: Epoch : 52, Train_loss1 : 0.22228224575519562, Train_loss2 : 0.26730915904045105
2023-11-03 12:45:56,836 [trainer.py:313] INFO: Epoch : 53, Train_loss1 : 0.22552932798862457, Train_loss2 : 0.270949125289917
2023-11-03 12:46:47,025 [trainer.py:313] INFO: Epoch : 54, Train_loss1 : 0.22864921391010284, Train_loss2 : 0.27372029423713684
2023-11-03 12:47:39,421 [trainer.py:313] INFO: Epoch : 55, Train_loss1 : 0.23156383633613586, Train_loss2 : 0.27730700373649597
2023-11-03 12:47:41,031 [trainer.py:388] INFO: Model1 Validation: Loss : 0.091608926653862, mIoU : 0.7240702509880066, mDice : 0.8333281874656677
2023-11-03 12:47:41,031 [trainer.py:389] INFO: Model2 Validation: Loss : 0.13644099235534668, mIoU : 0.6142899990081787, mDice : 0.7541368007659912
2023-11-03 12:48:33,557 [trainer.py:313] INFO: Epoch : 56, Train_loss1 : 0.2350762039422989, Train_loss2 : 0.28021734952926636
2023-11-03 12:49:25,227 [trainer.py:313] INFO: Epoch : 57, Train_loss1 : 0.23862318694591522, Train_loss2 : 0.2839035093784332
2023-11-03 12:50:17,233 [trainer.py:313] INFO: Epoch : 58, Train_loss1 : 0.2416701763868332, Train_loss2 : 0.28724002838134766
2023-11-03 12:51:07,967 [trainer.py:313] INFO: Epoch : 59, Train_loss1 : 0.24518585205078125, Train_loss2 : 0.2905358076095581
2023-11-03 12:51:58,975 [trainer.py:313] INFO: Epoch : 60, Train_loss1 : 0.24772119522094727, Train_loss2 : 0.2937695384025574
2023-11-03 12:52:00,531 [trainer.py:388] INFO: Model1 Validation: Loss : 0.09144805371761322, mIoU : 0.7244125008583069, mDice : 0.8335428237915039
2023-11-03 12:52:00,531 [trainer.py:389] INFO: Model2 Validation: Loss : 0.13644123077392578, mIoU : 0.6142910718917847, mDice : 0.7541369199752808
2023-11-03 12:52:52,050 [trainer.py:313] INFO: Epoch : 61, Train_loss1 : 0.25165048241615295, Train_loss2 : 0.29712483286857605
2023-11-03 12:53:42,273 [trainer.py:313] INFO: Epoch : 62, Train_loss1 : 0.25522705912590027, Train_loss2 : 0.3005988895893097
2023-11-03 12:54:32,950 [trainer.py:313] INFO: Epoch : 63, Train_loss1 : 0.25844094157218933, Train_loss2 : 0.3038482069969177
2023-11-03 12:55:23,920 [trainer.py:313] INFO: Epoch : 64, Train_loss1 : 0.2615808844566345, Train_loss2 : 0.3066949248313904
2023-11-03 12:56:15,056 [trainer.py:313] INFO: Epoch : 65, Train_loss1 : 0.26502326130867004, Train_loss2 : 0.3104936480522156
2023-11-03 12:56:16,594 [trainer.py:388] INFO: Model1 Validation: Loss : 0.091351218521595, mIoU : 0.7248863577842712, mDice : 0.8338350057601929
2023-11-03 12:56:16,594 [trainer.py:389] INFO: Model2 Validation: Loss : 0.1364412158727646, mIoU : 0.6142910718917847, mDice : 0.7541369199752808
2023-11-03 12:57:08,053 [trainer.py:313] INFO: Epoch : 66, Train_loss1 : 0.2688409090042114, Train_loss2 : 0.3141363263130188
2023-11-03 12:57:59,117 [trainer.py:313] INFO: Epoch : 67, Train_loss1 : 0.27183079719543457, Train_loss2 : 0.31723248958587646
2023-11-03 12:58:50,519 [trainer.py:313] INFO: Epoch : 68, Train_loss1 : 0.27521613240242004, Train_loss2 : 0.320262610912323
2023-11-03 12:59:41,861 [trainer.py:313] INFO: Epoch : 69, Train_loss1 : 0.2784116268157959, Train_loss2 : 0.3232860565185547
2023-11-03 13:00:33,187 [trainer.py:313] INFO: Epoch : 70, Train_loss1 : 0.2818251848220825, Train_loss2 : 0.32733824849128723
2023-11-03 13:00:34,744 [trainer.py:388] INFO: Model1 Validation: Loss : 0.09159349650144577, mIoU : 0.7245768308639526, mDice : 0.8336387872695923
2023-11-03 13:00:34,745 [trainer.py:389] INFO: Model2 Validation: Loss : 0.1364412009716034, mIoU : 0.6142910718917847, mDice : 0.7541369199752808
2023-11-03 13:01:26,490 [trainer.py:313] INFO: Epoch : 71, Train_loss1 : 0.2852801978588104, Train_loss2 : 0.3307436406612396
2023-11-03 13:02:17,395 [trainer.py:313] INFO: Epoch : 72, Train_loss1 : 0.2883763313293457, Train_loss2 : 0.3337844908237457
2023-11-03 13:03:09,053 [trainer.py:313] INFO: Epoch : 73, Train_loss1 : 0.29221752285957336, Train_loss2 : 0.33734995126724243
2023-11-03 13:04:00,670 [trainer.py:313] INFO: Epoch : 74, Train_loss1 : 0.29554978013038635, Train_loss2 : 0.3403230309486389
2023-11-03 13:04:52,214 [trainer.py:313] INFO: Epoch : 75, Train_loss1 : 0.29881560802459717, Train_loss2 : 0.3442404270172119
2023-11-03 13:04:53,743 [trainer.py:388] INFO: Model1 Validation: Loss : 0.09155457466840744, mIoU : 0.7243071794509888, mDice : 0.8334688544273376
2023-11-03 13:04:53,743 [trainer.py:389] INFO: Model2 Validation: Loss : 0.1364412009716034, mIoU : 0.6142910718917847, mDice : 0.7541369199752808
2023-11-03 13:05:46,711 [trainer.py:313] INFO: Epoch : 76, Train_loss1 : 0.30209529399871826, Train_loss2 : 0.3474181890487671
2023-11-03 13:06:37,311 [trainer.py:313] INFO: Epoch : 77, Train_loss1 : 0.30526047945022583, Train_loss2 : 0.3502388894557953
2023-11-03 13:07:27,386 [trainer.py:313] INFO: Epoch : 78, Train_loss1 : 0.3083451986312866, Train_loss2 : 0.3536790609359741
2023-11-03 13:08:16,905 [trainer.py:313] INFO: Epoch : 79, Train_loss1 : 0.311920702457428, Train_loss2 : 0.35689011216163635
2023-11-03 13:09:06,669 [trainer.py:313] INFO: Epoch : 80, Train_loss1 : 0.3154091238975525, Train_loss2 : 0.3605388104915619
2023-11-03 13:09:08,151 [trainer.py:388] INFO: Model1 Validation: Loss : 0.09143682569265366, mIoU : 0.7249393463134766, mDice : 0.833861768245697
2023-11-03 13:09:08,151 [trainer.py:389] INFO: Model2 Validation: Loss : 0.1364412009716034, mIoU : 0.6142910718917847, mDice : 0.7541369199752808
2023-11-03 13:09:58,984 [trainer.py:313] INFO: Epoch : 81, Train_loss1 : 0.31804990768432617, Train_loss2 : 0.36364856362342834
2023-11-03 13:10:48,711 [trainer.py:313] INFO: Epoch : 82, Train_loss1 : 0.3213964104652405, Train_loss2 : 0.36753514409065247
2023-11-03 13:11:38,177 [trainer.py:313] INFO: Epoch : 83, Train_loss1 : 0.3249921500682831, Train_loss2 : 0.3699376583099365
2023-11-03 13:12:27,476 [trainer.py:313] INFO: Epoch : 84, Train_loss1 : 0.32891911268234253, Train_loss2 : 0.3742581009864807
2023-11-03 13:13:17,057 [trainer.py:313] INFO: Epoch : 85, Train_loss1 : 0.33201637864112854, Train_loss2 : 0.3774757981300354
2023-11-03 13:13:18,584 [trainer.py:388] INFO: Model1 Validation: Loss : 0.09177019447088242, mIoU : 0.7235714793205261, mDice : 0.8329010605812073
2023-11-03 13:13:18,584 [trainer.py:389] INFO: Model2 Validation: Loss : 0.1364412158727646, mIoU : 0.6142910718917847, mDice : 0.7541369199752808
2023-11-03 13:14:09,120 [trainer.py:313] INFO: Epoch : 86, Train_loss1 : 0.3358024060726166, Train_loss2 : 0.38037413358688354
2023-11-03 13:14:59,473 [trainer.py:313] INFO: Epoch : 87, Train_loss1 : 0.3379817306995392, Train_loss2 : 0.3844031095504761
2023-11-03 13:15:50,545 [trainer.py:313] INFO: Epoch : 88, Train_loss1 : 0.34170305728912354, Train_loss2 : 0.38729774951934814
2023-11-03 13:16:41,403 [trainer.py:313] INFO: Epoch : 89, Train_loss1 : 0.34554657340049744, Train_loss2 : 0.3908073902130127
2023-11-03 13:17:32,915 [trainer.py:313] INFO: Epoch : 90, Train_loss1 : 0.3484494686126709, Train_loss2 : 0.3937166929244995
2023-11-03 13:17:34,466 [trainer.py:388] INFO: Model1 Validation: Loss : 0.09159302711486816, mIoU : 0.7245338559150696, mDice : 0.8335809111595154
2023-11-03 13:17:34,467 [trainer.py:389] INFO: Model2 Validation: Loss : 0.1364412009716034, mIoU : 0.6142910718917847, mDice : 0.7541369199752808
2023-11-03 13:18:25,599 [trainer.py:313] INFO: Epoch : 91, Train_loss1 : 0.3517080843448639, Train_loss2 : 0.39707306027412415
2023-11-03 13:19:15,826 [trainer.py:313] INFO: Epoch : 92, Train_loss1 : 0.3551168441772461, Train_loss2 : 0.4000488221645355
2023-11-03 13:20:05,677 [trainer.py:313] INFO: Epoch : 93, Train_loss1 : 0.35823604464530945, Train_loss2 : 0.40372520685195923
2023-11-03 13:20:56,276 [trainer.py:313] INFO: Epoch : 94, Train_loss1 : 0.3624437153339386, Train_loss2 : 0.40760311484336853
2023-11-03 13:21:46,613 [trainer.py:313] INFO: Epoch : 95, Train_loss1 : 0.36562836170196533, Train_loss2 : 0.4108297824859619
2023-11-03 13:21:48,177 [trainer.py:388] INFO: Model1 Validation: Loss : 0.09150952845811844, mIoU : 0.7245843410491943, mDice : 0.8336097002029419
2023-11-03 13:21:48,177 [trainer.py:389] INFO: Model2 Validation: Loss : 0.1364412009716034, mIoU : 0.6142910718917847, mDice : 0.7541369199752808
2023-11-03 13:22:39,023 [trainer.py:313] INFO: Epoch : 96, Train_loss1 : 0.36802414059638977, Train_loss2 : 0.41372111439704895
2023-11-03 13:23:28,915 [trainer.py:313] INFO: Epoch : 97, Train_loss1 : 0.37175148725509644, Train_loss2 : 0.41688159108161926
2023-11-03 13:24:18,450 [trainer.py:313] INFO: Epoch : 98, Train_loss1 : 0.3749205768108368, Train_loss2 : 0.4202421009540558
2023-11-03 13:25:08,804 [trainer.py:313] INFO: Epoch : 99, Train_loss1 : 0.3788570165634155, Train_loss2 : 0.4240509867668152
2023-11-03 13:25:58,055 [trainer.py:313] INFO: Epoch : 100, Train_loss1 : 0.38249272108078003, Train_loss2 : 0.4271376430988312
2023-11-03 13:25:59,557 [trainer.py:388] INFO: Model1 Validation: Loss : 0.09137438237667084, mIoU : 0.7241712212562561, mDice : 0.8333414793014526
2023-11-03 13:25:59,557 [trainer.py:389] INFO: Model2 Validation: Loss : 0.1364412009716034, mIoU : 0.6142910718917847, mDice : 0.7541369199752808
2023-11-03 13:26:49,305 [trainer.py:313] INFO: Epoch : 101, Train_loss1 : 0.38519734144210815, Train_loss2 : 0.4303228259086609
2023-11-03 13:27:40,237 [trainer.py:313] INFO: Epoch : 102, Train_loss1 : 0.3883298337459564, Train_loss2 : 0.43337351083755493
2023-11-03 13:28:31,257 [trainer.py:313] INFO: Epoch : 103, Train_loss1 : 0.39197614789009094, Train_loss2 : 0.4372268617153168
2023-11-03 13:29:21,088 [trainer.py:313] INFO: Epoch : 104, Train_loss1 : 0.39530885219573975, Train_loss2 : 0.4399833083152771
2023-11-03 13:30:10,611 [trainer.py:313] INFO: Epoch : 105, Train_loss1 : 0.39836233854293823, Train_loss2 : 0.44385993480682373
2023-11-03 13:30:12,065 [trainer.py:388] INFO: Model1 Validation: Loss : 0.09138652682304382, mIoU : 0.7251713275909424, mDice : 0.8340524435043335
2023-11-03 13:30:12,065 [trainer.py:389] INFO: Model2 Validation: Loss : 0.1364412009716034, mIoU : 0.6142910718917847, mDice : 0.7541369199752808
2023-11-03 13:31:02,953 [trainer.py:313] INFO: Epoch : 106, Train_loss1 : 0.40203845500946045, Train_loss2 : 0.44695383310317993
2023-11-03 13:31:52,843 [trainer.py:313] INFO: Epoch : 107, Train_loss1 : 0.40534546971321106, Train_loss2 : 0.45116445422172546
2023-11-03 13:32:43,224 [trainer.py:313] INFO: Epoch : 108, Train_loss1 : 0.40808790922164917, Train_loss2 : 0.45385676622390747
2023-11-03 13:33:33,584 [trainer.py:313] INFO: Epoch : 109, Train_loss1 : 0.41187241673469543, Train_loss2 : 0.45731043815612793
2023-11-03 13:34:24,525 [trainer.py:313] INFO: Epoch : 110, Train_loss1 : 0.41491270065307617, Train_loss2 : 0.4603237509727478
2023-11-03 13:34:26,085 [trainer.py:388] INFO: Model1 Validation: Loss : 0.09160938858985901, mIoU : 0.7239964008331299, mDice : 0.833283543586731
2023-11-03 13:34:26,085 [trainer.py:389] INFO: Model2 Validation: Loss : 0.1364412009716034, mIoU : 0.6142910718917847, mDice : 0.7541369199752808
