2023-10-13 18:30:58,460 [train.py:60] INFO: learning rate : 0.001
2023-10-13 18:30:58,460 [train.py:61] INFO: batch size : 25
2023-10-13 18:30:58,460 [train.py:62] INFO: num epoch : 300
2023-10-13 18:30:58,460 [train.py:63] INFO: trainflow: 10
2023-10-13 18:30:58,461 [train.py:84] INFO: ==========Start training=========
2023-10-13 18:31:09,051 [trainer.py:140] INFO: Epoch : 1, Train_loss : 0.23863783478736877, Mean_ioU: 0.4773409366607666, Mean_Dice: 0.62233966588974
2023-10-13 18:31:15,599 [trainer.py:140] INFO: Epoch : 2, Train_loss : 0.15240387618541718, Mean_ioU: 0.6002802848815918, Mean_Dice: 0.742079496383667
2023-10-13 18:31:22,294 [trainer.py:140] INFO: Epoch : 3, Train_loss : 0.13685864210128784, Mean_ioU: 0.632864773273468, Mean_Dice: 0.7673900127410889
2023-10-13 18:31:29,730 [trainer.py:140] INFO: Epoch : 4, Train_loss : 0.12623371183872223, Mean_ioU: 0.6548687815666199, Mean_Dice: 0.7840863466262817
2023-10-13 18:31:36,683 [trainer.py:140] INFO: Epoch : 5, Train_loss : 0.11658065021038055, Mean_ioU: 0.6740123629570007, Mean_Dice: 0.7984334826469421
2023-10-13 18:31:44,004 [trainer.py:140] INFO: Epoch : 6, Train_loss : 0.11338121443986893, Mean_ioU: 0.6814973950386047, Mean_Dice: 0.8040618896484375
2023-10-13 18:31:50,854 [trainer.py:140] INFO: Epoch : 7, Train_loss : 0.10489919036626816, Mean_ioU: 0.6997519731521606, Mean_Dice: 0.8179991245269775
2023-10-13 18:31:57,545 [trainer.py:140] INFO: Epoch : 8, Train_loss : 0.10244125872850418, Mean_ioU: 0.7065154314041138, Mean_Dice: 0.822581946849823
2023-10-13 18:32:04,425 [trainer.py:140] INFO: Epoch : 9, Train_loss : 0.09782238304615021, Mean_ioU: 0.7152032852172852, Mean_Dice: 0.8288700580596924
2023-10-13 18:32:11,538 [trainer.py:140] INFO: Epoch : 10, Train_loss : 0.0950196161866188, Mean_ioU: 0.7223488688468933, Mean_Dice: 0.8339585065841675
2023-10-13 18:32:13,730 [trainer.py:188] INFO: Validation: Loss : 0.12777049839496613, mIoU : 0.6585137844085693, mDice : 0.7846328020095825
2023-10-13 18:32:21,049 [trainer.py:140] INFO: Epoch : 11, Train_loss : 0.08734261989593506, Mean_ioU: 0.7388651371002197, Mean_Dice: 0.8453729748725891
2023-10-13 18:32:27,939 [trainer.py:140] INFO: Epoch : 12, Train_loss : 0.08238496631383896, Mean_ioU: 0.7518852353096008, Mean_Dice: 0.8544739484786987
2023-10-13 18:32:35,103 [trainer.py:140] INFO: Epoch : 13, Train_loss : 0.08120529353618622, Mean_ioU: 0.756393313407898, Mean_Dice: 0.8575313091278076
2023-10-13 18:32:41,936 [trainer.py:140] INFO: Epoch : 14, Train_loss : 0.08006808906793594, Mean_ioU: 0.7606279850006104, Mean_Dice: 0.860425591468811
2023-10-13 18:32:48,955 [trainer.py:140] INFO: Epoch : 15, Train_loss : 0.07806827872991562, Mean_ioU: 0.7655825018882751, Mean_Dice: 0.8638959527015686
2023-10-13 18:32:56,008 [trainer.py:140] INFO: Epoch : 16, Train_loss : 0.07662317156791687, Mean_ioU: 0.7691805958747864, Mean_Dice: 0.8661410808563232
2023-10-13 18:33:02,687 [trainer.py:140] INFO: Epoch : 17, Train_loss : 0.0750657245516777, Mean_ioU: 0.773334801197052, Mean_Dice: 0.8691022396087646
2023-10-13 18:33:09,677 [trainer.py:140] INFO: Epoch : 18, Train_loss : 0.07486648857593536, Mean_ioU: 0.7744189500808716, Mean_Dice: 0.8693515062332153
2023-10-13 18:33:16,490 [trainer.py:140] INFO: Epoch : 19, Train_loss : 0.07344339042901993, Mean_ioU: 0.7775975465774536, Mean_Dice: 0.8716756105422974
2023-10-13 18:33:23,495 [trainer.py:140] INFO: Epoch : 20, Train_loss : 0.07336632162332535, Mean_ioU: 0.7806521058082581, Mean_Dice: 0.873866617679596
2023-10-13 18:33:25,494 [trainer.py:188] INFO: Validation: Loss : 0.09867962449789047, mIoU : 0.7152395844459534, mDice : 0.8264527320861816
2023-10-13 18:33:25,745 [utils.py:24] INFO: Saving ./checkpoint/ckpt_0.09868 ckp 
2023-10-13 18:33:32,892 [trainer.py:140] INFO: Epoch : 21, Train_loss : 0.07306517660617828, Mean_ioU: 0.7822858095169067, Mean_Dice: 0.874683141708374
2023-10-13 18:33:39,891 [trainer.py:140] INFO: Epoch : 22, Train_loss : 0.07160969078540802, Mean_ioU: 0.784351110458374, Mean_Dice: 0.8760572671890259
2023-10-13 18:33:47,044 [trainer.py:140] INFO: Epoch : 23, Train_loss : 0.07227146625518799, Mean_ioU: 0.7846312522888184, Mean_Dice: 0.8763729333877563
2023-10-13 18:33:54,407 [trainer.py:140] INFO: Epoch : 24, Train_loss : 0.07037435472011566, Mean_ioU: 0.7881409525871277, Mean_Dice: 0.8788810968399048
2023-10-13 18:34:01,427 [trainer.py:140] INFO: Epoch : 25, Train_loss : 0.07116992026567459, Mean_ioU: 0.7874774932861328, Mean_Dice: 0.8782815337181091
2023-10-13 18:34:08,539 [trainer.py:140] INFO: Epoch : 26, Train_loss : 0.07114442437887192, Mean_ioU: 0.7874926924705505, Mean_Dice: 0.8783964514732361
2023-10-13 18:34:15,710 [trainer.py:140] INFO: Epoch : 27, Train_loss : 0.07048264145851135, Mean_ioU: 0.7885732054710388, Mean_Dice: 0.8789912462234497
2023-10-13 18:34:22,577 [trainer.py:140] INFO: Epoch : 28, Train_loss : 0.07051463425159454, Mean_ioU: 0.7876603007316589, Mean_Dice: 0.8784263730049133
2023-10-13 18:34:29,626 [trainer.py:140] INFO: Epoch : 29, Train_loss : 0.07060849666595459, Mean_ioU: 0.7887086868286133, Mean_Dice: 0.879317581653595
2023-10-13 18:34:36,721 [trainer.py:140] INFO: Epoch : 30, Train_loss : 0.07024115324020386, Mean_ioU: 0.7900398373603821, Mean_Dice: 0.8802619576454163
2023-10-13 18:34:38,657 [trainer.py:188] INFO: Validation: Loss : 0.09968093782663345, mIoU : 0.7141018509864807, mDice : 0.8250023722648621
2023-10-13 18:34:45,935 [trainer.py:140] INFO: Epoch : 31, Train_loss : 0.0700073316693306, Mean_ioU: 0.7906084060668945, Mean_Dice: 0.8806105256080627
2023-10-13 18:34:53,106 [trainer.py:140] INFO: Epoch : 32, Train_loss : 0.06949902325868607, Mean_ioU: 0.7912740111351013, Mean_Dice: 0.880765438079834
2023-10-13 18:34:59,970 [trainer.py:140] INFO: Epoch : 33, Train_loss : 0.07083258777856827, Mean_ioU: 0.7886980772018433, Mean_Dice: 0.8791922330856323
2023-10-13 18:35:06,724 [trainer.py:140] INFO: Epoch : 34, Train_loss : 0.0700400322675705, Mean_ioU: 0.7897309064865112, Mean_Dice: 0.8796672821044922
2023-10-13 18:35:13,555 [trainer.py:140] INFO: Epoch : 35, Train_loss : 0.07019052654504776, Mean_ioU: 0.7897781133651733, Mean_Dice: 0.8798322081565857
2023-10-13 18:35:20,499 [trainer.py:140] INFO: Epoch : 36, Train_loss : 0.07061845064163208, Mean_ioU: 0.7898752689361572, Mean_Dice: 0.880066990852356
2023-10-13 18:35:27,370 [trainer.py:140] INFO: Epoch : 37, Train_loss : 0.07030359655618668, Mean_ioU: 0.789821207523346, Mean_Dice: 0.8799065947532654
2023-10-13 18:35:34,608 [trainer.py:140] INFO: Epoch : 38, Train_loss : 0.0702739730477333, Mean_ioU: 0.7893043756484985, Mean_Dice: 0.8795830011367798
2023-10-13 18:35:41,494 [trainer.py:140] INFO: Epoch : 39, Train_loss : 0.07025022059679031, Mean_ioU: 0.7887305021286011, Mean_Dice: 0.8790270090103149
2023-10-13 18:35:48,497 [trainer.py:140] INFO: Epoch : 40, Train_loss : 0.07055089622735977, Mean_ioU: 0.789367139339447, Mean_Dice: 0.8793795704841614
2023-10-13 18:35:50,469 [trainer.py:188] INFO: Validation: Loss : 0.09928072243928909, mIoU : 0.7138600945472717, mDice : 0.8249386548995972
2023-10-13 18:35:57,404 [trainer.py:140] INFO: Epoch : 41, Train_loss : 0.07031283527612686, Mean_ioU: 0.7893378734588623, Mean_Dice: 0.8792757987976074
2023-10-13 18:36:04,435 [trainer.py:140] INFO: Epoch : 42, Train_loss : 0.07059065252542496, Mean_ioU: 0.7870826125144958, Mean_Dice: 0.8779740333557129
2023-10-13 18:36:11,555 [trainer.py:140] INFO: Epoch : 43, Train_loss : 0.06968981772661209, Mean_ioU: 0.7909451723098755, Mean_Dice: 0.8805559873580933
2023-10-13 18:36:18,559 [trainer.py:140] INFO: Epoch : 44, Train_loss : 0.06970614939928055, Mean_ioU: 0.7911670207977295, Mean_Dice: 0.8809794783592224
2023-10-13 18:36:25,383 [trainer.py:140] INFO: Epoch : 45, Train_loss : 0.07111658155918121, Mean_ioU: 0.7876302003860474, Mean_Dice: 0.8784863948822021
2023-10-13 18:36:32,051 [trainer.py:140] INFO: Epoch : 46, Train_loss : 0.07070417702198029, Mean_ioU: 0.7885062098503113, Mean_Dice: 0.878789484500885
2023-10-13 18:36:39,120 [trainer.py:140] INFO: Epoch : 47, Train_loss : 0.06943324208259583, Mean_ioU: 0.7916564345359802, Mean_Dice: 0.8810425996780396
2023-10-13 18:36:46,117 [trainer.py:140] INFO: Epoch : 48, Train_loss : 0.0700814425945282, Mean_ioU: 0.7892746925354004, Mean_Dice: 0.879375696182251
2023-10-13 18:36:53,248 [trainer.py:140] INFO: Epoch : 49, Train_loss : 0.06967983394861221, Mean_ioU: 0.7912811636924744, Mean_Dice: 0.8807706832885742
2023-10-13 18:37:00,103 [trainer.py:140] INFO: Epoch : 50, Train_loss : 0.0701371356844902, Mean_ioU: 0.788787841796875, Mean_Dice: 0.879216730594635
2023-10-13 18:37:02,136 [trainer.py:188] INFO: Validation: Loss : 0.09932631999254227, mIoU : 0.7141214609146118, mDice : 0.8251346349716187
2023-10-13 18:37:09,291 [trainer.py:140] INFO: Epoch : 51, Train_loss : 0.0693264901638031, Mean_ioU: 0.7920905947685242, Mean_Dice: 0.8812966346740723
2023-10-13 18:37:16,490 [trainer.py:140] INFO: Epoch : 52, Train_loss : 0.06980268657207489, Mean_ioU: 0.7899640798568726, Mean_Dice: 0.879952073097229
2023-10-13 18:37:23,860 [trainer.py:140] INFO: Epoch : 53, Train_loss : 0.07008122652769089, Mean_ioU: 0.790371298789978, Mean_Dice: 0.8801541924476624
2023-10-13 18:37:30,801 [trainer.py:140] INFO: Epoch : 54, Train_loss : 0.0695689395070076, Mean_ioU: 0.7906120419502258, Mean_Dice: 0.8803497552871704
2023-10-13 18:37:37,747 [trainer.py:140] INFO: Epoch : 55, Train_loss : 0.06978164613246918, Mean_ioU: 0.7896131277084351, Mean_Dice: 0.8796864151954651
2023-10-13 18:37:44,852 [trainer.py:140] INFO: Epoch : 56, Train_loss : 0.07054426521062851, Mean_ioU: 0.7883341312408447, Mean_Dice: 0.8785516619682312
2023-10-13 18:37:51,768 [trainer.py:140] INFO: Epoch : 57, Train_loss : 0.0703318640589714, Mean_ioU: 0.7887572646141052, Mean_Dice: 0.8787868022918701
2023-10-13 18:37:58,934 [trainer.py:140] INFO: Epoch : 58, Train_loss : 0.07012008130550385, Mean_ioU: 0.7900252342224121, Mean_Dice: 0.879895806312561
2023-10-13 18:38:06,079 [trainer.py:140] INFO: Epoch : 59, Train_loss : 0.07092995941638947, Mean_ioU: 0.787167489528656, Mean_Dice: 0.8780567049980164
2023-10-13 18:38:13,106 [trainer.py:140] INFO: Epoch : 60, Train_loss : 0.07026338577270508, Mean_ioU: 0.7905769944190979, Mean_Dice: 0.8803814649581909
2023-10-13 18:38:15,169 [trainer.py:188] INFO: Validation: Loss : 0.09955338388681412, mIoU : 0.7135316729545593, mDice : 0.8246073126792908
2023-10-13 18:38:22,422 [trainer.py:140] INFO: Epoch : 61, Train_loss : 0.06950896233320236, Mean_ioU: 0.7902150750160217, Mean_Dice: 0.8801518082618713
2023-10-13 18:38:29,511 [trainer.py:140] INFO: Epoch : 62, Train_loss : 0.07065891474485397, Mean_ioU: 0.7897678017616272, Mean_Dice: 0.8796804547309875
2023-10-13 18:38:36,513 [trainer.py:140] INFO: Epoch : 63, Train_loss : 0.07006846368312836, Mean_ioU: 0.789535641670227, Mean_Dice: 0.8796176910400391
2023-10-13 18:38:43,480 [trainer.py:140] INFO: Epoch : 64, Train_loss : 0.07013868540525436, Mean_ioU: 0.7893921136856079, Mean_Dice: 0.8794957995414734
2023-10-13 18:38:50,398 [trainer.py:140] INFO: Epoch : 65, Train_loss : 0.07036706060171127, Mean_ioU: 0.7888730764389038, Mean_Dice: 0.8791846036911011
2023-10-13 18:38:57,441 [trainer.py:140] INFO: Epoch : 66, Train_loss : 0.07045885175466537, Mean_ioU: 0.7896019220352173, Mean_Dice: 0.8797594904899597
2023-10-13 18:39:04,433 [trainer.py:140] INFO: Epoch : 67, Train_loss : 0.06972961127758026, Mean_ioU: 0.7908994555473328, Mean_Dice: 0.8805199265480042
2023-10-13 18:39:11,469 [trainer.py:140] INFO: Epoch : 68, Train_loss : 0.07045949250459671, Mean_ioU: 0.7894128561019897, Mean_Dice: 0.879533588886261
2023-10-13 18:39:18,747 [trainer.py:140] INFO: Epoch : 69, Train_loss : 0.07027561217546463, Mean_ioU: 0.7890772223472595, Mean_Dice: 0.8793662786483765
2023-10-13 18:39:25,687 [trainer.py:140] INFO: Epoch : 70, Train_loss : 0.07004321366548538, Mean_ioU: 0.7902944684028625, Mean_Dice: 0.8799774646759033
2023-10-13 18:39:27,703 [trainer.py:188] INFO: Validation: Loss : 0.09945447742938995, mIoU : 0.7139071226119995, mDice : 0.8249304294586182
2023-10-13 18:39:34,712 [trainer.py:140] INFO: Epoch : 71, Train_loss : 0.07129058241844177, Mean_ioU: 0.788797914981842, Mean_Dice: 0.8790081143379211
2023-10-13 18:39:41,734 [trainer.py:140] INFO: Epoch : 72, Train_loss : 0.06959490478038788, Mean_ioU: 0.7911734580993652, Mean_Dice: 0.8807992339134216
2023-10-13 18:39:48,835 [trainer.py:140] INFO: Epoch : 73, Train_loss : 0.06945911794900894, Mean_ioU: 0.791812539100647, Mean_Dice: 0.8813415169715881
2023-10-13 18:39:55,726 [trainer.py:140] INFO: Epoch : 74, Train_loss : 0.0696575790643692, Mean_ioU: 0.7906585335731506, Mean_Dice: 0.8805664777755737
2023-10-13 18:40:02,736 [trainer.py:140] INFO: Epoch : 75, Train_loss : 0.07094916701316833, Mean_ioU: 0.7884840369224548, Mean_Dice: 0.8790292739868164
2023-10-13 18:40:09,822 [trainer.py:140] INFO: Epoch : 76, Train_loss : 0.070249542593956, Mean_ioU: 0.7891278862953186, Mean_Dice: 0.8794534206390381
2023-10-13 18:40:16,813 [trainer.py:140] INFO: Epoch : 77, Train_loss : 0.07024992257356644, Mean_ioU: 0.7890481948852539, Mean_Dice: 0.8792603015899658
2023-10-13 18:40:23,855 [trainer.py:140] INFO: Epoch : 78, Train_loss : 0.0707969143986702, Mean_ioU: 0.7896671295166016, Mean_Dice: 0.8797647953033447
2023-10-13 18:40:30,736 [trainer.py:140] INFO: Epoch : 79, Train_loss : 0.07042881846427917, Mean_ioU: 0.7883400917053223, Mean_Dice: 0.8787906169891357
2023-10-13 18:40:37,772 [trainer.py:140] INFO: Epoch : 80, Train_loss : 0.07096005976200104, Mean_ioU: 0.7885823845863342, Mean_Dice: 0.8790106177330017
2023-10-13 18:40:39,760 [trainer.py:188] INFO: Validation: Loss : 0.09929827600717545, mIoU : 0.713764488697052, mDice : 0.8248690962791443
2023-10-13 18:40:47,236 [trainer.py:140] INFO: Epoch : 81, Train_loss : 0.06951054185628891, Mean_ioU: 0.7908183336257935, Mean_Dice: 0.8805869817733765
2023-10-13 18:40:54,201 [trainer.py:140] INFO: Epoch : 82, Train_loss : 0.0699622854590416, Mean_ioU: 0.7902829647064209, Mean_Dice: 0.880195140838623
