2023-11-02 10:22:49,178 [train.py:61] INFO: learning rate : 0.001
2023-11-02 10:22:49,178 [train.py:62] INFO: batch size : 4
2023-11-02 10:22:49,178 [train.py:63] INFO: num epoch : 300
2023-11-02 10:22:49,178 [train.py:64] INFO: trainflow: 10
2023-11-02 10:22:49,178 [train.py:85] INFO: ==========Start training=========
2023-11-02 10:23:13,423 [trainer.py:142] INFO: Epoch : 1, Train_loss : 0.17240847647190094, Mean_ioU: 0.5654889345169067, Mean_Dice: 0.7107579112052917
2023-11-02 10:23:36,159 [trainer.py:142] INFO: Epoch : 2, Train_loss : 0.13834701478481293, Mean_ioU: 0.6232944130897522, Mean_Dice: 0.7587666511535645
2023-11-02 10:23:58,552 [trainer.py:142] INFO: Epoch : 3, Train_loss : 0.12404517084360123, Mean_ioU: 0.6527341604232788, Mean_Dice: 0.7811988592147827
2023-11-02 10:24:20,467 [trainer.py:142] INFO: Epoch : 4, Train_loss : 0.11541642993688583, Mean_ioU: 0.6728358864784241, Mean_Dice: 0.7966845035552979
2023-11-02 10:24:42,445 [trainer.py:142] INFO: Epoch : 5, Train_loss : 0.10729049891233444, Mean_ioU: 0.6890252828598022, Mean_Dice: 0.8086777329444885
2023-11-02 10:25:04,404 [trainer.py:142] INFO: Epoch : 6, Train_loss : 0.099080890417099, Mean_ioU: 0.7074173092842102, Mean_Dice: 0.8219025731086731
2023-11-02 10:25:26,467 [trainer.py:142] INFO: Epoch : 7, Train_loss : 0.09183301776647568, Mean_ioU: 0.7228617072105408, Mean_Dice: 0.8335146903991699
2023-11-02 10:25:48,472 [trainer.py:142] INFO: Epoch : 8, Train_loss : 0.08476973325014114, Mean_ioU: 0.7404364347457886, Mean_Dice: 0.8459322452545166
2023-11-02 10:26:10,521 [trainer.py:142] INFO: Epoch : 9, Train_loss : 0.0796133428812027, Mean_ioU: 0.7534473538398743, Mean_Dice: 0.8549304604530334
2023-11-02 10:26:33,203 [trainer.py:142] INFO: Epoch : 10, Train_loss : 0.07598621398210526, Mean_ioU: 0.7628232836723328, Mean_Dice: 0.8614141345024109
2023-11-02 10:26:34,314 [trainer.py:190] INFO: Validation: Loss : 0.7101733684539795, mIoU : 0.005728136748075485, mDice : 0.011350964196026325
2023-11-02 10:26:56,500 [trainer.py:142] INFO: Epoch : 11, Train_loss : 0.10471926629543304, Mean_ioU: 0.69725501537323, Mean_Dice: 0.8141839504241943
2023-11-02 10:27:18,522 [trainer.py:142] INFO: Epoch : 12, Train_loss : 0.09868848323822021, Mean_ioU: 0.7093788385391235, Mean_Dice: 0.823114812374115
2023-11-02 10:27:41,049 [trainer.py:142] INFO: Epoch : 13, Train_loss : 0.09341981261968613, Mean_ioU: 0.719605565071106, Mean_Dice: 0.8306500911712646
2023-11-02 10:28:03,582 [trainer.py:142] INFO: Epoch : 14, Train_loss : 0.09106415510177612, Mean_ioU: 0.7260388135910034, Mean_Dice: 0.8350155353546143
2023-11-02 10:28:25,520 [trainer.py:142] INFO: Epoch : 15, Train_loss : 0.08619209378957748, Mean_ioU: 0.7378975749015808, Mean_Dice: 0.8435362577438354
2023-11-02 10:28:48,107 [trainer.py:142] INFO: Epoch : 16, Train_loss : 0.08078427612781525, Mean_ioU: 0.7503689527511597, Mean_Dice: 0.8524624705314636
2023-11-02 10:29:10,459 [trainer.py:142] INFO: Epoch : 17, Train_loss : 0.07815182209014893, Mean_ioU: 0.7569584250450134, Mean_Dice: 0.8570470809936523
2023-11-02 10:29:32,975 [trainer.py:142] INFO: Epoch : 18, Train_loss : 0.07532274723052979, Mean_ioU: 0.7625406384468079, Mean_Dice: 0.8608193397521973
2023-11-02 10:29:55,039 [trainer.py:142] INFO: Epoch : 19, Train_loss : 0.07212726771831512, Mean_ioU: 0.7713795900344849, Mean_Dice: 0.8667035698890686
2023-11-02 10:30:17,658 [trainer.py:142] INFO: Epoch : 20, Train_loss : 0.07031156122684479, Mean_ioU: 0.7756199836730957, Mean_Dice: 0.8692805171012878
2023-11-02 10:30:18,579 [trainer.py:190] INFO: Validation: Loss : 0.7124954462051392, mIoU : 0.00636590039357543, mDice : 0.012561924755573273
2023-11-02 10:30:41,230 [trainer.py:142] INFO: Epoch : 21, Train_loss : 0.06683656573295593, Mean_ioU: 0.7863126397132874, Mean_Dice: 0.8762050271034241
2023-11-02 10:31:04,104 [trainer.py:142] INFO: Epoch : 22, Train_loss : 0.06468511372804642, Mean_ioU: 0.7912200689315796, Mean_Dice: 0.8796373605728149
2023-11-02 10:31:26,053 [trainer.py:142] INFO: Epoch : 23, Train_loss : 0.06253356486558914, Mean_ioU: 0.7986231446266174, Mean_Dice: 0.884128212928772
2023-11-02 10:31:47,907 [trainer.py:142] INFO: Epoch : 24, Train_loss : 0.058816827833652496, Mean_ioU: 0.8075732588768005, Mean_Dice: 0.8898475766181946
2023-11-02 10:32:10,728 [trainer.py:142] INFO: Epoch : 25, Train_loss : 0.056191448122262955, Mean_ioU: 0.8154548406600952, Mean_Dice: 0.8950640559196472
2023-11-02 10:32:34,037 [trainer.py:142] INFO: Epoch : 26, Train_loss : 0.054315466433763504, Mean_ioU: 0.821036159992218, Mean_Dice: 0.8984982967376709
2023-11-02 10:32:56,766 [trainer.py:142] INFO: Epoch : 27, Train_loss : 0.05278470739722252, Mean_ioU: 0.8267167210578918, Mean_Dice: 0.9017772078514099
2023-11-02 10:33:18,567 [trainer.py:142] INFO: Epoch : 28, Train_loss : 0.05285688862204552, Mean_ioU: 0.8273825645446777, Mean_Dice: 0.9022504687309265
2023-11-02 10:33:40,527 [trainer.py:142] INFO: Epoch : 29, Train_loss : 0.05098143219947815, Mean_ioU: 0.8316380381584167, Mean_Dice: 0.9051672220230103
2023-11-02 10:34:02,935 [trainer.py:142] INFO: Epoch : 30, Train_loss : 0.05070668086409569, Mean_ioU: 0.8335552215576172, Mean_Dice: 0.9060572981834412
2023-11-02 10:34:03,854 [trainer.py:190] INFO: Validation: Loss : 0.7047412395477295, mIoU : 0.01915345899760723, mDice : 0.037254564464092255
2023-11-02 10:34:04,109 [utils.py:24] INFO: Saving ./checkpoint/ckpt_0.704741 ckp 
2023-11-02 10:34:27,441 [trainer.py:142] INFO: Epoch : 31, Train_loss : 0.07609990239143372, Mean_ioU: 0.7658612728118896, Mean_Dice: 0.8624283671379089
2023-11-02 10:34:50,105 [trainer.py:142] INFO: Epoch : 32, Train_loss : 0.07117868214845657, Mean_ioU: 0.7750949859619141, Mean_Dice: 0.8687286376953125
2023-11-02 10:35:12,841 [trainer.py:142] INFO: Epoch : 33, Train_loss : 0.06895735114812851, Mean_ioU: 0.7816982269287109, Mean_Dice: 0.8732262253761292
2023-11-02 10:35:35,328 [trainer.py:142] INFO: Epoch : 34, Train_loss : 0.06688910722732544, Mean_ioU: 0.7869646549224854, Mean_Dice: 0.8770172595977783
2023-11-02 10:35:57,518 [trainer.py:142] INFO: Epoch : 35, Train_loss : 0.06320632249116898, Mean_ioU: 0.796211302280426, Mean_Dice: 0.8826977610588074
2023-11-02 10:36:19,610 [trainer.py:142] INFO: Epoch : 36, Train_loss : 0.062759168446064, Mean_ioU: 0.7977127432823181, Mean_Dice: 0.8837937116622925
2023-11-02 10:36:41,661 [trainer.py:142] INFO: Epoch : 37, Train_loss : 0.06307169795036316, Mean_ioU: 0.7968751192092896, Mean_Dice: 0.8829145431518555
2023-11-02 10:37:03,819 [trainer.py:142] INFO: Epoch : 38, Train_loss : 0.060715049505233765, Mean_ioU: 0.8037736415863037, Mean_Dice: 0.8871604800224304
2023-11-02 10:37:26,438 [trainer.py:142] INFO: Epoch : 39, Train_loss : 0.06026535481214523, Mean_ioU: 0.8047657012939453, Mean_Dice: 0.887463390827179
2023-11-02 10:37:49,494 [trainer.py:142] INFO: Epoch : 40, Train_loss : 0.058355189859867096, Mean_ioU: 0.8107854723930359, Mean_Dice: 0.8918300867080688
2023-11-02 10:37:50,494 [trainer.py:190] INFO: Validation: Loss : 0.6935555338859558, mIoU : 0.03448234498500824, mDice : 0.06612200289964676
2023-11-02 10:37:50,644 [utils.py:24] INFO: Saving ./checkpoint/ckpt_0.693556 ckp 
2023-11-02 10:38:13,576 [trainer.py:142] INFO: Epoch : 41, Train_loss : 0.05641520768404007, Mean_ioU: 0.8151738047599792, Mean_Dice: 0.8942623734474182
2023-11-02 10:38:35,489 [trainer.py:142] INFO: Epoch : 42, Train_loss : 0.05404432862997055, Mean_ioU: 0.8210639357566833, Mean_Dice: 0.89803147315979
2023-11-02 10:38:57,935 [trainer.py:142] INFO: Epoch : 43, Train_loss : 0.056201666593551636, Mean_ioU: 0.8179323077201843, Mean_Dice: 0.8959507942199707
2023-11-02 10:39:20,222 [trainer.py:142] INFO: Epoch : 44, Train_loss : 0.05353930592536926, Mean_ioU: 0.8249659538269043, Mean_Dice: 0.9003831744194031
2023-11-02 10:39:43,433 [trainer.py:142] INFO: Epoch : 45, Train_loss : 0.0509684719145298, Mean_ioU: 0.8313508033752441, Mean_Dice: 0.9047877788543701
2023-11-02 10:40:05,795 [trainer.py:142] INFO: Epoch : 46, Train_loss : 0.05079447105526924, Mean_ioU: 0.8309073448181152, Mean_Dice: 0.9037940502166748
2023-11-02 10:40:28,104 [trainer.py:142] INFO: Epoch : 47, Train_loss : 0.05031678080558777, Mean_ioU: 0.8342847228050232, Mean_Dice: 0.9061452746391296
2023-11-02 10:40:50,700 [trainer.py:142] INFO: Epoch : 48, Train_loss : 0.04679711163043976, Mean_ioU: 0.8423912525177002, Mean_Dice: 0.9113496541976929
2023-11-02 10:41:13,275 [trainer.py:142] INFO: Epoch : 49, Train_loss : 0.04570676013827324, Mean_ioU: 0.8464950323104858, Mean_Dice: 0.9137644171714783
2023-11-02 10:41:36,002 [trainer.py:142] INFO: Epoch : 50, Train_loss : 0.046561773866415024, Mean_ioU: 0.8448344469070435, Mean_Dice: 0.912497878074646
2023-11-02 10:41:36,923 [trainer.py:190] INFO: Validation: Loss : 0.7051428556442261, mIoU : 0.016049569472670555, mDice : 0.03089105896651745
2023-11-02 10:41:59,322 [trainer.py:142] INFO: Epoch : 51, Train_loss : 0.045195404440164566, Mean_ioU: 0.8488860130310059, Mean_Dice: 0.9151672720909119
2023-11-02 10:42:21,903 [trainer.py:142] INFO: Epoch : 52, Train_loss : 0.044077906757593155, Mean_ioU: 0.8517475128173828, Mean_Dice: 0.9170444011688232
