2023-11-03 10:06:04,050 [semi.py:45] INFO: learning rate : 0.001
2023-11-03 10:06:04,050 [semi.py:46] INFO: batch size : 16
2023-11-03 10:06:04,050 [semi.py:47] INFO: num epoch : 300
2023-11-03 10:06:04,050 [semi.py:48] INFO: trainflow: 1
2023-11-03 10:06:04,050 [semi.py:62] INFO: ==========Start semi training=========
2023-11-03 10:06:55,243 [trainer.py:312] INFO: Epoch : 1, Train_loss1 : 0.46751338243484497, Train_loss2 : 0.46751338243484497
2023-11-03 10:06:57,076 [trainer.py:387] INFO: Model1 Validation: Loss : 0.7203442454338074, mIoU : 0.032949239015579224, mDice : 0.06337405741214752
2023-11-03 10:06:57,076 [trainer.py:388] INFO: Model2 Validation: Loss : 0.6987700462341309, mIoU : 0.02750835381448269, mDice : 0.05324135720729828
2023-11-03 10:06:57,673 [utils.py:24] INFO: Saving ./checkpoint/ckpt_0.69877 ckp 
2023-11-03 10:07:46,378 [trainer.py:312] INFO: Epoch : 2, Train_loss1 : 0.4708114564418793, Train_loss2 : 0.4708114564418793
2023-11-03 10:07:47,800 [trainer.py:387] INFO: Model1 Validation: Loss : 0.720396101474762, mIoU : 0.032822150737047195, mDice : 0.06313543021678925
2023-11-03 10:07:47,800 [trainer.py:388] INFO: Model2 Validation: Loss : 0.6987700462341309, mIoU : 0.02750835381448269, mDice : 0.05324135720729828
2023-11-03 10:08:37,261 [trainer.py:312] INFO: Epoch : 3, Train_loss1 : 0.4741879999637604, Train_loss2 : 0.4741879999637604
2023-11-03 10:08:38,758 [trainer.py:387] INFO: Model1 Validation: Loss : 0.7210014462471008, mIoU : 0.03230927884578705, mDice : 0.062197789549827576
2023-11-03 10:08:38,758 [trainer.py:388] INFO: Model2 Validation: Loss : 0.6987700462341309, mIoU : 0.02750835381448269, mDice : 0.05324135720729828
2023-11-03 10:09:28,121 [trainer.py:312] INFO: Epoch : 4, Train_loss1 : 0.477515310049057, Train_loss2 : 0.477515310049057
2023-11-03 10:09:29,553 [trainer.py:387] INFO: Model1 Validation: Loss : 0.7207221388816833, mIoU : 0.032659757882356644, mDice : 0.06283970922231674
2023-11-03 10:09:29,554 [trainer.py:388] INFO: Model2 Validation: Loss : 0.6987700462341309, mIoU : 0.02750835381448269, mDice : 0.05324135720729828
2023-11-03 10:10:21,494 [trainer.py:312] INFO: Epoch : 5, Train_loss1 : 0.4808792471885681, Train_loss2 : 0.4808792471885681
2023-11-03 10:10:22,997 [trainer.py:387] INFO: Model1 Validation: Loss : 0.7200803756713867, mIoU : 0.03271833434700966, mDice : 0.06296160072088242
2023-11-03 10:10:22,997 [trainer.py:388] INFO: Model2 Validation: Loss : 0.6987700462341309, mIoU : 0.02750835381448269, mDice : 0.05324135720729828
