2023-11-03 09:28:37,586 [semi.py:45] INFO: learning rate : 0.001
2023-11-03 09:28:37,586 [semi.py:46] INFO: batch size : 16
2023-11-03 09:28:37,586 [semi.py:47] INFO: num epoch : 300
2023-11-03 09:28:37,586 [semi.py:48] INFO: trainflow: 1
2023-11-03 09:28:37,586 [semi.py:62] INFO: ==========Start semi training=========
2023-11-03 09:29:30,162 [trainer.py:305] INFO: Epoch : 1, Train_loss1 : 0.4675123989582062, Train_loss2 : 0.4675123989582062
2023-11-03 09:29:31,967 [trainer.py:380] INFO: Model1 Validation: Loss : 0.6979013085365295, mIoU : 0.03252821043133736, mDice : 0.062387872487306595
2023-11-03 09:29:31,968 [trainer.py:381] INFO: Model2 Validation: Loss : 0.6969138979911804, mIoU : 0.02504790388047695, mDice : 0.04858093708753586
2023-11-03 09:29:32,576 [utils.py:24] INFO: Saving ./checkpoint/ckpt_0.696914 ckp 
2023-11-03 09:30:22,039 [trainer.py:305] INFO: Epoch : 2, Train_loss1 : 0.47084441781044006, Train_loss2 : 0.47084441781044006
2023-11-03 09:30:23,478 [trainer.py:380] INFO: Model1 Validation: Loss : 0.6984767317771912, mIoU : 0.03212926164269447, mDice : 0.06166386604309082
2023-11-03 09:30:23,479 [trainer.py:381] INFO: Model2 Validation: Loss : 0.6969138979911804, mIoU : 0.02504790388047695, mDice : 0.04858093708753586
2023-11-03 09:31:13,916 [trainer.py:305] INFO: Epoch : 3, Train_loss1 : 0.4741726517677307, Train_loss2 : 0.4741726517677307
2023-11-03 09:31:15,375 [trainer.py:380] INFO: Model1 Validation: Loss : 0.6983686685562134, mIoU : 0.03246012330055237, mDice : 0.062277887016534805
2023-11-03 09:31:15,375 [trainer.py:381] INFO: Model2 Validation: Loss : 0.6969138979911804, mIoU : 0.02504790388047695, mDice : 0.04858093708753586
2023-11-03 09:32:04,741 [trainer.py:305] INFO: Epoch : 4, Train_loss1 : 0.47751304507255554, Train_loss2 : 0.47751304507255554
2023-11-03 09:32:06,149 [trainer.py:380] INFO: Model1 Validation: Loss : 0.6987800002098083, mIoU : 0.032230034470558167, mDice : 0.0618477426469326
2023-11-03 09:32:06,149 [trainer.py:381] INFO: Model2 Validation: Loss : 0.6969138979911804, mIoU : 0.02504790388047695, mDice : 0.04858093708753586
2023-11-03 09:32:55,890 [trainer.py:305] INFO: Epoch : 5, Train_loss1 : 0.4808528423309326, Train_loss2 : 0.4808528423309326
2023-11-03 09:32:57,374 [trainer.py:380] INFO: Model1 Validation: Loss : 0.6981423497200012, mIoU : 0.03231339901685715, mDice : 0.062005192041397095
2023-11-03 09:32:57,374 [trainer.py:381] INFO: Model2 Validation: Loss : 0.6969138979911804, mIoU : 0.02504790388047695, mDice : 0.04858093708753586
