2023-10-16 12:59:55,301 [train.py:61] INFO: learning rate : 0.001
2023-10-16 12:59:55,301 [train.py:62] INFO: batch size : 4
2023-10-16 12:59:55,301 [train.py:63] INFO: num epoch : 300
2023-10-16 12:59:55,301 [train.py:64] INFO: trainflow: 10
2023-10-16 12:59:55,301 [train.py:85] INFO: ==========Start training=========
2023-10-16 13:00:42,793 [trainer.py:142] INFO: Epoch : 1, Train_loss : 0.5624580979347229, Mean_ioU: 0.011799194850027561, Mean_Dice: 0.022552525624632835
2023-10-16 13:01:27,857 [trainer.py:142] INFO: Epoch : 2, Train_loss : 0.32526087760925293, Mean_ioU: 0.3520564138889313, Mean_Dice: 0.5049339532852173
2023-10-16 13:02:12,951 [trainer.py:142] INFO: Epoch : 3, Train_loss : 0.24100370705127716, Mean_ioU: 0.43565845489501953, Mean_Dice: 0.597464919090271
2023-10-16 13:02:59,398 [trainer.py:142] INFO: Epoch : 4, Train_loss : 0.22222715616226196, Mean_ioU: 0.46097102761268616, Mean_Dice: 0.6229698657989502
2023-10-16 13:03:45,831 [trainer.py:142] INFO: Epoch : 5, Train_loss : 0.21284227073192596, Mean_ioU: 0.4731542766094208, Mean_Dice: 0.633869469165802
2023-10-16 13:04:32,259 [trainer.py:142] INFO: Epoch : 6, Train_loss : 0.20563243329524994, Mean_ioU: 0.484414279460907, Mean_Dice: 0.6449796557426453
2023-10-16 13:05:18,935 [trainer.py:142] INFO: Epoch : 7, Train_loss : 0.2013992965221405, Mean_ioU: 0.4899064898490906, Mean_Dice: 0.6499699354171753
2023-10-16 13:06:05,928 [trainer.py:142] INFO: Epoch : 8, Train_loss : 0.1967739760875702, Mean_ioU: 0.4966247081756592, Mean_Dice: 0.6565350294113159
2023-10-16 13:06:52,659 [trainer.py:142] INFO: Epoch : 9, Train_loss : 0.1947178840637207, Mean_ioU: 0.499440461397171, Mean_Dice: 0.6589347124099731
2023-10-16 13:07:38,839 [trainer.py:142] INFO: Epoch : 10, Train_loss : 0.1925050914287567, Mean_ioU: 0.5021149516105652, Mean_Dice: 0.6611983180046082
2023-10-16 13:07:40,494 [trainer.py:190] INFO: Validation: Loss : 0.18847636878490448, mIoU : 0.509037971496582, mDice : 0.6673745512962341
2023-10-16 13:08:25,740 [trainer.py:142] INFO: Epoch : 11, Train_loss : 0.20353741943836212, Mean_ioU: 0.49147579073905945, Mean_Dice: 0.6497828364372253
2023-10-16 13:09:13,342 [trainer.py:142] INFO: Epoch : 12, Train_loss : 0.20020481944084167, Mean_ioU: 0.4968043565750122, Mean_Dice: 0.6546314358711243
2023-10-16 13:09:59,270 [trainer.py:142] INFO: Epoch : 13, Train_loss : 0.1937388777732849, Mean_ioU: 0.5056176781654358, Mean_Dice: 0.6632031798362732
2023-10-16 13:10:45,488 [trainer.py:142] INFO: Epoch : 14, Train_loss : 0.1930747628211975, Mean_ioU: 0.5066446661949158, Mean_Dice: 0.6633431911468506
2023-10-16 13:11:32,552 [trainer.py:142] INFO: Epoch : 15, Train_loss : 0.19033539295196533, Mean_ioU: 0.5113914608955383, Mean_Dice: 0.6682547926902771
2023-10-16 13:12:18,417 [trainer.py:142] INFO: Epoch : 16, Train_loss : 0.18853771686553955, Mean_ioU: 0.5134073495864868, Mean_Dice: 0.6701560020446777
2023-10-16 13:13:06,443 [trainer.py:142] INFO: Epoch : 17, Train_loss : 0.1870718151330948, Mean_ioU: 0.5166933536529541, Mean_Dice: 0.6728725433349609
2023-10-16 13:13:53,833 [trainer.py:142] INFO: Epoch : 18, Train_loss : 0.18523786962032318, Mean_ioU: 0.5188381671905518, Mean_Dice: 0.6745520830154419
2023-10-16 13:14:40,946 [trainer.py:142] INFO: Epoch : 19, Train_loss : 0.18417198956012726, Mean_ioU: 0.5209866762161255, Mean_Dice: 0.6764326691627502
2023-10-16 13:15:27,808 [trainer.py:142] INFO: Epoch : 20, Train_loss : 0.18165455758571625, Mean_ioU: 0.5244205594062805, Mean_Dice: 0.6800248026847839
2023-10-16 13:15:29,349 [trainer.py:190] INFO: Validation: Loss : 0.17775550484657288, mIoU : 0.5328288078308105, mDice : 0.6871877908706665
2023-10-16 13:15:29,790 [utils.py:24] INFO: Saving ./checkpoint/ckpt_0.177756 ckp 
2023-10-16 13:16:15,537 [trainer.py:142] INFO: Epoch : 21, Train_loss : 0.18064351379871368, Mean_ioU: 0.526843786239624, Mean_Dice: 0.6819378137588501
2023-10-16 13:17:00,660 [trainer.py:142] INFO: Epoch : 22, Train_loss : 0.18032552301883698, Mean_ioU: 0.5264196395874023, Mean_Dice: 0.6815307140350342
2023-10-16 13:17:48,310 [trainer.py:142] INFO: Epoch : 23, Train_loss : 0.17795705795288086, Mean_ioU: 0.5307446122169495, Mean_Dice: 0.6858360171318054
2023-10-16 13:18:34,685 [trainer.py:142] INFO: Epoch : 24, Train_loss : 0.17702274024486542, Mean_ioU: 0.5327792167663574, Mean_Dice: 0.6874114274978638
2023-10-16 13:19:20,427 [trainer.py:142] INFO: Epoch : 25, Train_loss : 0.17622266709804535, Mean_ioU: 0.5337761044502258, Mean_Dice: 0.6880485415458679
2023-10-16 13:20:07,205 [trainer.py:142] INFO: Epoch : 26, Train_loss : 0.1753968745470047, Mean_ioU: 0.5353351831436157, Mean_Dice: 0.6894045472145081
2023-10-16 13:20:54,634 [trainer.py:142] INFO: Epoch : 27, Train_loss : 0.17468515038490295, Mean_ioU: 0.5368407964706421, Mean_Dice: 0.6908912658691406
2023-10-16 13:21:39,803 [trainer.py:142] INFO: Epoch : 28, Train_loss : 0.17368054389953613, Mean_ioU: 0.5382484197616577, Mean_Dice: 0.692432165145874
2023-10-16 13:22:25,498 [trainer.py:142] INFO: Epoch : 29, Train_loss : 0.17247626185417175, Mean_ioU: 0.54083651304245, Mean_Dice: 0.6947938799858093
2023-10-16 13:23:11,778 [trainer.py:142] INFO: Epoch : 30, Train_loss : 0.17327530682086945, Mean_ioU: 0.5391989350318909, Mean_Dice: 0.693292498588562
2023-10-16 13:23:13,402 [trainer.py:190] INFO: Validation: Loss : 0.1744423806667328, mIoU : 0.5356956124305725, mDice : 0.6896714568138123
2023-10-16 13:23:13,827 [utils.py:24] INFO: Saving ./checkpoint/ckpt_0.174442 ckp 
2023-10-16 13:24:00,720 [trainer.py:142] INFO: Epoch : 31, Train_loss : 0.1821306049823761, Mean_ioU: 0.5252966284751892, Mean_Dice: 0.6795529723167419
2023-10-16 13:24:48,582 [trainer.py:142] INFO: Epoch : 32, Train_loss : 0.17926691472530365, Mean_ioU: 0.5306763648986816, Mean_Dice: 0.6851106286048889
2023-10-16 13:25:34,742 [trainer.py:142] INFO: Epoch : 33, Train_loss : 0.17918509244918823, Mean_ioU: 0.5313586592674255, Mean_Dice: 0.685719907283783
2023-10-16 13:26:21,330 [trainer.py:142] INFO: Epoch : 34, Train_loss : 0.17696714401245117, Mean_ioU: 0.5344549417495728, Mean_Dice: 0.6885594725608826
2023-10-16 13:27:08,701 [trainer.py:142] INFO: Epoch : 35, Train_loss : 0.1758812814950943, Mean_ioU: 0.5364037156105042, Mean_Dice: 0.6902940273284912
2023-10-16 13:27:55,721 [trainer.py:142] INFO: Epoch : 36, Train_loss : 0.1747893989086151, Mean_ioU: 0.5392246246337891, Mean_Dice: 0.6924608945846558
2023-10-16 13:28:41,128 [trainer.py:142] INFO: Epoch : 37, Train_loss : 0.17299394309520721, Mean_ioU: 0.5421622395515442, Mean_Dice: 0.6952736973762512
2023-10-16 13:29:27,701 [trainer.py:142] INFO: Epoch : 38, Train_loss : 0.17308472096920013, Mean_ioU: 0.5411640405654907, Mean_Dice: 0.693939745426178
2023-10-16 13:30:12,429 [trainer.py:142] INFO: Epoch : 39, Train_loss : 0.17063286900520325, Mean_ioU: 0.5450066328048706, Mean_Dice: 0.6974407434463501
2023-10-16 13:31:00,672 [trainer.py:142] INFO: Epoch : 40, Train_loss : 0.16912920773029327, Mean_ioU: 0.54744553565979, Mean_Dice: 0.6995731592178345
2023-10-16 13:31:02,284 [trainer.py:190] INFO: Validation: Loss : 0.17332720756530762, mIoU : 0.5364245772361755, mDice : 0.6900185942649841
2023-10-16 13:31:02,716 [utils.py:24] INFO: Saving ./checkpoint/ckpt_0.173327 ckp 
2023-10-16 13:31:02,926 [utils.py:30] INFO: Delete ./checkpoint/ckpt_0.177756.pth ckp
2023-10-16 13:31:50,564 [trainer.py:142] INFO: Epoch : 41, Train_loss : 0.16777731478214264, Mean_ioU: 0.5505834817886353, Mean_Dice: 0.7024561166763306
2023-10-16 13:32:36,908 [trainer.py:142] INFO: Epoch : 42, Train_loss : 0.16493281722068787, Mean_ioU: 0.5551831126213074, Mean_Dice: 0.7064392566680908
2023-10-16 13:33:23,951 [trainer.py:142] INFO: Epoch : 43, Train_loss : 0.16471534967422485, Mean_ioU: 0.5551501512527466, Mean_Dice: 0.70561683177948
2023-10-16 13:34:11,299 [trainer.py:142] INFO: Epoch : 44, Train_loss : 0.16249793767929077, Mean_ioU: 0.5606236457824707, Mean_Dice: 0.7110044360160828
2023-10-16 13:34:58,958 [trainer.py:142] INFO: Epoch : 45, Train_loss : 0.16254101693630219, Mean_ioU: 0.5598133206367493, Mean_Dice: 0.710038423538208
2023-10-16 13:35:45,830 [trainer.py:142] INFO: Epoch : 46, Train_loss : 0.16101214289665222, Mean_ioU: 0.5608742833137512, Mean_Dice: 0.7106716632843018
2023-10-16 13:36:34,645 [trainer.py:142] INFO: Epoch : 47, Train_loss : 0.1570577621459961, Mean_ioU: 0.5698304176330566, Mean_Dice: 0.7191274762153625
2023-10-16 13:37:21,476 [trainer.py:142] INFO: Epoch : 48, Train_loss : 0.15681785345077515, Mean_ioU: 0.5701892971992493, Mean_Dice: 0.718891978263855
2023-10-16 13:38:07,722 [trainer.py:142] INFO: Epoch : 49, Train_loss : 0.15616856515407562, Mean_ioU: 0.5718196034431458, Mean_Dice: 0.720487117767334
2023-10-16 13:38:54,766 [trainer.py:142] INFO: Epoch : 50, Train_loss : 0.1549564003944397, Mean_ioU: 0.5735682845115662, Mean_Dice: 0.7221438884735107
2023-10-16 13:38:56,341 [trainer.py:190] INFO: Validation: Loss : 0.17249926924705505, mIoU : 0.5354326963424683, mDice : 0.6882314085960388
2023-10-16 13:38:56,778 [utils.py:24] INFO: Saving ./checkpoint/ckpt_0.172499 ckp 
2023-10-16 13:38:56,989 [utils.py:30] INFO: Delete ./checkpoint/ckpt_0.174442.pth ckp
2023-10-16 13:39:44,236 [trainer.py:142] INFO: Epoch : 51, Train_loss : 0.1543256938457489, Mean_ioU: 0.576478898525238, Mean_Dice: 0.7239561080932617
2023-10-16 13:40:29,764 [trainer.py:142] INFO: Epoch : 52, Train_loss : 0.15220873057842255, Mean_ioU: 0.5802948474884033, Mean_Dice: 0.7276527881622314
2023-10-16 13:41:15,475 [trainer.py:142] INFO: Epoch : 53, Train_loss : 0.15220484137535095, Mean_ioU: 0.5796576142311096, Mean_Dice: 0.7265293002128601
2023-10-16 13:42:01,483 [trainer.py:142] INFO: Epoch : 54, Train_loss : 0.15177644789218903, Mean_ioU: 0.5802677273750305, Mean_Dice: 0.7271000742912292
2023-10-16 13:42:48,491 [trainer.py:142] INFO: Epoch : 55, Train_loss : 0.15044769644737244, Mean_ioU: 0.5835573077201843, Mean_Dice: 0.7301009893417358
2023-10-16 13:43:35,874 [trainer.py:142] INFO: Epoch : 56, Train_loss : 0.14797088503837585, Mean_ioU: 0.5874776244163513, Mean_Dice: 0.7331518530845642
2023-10-16 13:44:21,882 [trainer.py:142] INFO: Epoch : 57, Train_loss : 0.14748385548591614, Mean_ioU: 0.5881317853927612, Mean_Dice: 0.7338401079177856
2023-10-16 13:45:09,136 [trainer.py:142] INFO: Epoch : 58, Train_loss : 0.14558953046798706, Mean_ioU: 0.5910940766334534, Mean_Dice: 0.7365350723266602
2023-10-16 13:45:55,614 [trainer.py:142] INFO: Epoch : 59, Train_loss : 0.1465042233467102, Mean_ioU: 0.5900574922561646, Mean_Dice: 0.7357351183891296
2023-10-16 13:46:42,406 [trainer.py:142] INFO: Epoch : 60, Train_loss : 0.14649946987628937, Mean_ioU: 0.5900561809539795, Mean_Dice: 0.7353694438934326
2023-10-16 13:46:44,027 [trainer.py:190] INFO: Validation: Loss : 0.1692555993795395, mIoU : 0.5448617935180664, mDice : 0.6951695680618286
2023-10-16 13:46:44,468 [utils.py:24] INFO: Saving ./checkpoint/ckpt_0.169256 ckp 
2023-10-16 13:46:44,680 [utils.py:30] INFO: Delete ./checkpoint/ckpt_0.173327.pth ckp
2023-10-16 13:47:31,581 [trainer.py:142] INFO: Epoch : 61, Train_loss : 0.1434510499238968, Mean_ioU: 0.5963858962059021, Mean_Dice: 0.7413304448127747
2023-10-16 13:48:18,691 [trainer.py:142] INFO: Epoch : 62, Train_loss : 0.14250145852565765, Mean_ioU: 0.597553014755249, Mean_Dice: 0.7417189478874207
2023-10-16 13:49:06,170 [trainer.py:142] INFO: Epoch : 63, Train_loss : 0.14265504479408264, Mean_ioU: 0.596824586391449, Mean_Dice: 0.7409931421279907
2023-10-16 13:49:52,487 [trainer.py:142] INFO: Epoch : 64, Train_loss : 0.142837792634964, Mean_ioU: 0.5970025658607483, Mean_Dice: 0.7410861849784851
2023-10-16 13:50:36,924 [trainer.py:142] INFO: Epoch : 65, Train_loss : 0.14249153435230255, Mean_ioU: 0.597443163394928, Mean_Dice: 0.7411842346191406
2023-10-16 13:51:23,608 [trainer.py:142] INFO: Epoch : 66, Train_loss : 0.14225095510482788, Mean_ioU: 0.5984917879104614, Mean_Dice: 0.7421404719352722
2023-10-16 13:52:09,444 [trainer.py:142] INFO: Epoch : 67, Train_loss : 0.1431875079870224, Mean_ioU: 0.5976464748382568, Mean_Dice: 0.7416566610336304
2023-10-16 13:52:56,151 [trainer.py:142] INFO: Epoch : 68, Train_loss : 0.14053930342197418, Mean_ioU: 0.6017009019851685, Mean_Dice: 0.7450085878372192
2023-10-16 13:53:43,451 [trainer.py:142] INFO: Epoch : 69, Train_loss : 0.14042042195796967, Mean_ioU: 0.6032230257987976, Mean_Dice: 0.7464588284492493
2023-10-16 13:54:30,198 [trainer.py:142] INFO: Epoch : 70, Train_loss : 0.1422562152147293, Mean_ioU: 0.5984786748886108, Mean_Dice: 0.7425798177719116
2023-10-16 13:54:31,756 [trainer.py:190] INFO: Validation: Loss : 0.1692754626274109, mIoU : 0.5427221059799194, mDice : 0.6936189532279968
2023-10-16 13:55:18,225 [trainer.py:142] INFO: Epoch : 71, Train_loss : 0.1515236645936966, Mean_ioU: 0.5812420845031738, Mean_Dice: 0.7283390760421753
2023-10-16 13:56:02,694 [trainer.py:142] INFO: Epoch : 72, Train_loss : 0.15070724487304688, Mean_ioU: 0.5814778208732605, Mean_Dice: 0.7281516790390015
2023-10-16 13:56:52,008 [trainer.py:142] INFO: Epoch : 73, Train_loss : 0.15031485259532928, Mean_ioU: 0.5834286212921143, Mean_Dice: 0.7294043898582458
2023-10-16 13:57:38,055 [trainer.py:142] INFO: Epoch : 74, Train_loss : 0.14930950105190277, Mean_ioU: 0.5845727920532227, Mean_Dice: 0.7311333417892456
2023-10-16 13:58:25,162 [trainer.py:142] INFO: Epoch : 75, Train_loss : 0.14556539058685303, Mean_ioU: 0.5913793444633484, Mean_Dice: 0.7361575961112976
2023-10-16 13:59:11,621 [trainer.py:142] INFO: Epoch : 76, Train_loss : 0.14449095726013184, Mean_ioU: 0.5932756662368774, Mean_Dice: 0.737901508808136
2023-10-16 13:59:58,072 [trainer.py:142] INFO: Epoch : 77, Train_loss : 0.1440562754869461, Mean_ioU: 0.5960342884063721, Mean_Dice: 0.7401451468467712
2023-10-16 14:00:43,858 [trainer.py:142] INFO: Epoch : 78, Train_loss : 0.1439654529094696, Mean_ioU: 0.5945203304290771, Mean_Dice: 0.7382296323776245
2023-10-16 14:01:30,762 [trainer.py:142] INFO: Epoch : 79, Train_loss : 0.14077404141426086, Mean_ioU: 0.6017277240753174, Mean_Dice: 0.7446333765983582
2023-10-16 14:02:15,113 [trainer.py:142] INFO: Epoch : 80, Train_loss : 0.14005130529403687, Mean_ioU: 0.6026670932769775, Mean_Dice: 0.7450844645500183
2023-10-16 14:02:16,754 [trainer.py:190] INFO: Validation: Loss : 0.1707274466753006, mIoU : 0.5469169616699219, mDice : 0.6968981027603149
2023-10-16 14:03:04,740 [trainer.py:142] INFO: Epoch : 81, Train_loss : 0.13819745182991028, Mean_ioU: 0.6051722168922424, Mean_Dice: 0.7470593452453613
2023-10-16 14:03:51,904 [trainer.py:142] INFO: Epoch : 82, Train_loss : 0.14039337635040283, Mean_ioU: 0.6030340790748596, Mean_Dice: 0.7448803186416626
2023-10-16 14:04:38,199 [trainer.py:142] INFO: Epoch : 83, Train_loss : 0.13732190430164337, Mean_ioU: 0.6093116402626038, Mean_Dice: 0.7505524158477783
