2023-11-02 17:05:18,904 [train.py:61] INFO: learning rate : 0.001
2023-11-02 17:05:18,905 [train.py:62] INFO: batch size : 4
2023-11-02 17:05:18,905 [train.py:63] INFO: num epoch : 300
2023-11-02 17:05:18,905 [train.py:64] INFO: trainflow: 10
2023-11-02 17:05:18,905 [train.py:85] INFO: ==========Start training=========
2023-11-02 17:06:47,601 [trainer.py:142] INFO: Epoch : 1, Train_loss : 0.4707318842411041, Mean_ioU: 0.12433960288763046, Mean_Dice: 0.18094846606254578
2023-11-02 17:08:15,132 [trainer.py:142] INFO: Epoch : 2, Train_loss : 0.24849244952201843, Mean_ioU: 0.42346593737602234, Mean_Dice: 0.5879132151603699
2023-11-02 17:09:42,402 [trainer.py:142] INFO: Epoch : 3, Train_loss : 0.21472778916358948, Mean_ioU: 0.4719313681125641, Mean_Dice: 0.6343075633049011
2023-11-02 17:11:08,544 [trainer.py:142] INFO: Epoch : 4, Train_loss : 0.19904693961143494, Mean_ioU: 0.4983236789703369, Mean_Dice: 0.6580683588981628
2023-11-02 17:12:34,202 [trainer.py:142] INFO: Epoch : 5, Train_loss : 0.18947307765483856, Mean_ioU: 0.5133906006813049, Mean_Dice: 0.6714568734169006
2023-11-02 17:13:59,986 [trainer.py:142] INFO: Epoch : 6, Train_loss : 0.18320076167583466, Mean_ioU: 0.5243738889694214, Mean_Dice: 0.6810147166252136
2023-11-02 17:15:26,051 [trainer.py:142] INFO: Epoch : 7, Train_loss : 0.17732998728752136, Mean_ioU: 0.5347248315811157, Mean_Dice: 0.6899294257164001
2023-11-02 17:16:52,407 [trainer.py:142] INFO: Epoch : 8, Train_loss : 0.17283158004283905, Mean_ioU: 0.5433458089828491, Mean_Dice: 0.6973800659179688
2023-11-02 17:18:19,444 [trainer.py:142] INFO: Epoch : 9, Train_loss : 0.16915801167488098, Mean_ioU: 0.5491498112678528, Mean_Dice: 0.7025470733642578
2023-11-02 17:19:45,441 [trainer.py:142] INFO: Epoch : 10, Train_loss : 0.1666996031999588, Mean_ioU: 0.5527671575546265, Mean_Dice: 0.7055959701538086
2023-11-02 17:19:50,352 [trainer.py:190] INFO: Validation: Loss : 0.16879498958587646, mIoU : 0.5497280955314636, mDice : 0.7032291293144226
2023-11-02 17:21:16,630 [trainer.py:142] INFO: Epoch : 11, Train_loss : 0.17924058437347412, Mean_ioU: 0.5331671833992004, Mean_Dice: 0.6884532570838928
2023-11-02 17:22:44,913 [trainer.py:142] INFO: Epoch : 12, Train_loss : 0.180109441280365, Mean_ioU: 0.5334168672561646, Mean_Dice: 0.6882847547531128
2023-11-02 17:24:14,692 [trainer.py:142] INFO: Epoch : 13, Train_loss : 0.17415331304073334, Mean_ioU: 0.541968584060669, Mean_Dice: 0.6959978938102722
2023-11-02 17:25:42,400 [trainer.py:142] INFO: Epoch : 14, Train_loss : 0.17200812697410583, Mean_ioU: 0.5476083755493164, Mean_Dice: 0.7006784677505493
2023-11-02 17:27:09,803 [trainer.py:142] INFO: Epoch : 15, Train_loss : 0.3605474829673767, Mean_ioU: 0.2639234662055969, Mean_Dice: 0.34760135412216187
2023-11-02 17:28:36,845 [trainer.py:142] INFO: Epoch : 16, Train_loss : 0.49973368644714355, Mean_ioU: 0.021418562158942223, Mean_Dice: 0.038588736206293106
2023-11-02 17:30:03,701 [trainer.py:142] INFO: Epoch : 17, Train_loss : 0.4797263741493225, Mean_ioU: 0.10120392590761185, Mean_Dice: 0.1744103580713272
2023-11-02 17:31:31,031 [trainer.py:142] INFO: Epoch : 18, Train_loss : 0.5181976556777954, Mean_ioU: 0.012728282250463963, Mean_Dice: 0.023929547518491745
2023-11-02 17:32:58,087 [trainer.py:142] INFO: Epoch : 19, Train_loss : 0.5242089629173279, Mean_ioU: 0.015117899514734745, Mean_Dice: 0.02830897644162178
2023-11-02 17:34:26,108 [trainer.py:142] INFO: Epoch : 20, Train_loss : 0.48243746161460876, Mean_ioU: 0.08957453072071075, Mean_Dice: 0.1562541127204895
2023-11-02 17:34:30,601 [trainer.py:190] INFO: Validation: Loss : 0.46241044998168945, mIoU : 0.1334044337272644, mDice : 0.22953808307647705
2023-11-02 17:35:57,234 [trainer.py:142] INFO: Epoch : 21, Train_loss : 0.5015308856964111, Mean_ioU: 0.07035356760025024, Mean_Dice: 0.12155154347419739
2023-11-02 17:37:24,440 [trainer.py:142] INFO: Epoch : 22, Train_loss : 0.3817737102508545, Mean_ioU: 0.2265159636735916, Mean_Dice: 0.35838043689727783
2023-11-02 17:38:53,364 [trainer.py:142] INFO: Epoch : 23, Train_loss : 0.30643779039382935, Mean_ioU: 0.32955363392829895, Mean_Dice: 0.48282167315483093
2023-11-02 17:40:19,990 [trainer.py:142] INFO: Epoch : 24, Train_loss : 0.24569912254810333, Mean_ioU: 0.42212948203086853, Mean_Dice: 0.5875505805015564
2023-11-02 17:41:44,671 [trainer.py:142] INFO: Epoch : 25, Train_loss : 0.23615440726280212, Mean_ioU: 0.43754342198371887, Mean_Dice: 0.602649986743927
2023-11-02 17:43:13,592 [trainer.py:142] INFO: Epoch : 26, Train_loss : 0.22940169274806976, Mean_ioU: 0.4457004964351654, Mean_Dice: 0.6106451153755188
2023-11-02 17:44:39,815 [trainer.py:142] INFO: Epoch : 27, Train_loss : 0.22412559390068054, Mean_ioU: 0.454974889755249, Mean_Dice: 0.619499146938324
2023-11-02 17:46:06,419 [trainer.py:142] INFO: Epoch : 28, Train_loss : 0.2213582694530487, Mean_ioU: 0.4592151343822479, Mean_Dice: 0.6234230995178223
2023-11-02 17:47:33,298 [trainer.py:142] INFO: Epoch : 29, Train_loss : 0.21889063715934753, Mean_ioU: 0.46189019083976746, Mean_Dice: 0.6260491609573364
2023-11-02 17:49:01,663 [trainer.py:142] INFO: Epoch : 30, Train_loss : 0.2180648297071457, Mean_ioU: 0.4641529619693756, Mean_Dice: 0.6280595064163208
2023-11-02 17:49:06,177 [trainer.py:190] INFO: Validation: Loss : 0.2148461788892746, mIoU : 0.473619282245636, mDice : 0.6366097331047058
2023-11-02 17:50:29,334 [trainer.py:142] INFO: Epoch : 31, Train_loss : nan, Mean_ioU: 0.21837583184242249, Mean_Dice: nan
2023-11-02 17:51:43,053 [trainer.py:142] INFO: Epoch : 32, Train_loss : nan, Mean_ioU: 0.03543976694345474, Mean_Dice: nan
2023-11-02 17:52:57,292 [trainer.py:142] INFO: Epoch : 33, Train_loss : nan, Mean_ioU: 0.03463325649499893, Mean_Dice: nan
2023-11-02 17:54:11,636 [trainer.py:142] INFO: Epoch : 34, Train_loss : nan, Mean_ioU: 0.034582898020744324, Mean_Dice: nan
