2023-10-12 19:22:54,010 [train.py:60] INFO: learning rate : 0.001
2023-10-12 19:22:54,010 [train.py:61] INFO: batch size : 25
2023-10-12 19:22:54,010 [train.py:62] INFO: num epoch : 300
2023-10-12 19:22:54,010 [train.py:63] INFO: trainflow: 10
2023-10-12 19:22:54,010 [train.py:84] INFO: ==========Start training=========
2023-10-12 19:23:23,240 [trainer.py:139] INFO: Epoch : 1, Train_loss : 0.245682492852211, Mean_ioU: 0.4866473972797394, Mean_Dice: 0.027717076241970062
2023-10-12 19:23:41,960 [trainer.py:139] INFO: Epoch : 2, Train_loss : 0.13863636553287506, Mean_ioU: 0.6274847984313965, Mean_Dice: 0.03398430347442627
2023-10-12 19:24:00,554 [trainer.py:139] INFO: Epoch : 3, Train_loss : 0.12126854062080383, Mean_ioU: 0.6641263365745544, Mean_Dice: 0.034452520310878754
2023-10-12 19:24:19,422 [trainer.py:139] INFO: Epoch : 4, Train_loss : 0.11102090030908585, Mean_ioU: 0.6882980465888977, Mean_Dice: 0.03629467263817787
2023-10-12 19:24:38,383 [trainer.py:139] INFO: Epoch : 5, Train_loss : 0.10272257775068283, Mean_ioU: 0.7057324647903442, Mean_Dice: 0.03631173446774483
2023-10-12 19:24:57,085 [trainer.py:139] INFO: Epoch : 6, Train_loss : 0.09805469959974289, Mean_ioU: 0.7177215814590454, Mean_Dice: 0.03684820979833603
2023-10-12 19:25:16,210 [trainer.py:139] INFO: Epoch : 7, Train_loss : 0.09261588752269745, Mean_ioU: 0.7312503457069397, Mean_Dice: 0.03744714334607124
2023-10-12 19:25:35,080 [trainer.py:139] INFO: Epoch : 8, Train_loss : 0.08830820024013519, Mean_ioU: 0.7410990595817566, Mean_Dice: 0.03741070255637169
2023-10-12 19:25:53,973 [trainer.py:139] INFO: Epoch : 9, Train_loss : 0.08387897163629532, Mean_ioU: 0.751312255859375, Mean_Dice: 0.0377282053232193
2023-10-12 19:26:12,871 [trainer.py:139] INFO: Epoch : 10, Train_loss : 0.08247294276952744, Mean_ioU: 0.7565574049949646, Mean_Dice: 0.03822818771004677
2023-10-12 19:26:16,189 [trainer.py:187] INFO: Validation: Loss : 0.11424525827169418, mIoU : 0.6873183250427246, mDice : 0.03928198292851448
2023-10-12 19:26:35,967 [trainer.py:139] INFO: Epoch : 11, Train_loss : 0.07302277535200119, Mean_ioU: 0.7769847512245178, Mean_Dice: 0.03876820579171181
2023-10-12 19:26:55,037 [trainer.py:139] INFO: Epoch : 12, Train_loss : 0.07013530284166336, Mean_ioU: 0.7843290567398071, Mean_Dice: 0.03886563330888748
2023-10-12 19:27:14,446 [trainer.py:139] INFO: Epoch : 13, Train_loss : 0.06854333728551865, Mean_ioU: 0.7896298170089722, Mean_Dice: 0.03878495469689369
2023-10-12 19:27:33,872 [trainer.py:139] INFO: Epoch : 14, Train_loss : 0.06825143098831177, Mean_ioU: 0.790594756603241, Mean_Dice: 0.0390825979411602
2023-10-12 19:27:53,127 [trainer.py:139] INFO: Epoch : 15, Train_loss : 0.06788050383329391, Mean_ioU: 0.7914202809333801, Mean_Dice: 0.039000678807497025
2023-10-12 19:28:12,476 [trainer.py:139] INFO: Epoch : 16, Train_loss : 0.06793199479579926, Mean_ioU: 0.7939423322677612, Mean_Dice: 0.03878252953290939
