2023-11-03 10:31:24,079 [semi.py:45] INFO: learning rate : 0.001
2023-11-03 10:31:24,079 [semi.py:46] INFO: batch size : 16
2023-11-03 10:31:24,079 [semi.py:47] INFO: num epoch : 300
2023-11-03 10:31:24,079 [semi.py:48] INFO: trainflow: 5
2023-11-03 10:31:24,079 [semi.py:62] INFO: ==========Start semi training=========
2023-11-03 10:32:16,958 [trainer.py:312] INFO: Epoch : 1, Train_loss1 : 0.1367664933204651, Train_loss2 : 0.36163032054901123
2023-11-03 10:33:06,219 [trainer.py:312] INFO: Epoch : 2, Train_loss1 : 0.11828956753015518, Train_loss2 : 0.2935212254524231
2023-11-03 10:33:56,050 [trainer.py:312] INFO: Epoch : 3, Train_loss1 : 0.10440313816070557, Train_loss2 : 0.23139232397079468
2023-11-03 10:34:45,587 [trainer.py:312] INFO: Epoch : 4, Train_loss1 : 0.10216832906007767, Train_loss2 : 0.20001202821731567
2023-11-03 10:35:34,603 [trainer.py:312] INFO: Epoch : 5, Train_loss1 : 0.09484833478927612, Train_loss2 : 0.17752286791801453
2023-11-03 10:35:36,378 [trainer.py:387] INFO: Model1 Validation: Loss : 0.11743702739477158, mIoU : 0.6727696061134338, mDice : 0.7971622943878174
2023-11-03 10:35:36,379 [trainer.py:388] INFO: Model2 Validation: Loss : 0.21136948466300964, mIoU : 0.471495121717453, mDice : 0.6286059021949768
2023-11-03 10:36:26,203 [trainer.py:312] INFO: Epoch : 6, Train_loss1 : 0.09433390200138092, Train_loss2 : 0.16778571903705597
2023-11-03 10:37:14,948 [trainer.py:312] INFO: Epoch : 7, Train_loss1 : 0.09154502302408218, Train_loss2 : 0.16339299082756042
2023-11-03 10:38:05,191 [trainer.py:312] INFO: Epoch : 8, Train_loss1 : 0.09151791781187057, Train_loss2 : 0.15969237685203552
2023-11-03 10:38:55,533 [trainer.py:312] INFO: Epoch : 9, Train_loss1 : 0.09015911817550659, Train_loss2 : 0.15989899635314941
2023-11-03 10:39:45,354 [trainer.py:312] INFO: Epoch : 10, Train_loss1 : 0.09075950086116791, Train_loss2 : 0.15924954414367676
2023-11-03 10:39:46,858 [trainer.py:387] INFO: Model1 Validation: Loss : 0.09823078662157059, mIoU : 0.7095041871070862, mDice : 0.8234187960624695
2023-11-03 10:39:46,858 [trainer.py:388] INFO: Model2 Validation: Loss : 0.18155330419540405, mIoU : 0.5301973223686218, mDice : 0.6813931465148926
2023-11-03 10:39:47,096 [utils.py:24] INFO: Saving ./checkpoint/ckpt_0.098231 ckp 
2023-11-03 10:40:35,652 [trainer.py:312] INFO: Epoch : 11, Train_loss1 : 0.09338071197271347, Train_loss2 : 0.1619236171245575
2023-11-03 10:41:26,695 [trainer.py:312] INFO: Epoch : 12, Train_loss1 : 0.09692341834306717, Train_loss2 : 0.16622690856456757
2023-11-03 10:42:16,024 [trainer.py:312] INFO: Epoch : 13, Train_loss1 : 0.10062349587678909, Train_loss2 : 0.17053017020225525
2023-11-03 10:43:05,412 [trainer.py:312] INFO: Epoch : 14, Train_loss1 : 0.10560537129640579, Train_loss2 : 0.17780569195747375
2023-11-03 10:43:55,100 [trainer.py:312] INFO: Epoch : 15, Train_loss1 : 0.11120311915874481, Train_loss2 : 0.18285025656223297
2023-11-03 10:43:56,628 [trainer.py:387] INFO: Model1 Validation: Loss : 0.10154220461845398, mIoU : 0.7053679823875427, mDice : 0.820151686668396
2023-11-03 10:43:56,628 [trainer.py:388] INFO: Model2 Validation: Loss : 0.18589000403881073, mIoU : 0.5226619839668274, mDice : 0.6737055778503418
2023-11-03 10:44:46,420 [trainer.py:312] INFO: Epoch : 16, Train_loss1 : 0.11456064134836197, Train_loss2 : 0.19067387282848358
2023-11-03 10:45:35,918 [trainer.py:312] INFO: Epoch : 17, Train_loss1 : 0.12085472792387009, Train_loss2 : 0.1919107437133789
2023-11-03 10:46:25,396 [trainer.py:312] INFO: Epoch : 18, Train_loss1 : 0.1256585568189621, Train_loss2 : 0.19530916213989258
2023-11-03 10:47:15,156 [trainer.py:312] INFO: Epoch : 19, Train_loss1 : 0.1357109695672989, Train_loss2 : 0.20268884301185608
2023-11-03 10:48:05,647 [trainer.py:312] INFO: Epoch : 20, Train_loss1 : 0.1298440545797348, Train_loss2 : 0.20014268159866333
2023-11-03 10:48:07,145 [trainer.py:387] INFO: Model1 Validation: Loss : 0.10430280864238739, mIoU : 0.6970673203468323, mDice : 0.8130759596824646
2023-11-03 10:48:07,145 [trainer.py:388] INFO: Model2 Validation: Loss : 0.18808983266353607, mIoU : 0.5247820019721985, mDice : 0.6793708205223083
2023-11-03 10:48:56,921 [trainer.py:312] INFO: Epoch : 21, Train_loss1 : 0.13038647174835205, Train_loss2 : 0.1996406763792038
2023-11-03 10:49:46,283 [trainer.py:312] INFO: Epoch : 22, Train_loss1 : 0.13228723406791687, Train_loss2 : 0.20169314742088318
2023-11-03 10:50:36,187 [trainer.py:312] INFO: Epoch : 23, Train_loss1 : 0.13127794861793518, Train_loss2 : 0.20537962019443512
2023-11-03 10:51:25,427 [trainer.py:312] INFO: Epoch : 24, Train_loss1 : 0.1317785084247589, Train_loss2 : 0.20766058564186096
2023-11-03 10:52:15,292 [trainer.py:312] INFO: Epoch : 25, Train_loss1 : 0.13385064899921417, Train_loss2 : 0.20794318616390228
2023-11-03 10:52:16,837 [trainer.py:387] INFO: Model1 Validation: Loss : 0.09480409324169159, mIoU : 0.7161434292793274, mDice : 0.8279301524162292
2023-11-03 10:52:16,837 [trainer.py:388] INFO: Model2 Validation: Loss : 0.17301028966903687, mIoU : 0.5478185415267944, mDice : 0.6978966593742371
2023-11-03 10:52:17,102 [utils.py:24] INFO: Saving ./checkpoint/ckpt_0.094804 ckp 
2023-11-03 10:53:08,472 [trainer.py:312] INFO: Epoch : 26, Train_loss1 : 0.13330914080142975, Train_loss2 : 0.20686915516853333
2023-11-03 10:53:59,223 [trainer.py:312] INFO: Epoch : 27, Train_loss1 : 0.13460764288902283, Train_loss2 : 0.20755118131637573
2023-11-03 10:54:49,102 [trainer.py:312] INFO: Epoch : 28, Train_loss1 : 0.13543878495693207, Train_loss2 : 0.20889750123023987
2023-11-03 10:55:39,467 [trainer.py:312] INFO: Epoch : 29, Train_loss1 : 0.13683661818504333, Train_loss2 : 0.21023529767990112
2023-11-03 10:56:30,090 [trainer.py:312] INFO: Epoch : 30, Train_loss1 : 0.13885389268398285, Train_loss2 : 0.21166513860225677
2023-11-03 10:56:31,631 [trainer.py:387] INFO: Model1 Validation: Loss : 0.09091174602508545, mIoU : 0.7304165363311768, mDice : 0.8362893462181091
2023-11-03 10:56:31,631 [trainer.py:388] INFO: Model2 Validation: Loss : 0.15931662917137146, mIoU : 0.5722844004631042, mDice : 0.7182796001434326
2023-11-03 10:56:31,881 [utils.py:24] INFO: Saving ./checkpoint/ckpt_0.090912 ckp 
2023-11-03 10:56:31,988 [utils.py:30] INFO: Delete ./checkpoint/ckpt_0.098231.pth ckp
2023-11-03 10:57:22,823 [trainer.py:312] INFO: Epoch : 31, Train_loss1 : 0.14185279607772827, Train_loss2 : 0.21577207744121552
2023-11-03 10:58:13,227 [trainer.py:312] INFO: Epoch : 32, Train_loss1 : 0.1457621306180954, Train_loss2 : 0.21850989758968353
2023-11-03 10:59:03,892 [trainer.py:312] INFO: Epoch : 33, Train_loss1 : 0.14899687469005585, Train_loss2 : 0.2234400510787964
2023-11-03 10:59:54,707 [trainer.py:312] INFO: Epoch : 34, Train_loss1 : 0.1534527987241745, Train_loss2 : 0.22725610435009003
2023-11-03 11:00:44,962 [trainer.py:312] INFO: Epoch : 35, Train_loss1 : 0.15820816159248352, Train_loss2 : 0.23310038447380066
2023-11-03 11:00:46,455 [trainer.py:387] INFO: Model1 Validation: Loss : 0.09312859922647476, mIoU : 0.7294381856918335, mDice : 0.8361452221870422
2023-11-03 11:00:46,455 [trainer.py:388] INFO: Model2 Validation: Loss : 0.1714790016412735, mIoU : 0.5406009554862976, mDice : 0.6855730414390564
2023-11-03 11:01:38,186 [trainer.py:312] INFO: Epoch : 36, Train_loss1 : 0.1649639755487442, Train_loss2 : 0.23925559222698212
2023-11-03 11:02:28,513 [trainer.py:312] INFO: Epoch : 37, Train_loss1 : 0.16783052682876587, Train_loss2 : 0.24514606595039368
2023-11-03 11:03:13,916 [trainer.py:312] INFO: Epoch : 38, Train_loss1 : 0.1730920374393463, Train_loss2 : nan
2023-11-03 11:03:57,697 [trainer.py:312] INFO: Epoch : 39, Train_loss1 : 0.17689256370067596, Train_loss2 : nan
