2023-11-04 00:37:50,327 [train.py:61] INFO: learning rate : 0.001
2023-11-04 00:37:50,327 [train.py:62] INFO: batch size : 4
2023-11-04 00:37:50,327 [train.py:63] INFO: num epoch : 300
2023-11-04 00:37:50,328 [train.py:64] INFO: trainflow: 10
2023-11-04 00:37:50,328 [train.py:84] INFO: ==========Start training=========
2023-11-04 00:38:56,695 [trainer.py:163] INFO: Epoch : 1, Train_loss : 0.4662094712257385, Mean_ioU: 0.1180766150355339, Mean_Dice: 0.19610701501369476
2023-11-04 00:40:00,498 [trainer.py:163] INFO: Epoch : 2, Train_loss : 0.28054794669151306, Mean_ioU: 0.3605232536792755, Mean_Dice: 0.5194475054740906
2023-11-04 00:41:03,014 [trainer.py:163] INFO: Epoch : 3, Train_loss : 0.30621859431266785, Mean_ioU: 0.3332962989807129, Mean_Dice: 0.4777591824531555
2023-11-04 00:42:06,723 [trainer.py:163] INFO: Epoch : 4, Train_loss : 0.20414556562900543, Mean_ioU: 0.4884687662124634, Mean_Dice: 0.6440110802650452
2023-11-04 00:43:12,006 [trainer.py:163] INFO: Epoch : 5, Train_loss : 0.1750825196504593, Mean_ioU: 0.536754310131073, Mean_Dice: 0.6873371005058289
2023-11-04 00:44:17,257 [trainer.py:163] INFO: Epoch : 6, Train_loss : 0.16932383179664612, Mean_ioU: 0.5491637587547302, Mean_Dice: 0.697942316532135
2023-11-04 00:45:21,504 [trainer.py:163] INFO: Epoch : 7, Train_loss : 0.16762568056583405, Mean_ioU: 0.5522456169128418, Mean_Dice: 0.7001334428787231
2023-11-04 00:46:25,939 [trainer.py:163] INFO: Epoch : 8, Train_loss : 0.16672281920909882, Mean_ioU: 0.5547504425048828, Mean_Dice: 0.7017698884010315
2023-11-04 00:47:29,601 [trainer.py:163] INFO: Epoch : 9, Train_loss : 0.16348733007907867, Mean_ioU: 0.5611405968666077, Mean_Dice: 0.7075866460800171
2023-11-04 00:48:33,228 [trainer.py:163] INFO: Epoch : 10, Train_loss : 0.16028857231140137, Mean_ioU: 0.5674496293067932, Mean_Dice: 0.7134994864463806
2023-11-04 00:48:35,091 [trainer.py:211] INFO: Validation: Loss : 0.1507650911808014, mIoU : 0.5850183963775635, mDice : 0.7312338948249817
2023-11-04 00:49:37,846 [trainer.py:163] INFO: Epoch : 11, Train_loss : 0.15849924087524414, Mean_ioU: 0.5698860883712769, Mean_Dice: 0.7156344056129456
2023-11-04 00:50:40,842 [trainer.py:163] INFO: Epoch : 12, Train_loss : 0.15890124440193176, Mean_ioU: 0.5704866051673889, Mean_Dice: 0.7161294221878052
2023-11-04 00:51:45,464 [trainer.py:163] INFO: Epoch : 13, Train_loss : 0.1585187166929245, Mean_ioU: 0.5711828470230103, Mean_Dice: 0.7165034413337708
2023-11-04 00:52:49,823 [trainer.py:163] INFO: Epoch : 14, Train_loss : 0.1562359631061554, Mean_ioU: 0.5752546191215515, Mean_Dice: 0.7205447554588318
2023-11-04 00:53:53,681 [trainer.py:163] INFO: Epoch : 15, Train_loss : 0.15489669144153595, Mean_ioU: 0.5765893459320068, Mean_Dice: 0.7209462523460388
2023-11-04 00:54:57,684 [trainer.py:163] INFO: Epoch : 16, Train_loss : 0.15412437915802002, Mean_ioU: 0.5790917873382568, Mean_Dice: 0.7235945463180542
2023-11-04 00:56:01,671 [trainer.py:163] INFO: Epoch : 17, Train_loss : 0.1529039889574051, Mean_ioU: 0.5816863775253296, Mean_Dice: 0.7259417176246643
2023-11-04 00:57:05,137 [trainer.py:163] INFO: Epoch : 18, Train_loss : 0.15105639398097992, Mean_ioU: 0.583875834941864, Mean_Dice: 0.7281435132026672
2023-11-04 00:58:09,551 [trainer.py:163] INFO: Epoch : 19, Train_loss : 0.1514434814453125, Mean_ioU: 0.583081066608429, Mean_Dice: 0.7273977398872375
2023-11-04 00:59:15,337 [trainer.py:163] INFO: Epoch : 20, Train_loss : 0.15159688889980316, Mean_ioU: 0.5828598141670227, Mean_Dice: 0.7266632914543152
2023-11-04 00:59:17,260 [trainer.py:211] INFO: Validation: Loss : 0.14525088667869568, mIoU : 0.5954018235206604, mDice : 0.7393083572387695
2023-11-04 00:59:17,668 [utils.py:24] INFO: Saving ./checkpoint/ckpt_ model_19 ckp 
2023-11-04 01:00:20,535 [trainer.py:163] INFO: Epoch : 21, Train_loss : 0.1497582495212555, Mean_ioU: 0.586456835269928, Mean_Dice: 0.7301817536354065
2023-11-04 01:01:24,204 [trainer.py:163] INFO: Epoch : 22, Train_loss : 0.1491340845823288, Mean_ioU: 0.5876917839050293, Mean_Dice: 0.7313770055770874
2023-11-04 01:02:27,953 [trainer.py:163] INFO: Epoch : 23, Train_loss : 0.14738529920578003, Mean_ioU: 0.5902529954910278, Mean_Dice: 0.733390748500824
2023-11-04 01:03:32,967 [trainer.py:163] INFO: Epoch : 24, Train_loss : 0.1467072069644928, Mean_ioU: 0.591145396232605, Mean_Dice: 0.7340356111526489
2023-11-04 01:04:37,514 [trainer.py:163] INFO: Epoch : 25, Train_loss : 0.14610116183757782, Mean_ioU: 0.5920716524124146, Mean_Dice: 0.7352057695388794
2023-11-04 01:05:42,506 [trainer.py:163] INFO: Epoch : 26, Train_loss : 0.14528295397758484, Mean_ioU: 0.5936921238899231, Mean_Dice: 0.7365777492523193
2023-11-04 01:06:45,207 [trainer.py:163] INFO: Epoch : 27, Train_loss : 0.14583304524421692, Mean_ioU: 0.5942620038986206, Mean_Dice: 0.7368384599685669
2023-11-04 01:07:50,453 [trainer.py:163] INFO: Epoch : 28, Train_loss : 0.1449889838695526, Mean_ioU: 0.5947213768959045, Mean_Dice: 0.7373719215393066
2023-11-04 01:08:54,529 [trainer.py:163] INFO: Epoch : 29, Train_loss : 0.1444423496723175, Mean_ioU: 0.5963355898857117, Mean_Dice: 0.7388327717781067
2023-11-04 01:09:58,240 [trainer.py:163] INFO: Epoch : 30, Train_loss : 0.14405682682991028, Mean_ioU: 0.5961498022079468, Mean_Dice: 0.7385192513465881
2023-11-04 01:10:00,138 [trainer.py:211] INFO: Validation: Loss : 0.14252306520938873, mIoU : 0.600418210029602, mDice : 0.7434076070785522
2023-11-04 01:10:00,513 [utils.py:24] INFO: Saving ./checkpoint/ckpt_ model_29 ckp 
2023-11-04 01:11:03,822 [trainer.py:163] INFO: Epoch : 31, Train_loss : 0.1437181830406189, Mean_ioU: 0.5972704291343689, Mean_Dice: 0.7396302223205566
2023-11-04 01:12:08,185 [trainer.py:163] INFO: Epoch : 32, Train_loss : 0.14286378026008606, Mean_ioU: 0.5989234447479248, Mean_Dice: 0.7410686016082764
2023-11-04 01:13:11,559 [trainer.py:163] INFO: Epoch : 33, Train_loss : 0.1429271250963211, Mean_ioU: 0.5990555286407471, Mean_Dice: 0.7411677241325378
2023-11-04 01:14:16,314 [trainer.py:163] INFO: Epoch : 34, Train_loss : 0.14247281849384308, Mean_ioU: 0.5994234085083008, Mean_Dice: 0.7414305210113525
2023-11-04 01:15:21,130 [trainer.py:163] INFO: Epoch : 35, Train_loss : 0.14209599792957306, Mean_ioU: 0.6000849008560181, Mean_Dice: 0.7420108318328857
2023-11-04 01:16:25,137 [trainer.py:163] INFO: Epoch : 36, Train_loss : 0.141864612698555, Mean_ioU: 0.6001585125923157, Mean_Dice: 0.7421711087226868
2023-11-04 01:17:29,573 [trainer.py:163] INFO: Epoch : 37, Train_loss : 0.1416214555501938, Mean_ioU: 0.6008347272872925, Mean_Dice: 0.7427618503570557
2023-11-04 01:18:34,217 [trainer.py:163] INFO: Epoch : 38, Train_loss : 0.14145497977733612, Mean_ioU: 0.6002241969108582, Mean_Dice: 0.7419995665550232
2023-11-04 01:19:38,267 [trainer.py:163] INFO: Epoch : 39, Train_loss : 0.14195609092712402, Mean_ioU: 0.6007992625236511, Mean_Dice: 0.7426201701164246
2023-11-04 01:20:41,517 [trainer.py:163] INFO: Epoch : 40, Train_loss : 0.14081047475337982, Mean_ioU: 0.6022962927818298, Mean_Dice: 0.7439367175102234
2023-11-04 01:20:43,373 [trainer.py:211] INFO: Validation: Loss : 0.1417580246925354, mIoU : 0.602088451385498, mDice : 0.7447679042816162
2023-11-04 01:20:43,755 [utils.py:24] INFO: Saving ./checkpoint/ckpt_ model_39 ckp 
2023-11-04 01:21:48,050 [trainer.py:163] INFO: Epoch : 41, Train_loss : 0.14176207780838013, Mean_ioU: 0.6007510423660278, Mean_Dice: 0.7426966428756714
2023-11-04 01:22:51,612 [trainer.py:163] INFO: Epoch : 42, Train_loss : 0.14062803983688354, Mean_ioU: 0.602859616279602, Mean_Dice: 0.7444103956222534
2023-11-04 01:23:55,632 [trainer.py:163] INFO: Epoch : 43, Train_loss : 0.14053796231746674, Mean_ioU: 0.6032736897468567, Mean_Dice: 0.7447652816772461
2023-11-04 01:25:01,417 [trainer.py:163] INFO: Epoch : 44, Train_loss : 0.14088432490825653, Mean_ioU: 0.6022220253944397, Mean_Dice: 0.7438144683837891
2023-11-04 01:26:04,140 [trainer.py:163] INFO: Epoch : 45, Train_loss : 0.14075571298599243, Mean_ioU: 0.6026892066001892, Mean_Dice: 0.7441455125808716
2023-11-04 01:27:09,062 [trainer.py:163] INFO: Epoch : 46, Train_loss : 0.1399989277124405, Mean_ioU: 0.6039339303970337, Mean_Dice: 0.7453575730323792
2023-11-04 01:28:12,340 [trainer.py:163] INFO: Epoch : 47, Train_loss : 0.14065614342689514, Mean_ioU: 0.6027370095252991, Mean_Dice: 0.7439257502555847
2023-11-04 01:29:15,526 [trainer.py:163] INFO: Epoch : 48, Train_loss : 0.14084330201148987, Mean_ioU: 0.6030081510543823, Mean_Dice: 0.7445465922355652
2023-11-04 01:30:17,935 [trainer.py:163] INFO: Epoch : 49, Train_loss : 0.140204057097435, Mean_ioU: 0.6038341522216797, Mean_Dice: 0.7451158761978149
2023-11-04 01:31:22,579 [trainer.py:163] INFO: Epoch : 50, Train_loss : 0.14050965011119843, Mean_ioU: 0.6032916903495789, Mean_Dice: 0.7446091175079346
2023-11-04 01:31:24,543 [trainer.py:211] INFO: Validation: Loss : 0.14138416945934296, mIoU : 0.6026289463043213, mDice : 0.7451579570770264
2023-11-04 01:31:24,940 [utils.py:24] INFO: Saving ./checkpoint/ckpt_ model_49 ckp 
2023-11-04 01:32:31,755 [trainer.py:163] INFO: Epoch : 51, Train_loss : 0.140097513794899, Mean_ioU: 0.6038484573364258, Mean_Dice: 0.7452172040939331
2023-11-04 01:33:36,386 [trainer.py:163] INFO: Epoch : 52, Train_loss : 0.14064274728298187, Mean_ioU: 0.6029583215713501, Mean_Dice: 0.7444280982017517
2023-11-04 01:34:40,944 [trainer.py:163] INFO: Epoch : 53, Train_loss : 0.13938161730766296, Mean_ioU: 0.6051610708236694, Mean_Dice: 0.7461992502212524
2023-11-04 01:35:44,859 [trainer.py:163] INFO: Epoch : 54, Train_loss : 0.14002187550067902, Mean_ioU: 0.6042335629463196, Mean_Dice: 0.74544358253479
2023-11-04 01:36:49,675 [trainer.py:163] INFO: Epoch : 55, Train_loss : 0.13963109254837036, Mean_ioU: 0.6049301028251648, Mean_Dice: 0.7458754181861877
2023-11-04 01:37:54,069 [trainer.py:163] INFO: Epoch : 56, Train_loss : 0.13971562683582306, Mean_ioU: 0.6048433780670166, Mean_Dice: 0.7460190653800964
2023-11-04 01:38:56,515 [trainer.py:163] INFO: Epoch : 57, Train_loss : 0.14040781557559967, Mean_ioU: 0.6037288308143616, Mean_Dice: 0.7447407841682434
2023-11-04 01:40:00,246 [trainer.py:163] INFO: Epoch : 58, Train_loss : 0.1398143619298935, Mean_ioU: 0.6046071648597717, Mean_Dice: 0.7458674907684326
2023-11-04 01:41:03,595 [trainer.py:163] INFO: Epoch : 59, Train_loss : 0.1394719034433365, Mean_ioU: 0.6049984693527222, Mean_Dice: 0.7462798953056335
2023-11-04 01:42:07,353 [trainer.py:163] INFO: Epoch : 60, Train_loss : 0.13999754190444946, Mean_ioU: 0.6033766269683838, Mean_Dice: 0.7449239492416382
2023-11-04 01:42:09,235 [trainer.py:211] INFO: Validation: Loss : 0.141215980052948, mIoU : 0.6028479337692261, mDice : 0.7453708052635193
2023-11-04 01:42:09,646 [utils.py:24] INFO: Saving ./checkpoint/ckpt_ model_59 ckp 
2023-11-04 01:43:15,061 [trainer.py:163] INFO: Epoch : 61, Train_loss : 0.1397370845079422, Mean_ioU: 0.6046600341796875, Mean_Dice: 0.7457712888717651
2023-11-04 01:44:22,268 [trainer.py:163] INFO: Epoch : 62, Train_loss : 0.1393631398677826, Mean_ioU: 0.6053056120872498, Mean_Dice: 0.746415913105011
2023-11-04 01:45:27,602 [trainer.py:163] INFO: Epoch : 63, Train_loss : 0.1399095356464386, Mean_ioU: 0.6046762466430664, Mean_Dice: 0.7458316087722778
2023-11-04 01:46:31,640 [trainer.py:163] INFO: Epoch : 64, Train_loss : 0.13982927799224854, Mean_ioU: 0.6049572229385376, Mean_Dice: 0.7458919882774353
2023-11-04 01:47:34,883 [trainer.py:163] INFO: Epoch : 65, Train_loss : 0.13914786279201508, Mean_ioU: 0.605621337890625, Mean_Dice: 0.7465242147445679
2023-11-04 01:48:38,564 [trainer.py:163] INFO: Epoch : 66, Train_loss : 0.13918983936309814, Mean_ioU: 0.604790210723877, Mean_Dice: 0.7460348606109619
2023-11-04 01:49:43,060 [trainer.py:163] INFO: Epoch : 67, Train_loss : 0.14030805230140686, Mean_ioU: 0.6038058996200562, Mean_Dice: 0.7448768615722656
2023-11-04 01:50:47,974 [trainer.py:163] INFO: Epoch : 68, Train_loss : 0.13974015414714813, Mean_ioU: 0.6049624681472778, Mean_Dice: 0.7459245920181274
2023-11-04 01:51:52,967 [trainer.py:163] INFO: Epoch : 69, Train_loss : 0.14009995758533478, Mean_ioU: 0.6040244102478027, Mean_Dice: 0.7449701428413391
2023-11-04 01:52:56,577 [trainer.py:163] INFO: Epoch : 70, Train_loss : 0.1396046280860901, Mean_ioU: 0.6049033403396606, Mean_Dice: 0.7462424635887146
2023-11-04 01:52:58,338 [trainer.py:211] INFO: Validation: Loss : 0.14122779667377472, mIoU : 0.6028394103050232, mDice : 0.7453632354736328
2023-11-04 01:54:03,577 [trainer.py:163] INFO: Epoch : 71, Train_loss : 0.1396106779575348, Mean_ioU: 0.6052680611610413, Mean_Dice: 0.7463365197181702
2023-11-04 01:55:10,133 [trainer.py:163] INFO: Epoch : 72, Train_loss : 0.13996200263500214, Mean_ioU: 0.6046455502510071, Mean_Dice: 0.7457939982414246
2023-11-04 01:56:15,292 [trainer.py:163] INFO: Epoch : 73, Train_loss : 0.1404334306716919, Mean_ioU: 0.6037231087684631, Mean_Dice: 0.7449085712432861
2023-11-04 01:57:18,979 [trainer.py:163] INFO: Epoch : 74, Train_loss : 0.13942795991897583, Mean_ioU: 0.6053165793418884, Mean_Dice: 0.7464920282363892
2023-11-04 01:58:23,088 [trainer.py:163] INFO: Epoch : 75, Train_loss : 0.14001183211803436, Mean_ioU: 0.6044846773147583, Mean_Dice: 0.7454781532287598
2023-11-04 01:59:27,417 [trainer.py:163] INFO: Epoch : 76, Train_loss : 0.13981032371520996, Mean_ioU: 0.6040465831756592, Mean_Dice: 0.7452596426010132
2023-11-04 02:00:32,172 [trainer.py:163] INFO: Epoch : 77, Train_loss : 0.139626607298851, Mean_ioU: 0.6052031517028809, Mean_Dice: 0.7463678121566772
2023-11-04 02:01:35,593 [trainer.py:163] INFO: Epoch : 78, Train_loss : 0.13948184251785278, Mean_ioU: 0.6047337651252747, Mean_Dice: 0.7461059093475342
2023-11-04 02:02:40,199 [trainer.py:163] INFO: Epoch : 79, Train_loss : 0.13929732143878937, Mean_ioU: 0.6052947044372559, Mean_Dice: 0.7461168766021729
2023-11-04 02:03:43,082 [trainer.py:163] INFO: Epoch : 80, Train_loss : 0.13969284296035767, Mean_ioU: 0.6051149368286133, Mean_Dice: 0.7461074590682983
2023-11-04 02:03:44,966 [trainer.py:211] INFO: Validation: Loss : 0.14120708405971527, mIoU : 0.6028007864952087, mDice : 0.745310366153717
2023-11-04 02:03:45,371 [utils.py:24] INFO: Saving ./checkpoint/ckpt_ model_79 ckp 
2023-11-04 02:04:48,983 [trainer.py:163] INFO: Epoch : 81, Train_loss : 0.13995446264743805, Mean_ioU: 0.6039778590202332, Mean_Dice: 0.7452199459075928
2023-11-04 02:05:54,960 [trainer.py:163] INFO: Epoch : 82, Train_loss : 0.14017391204833984, Mean_ioU: 0.6043980717658997, Mean_Dice: 0.7454716563224792
2023-11-04 02:06:59,834 [trainer.py:163] INFO: Epoch : 83, Train_loss : 0.13927416503429413, Mean_ioU: 0.6059134006500244, Mean_Dice: 0.7468673586845398
2023-11-04 02:08:02,824 [trainer.py:163] INFO: Epoch : 84, Train_loss : 0.13949191570281982, Mean_ioU: 0.60475754737854, Mean_Dice: 0.7458811402320862
2023-11-04 02:09:08,817 [trainer.py:163] INFO: Epoch : 85, Train_loss : 0.13963957130908966, Mean_ioU: 0.6043767333030701, Mean_Dice: 0.7457587718963623
2023-11-04 02:10:14,916 [trainer.py:163] INFO: Epoch : 86, Train_loss : 0.1401359885931015, Mean_ioU: 0.6039577722549438, Mean_Dice: 0.7451908588409424
2023-11-04 02:11:17,379 [trainer.py:163] INFO: Epoch : 87, Train_loss : 0.13939833641052246, Mean_ioU: 0.605508029460907, Mean_Dice: 0.746618390083313
2023-11-04 02:12:20,550 [trainer.py:163] INFO: Epoch : 88, Train_loss : 0.14010290801525116, Mean_ioU: 0.6044811010360718, Mean_Dice: 0.7455111145973206
2023-11-04 02:13:25,178 [trainer.py:163] INFO: Epoch : 89, Train_loss : 0.14000645279884338, Mean_ioU: 0.6040390133857727, Mean_Dice: 0.7449800968170166
2023-11-04 02:14:31,046 [trainer.py:163] INFO: Epoch : 90, Train_loss : 0.13907131552696228, Mean_ioU: 0.6057093143463135, Mean_Dice: 0.746723473072052
2023-11-04 02:14:32,952 [trainer.py:211] INFO: Validation: Loss : 0.14117763936519623, mIoU : 0.602888822555542, mDice : 0.7453880906105042
2023-11-04 02:14:33,333 [utils.py:24] INFO: Saving ./checkpoint/ckpt_ model_89 ckp 
2023-11-04 02:15:37,505 [trainer.py:163] INFO: Epoch : 91, Train_loss : 0.13979549705982208, Mean_ioU: 0.604953408241272, Mean_Dice: 0.7461769580841064
2023-11-04 02:16:41,364 [trainer.py:163] INFO: Epoch : 92, Train_loss : 0.1400214284658432, Mean_ioU: 0.6038343906402588, Mean_Dice: 0.745206892490387
2023-11-04 02:17:46,026 [trainer.py:163] INFO: Epoch : 93, Train_loss : 0.13940291106700897, Mean_ioU: 0.6050928831100464, Mean_Dice: 0.746139645576477
2023-11-04 02:18:50,176 [trainer.py:163] INFO: Epoch : 94, Train_loss : 0.13928267359733582, Mean_ioU: 0.6047287583351135, Mean_Dice: 0.7458710670471191
2023-11-04 02:19:54,823 [trainer.py:163] INFO: Epoch : 95, Train_loss : 0.13972140848636627, Mean_ioU: 0.6053962707519531, Mean_Dice: 0.746478796005249
2023-11-04 02:20:59,895 [trainer.py:163] INFO: Epoch : 96, Train_loss : 0.1392066329717636, Mean_ioU: 0.6055135130882263, Mean_Dice: 0.746599555015564
2023-11-04 02:22:02,803 [trainer.py:163] INFO: Epoch : 97, Train_loss : 0.1392156332731247, Mean_ioU: 0.605881929397583, Mean_Dice: 0.7468897700309753
2023-11-04 02:23:06,107 [trainer.py:163] INFO: Epoch : 98, Train_loss : 0.13970208168029785, Mean_ioU: 0.6041076183319092, Mean_Dice: 0.7454513907432556
2023-11-04 02:24:10,324 [trainer.py:163] INFO: Epoch : 99, Train_loss : 0.13969625532627106, Mean_ioU: 0.6049543023109436, Mean_Dice: 0.7457885146141052
2023-11-04 02:25:14,038 [trainer.py:163] INFO: Epoch : 100, Train_loss : 0.14015012979507446, Mean_ioU: 0.6047078967094421, Mean_Dice: 0.7456247806549072
2023-11-04 02:25:15,831 [trainer.py:211] INFO: Validation: Loss : 0.1411847472190857, mIoU : 0.6028919816017151, mDice : 0.7453919649124146
2023-11-04 02:26:19,217 [trainer.py:163] INFO: Epoch : 101, Train_loss : 0.13949131965637207, Mean_ioU: 0.6048056483268738, Mean_Dice: 0.7458617091178894
2023-11-04 02:27:23,318 [trainer.py:163] INFO: Epoch : 102, Train_loss : 0.13933944702148438, Mean_ioU: 0.6052500009536743, Mean_Dice: 0.7461085915565491
2023-11-04 02:28:26,019 [trainer.py:163] INFO: Epoch : 103, Train_loss : 0.13942477107048035, Mean_ioU: 0.6057836413383484, Mean_Dice: 0.7467840313911438
2023-11-04 02:29:29,048 [trainer.py:163] INFO: Epoch : 104, Train_loss : 0.13995391130447388, Mean_ioU: 0.6042328476905823, Mean_Dice: 0.7452162504196167
2023-11-04 02:30:33,007 [trainer.py:163] INFO: Epoch : 105, Train_loss : 0.13918310403823853, Mean_ioU: 0.6056424975395203, Mean_Dice: 0.7467507719993591
2023-11-04 02:31:37,236 [trainer.py:163] INFO: Epoch : 106, Train_loss : 0.1396966129541397, Mean_ioU: 0.6047751903533936, Mean_Dice: 0.7459166646003723
2023-11-04 02:32:42,078 [trainer.py:163] INFO: Epoch : 107, Train_loss : 0.13924811780452728, Mean_ioU: 0.6055948138237, Mean_Dice: 0.7464095950126648
2023-11-04 02:33:45,373 [trainer.py:163] INFO: Epoch : 108, Train_loss : 0.139814555644989, Mean_ioU: 0.604331910610199, Mean_Dice: 0.7454972863197327
2023-11-04 02:34:49,503 [trainer.py:163] INFO: Epoch : 109, Train_loss : 0.13929331302642822, Mean_ioU: 0.60640549659729, Mean_Dice: 0.7472590804100037
2023-11-04 02:35:52,922 [trainer.py:163] INFO: Epoch : 110, Train_loss : 0.13889627158641815, Mean_ioU: 0.6063818335533142, Mean_Dice: 0.7471957802772522
2023-11-04 02:35:54,701 [trainer.py:211] INFO: Validation: Loss : 0.1411796659231186, mIoU : 0.6029107570648193, mDice : 0.7454067468643188
2023-11-04 02:36:58,356 [trainer.py:163] INFO: Epoch : 111, Train_loss : 0.13980968296527863, Mean_ioU: 0.604698896408081, Mean_Dice: 0.7458309531211853
2023-11-04 02:38:01,906 [trainer.py:163] INFO: Epoch : 112, Train_loss : 0.1398250013589859, Mean_ioU: 0.6050068140029907, Mean_Dice: 0.7459387183189392
2023-11-04 02:39:05,268 [trainer.py:163] INFO: Epoch : 113, Train_loss : 0.13924023509025574, Mean_ioU: 0.6052664518356323, Mean_Dice: 0.7463777661323547
2023-11-04 02:40:09,918 [trainer.py:163] INFO: Epoch : 114, Train_loss : 0.13999497890472412, Mean_ioU: 0.6044610142707825, Mean_Dice: 0.7455832362174988
2023-11-04 02:41:13,343 [trainer.py:163] INFO: Epoch : 115, Train_loss : 0.13947539031505585, Mean_ioU: 0.6051831841468811, Mean_Dice: 0.746418297290802
2023-11-04 02:42:17,529 [trainer.py:163] INFO: Epoch : 116, Train_loss : 0.13970062136650085, Mean_ioU: 0.6050111055374146, Mean_Dice: 0.7460128664970398
2023-11-04 02:43:21,532 [trainer.py:163] INFO: Epoch : 117, Train_loss : 0.1394346058368683, Mean_ioU: 0.6054978966712952, Mean_Dice: 0.7465087175369263
2023-11-04 02:44:24,376 [trainer.py:163] INFO: Epoch : 118, Train_loss : 0.13975198566913605, Mean_ioU: 0.6051508784294128, Mean_Dice: 0.7462177872657776
2023-11-04 02:45:28,168 [trainer.py:163] INFO: Epoch : 119, Train_loss : 0.13990789651870728, Mean_ioU: 0.6048381328582764, Mean_Dice: 0.7460628151893616
2023-11-04 02:46:31,177 [trainer.py:163] INFO: Epoch : 120, Train_loss : 0.13956817984580994, Mean_ioU: 0.6050169467926025, Mean_Dice: 0.746038556098938
2023-11-04 02:46:33,055 [trainer.py:211] INFO: Validation: Loss : 0.14118105173110962, mIoU : 0.6029267907142639, mDice : 0.7454195022583008
2023-11-04 02:47:35,723 [trainer.py:163] INFO: Epoch : 121, Train_loss : 0.1394970715045929, Mean_ioU: 0.6049767732620239, Mean_Dice: 0.7460407018661499
2023-11-04 02:48:39,818 [trainer.py:163] INFO: Epoch : 122, Train_loss : 0.13986171782016754, Mean_ioU: 0.6051865816116333, Mean_Dice: 0.7462435364723206
2023-11-04 02:49:43,255 [trainer.py:163] INFO: Epoch : 123, Train_loss : 0.13946056365966797, Mean_ioU: 0.6051439046859741, Mean_Dice: 0.7461273074150085
2023-11-04 02:50:47,031 [trainer.py:163] INFO: Epoch : 124, Train_loss : 0.13942204415798187, Mean_ioU: 0.6053212881088257, Mean_Dice: 0.7462396621704102
2023-11-04 02:51:54,164 [trainer.py:163] INFO: Epoch : 125, Train_loss : 0.1399800181388855, Mean_ioU: 0.6047855019569397, Mean_Dice: 0.7460228800773621
2023-11-04 02:52:58,470 [trainer.py:163] INFO: Epoch : 126, Train_loss : 0.13956999778747559, Mean_ioU: 0.6050727963447571, Mean_Dice: 0.7461288571357727
2023-11-04 02:54:01,937 [trainer.py:163] INFO: Epoch : 127, Train_loss : 0.1390099972486496, Mean_ioU: 0.6065263152122498, Mean_Dice: 0.7473454475402832
2023-11-04 02:55:05,830 [trainer.py:163] INFO: Epoch : 128, Train_loss : 0.1403619945049286, Mean_ioU: 0.6039947867393494, Mean_Dice: 0.7453487515449524
2023-11-04 02:56:10,910 [trainer.py:163] INFO: Epoch : 129, Train_loss : 0.13972333073616028, Mean_ioU: 0.6043314933776855, Mean_Dice: 0.745688259601593
2023-11-04 02:57:15,173 [trainer.py:163] INFO: Epoch : 130, Train_loss : 0.13949531316757202, Mean_ioU: 0.604810357093811, Mean_Dice: 0.7460686564445496
2023-11-04 02:57:16,916 [trainer.py:211] INFO: Validation: Loss : 0.1411811113357544, mIoU : 0.6029229760169983, mDice : 0.7454174757003784
2023-11-04 02:58:20,601 [trainer.py:163] INFO: Epoch : 131, Train_loss : 0.13953958451747894, Mean_ioU: 0.6057525873184204, Mean_Dice: 0.7467520236968994
2023-11-04 02:59:24,751 [trainer.py:163] INFO: Epoch : 132, Train_loss : 0.13911202549934387, Mean_ioU: 0.6058163046836853, Mean_Dice: 0.7467883825302124
2023-11-04 03:00:28,534 [trainer.py:163] INFO: Epoch : 133, Train_loss : 0.13898694515228271, Mean_ioU: 0.6060329079627991, Mean_Dice: 0.7470452785491943
2023-11-04 03:01:31,753 [trainer.py:163] INFO: Epoch : 134, Train_loss : 0.13960331678390503, Mean_ioU: 0.6046700477600098, Mean_Dice: 0.7458627223968506
2023-11-04 03:02:35,688 [trainer.py:163] INFO: Epoch : 135, Train_loss : 0.14019566774368286, Mean_ioU: 0.6035280227661133, Mean_Dice: 0.7448614239692688
2023-11-04 03:03:38,712 [trainer.py:163] INFO: Epoch : 136, Train_loss : 0.1392909586429596, Mean_ioU: 0.6060643196105957, Mean_Dice: 0.7469655871391296
2023-11-04 03:04:44,969 [trainer.py:163] INFO: Epoch : 137, Train_loss : 0.13961200416088104, Mean_ioU: 0.6050850749015808, Mean_Dice: 0.7462857961654663
2023-11-04 03:05:49,383 [trainer.py:163] INFO: Epoch : 138, Train_loss : 0.13959495723247528, Mean_ioU: 0.6050654053688049, Mean_Dice: 0.7460310459136963
2023-11-04 03:06:54,187 [trainer.py:163] INFO: Epoch : 139, Train_loss : 0.13936957716941833, Mean_ioU: 0.6053970456123352, Mean_Dice: 0.74648517370224
2023-11-04 03:07:56,589 [trainer.py:163] INFO: Epoch : 140, Train_loss : 0.13918223977088928, Mean_ioU: 0.6049851775169373, Mean_Dice: 0.7461435198783875
2023-11-04 03:07:58,347 [trainer.py:211] INFO: Validation: Loss : 0.14118114113807678, mIoU : 0.6029218435287476, mDice : 0.7454162240028381
2023-11-04 03:09:02,122 [trainer.py:163] INFO: Epoch : 141, Train_loss : 0.13939347863197327, Mean_ioU: 0.6058075428009033, Mean_Dice: 0.7465618848800659
2023-11-04 03:10:07,228 [trainer.py:163] INFO: Epoch : 142, Train_loss : 0.14009813964366913, Mean_ioU: 0.6043251156806946, Mean_Dice: 0.7455744743347168
2023-11-04 03:11:10,388 [trainer.py:163] INFO: Epoch : 143, Train_loss : 0.13940760493278503, Mean_ioU: 0.6052056550979614, Mean_Dice: 0.7463074326515198
2023-11-04 03:12:13,502 [trainer.py:163] INFO: Epoch : 144, Train_loss : 0.13993313908576965, Mean_ioU: 0.6043522953987122, Mean_Dice: 0.7453262805938721
2023-11-04 03:13:17,751 [trainer.py:163] INFO: Epoch : 145, Train_loss : 0.1395079493522644, Mean_ioU: 0.60511314868927, Mean_Dice: 0.7462185621261597
2023-11-04 03:14:22,044 [trainer.py:163] INFO: Epoch : 146, Train_loss : 0.13955673575401306, Mean_ioU: 0.6042966842651367, Mean_Dice: 0.7456949949264526
2023-11-04 03:15:26,431 [trainer.py:163] INFO: Epoch : 147, Train_loss : 0.13963986933231354, Mean_ioU: 0.6043683290481567, Mean_Dice: 0.7456329464912415
2023-11-04 03:16:30,056 [trainer.py:163] INFO: Epoch : 148, Train_loss : 0.13973574340343475, Mean_ioU: 0.6044334769248962, Mean_Dice: 0.7456132173538208
2023-11-04 03:17:33,391 [trainer.py:163] INFO: Epoch : 149, Train_loss : 0.1401679962873459, Mean_ioU: 0.6038097143173218, Mean_Dice: 0.7452495694160461
2023-11-04 03:18:36,057 [trainer.py:163] INFO: Epoch : 150, Train_loss : 0.13929586112499237, Mean_ioU: 0.605297863483429, Mean_Dice: 0.746559202671051
2023-11-04 03:18:37,933 [trainer.py:211] INFO: Validation: Loss : 0.1411811262369156, mIoU : 0.6029218435287476, mDice : 0.7454162240028381
2023-11-04 03:19:41,303 [trainer.py:163] INFO: Epoch : 151, Train_loss : 0.13937430083751678, Mean_ioU: 0.6061280369758606, Mean_Dice: 0.7470651268959045
2023-11-04 03:20:45,034 [trainer.py:163] INFO: Epoch : 152, Train_loss : 0.13928531110286713, Mean_ioU: 0.6051254868507385, Mean_Dice: 0.7462760806083679
2023-11-04 03:21:50,607 [trainer.py:163] INFO: Epoch : 153, Train_loss : 0.13987627625465393, Mean_ioU: 0.6044756174087524, Mean_Dice: 0.7458298802375793
2023-11-04 03:22:54,677 [trainer.py:163] INFO: Epoch : 154, Train_loss : 0.1396820843219757, Mean_ioU: 0.6052387952804565, Mean_Dice: 0.7460530400276184
2023-11-04 03:23:57,731 [trainer.py:163] INFO: Epoch : 155, Train_loss : 0.1392349749803543, Mean_ioU: 0.6058310270309448, Mean_Dice: 0.7468315362930298
2023-11-04 03:25:00,780 [trainer.py:163] INFO: Epoch : 156, Train_loss : 0.13937890529632568, Mean_ioU: 0.6050511002540588, Mean_Dice: 0.7460165619850159
2023-11-04 03:26:04,711 [trainer.py:163] INFO: Epoch : 157, Train_loss : 0.13915719091892242, Mean_ioU: 0.605702817440033, Mean_Dice: 0.7465963363647461
2023-11-04 03:27:08,552 [trainer.py:163] INFO: Epoch : 158, Train_loss : 0.13994362950325012, Mean_ioU: 0.6049932837486267, Mean_Dice: 0.7461718916893005
2023-11-04 03:28:12,505 [trainer.py:163] INFO: Epoch : 159, Train_loss : 0.1395075023174286, Mean_ioU: 0.6049390435218811, Mean_Dice: 0.7460740208625793
2023-11-04 03:29:15,451 [trainer.py:163] INFO: Epoch : 160, Train_loss : 0.1396487057209015, Mean_ioU: 0.6050254702568054, Mean_Dice: 0.7462162375450134
2023-11-04 03:29:17,383 [trainer.py:211] INFO: Validation: Loss : 0.14118114113807678, mIoU : 0.6029218435287476, mDice : 0.7454162240028381
2023-11-04 03:30:21,433 [trainer.py:163] INFO: Epoch : 161, Train_loss : 0.14026132225990295, Mean_ioU: 0.6038505434989929, Mean_Dice: 0.7452489733695984
2023-11-04 03:31:25,171 [trainer.py:163] INFO: Epoch : 162, Train_loss : 0.1395024210214615, Mean_ioU: 0.6052843332290649, Mean_Dice: 0.7463486194610596
2023-11-04 03:32:27,515 [trainer.py:163] INFO: Epoch : 163, Train_loss : 0.13943597674369812, Mean_ioU: 0.6053401827812195, Mean_Dice: 0.7462910413742065
2023-11-04 03:33:31,696 [trainer.py:163] INFO: Epoch : 164, Train_loss : 0.14018560945987701, Mean_ioU: 0.6037562489509583, Mean_Dice: 0.7447450160980225
2023-11-04 03:34:34,095 [trainer.py:163] INFO: Epoch : 165, Train_loss : 0.13970324397087097, Mean_ioU: 0.6056025624275208, Mean_Dice: 0.7467268109321594
2023-11-04 03:35:38,270 [trainer.py:163] INFO: Epoch : 166, Train_loss : 0.13958722352981567, Mean_ioU: 0.6046384572982788, Mean_Dice: 0.7456681728363037
2023-11-04 03:36:44,307 [trainer.py:163] INFO: Epoch : 167, Train_loss : 0.1403178721666336, Mean_ioU: 0.6039366126060486, Mean_Dice: 0.7454248070716858
2023-11-04 03:37:48,984 [trainer.py:163] INFO: Epoch : 168, Train_loss : 0.13960044085979462, Mean_ioU: 0.6054849028587341, Mean_Dice: 0.7466155886650085
2023-11-04 03:38:53,507 [trainer.py:163] INFO: Epoch : 169, Train_loss : 0.13951817154884338, Mean_ioU: 0.6052088737487793, Mean_Dice: 0.7462177872657776
2023-11-04 03:39:59,403 [trainer.py:163] INFO: Epoch : 170, Train_loss : 0.13906852900981903, Mean_ioU: 0.6062105894088745, Mean_Dice: 0.7470831871032715
2023-11-04 03:40:01,244 [trainer.py:211] INFO: Validation: Loss : 0.14118115603923798, mIoU : 0.6029218435287476, mDice : 0.7454162240028381
2023-11-04 03:41:05,113 [trainer.py:163] INFO: Epoch : 171, Train_loss : 0.13991129398345947, Mean_ioU: 0.6048162579536438, Mean_Dice: 0.7460224032402039
2023-11-04 03:42:07,180 [trainer.py:163] INFO: Epoch : 172, Train_loss : 0.13970234990119934, Mean_ioU: 0.6051098108291626, Mean_Dice: 0.7461729049682617
2023-11-04 03:43:11,233 [trainer.py:163] INFO: Epoch : 173, Train_loss : 0.1397228240966797, Mean_ioU: 0.6050602197647095, Mean_Dice: 0.746325671672821
2023-11-04 03:44:13,766 [trainer.py:163] INFO: Epoch : 174, Train_loss : 0.13907156884670258, Mean_ioU: 0.6057283282279968, Mean_Dice: 0.7466887831687927
2023-11-04 03:45:17,061 [trainer.py:163] INFO: Epoch : 175, Train_loss : 0.13952375948429108, Mean_ioU: 0.604508638381958, Mean_Dice: 0.7458332777023315
2023-11-04 03:46:20,244 [trainer.py:163] INFO: Epoch : 176, Train_loss : 0.13966232538223267, Mean_ioU: 0.6056272387504578, Mean_Dice: 0.7466180324554443
2023-11-04 03:47:23,236 [trainer.py:163] INFO: Epoch : 177, Train_loss : 0.13941851258277893, Mean_ioU: 0.6052786111831665, Mean_Dice: 0.7462575435638428
2023-11-04 03:48:26,059 [trainer.py:163] INFO: Epoch : 178, Train_loss : 0.13941837847232819, Mean_ioU: 0.6057146787643433, Mean_Dice: 0.7467314004898071
2023-11-04 03:49:31,020 [trainer.py:163] INFO: Epoch : 179, Train_loss : 0.13969656825065613, Mean_ioU: 0.6048203706741333, Mean_Dice: 0.7460980415344238
2023-11-04 03:50:35,355 [trainer.py:163] INFO: Epoch : 180, Train_loss : 0.1394404172897339, Mean_ioU: 0.6050466299057007, Mean_Dice: 0.7462499141693115
2023-11-04 03:50:37,086 [trainer.py:211] INFO: Validation: Loss : 0.14118115603923798, mIoU : 0.6029218435287476, mDice : 0.7454162240028381
2023-11-04 03:51:40,946 [trainer.py:163] INFO: Epoch : 181, Train_loss : 0.13988421857357025, Mean_ioU: 0.6048957705497742, Mean_Dice: 0.7460375428199768
2023-11-04 03:52:44,158 [trainer.py:163] INFO: Epoch : 182, Train_loss : 0.1398380547761917, Mean_ioU: 0.6043949723243713, Mean_Dice: 0.7454122304916382
2023-11-04 03:53:48,004 [trainer.py:163] INFO: Epoch : 183, Train_loss : 0.13915957510471344, Mean_ioU: 0.606076180934906, Mean_Dice: 0.747014582157135
2023-11-04 03:54:51,305 [trainer.py:163] INFO: Epoch : 184, Train_loss : 0.1394522488117218, Mean_ioU: 0.6051042079925537, Mean_Dice: 0.7460482716560364
2023-11-04 03:55:55,407 [trainer.py:163] INFO: Epoch : 185, Train_loss : 0.13955138623714447, Mean_ioU: 0.6055359840393066, Mean_Dice: 0.7464777231216431
2023-11-04 03:56:58,506 [trainer.py:163] INFO: Epoch : 186, Train_loss : 0.13939911127090454, Mean_ioU: 0.6056893467903137, Mean_Dice: 0.746459424495697
2023-11-04 03:58:04,199 [trainer.py:163] INFO: Epoch : 187, Train_loss : 0.13907955586910248, Mean_ioU: 0.6061760187149048, Mean_Dice: 0.7471168041229248
2023-11-04 03:59:07,561 [trainer.py:163] INFO: Epoch : 188, Train_loss : 0.13914860785007477, Mean_ioU: 0.606216311454773, Mean_Dice: 0.7471106648445129
2023-11-04 04:00:11,845 [trainer.py:163] INFO: Epoch : 189, Train_loss : 0.13972759246826172, Mean_ioU: 0.6046266555786133, Mean_Dice: 0.745721697807312
2023-11-04 04:01:16,951 [trainer.py:163] INFO: Epoch : 190, Train_loss : 0.13966646790504456, Mean_ioU: 0.604557454586029, Mean_Dice: 0.745633602142334
2023-11-04 04:01:18,818 [trainer.py:211] INFO: Validation: Loss : 0.14118115603923798, mIoU : 0.6029218435287476, mDice : 0.7454162240028381
2023-11-04 04:02:21,767 [trainer.py:163] INFO: Epoch : 191, Train_loss : 0.1396099478006363, Mean_ioU: 0.605554461479187, Mean_Dice: 0.7462813258171082
2023-11-04 04:03:26,423 [trainer.py:163] INFO: Epoch : 192, Train_loss : 0.13950292766094208, Mean_ioU: 0.6056085824966431, Mean_Dice: 0.746685802936554
2023-11-04 04:04:29,913 [trainer.py:163] INFO: Epoch : 193, Train_loss : 0.13983455300331116, Mean_ioU: 0.605292797088623, Mean_Dice: 0.746441125869751
2023-11-04 04:05:34,233 [trainer.py:163] INFO: Epoch : 194, Train_loss : 0.139841228723526, Mean_ioU: 0.6047583222389221, Mean_Dice: 0.7456185817718506
2023-11-04 04:06:38,471 [trainer.py:163] INFO: Epoch : 195, Train_loss : 0.13964411616325378, Mean_ioU: 0.6046250462532043, Mean_Dice: 0.7456231713294983
2023-11-04 04:07:41,647 [trainer.py:163] INFO: Epoch : 196, Train_loss : 0.13955479860305786, Mean_ioU: 0.605494499206543, Mean_Dice: 0.7465972304344177
2023-11-04 04:08:45,513 [trainer.py:163] INFO: Epoch : 197, Train_loss : 0.14004120230674744, Mean_ioU: 0.6042987108230591, Mean_Dice: 0.74556964635849
2023-11-04 04:09:49,454 [trainer.py:163] INFO: Epoch : 198, Train_loss : 0.13917414844036102, Mean_ioU: 0.605344295501709, Mean_Dice: 0.7462320327758789
2023-11-04 04:10:52,626 [trainer.py:163] INFO: Epoch : 199, Train_loss : 0.13997632265090942, Mean_ioU: 0.6043134927749634, Mean_Dice: 0.7456016540527344
2023-11-04 04:11:56,249 [trainer.py:163] INFO: Epoch : 200, Train_loss : 0.14051108062267303, Mean_ioU: 0.603538453578949, Mean_Dice: 0.7447933554649353
2023-11-04 04:11:58,123 [trainer.py:211] INFO: Validation: Loss : 0.14118115603923798, mIoU : 0.6029218435287476, mDice : 0.7454162240028381
2023-11-04 04:13:03,446 [trainer.py:163] INFO: Epoch : 201, Train_loss : 0.13944482803344727, Mean_ioU: 0.6049526929855347, Mean_Dice: 0.746086597442627
2023-11-04 04:14:06,931 [trainer.py:163] INFO: Epoch : 202, Train_loss : 0.13894927501678467, Mean_ioU: 0.6061964631080627, Mean_Dice: 0.7470687031745911
2023-11-04 04:15:11,457 [trainer.py:163] INFO: Epoch : 203, Train_loss : 0.13931138813495636, Mean_ioU: 0.6049667000770569, Mean_Dice: 0.7461340427398682
2023-11-04 04:16:15,448 [trainer.py:163] INFO: Epoch : 204, Train_loss : 0.13948066532611847, Mean_ioU: 0.604915201663971, Mean_Dice: 0.745951235294342
2023-11-04 04:17:19,581 [trainer.py:163] INFO: Epoch : 205, Train_loss : 0.13923723995685577, Mean_ioU: 0.6055367588996887, Mean_Dice: 0.7465701699256897
2023-11-04 04:18:24,485 [trainer.py:163] INFO: Epoch : 206, Train_loss : 0.1393556445837021, Mean_ioU: 0.6052106022834778, Mean_Dice: 0.7462043166160583
2023-11-04 04:19:28,101 [trainer.py:163] INFO: Epoch : 207, Train_loss : 0.14038269221782684, Mean_ioU: 0.603971004486084, Mean_Dice: 0.7451387643814087
2023-11-04 04:20:31,271 [trainer.py:163] INFO: Epoch : 208, Train_loss : 0.13939014077186584, Mean_ioU: 0.6051583290100098, Mean_Dice: 0.7462735176086426
2023-11-04 04:21:34,855 [trainer.py:163] INFO: Epoch : 209, Train_loss : 0.13974933326244354, Mean_ioU: 0.6046519875526428, Mean_Dice: 0.7459100484848022
2023-11-04 04:22:38,621 [trainer.py:163] INFO: Epoch : 210, Train_loss : 0.1392052322626114, Mean_ioU: 0.6058108806610107, Mean_Dice: 0.7468529343605042
2023-11-04 04:22:40,474 [trainer.py:211] INFO: Validation: Loss : 0.14118118584156036, mIoU : 0.6029218435287476, mDice : 0.7454162240028381
2023-11-04 04:23:42,893 [trainer.py:163] INFO: Epoch : 211, Train_loss : 0.13963058590888977, Mean_ioU: 0.6056170463562012, Mean_Dice: 0.7466942071914673
2023-11-04 04:24:45,488 [trainer.py:163] INFO: Epoch : 212, Train_loss : 0.13958817720413208, Mean_ioU: 0.6048290729522705, Mean_Dice: 0.746078610420227
2023-11-04 04:25:48,763 [trainer.py:163] INFO: Epoch : 213, Train_loss : 0.14006084203720093, Mean_ioU: 0.6040962338447571, Mean_Dice: 0.7453191876411438
2023-11-04 04:26:54,202 [trainer.py:163] INFO: Epoch : 214, Train_loss : 0.1398552656173706, Mean_ioU: 0.6044875383377075, Mean_Dice: 0.7455594539642334
2023-11-04 04:27:57,452 [trainer.py:163] INFO: Epoch : 215, Train_loss : 0.1389666497707367, Mean_ioU: 0.6061482429504395, Mean_Dice: 0.7471607327461243
2023-11-04 04:29:02,026 [trainer.py:163] INFO: Epoch : 216, Train_loss : 0.13966123759746552, Mean_ioU: 0.6051121354103088, Mean_Dice: 0.7463298439979553
2023-11-04 04:30:06,042 [trainer.py:163] INFO: Epoch : 217, Train_loss : 0.13953404128551483, Mean_ioU: 0.6052780151367188, Mean_Dice: 0.7463056445121765
2023-11-04 04:31:10,907 [trainer.py:163] INFO: Epoch : 218, Train_loss : 0.13965794444084167, Mean_ioU: 0.6047327518463135, Mean_Dice: 0.7458521127700806
2023-11-04 04:32:14,102 [trainer.py:163] INFO: Epoch : 219, Train_loss : 0.13966278731822968, Mean_ioU: 0.6050922870635986, Mean_Dice: 0.7461369633674622
2023-11-04 04:33:17,607 [trainer.py:163] INFO: Epoch : 220, Train_loss : 0.1396322250366211, Mean_ioU: 0.6048986315727234, Mean_Dice: 0.7459785342216492
2023-11-04 04:33:19,401 [trainer.py:211] INFO: Validation: Loss : 0.14118115603923798, mIoU : 0.6029218435287476, mDice : 0.7454162240028381
2023-11-04 04:34:24,450 [trainer.py:163] INFO: Epoch : 221, Train_loss : 0.13930484652519226, Mean_ioU: 0.6053471565246582, Mean_Dice: 0.7463387846946716
2023-11-04 04:35:28,833 [trainer.py:163] INFO: Epoch : 222, Train_loss : 0.1392843872308731, Mean_ioU: 0.6054946780204773, Mean_Dice: 0.7465795278549194
2023-11-04 04:36:31,793 [trainer.py:163] INFO: Epoch : 223, Train_loss : 0.1399923712015152, Mean_ioU: 0.6050690412521362, Mean_Dice: 0.746317982673645
2023-11-04 04:37:36,268 [trainer.py:163] INFO: Epoch : 224, Train_loss : 0.14073020219802856, Mean_ioU: 0.6026005148887634, Mean_Dice: 0.7435979247093201
2023-11-04 04:38:41,342 [trainer.py:163] INFO: Epoch : 225, Train_loss : 0.1393914669752121, Mean_ioU: 0.6054947972297668, Mean_Dice: 0.7466238737106323
2023-11-04 04:39:44,495 [trainer.py:163] INFO: Epoch : 226, Train_loss : 0.13998164236545563, Mean_ioU: 0.60441654920578, Mean_Dice: 0.745806872844696
2023-11-04 04:40:48,352 [trainer.py:163] INFO: Epoch : 227, Train_loss : 0.13979890942573547, Mean_ioU: 0.6051928400993347, Mean_Dice: 0.746341347694397
2023-11-04 04:41:52,604 [trainer.py:163] INFO: Epoch : 228, Train_loss : 0.13901086151599884, Mean_ioU: 0.6060910820960999, Mean_Dice: 0.7471520900726318
2023-11-04 04:42:56,044 [trainer.py:163] INFO: Epoch : 229, Train_loss : 0.13979774713516235, Mean_ioU: 0.6041133999824524, Mean_Dice: 0.7452612519264221
2023-11-04 04:43:59,283 [trainer.py:163] INFO: Epoch : 230, Train_loss : 0.1399182826280594, Mean_ioU: 0.6039664149284363, Mean_Dice: 0.7453147768974304
2023-11-04 04:44:01,115 [trainer.py:211] INFO: Validation: Loss : 0.14118115603923798, mIoU : 0.6029218435287476, mDice : 0.7454162240028381
2023-11-04 04:45:06,017 [trainer.py:163] INFO: Epoch : 231, Train_loss : 0.13902470469474792, Mean_ioU: 0.6053845286369324, Mean_Dice: 0.7464107275009155
2023-11-04 04:46:09,064 [trainer.py:163] INFO: Epoch : 232, Train_loss : 0.13931278884410858, Mean_ioU: 0.605578601360321, Mean_Dice: 0.7467082738876343
2023-11-04 04:47:12,004 [trainer.py:163] INFO: Epoch : 233, Train_loss : 0.139005646109581, Mean_ioU: 0.6062905788421631, Mean_Dice: 0.7473342418670654
2023-11-04 04:48:15,769 [trainer.py:163] INFO: Epoch : 234, Train_loss : 0.13990187644958496, Mean_ioU: 0.6044785380363464, Mean_Dice: 0.7454386353492737
2023-11-04 04:49:18,928 [trainer.py:163] INFO: Epoch : 235, Train_loss : 0.1396568864583969, Mean_ioU: 0.605252742767334, Mean_Dice: 0.7463393211364746
2023-11-04 04:50:24,760 [trainer.py:163] INFO: Epoch : 236, Train_loss : 0.1405288726091385, Mean_ioU: 0.6038061380386353, Mean_Dice: 0.7451338171958923
2023-11-04 04:51:28,180 [trainer.py:163] INFO: Epoch : 237, Train_loss : 0.139320507645607, Mean_ioU: 0.6051840782165527, Mean_Dice: 0.7462452054023743
2023-11-04 04:52:31,099 [trainer.py:163] INFO: Epoch : 238, Train_loss : 0.1395035982131958, Mean_ioU: 0.6052685976028442, Mean_Dice: 0.7463816404342651
2023-11-04 04:53:34,519 [trainer.py:163] INFO: Epoch : 239, Train_loss : 0.1396411955356598, Mean_ioU: 0.6049302816390991, Mean_Dice: 0.7460567951202393
2023-11-04 04:54:38,299 [trainer.py:163] INFO: Epoch : 240, Train_loss : 0.13938894867897034, Mean_ioU: 0.6053945422172546, Mean_Dice: 0.7465842366218567
2023-11-04 04:54:40,122 [trainer.py:211] INFO: Validation: Loss : 0.14118115603923798, mIoU : 0.6029218435287476, mDice : 0.7454162240028381
2023-11-04 04:55:43,591 [trainer.py:163] INFO: Epoch : 241, Train_loss : 0.1392713040113449, Mean_ioU: 0.6053760051727295, Mean_Dice: 0.7464011311531067
2023-11-04 04:56:47,787 [trainer.py:163] INFO: Epoch : 242, Train_loss : 0.13964393734931946, Mean_ioU: 0.604844868183136, Mean_Dice: 0.7459142804145813
2023-11-04 04:57:51,338 [trainer.py:163] INFO: Epoch : 243, Train_loss : 0.13923177123069763, Mean_ioU: 0.6061471700668335, Mean_Dice: 0.7470217943191528
2023-11-04 04:58:54,358 [trainer.py:163] INFO: Epoch : 244, Train_loss : 0.13958708941936493, Mean_ioU: 0.6051803827285767, Mean_Dice: 0.7461339831352234
2023-11-04 04:59:57,434 [trainer.py:163] INFO: Epoch : 245, Train_loss : 0.13925829529762268, Mean_ioU: 0.6062157154083252, Mean_Dice: 0.7469972372055054
2023-11-04 05:01:00,365 [trainer.py:163] INFO: Epoch : 246, Train_loss : 0.1398754119873047, Mean_ioU: 0.6047296524047852, Mean_Dice: 0.7459511756896973
2023-11-04 05:02:05,101 [trainer.py:163] INFO: Epoch : 247, Train_loss : 0.1389712542295456, Mean_ioU: 0.6055618524551392, Mean_Dice: 0.7466184496879578
2023-11-04 05:03:09,175 [trainer.py:163] INFO: Epoch : 248, Train_loss : 0.13937729597091675, Mean_ioU: 0.6052709817886353, Mean_Dice: 0.7462915182113647
2023-11-04 05:04:11,773 [trainer.py:163] INFO: Epoch : 249, Train_loss : 0.13989773392677307, Mean_ioU: 0.6045106649398804, Mean_Dice: 0.7454285025596619
2023-11-04 05:05:16,052 [trainer.py:163] INFO: Epoch : 250, Train_loss : 0.13943439722061157, Mean_ioU: 0.6053967475891113, Mean_Dice: 0.7464423775672913
2023-11-04 05:05:17,896 [trainer.py:211] INFO: Validation: Loss : 0.14118115603923798, mIoU : 0.6029218435287476, mDice : 0.7454162240028381
2023-11-04 05:06:21,920 [trainer.py:163] INFO: Epoch : 251, Train_loss : 0.13958396017551422, Mean_ioU: 0.6048332452774048, Mean_Dice: 0.7460134029388428
2023-11-04 05:07:26,992 [trainer.py:163] INFO: Epoch : 252, Train_loss : 0.13960061967372894, Mean_ioU: 0.605254590511322, Mean_Dice: 0.7463635802268982
2023-11-04 05:08:31,926 [trainer.py:163] INFO: Epoch : 253, Train_loss : 0.13980107009410858, Mean_ioU: 0.6049594879150391, Mean_Dice: 0.7460121512413025
2023-11-04 05:09:34,641 [trainer.py:163] INFO: Epoch : 254, Train_loss : 0.13997498154640198, Mean_ioU: 0.603437602519989, Mean_Dice: 0.7446244359016418
2023-11-04 05:10:41,361 [trainer.py:163] INFO: Epoch : 255, Train_loss : 0.13954468071460724, Mean_ioU: 0.6047021150588989, Mean_Dice: 0.7456986308097839
2023-11-04 05:11:45,637 [trainer.py:163] INFO: Epoch : 256, Train_loss : 0.14010728895664215, Mean_ioU: 0.6045248508453369, Mean_Dice: 0.7458146810531616
2023-11-04 05:12:49,116 [trainer.py:163] INFO: Epoch : 257, Train_loss : 0.1394517868757248, Mean_ioU: 0.6050273776054382, Mean_Dice: 0.745846688747406
2023-11-04 05:13:52,593 [trainer.py:163] INFO: Epoch : 258, Train_loss : 0.1394995003938675, Mean_ioU: 0.604951798915863, Mean_Dice: 0.7460452914237976
2023-11-04 05:14:55,720 [trainer.py:163] INFO: Epoch : 259, Train_loss : 0.1393447071313858, Mean_ioU: 0.6054726243019104, Mean_Dice: 0.7465634942054749
2023-11-04 05:16:00,154 [trainer.py:163] INFO: Epoch : 260, Train_loss : 0.13959404826164246, Mean_ioU: 0.604799747467041, Mean_Dice: 0.7459273338317871
2023-11-04 05:16:01,973 [trainer.py:211] INFO: Validation: Loss : 0.14118115603923798, mIoU : 0.6029218435287476, mDice : 0.7454162240028381
2023-11-04 05:17:06,923 [trainer.py:163] INFO: Epoch : 261, Train_loss : 0.1393335908651352, Mean_ioU: 0.6048776507377625, Mean_Dice: 0.7459896802902222
2023-11-04 05:18:11,325 [trainer.py:163] INFO: Epoch : 262, Train_loss : 0.13970337808132172, Mean_ioU: 0.6045068502426147, Mean_Dice: 0.7457703351974487
2023-11-04 05:19:13,974 [trainer.py:163] INFO: Epoch : 263, Train_loss : 0.13889776170253754, Mean_ioU: 0.6064302325248718, Mean_Dice: 0.7474321722984314
2023-11-04 05:20:17,038 [trainer.py:163] INFO: Epoch : 264, Train_loss : 0.13992279767990112, Mean_ioU: 0.6045891046524048, Mean_Dice: 0.7456713318824768
2023-11-04 05:21:21,090 [trainer.py:163] INFO: Epoch : 265, Train_loss : 0.1398339420557022, Mean_ioU: 0.6048266291618347, Mean_Dice: 0.7456103563308716
2023-11-04 05:22:24,961 [trainer.py:163] INFO: Epoch : 266, Train_loss : 0.1395251750946045, Mean_ioU: 0.6043533682823181, Mean_Dice: 0.7454817891120911
2023-11-04 05:23:28,719 [trainer.py:163] INFO: Epoch : 267, Train_loss : 0.1389341652393341, Mean_ioU: 0.6058717370033264, Mean_Dice: 0.7467895746231079
2023-11-04 05:24:32,058 [trainer.py:163] INFO: Epoch : 268, Train_loss : 0.13976477086544037, Mean_ioU: 0.6050339341163635, Mean_Dice: 0.7459256052970886
2023-11-04 05:25:36,511 [trainer.py:163] INFO: Epoch : 269, Train_loss : 0.13959255814552307, Mean_ioU: 0.6048056483268738, Mean_Dice: 0.7458175420761108
2023-11-04 05:26:43,034 [trainer.py:163] INFO: Epoch : 270, Train_loss : 0.13952380418777466, Mean_ioU: 0.6050854325294495, Mean_Dice: 0.7461901307106018
2023-11-04 05:26:44,917 [trainer.py:211] INFO: Validation: Loss : 0.14118115603923798, mIoU : 0.6029218435287476, mDice : 0.7454162240028381
2023-11-04 05:27:48,231 [trainer.py:163] INFO: Epoch : 271, Train_loss : 0.14021600782871246, Mean_ioU: 0.604073166847229, Mean_Dice: 0.7452417016029358
2023-11-04 05:28:51,368 [trainer.py:163] INFO: Epoch : 272, Train_loss : 0.1399535834789276, Mean_ioU: 0.6043177247047424, Mean_Dice: 0.7455068230628967
2023-11-04 05:29:55,454 [trainer.py:163] INFO: Epoch : 273, Train_loss : 0.13981640338897705, Mean_ioU: 0.6048997640609741, Mean_Dice: 0.7458861470222473
2023-11-04 05:31:00,226 [trainer.py:163] INFO: Epoch : 274, Train_loss : 0.1392471194267273, Mean_ioU: 0.6055575013160706, Mean_Dice: 0.7467333078384399
2023-11-04 05:32:04,134 [trainer.py:163] INFO: Epoch : 275, Train_loss : 0.1393819898366928, Mean_ioU: 0.6057969927787781, Mean_Dice: 0.7467243671417236
2023-11-04 05:33:07,941 [trainer.py:163] INFO: Epoch : 276, Train_loss : 0.1392824500799179, Mean_ioU: 0.6057047843933105, Mean_Dice: 0.7466714978218079
2023-11-04 05:34:13,463 [trainer.py:163] INFO: Epoch : 277, Train_loss : 0.13966234028339386, Mean_ioU: 0.6051086783409119, Mean_Dice: 0.7462249994277954
2023-11-04 05:35:18,444 [trainer.py:163] INFO: Epoch : 278, Train_loss : 0.13954998552799225, Mean_ioU: 0.6055615544319153, Mean_Dice: 0.7466340065002441
2023-11-04 05:36:21,511 [trainer.py:163] INFO: Epoch : 279, Train_loss : 0.13954178988933563, Mean_ioU: 0.6048561930656433, Mean_Dice: 0.7461643218994141
2023-11-04 05:37:24,492 [trainer.py:163] INFO: Epoch : 280, Train_loss : 0.13991467654705048, Mean_ioU: 0.6039444804191589, Mean_Dice: 0.7451112866401672
2023-11-04 05:37:26,283 [trainer.py:211] INFO: Validation: Loss : 0.14118115603923798, mIoU : 0.6029218435287476, mDice : 0.7454162240028381
2023-11-04 05:38:29,985 [trainer.py:163] INFO: Epoch : 281, Train_loss : 0.14032961428165436, Mean_ioU: 0.6038287878036499, Mean_Dice: 0.7449506521224976
2023-11-04 05:39:34,098 [trainer.py:163] INFO: Epoch : 282, Train_loss : 0.1392877697944641, Mean_ioU: 0.605879545211792, Mean_Dice: 0.7467226982116699
2023-11-04 05:40:37,888 [trainer.py:163] INFO: Epoch : 283, Train_loss : 0.14003175497055054, Mean_ioU: 0.6045254468917847, Mean_Dice: 0.7456637620925903
2023-11-04 05:41:41,125 [trainer.py:163] INFO: Epoch : 284, Train_loss : 0.13959810137748718, Mean_ioU: 0.6052770614624023, Mean_Dice: 0.7461711764335632
2023-11-04 05:42:44,261 [trainer.py:163] INFO: Epoch : 285, Train_loss : 0.14017364382743835, Mean_ioU: 0.6038771867752075, Mean_Dice: 0.7451356649398804
2023-11-04 05:43:48,844 [trainer.py:163] INFO: Epoch : 286, Train_loss : 0.13983213901519775, Mean_ioU: 0.6040870547294617, Mean_Dice: 0.7453752756118774
2023-11-04 05:44:51,107 [trainer.py:163] INFO: Epoch : 287, Train_loss : 0.14015522599220276, Mean_ioU: 0.6042470932006836, Mean_Dice: 0.7452794909477234
2023-11-04 05:45:54,285 [trainer.py:163] INFO: Epoch : 288, Train_loss : 0.138846755027771, Mean_ioU: 0.6056490540504456, Mean_Dice: 0.7468219995498657
2023-11-04 05:46:58,126 [trainer.py:163] INFO: Epoch : 289, Train_loss : 0.13971279561519623, Mean_ioU: 0.6047738194465637, Mean_Dice: 0.7459821105003357
2023-11-04 05:48:02,872 [trainer.py:163] INFO: Epoch : 290, Train_loss : 0.14027395844459534, Mean_ioU: 0.6040931940078735, Mean_Dice: 0.7454016208648682
2023-11-04 05:48:04,747 [trainer.py:211] INFO: Validation: Loss : 0.14118115603923798, mIoU : 0.6029218435287476, mDice : 0.7454162240028381
2023-11-04 05:49:09,959 [trainer.py:163] INFO: Epoch : 291, Train_loss : 0.1394253671169281, Mean_ioU: 0.6058529615402222, Mean_Dice: 0.7467265129089355
2023-11-04 05:50:12,560 [trainer.py:163] INFO: Epoch : 292, Train_loss : 0.13949404656887054, Mean_ioU: 0.6054826378822327, Mean_Dice: 0.746545135974884
2023-11-04 05:51:16,181 [trainer.py:163] INFO: Epoch : 293, Train_loss : 0.13920781016349792, Mean_ioU: 0.6055537462234497, Mean_Dice: 0.7467239499092102
2023-11-04 05:52:19,925 [trainer.py:163] INFO: Epoch : 294, Train_loss : 0.13962441682815552, Mean_ioU: 0.6044976115226746, Mean_Dice: 0.7456157803535461
2023-11-04 05:53:24,236 [trainer.py:163] INFO: Epoch : 295, Train_loss : 0.13952095806598663, Mean_ioU: 0.6045820713043213, Mean_Dice: 0.7458669543266296
2023-11-04 05:54:29,477 [trainer.py:163] INFO: Epoch : 296, Train_loss : 0.13927045464515686, Mean_ioU: 0.6054531335830688, Mean_Dice: 0.7465780973434448
2023-11-04 05:55:32,902 [trainer.py:163] INFO: Epoch : 297, Train_loss : 0.1396552175283432, Mean_ioU: 0.6052538752555847, Mean_Dice: 0.7462284564971924
2023-11-04 05:56:35,835 [trainer.py:163] INFO: Epoch : 298, Train_loss : 0.1400526762008667, Mean_ioU: 0.6039147973060608, Mean_Dice: 0.7450404167175293
2023-11-04 05:57:38,676 [trainer.py:163] INFO: Epoch : 299, Train_loss : 0.13950668275356293, Mean_ioU: 0.6052486300468445, Mean_Dice: 0.7463934421539307
2023-11-04 05:58:42,273 [trainer.py:163] INFO: Epoch : 300, Train_loss : 0.14026698470115662, Mean_ioU: 0.6038159132003784, Mean_Dice: 0.7448448538780212
2023-11-04 05:58:44,052 [trainer.py:211] INFO: Validation: Loss : 0.14118115603923798, mIoU : 0.6029218435287476, mDice : 0.7454162240028381
2023-11-04 05:58:44,456 [train.py:136] INFO: ==========finish train=========
2023-11-04 05:58:44,458 [train.py:145] INFO: ==========finish work=========
