2023-10-13 18:49:29,622 [train.py:60] INFO: learning rate : 0.001
2023-10-13 18:49:29,623 [train.py:61] INFO: batch size : 4
2023-10-13 18:49:29,623 [train.py:62] INFO: num epoch : 300
2023-10-13 18:49:29,623 [train.py:63] INFO: trainflow: 10
2023-10-13 18:49:29,623 [train.py:84] INFO: ==========Start training=========
2023-10-13 18:50:42,236 [trainer.py:142] INFO: Epoch : 1, Train_loss : 0.33854058384895325, Mean_ioU: 0.2893071174621582, Mean_Dice: 0.4092126190662384
2023-10-13 18:51:53,763 [trainer.py:142] INFO: Epoch : 2, Train_loss : 0.21588963270187378, Mean_ioU: 0.47164860367774963, Mean_Dice: 0.6340867280960083
2023-10-13 18:53:04,357 [trainer.py:142] INFO: Epoch : 3, Train_loss : 0.20383547246456146, Mean_ioU: 0.4919512867927551, Mean_Dice: 0.6524756550788879
2023-10-13 18:54:15,916 [trainer.py:142] INFO: Epoch : 4, Train_loss : nan, Mean_ioU: 0.5013059973716736, Mean_Dice: nan
2023-10-13 18:55:26,333 [trainer.py:142] INFO: Epoch : 5, Train_loss : nan, Mean_ioU: 0.49986502528190613, Mean_Dice: nan
2023-10-13 18:56:37,427 [trainer.py:142] INFO: Epoch : 6, Train_loss : nan, Mean_ioU: 0.4980534017086029, Mean_Dice: nan
2023-10-13 18:57:47,974 [trainer.py:142] INFO: Epoch : 7, Train_loss : nan, Mean_ioU: 0.49977943301200867, Mean_Dice: nan
2023-10-13 18:58:58,675 [trainer.py:142] INFO: Epoch : 8, Train_loss : nan, Mean_ioU: 0.4994441866874695, Mean_Dice: nan
2023-10-13 18:59:57,279 [trainer.py:142] INFO: Epoch : 9, Train_loss : nan, Mean_ioU: 0.03657642379403114, Mean_Dice: nan
2023-10-13 19:00:56,211 [trainer.py:142] INFO: Epoch : 10, Train_loss : nan, Mean_ioU: 0.03305104747414589, Mean_Dice: nan
2023-10-13 19:01:01,844 [trainer.py:190] INFO: Validation: Loss : nan, mIoU : 0.034608736634254456, mDice : nan
2023-10-13 19:02:00,297 [trainer.py:142] INFO: Epoch : 11, Train_loss : nan, Mean_ioU: 0.03305117040872574, Mean_Dice: nan
2023-10-13 19:02:59,360 [trainer.py:142] INFO: Epoch : 12, Train_loss : nan, Mean_ioU: 0.033050402998924255, Mean_Dice: nan
2023-10-13 19:03:57,906 [trainer.py:142] INFO: Epoch : 13, Train_loss : nan, Mean_ioU: 0.03305187076330185, Mean_Dice: nan
2023-10-13 19:04:56,809 [trainer.py:142] INFO: Epoch : 14, Train_loss : nan, Mean_ioU: 0.03305119276046753, Mean_Dice: nan
2023-10-13 19:05:55,948 [trainer.py:142] INFO: Epoch : 15, Train_loss : nan, Mean_ioU: 0.033051010221242905, Mean_Dice: nan
2023-10-13 19:06:55,023 [trainer.py:142] INFO: Epoch : 16, Train_loss : nan, Mean_ioU: 0.03305073454976082, Mean_Dice: nan
2023-10-13 19:07:53,465 [trainer.py:142] INFO: Epoch : 17, Train_loss : nan, Mean_ioU: 0.033049326390028, Mean_Dice: nan
2023-10-13 19:08:52,134 [trainer.py:142] INFO: Epoch : 18, Train_loss : nan, Mean_ioU: 0.03304973989725113, Mean_Dice: nan
2023-10-13 19:09:50,915 [trainer.py:142] INFO: Epoch : 19, Train_loss : nan, Mean_ioU: 0.03305155411362648, Mean_Dice: nan
2023-10-13 19:10:49,549 [trainer.py:142] INFO: Epoch : 20, Train_loss : nan, Mean_ioU: 0.03305163234472275, Mean_Dice: nan
2023-10-13 19:10:54,787 [trainer.py:190] INFO: Validation: Loss : nan, mIoU : 0.034608736634254456, mDice : nan
2023-10-13 19:11:53,261 [trainer.py:142] INFO: Epoch : 21, Train_loss : nan, Mean_ioU: 0.03304971754550934, Mean_Dice: nan
2023-10-13 19:12:52,238 [trainer.py:142] INFO: Epoch : 22, Train_loss : nan, Mean_ioU: 0.03305025398731232, Mean_Dice: nan
2023-10-13 19:13:50,746 [trainer.py:142] INFO: Epoch : 23, Train_loss : nan, Mean_ioU: 0.03305033966898918, Mean_Dice: nan
2023-10-13 19:14:49,687 [trainer.py:142] INFO: Epoch : 24, Train_loss : nan, Mean_ioU: 0.03305075690150261, Mean_Dice: nan
2023-10-13 19:15:48,320 [trainer.py:142] INFO: Epoch : 25, Train_loss : nan, Mean_ioU: 0.03305034339427948, Mean_Dice: nan
2023-10-13 19:16:47,208 [trainer.py:142] INFO: Epoch : 26, Train_loss : nan, Mean_ioU: 0.03305114805698395, Mean_Dice: nan
2023-10-13 19:17:46,072 [trainer.py:142] INFO: Epoch : 27, Train_loss : nan, Mean_ioU: 0.033052004873752594, Mean_Dice: nan
2023-10-13 19:18:45,044 [trainer.py:142] INFO: Epoch : 28, Train_loss : nan, Mean_ioU: 0.03305035084486008, Mean_Dice: nan
2023-10-13 19:19:44,005 [trainer.py:142] INFO: Epoch : 29, Train_loss : nan, Mean_ioU: 0.03305000066757202, Mean_Dice: nan
2023-10-13 19:20:42,707 [trainer.py:142] INFO: Epoch : 30, Train_loss : nan, Mean_ioU: 0.03305057808756828, Mean_Dice: nan
2023-10-13 19:20:48,004 [trainer.py:190] INFO: Validation: Loss : nan, mIoU : 0.034608736634254456, mDice : nan
2023-10-13 19:21:46,542 [trainer.py:142] INFO: Epoch : 31, Train_loss : nan, Mean_ioU: 0.033050358295440674, Mean_Dice: nan
2023-10-13 19:22:45,233 [trainer.py:142] INFO: Epoch : 32, Train_loss : nan, Mean_ioU: 0.03304999694228172, Mean_Dice: nan
2023-10-13 19:23:43,740 [trainer.py:142] INFO: Epoch : 33, Train_loss : nan, Mean_ioU: 0.03305026888847351, Mean_Dice: nan
2023-10-13 19:24:42,275 [trainer.py:142] INFO: Epoch : 34, Train_loss : nan, Mean_ioU: 0.03305097296833992, Mean_Dice: nan
2023-10-13 19:25:40,864 [trainer.py:142] INFO: Epoch : 35, Train_loss : nan, Mean_ioU: 0.033050209283828735, Mean_Dice: nan
2023-10-13 19:26:39,553 [trainer.py:142] INFO: Epoch : 36, Train_loss : nan, Mean_ioU: 0.033050328493118286, Mean_Dice: nan
2023-10-13 19:27:38,524 [trainer.py:142] INFO: Epoch : 37, Train_loss : nan, Mean_ioU: 0.03305177018046379, Mean_Dice: nan
2023-10-13 19:28:37,274 [trainer.py:142] INFO: Epoch : 38, Train_loss : nan, Mean_ioU: 0.033050213009119034, Mean_Dice: nan
2023-10-13 19:29:36,029 [trainer.py:142] INFO: Epoch : 39, Train_loss : nan, Mean_ioU: 0.03304988518357277, Mean_Dice: nan
2023-10-13 19:30:34,804 [trainer.py:142] INFO: Epoch : 40, Train_loss : nan, Mean_ioU: 0.033050090074539185, Mean_Dice: nan
2023-10-13 19:30:40,091 [trainer.py:190] INFO: Validation: Loss : nan, mIoU : 0.034608736634254456, mDice : nan
2023-10-13 19:31:38,644 [trainer.py:142] INFO: Epoch : 41, Train_loss : nan, Mean_ioU: 0.03305152431130409, Mean_Dice: nan
2023-10-13 19:32:37,670 [trainer.py:142] INFO: Epoch : 42, Train_loss : nan, Mean_ioU: 0.033049292862415314, Mean_Dice: nan
2023-10-13 19:33:36,535 [trainer.py:142] INFO: Epoch : 43, Train_loss : nan, Mean_ioU: 0.03305060788989067, Mean_Dice: nan
2023-10-13 19:34:35,400 [trainer.py:142] INFO: Epoch : 44, Train_loss : nan, Mean_ioU: 0.03305055573582649, Mean_Dice: nan
2023-10-13 19:35:33,918 [trainer.py:142] INFO: Epoch : 45, Train_loss : nan, Mean_ioU: 0.033051542937755585, Mean_Dice: nan
2023-10-13 19:36:32,687 [trainer.py:142] INFO: Epoch : 46, Train_loss : nan, Mean_ioU: 0.03305048495531082, Mean_Dice: nan
2023-10-13 19:37:31,259 [trainer.py:142] INFO: Epoch : 47, Train_loss : nan, Mean_ioU: 0.03305085375905037, Mean_Dice: nan
2023-10-13 19:38:30,049 [trainer.py:142] INFO: Epoch : 48, Train_loss : nan, Mean_ioU: 0.033049698919057846, Mean_Dice: nan
2023-10-13 19:39:29,014 [trainer.py:142] INFO: Epoch : 49, Train_loss : nan, Mean_ioU: 0.03305007144808769, Mean_Dice: nan
2023-10-13 19:40:27,939 [trainer.py:142] INFO: Epoch : 50, Train_loss : nan, Mean_ioU: 0.03304993733763695, Mean_Dice: nan
2023-10-13 19:40:33,215 [trainer.py:190] INFO: Validation: Loss : nan, mIoU : 0.034608736634254456, mDice : nan
2023-10-13 19:41:31,815 [trainer.py:142] INFO: Epoch : 51, Train_loss : nan, Mean_ioU: 0.03305114060640335, Mean_Dice: nan
2023-10-13 19:42:30,527 [trainer.py:142] INFO: Epoch : 52, Train_loss : nan, Mean_ioU: 0.033051103353500366, Mean_Dice: nan
2023-10-13 19:43:29,451 [trainer.py:142] INFO: Epoch : 53, Train_loss : nan, Mean_ioU: 0.0330495648086071, Mean_Dice: nan
2023-10-13 19:44:27,862 [trainer.py:142] INFO: Epoch : 54, Train_loss : nan, Mean_ioU: 0.03305061161518097, Mean_Dice: nan
2023-10-13 19:45:26,499 [trainer.py:142] INFO: Epoch : 55, Train_loss : nan, Mean_ioU: 0.033051133155822754, Mean_Dice: nan
2023-10-13 19:46:25,018 [trainer.py:142] INFO: Epoch : 56, Train_loss : nan, Mean_ioU: 0.033050913363695145, Mean_Dice: nan
2023-10-13 19:47:24,134 [trainer.py:142] INFO: Epoch : 57, Train_loss : nan, Mean_ioU: 0.03305091708898544, Mean_Dice: nan
2023-10-13 19:48:23,012 [trainer.py:142] INFO: Epoch : 58, Train_loss : nan, Mean_ioU: 0.033051203936338425, Mean_Dice: nan
2023-10-13 19:49:21,784 [trainer.py:142] INFO: Epoch : 59, Train_loss : nan, Mean_ioU: 0.03305068984627724, Mean_Dice: nan
2023-10-13 19:50:20,512 [trainer.py:142] INFO: Epoch : 60, Train_loss : nan, Mean_ioU: 0.033050015568733215, Mean_Dice: nan
2023-10-13 19:50:25,862 [trainer.py:190] INFO: Validation: Loss : nan, mIoU : 0.034608736634254456, mDice : nan
2023-10-13 19:51:24,190 [trainer.py:142] INFO: Epoch : 61, Train_loss : nan, Mean_ioU: 0.03305014595389366, Mean_Dice: nan
2023-10-13 19:52:22,771 [trainer.py:142] INFO: Epoch : 62, Train_loss : nan, Mean_ioU: 0.03305025026202202, Mean_Dice: nan
2023-10-13 19:53:21,379 [trainer.py:142] INFO: Epoch : 63, Train_loss : nan, Mean_ioU: 0.033050186932086945, Mean_Dice: nan
2023-10-13 19:54:19,676 [trainer.py:142] INFO: Epoch : 64, Train_loss : nan, Mean_ioU: 0.033050645142793655, Mean_Dice: nan
2023-10-13 19:55:18,466 [trainer.py:142] INFO: Epoch : 65, Train_loss : nan, Mean_ioU: 0.03305128589272499, Mean_Dice: nan
2023-10-13 19:56:17,785 [trainer.py:142] INFO: Epoch : 66, Train_loss : nan, Mean_ioU: 0.03304971009492874, Mean_Dice: nan
2023-10-13 19:57:16,694 [trainer.py:142] INFO: Epoch : 67, Train_loss : nan, Mean_ioU: 0.03305072337388992, Mean_Dice: nan
2023-10-13 19:58:15,612 [trainer.py:142] INFO: Epoch : 68, Train_loss : nan, Mean_ioU: 0.03305183723568916, Mean_Dice: nan
2023-10-13 19:59:14,257 [trainer.py:142] INFO: Epoch : 69, Train_loss : nan, Mean_ioU: 0.03304991126060486, Mean_Dice: nan
2023-10-13 20:00:12,845 [trainer.py:142] INFO: Epoch : 70, Train_loss : nan, Mean_ioU: 0.033050116151571274, Mean_Dice: nan
2023-10-13 20:00:18,139 [trainer.py:190] INFO: Validation: Loss : nan, mIoU : 0.034608736634254456, mDice : nan
2023-10-13 20:01:16,948 [trainer.py:142] INFO: Epoch : 71, Train_loss : nan, Mean_ioU: 0.0330493226647377, Mean_Dice: nan
2023-10-13 20:02:15,475 [trainer.py:142] INFO: Epoch : 72, Train_loss : nan, Mean_ioU: 0.03305085748434067, Mean_Dice: nan
2023-10-13 20:03:14,295 [trainer.py:142] INFO: Epoch : 73, Train_loss : nan, Mean_ioU: 0.033051420003175735, Mean_Dice: nan
2023-10-13 20:04:13,471 [trainer.py:142] INFO: Epoch : 74, Train_loss : nan, Mean_ioU: 0.03304971009492874, Mean_Dice: nan
2023-10-13 20:05:12,394 [trainer.py:142] INFO: Epoch : 75, Train_loss : nan, Mean_ioU: 0.033051248639822006, Mean_Dice: nan
2023-10-13 20:06:11,305 [trainer.py:142] INFO: Epoch : 76, Train_loss : nan, Mean_ioU: 0.03305073454976082, Mean_Dice: nan
2023-10-13 20:07:09,943 [trainer.py:142] INFO: Epoch : 77, Train_loss : nan, Mean_ioU: 0.033052194863557816, Mean_Dice: nan
2023-10-13 20:08:08,967 [trainer.py:142] INFO: Epoch : 78, Train_loss : nan, Mean_ioU: 0.03305152803659439, Mean_Dice: nan
2023-10-13 20:09:08,597 [trainer.py:142] INFO: Epoch : 79, Train_loss : nan, Mean_ioU: 0.03305072709918022, Mean_Dice: nan
2023-10-13 20:10:07,373 [trainer.py:142] INFO: Epoch : 80, Train_loss : nan, Mean_ioU: 0.03304790332913399, Mean_Dice: nan
2023-10-13 20:10:12,676 [trainer.py:190] INFO: Validation: Loss : nan, mIoU : 0.034608736634254456, mDice : nan
2023-10-13 20:11:11,183 [trainer.py:142] INFO: Epoch : 81, Train_loss : nan, Mean_ioU: 0.03304928168654442, Mean_Dice: nan
2023-10-13 20:12:09,889 [trainer.py:142] INFO: Epoch : 82, Train_loss : nan, Mean_ioU: 0.03304978832602501, Mean_Dice: nan
2023-10-13 20:13:08,680 [trainer.py:142] INFO: Epoch : 83, Train_loss : nan, Mean_ioU: 0.03304991498589516, Mean_Dice: nan
2023-10-13 20:14:07,216 [trainer.py:142] INFO: Epoch : 84, Train_loss : nan, Mean_ioU: 0.033049531280994415, Mean_Dice: nan
2023-10-13 20:15:06,143 [trainer.py:142] INFO: Epoch : 85, Train_loss : nan, Mean_ioU: 0.03305122256278992, Mean_Dice: nan
2023-10-13 20:16:04,733 [trainer.py:142] INFO: Epoch : 86, Train_loss : nan, Mean_ioU: 0.03305140882730484, Mean_Dice: nan
2023-10-13 20:17:03,445 [trainer.py:142] INFO: Epoch : 87, Train_loss : nan, Mean_ioU: 0.03305010870099068, Mean_Dice: nan
2023-10-13 20:18:02,130 [trainer.py:142] INFO: Epoch : 88, Train_loss : nan, Mean_ioU: 0.03305010125041008, Mean_Dice: nan
2023-10-13 20:19:00,883 [trainer.py:142] INFO: Epoch : 89, Train_loss : nan, Mean_ioU: 0.03305066004395485, Mean_Dice: nan
2023-10-13 20:19:59,466 [trainer.py:142] INFO: Epoch : 90, Train_loss : nan, Mean_ioU: 0.03304875269532204, Mean_Dice: nan
2023-10-13 20:20:04,783 [trainer.py:190] INFO: Validation: Loss : nan, mIoU : 0.034608736634254456, mDice : nan
2023-10-13 20:21:03,519 [trainer.py:142] INFO: Epoch : 91, Train_loss : nan, Mean_ioU: 0.03305061161518097, Mean_Dice: nan
2023-10-13 20:22:01,905 [trainer.py:142] INFO: Epoch : 92, Train_loss : nan, Mean_ioU: 0.03305066004395485, Mean_Dice: nan
2023-10-13 20:23:00,575 [trainer.py:142] INFO: Epoch : 93, Train_loss : nan, Mean_ioU: 0.03305091708898544, Mean_Dice: nan
2023-10-13 20:23:59,273 [trainer.py:142] INFO: Epoch : 94, Train_loss : nan, Mean_ioU: 0.03305193781852722, Mean_Dice: nan
2023-10-13 20:24:57,927 [trainer.py:142] INFO: Epoch : 95, Train_loss : nan, Mean_ioU: 0.03305080533027649, Mean_Dice: nan
2023-10-13 20:25:56,963 [trainer.py:142] INFO: Epoch : 96, Train_loss : nan, Mean_ioU: 0.03305092826485634, Mean_Dice: nan
2023-10-13 20:26:55,641 [trainer.py:142] INFO: Epoch : 97, Train_loss : nan, Mean_ioU: 0.033049326390028, Mean_Dice: nan
2023-10-13 20:27:54,281 [trainer.py:142] INFO: Epoch : 98, Train_loss : nan, Mean_ioU: 0.03305022791028023, Mean_Dice: nan
2023-10-13 20:28:52,824 [trainer.py:142] INFO: Epoch : 99, Train_loss : nan, Mean_ioU: 0.033050037920475006, Mean_Dice: nan
2023-10-13 20:29:51,503 [trainer.py:142] INFO: Epoch : 100, Train_loss : nan, Mean_ioU: 0.03305019065737724, Mean_Dice: nan
2023-10-13 20:29:56,771 [trainer.py:190] INFO: Validation: Loss : nan, mIoU : 0.034608736634254456, mDice : nan
2023-10-13 20:30:55,450 [trainer.py:142] INFO: Epoch : 101, Train_loss : nan, Mean_ioU: 0.03305025398731232, Mean_Dice: nan
2023-10-13 20:31:54,415 [trainer.py:142] INFO: Epoch : 102, Train_loss : nan, Mean_ioU: 0.033051859587430954, Mean_Dice: nan
2023-10-13 20:32:53,003 [trainer.py:142] INFO: Epoch : 103, Train_loss : nan, Mean_ioU: 0.033051054924726486, Mean_Dice: nan
2023-10-13 20:33:51,720 [trainer.py:142] INFO: Epoch : 104, Train_loss : nan, Mean_ioU: 0.03304889425635338, Mean_Dice: nan
2023-10-13 20:34:50,389 [trainer.py:142] INFO: Epoch : 105, Train_loss : nan, Mean_ioU: 0.033051200211048126, Mean_Dice: nan
2023-10-13 20:35:48,915 [trainer.py:142] INFO: Epoch : 106, Train_loss : nan, Mean_ioU: 0.033050332218408585, Mean_Dice: nan
2023-10-13 20:36:47,667 [trainer.py:142] INFO: Epoch : 107, Train_loss : nan, Mean_ioU: 0.03304997831583023, Mean_Dice: nan
2023-10-13 20:37:46,136 [trainer.py:142] INFO: Epoch : 108, Train_loss : nan, Mean_ioU: 0.03305064141750336, Mean_Dice: nan
2023-10-13 20:38:45,090 [trainer.py:142] INFO: Epoch : 109, Train_loss : nan, Mean_ioU: 0.03305023908615112, Mean_Dice: nan
2023-10-13 20:39:43,911 [trainer.py:142] INFO: Epoch : 110, Train_loss : nan, Mean_ioU: 0.03305000811815262, Mean_Dice: nan
2023-10-13 20:39:49,281 [trainer.py:190] INFO: Validation: Loss : nan, mIoU : 0.034608736634254456, mDice : nan
2023-10-13 20:40:47,665 [trainer.py:142] INFO: Epoch : 111, Train_loss : nan, Mean_ioU: 0.033051587641239166, Mean_Dice: nan
2023-10-13 20:41:46,648 [trainer.py:142] INFO: Epoch : 112, Train_loss : nan, Mean_ioU: 0.03305007889866829, Mean_Dice: nan
2023-10-13 20:42:45,409 [trainer.py:142] INFO: Epoch : 113, Train_loss : nan, Mean_ioU: 0.03304996341466904, Mean_Dice: nan
2023-10-13 20:43:43,837 [trainer.py:142] INFO: Epoch : 114, Train_loss : nan, Mean_ioU: 0.03305112197995186, Mean_Dice: nan
2023-10-13 20:44:43,023 [trainer.py:142] INFO: Epoch : 115, Train_loss : nan, Mean_ioU: 0.033050455152988434, Mean_Dice: nan
2023-10-13 20:45:41,935 [trainer.py:142] INFO: Epoch : 116, Train_loss : nan, Mean_ioU: 0.03305011987686157, Mean_Dice: nan
2023-10-13 20:46:40,272 [trainer.py:142] INFO: Epoch : 117, Train_loss : nan, Mean_ioU: 0.0330502912402153, Mean_Dice: nan
2023-10-13 20:47:38,886 [trainer.py:142] INFO: Epoch : 118, Train_loss : nan, Mean_ioU: 0.03304928168654442, Mean_Dice: nan
2023-10-13 20:48:37,858 [trainer.py:142] INFO: Epoch : 119, Train_loss : nan, Mean_ioU: 0.033050380647182465, Mean_Dice: nan
2023-10-13 20:49:36,620 [trainer.py:142] INFO: Epoch : 120, Train_loss : nan, Mean_ioU: 0.033049095422029495, Mean_Dice: nan
2023-10-13 20:49:41,971 [trainer.py:190] INFO: Validation: Loss : nan, mIoU : 0.034608736634254456, mDice : nan
2023-10-13 20:50:40,346 [trainer.py:142] INFO: Epoch : 121, Train_loss : nan, Mean_ioU: 0.03304997831583023, Mean_Dice: nan
2023-10-13 20:51:39,133 [trainer.py:142] INFO: Epoch : 122, Train_loss : nan, Mean_ioU: 0.03304973244667053, Mean_Dice: nan
2023-10-13 20:52:37,858 [trainer.py:142] INFO: Epoch : 123, Train_loss : nan, Mean_ioU: 0.0330500602722168, Mean_Dice: nan
2023-10-13 20:53:36,695 [trainer.py:142] INFO: Epoch : 124, Train_loss : nan, Mean_ioU: 0.03304915502667427, Mean_Dice: nan
2023-10-13 20:54:35,259 [trainer.py:142] INFO: Epoch : 125, Train_loss : nan, Mean_ioU: 0.0330517403781414, Mean_Dice: nan
2023-10-13 20:55:33,765 [trainer.py:142] INFO: Epoch : 126, Train_loss : nan, Mean_ioU: 0.0330512598156929, Mean_Dice: nan
2023-10-13 20:56:32,230 [trainer.py:142] INFO: Epoch : 127, Train_loss : nan, Mean_ioU: 0.03305092081427574, Mean_Dice: nan
2023-10-13 20:57:30,953 [trainer.py:142] INFO: Epoch : 128, Train_loss : nan, Mean_ioU: 0.033049844205379486, Mean_Dice: nan
2023-10-13 20:58:29,796 [trainer.py:142] INFO: Epoch : 129, Train_loss : nan, Mean_ioU: 0.03305066004395485, Mean_Dice: nan
2023-10-13 20:59:28,521 [trainer.py:142] INFO: Epoch : 130, Train_loss : nan, Mean_ioU: 0.03305080533027649, Mean_Dice: nan
2023-10-13 20:59:33,849 [trainer.py:190] INFO: Validation: Loss : nan, mIoU : 0.034608736634254456, mDice : nan
2023-10-13 21:00:32,351 [trainer.py:142] INFO: Epoch : 131, Train_loss : nan, Mean_ioU: 0.03305109590291977, Mean_Dice: nan
2023-10-13 21:01:31,063 [trainer.py:142] INFO: Epoch : 132, Train_loss : nan, Mean_ioU: 0.033051494508981705, Mean_Dice: nan
2023-10-13 21:02:29,907 [trainer.py:142] INFO: Epoch : 133, Train_loss : nan, Mean_ioU: 0.03305044025182724, Mean_Dice: nan
2023-10-13 21:03:28,708 [trainer.py:142] INFO: Epoch : 134, Train_loss : nan, Mean_ioU: 0.03305162489414215, Mean_Dice: nan
2023-10-13 21:04:27,382 [trainer.py:142] INFO: Epoch : 135, Train_loss : nan, Mean_ioU: 0.03305058553814888, Mean_Dice: nan
2023-10-13 21:05:26,317 [trainer.py:142] INFO: Epoch : 136, Train_loss : nan, Mean_ioU: 0.03305090218782425, Mean_Dice: nan
2023-10-13 21:06:24,758 [trainer.py:142] INFO: Epoch : 137, Train_loss : nan, Mean_ioU: 0.033051520586013794, Mean_Dice: nan
2023-10-13 21:07:23,328 [trainer.py:142] INFO: Epoch : 138, Train_loss : nan, Mean_ioU: 0.0330505445599556, Mean_Dice: nan
2023-10-13 21:08:22,097 [trainer.py:142] INFO: Epoch : 139, Train_loss : nan, Mean_ioU: 0.03304949775338173, Mean_Dice: nan
2023-10-13 21:09:20,804 [trainer.py:142] INFO: Epoch : 140, Train_loss : nan, Mean_ioU: 0.03305012360215187, Mean_Dice: nan
2023-10-13 21:09:26,154 [trainer.py:190] INFO: Validation: Loss : nan, mIoU : 0.034608736634254456, mDice : nan
2023-10-13 21:10:24,645 [trainer.py:142] INFO: Epoch : 141, Train_loss : nan, Mean_ioU: 0.033052895218133926, Mean_Dice: nan
2023-10-13 21:11:23,451 [trainer.py:142] INFO: Epoch : 142, Train_loss : nan, Mean_ioU: 0.033050213009119034, Mean_Dice: nan
2023-10-13 21:12:22,054 [trainer.py:142] INFO: Epoch : 143, Train_loss : nan, Mean_ioU: 0.03304986283183098, Mean_Dice: nan
2023-10-13 21:13:20,843 [trainer.py:142] INFO: Epoch : 144, Train_loss : nan, Mean_ioU: 0.03305007889866829, Mean_Dice: nan
2023-10-13 21:14:19,564 [trainer.py:142] INFO: Epoch : 145, Train_loss : nan, Mean_ioU: 0.033052023500204086, Mean_Dice: nan
2023-10-13 21:15:18,478 [trainer.py:142] INFO: Epoch : 146, Train_loss : nan, Mean_ioU: 0.03305007144808769, Mean_Dice: nan
2023-10-13 21:16:17,335 [trainer.py:142] INFO: Epoch : 147, Train_loss : nan, Mean_ioU: 0.03305130451917648, Mean_Dice: nan
2023-10-13 21:17:16,100 [trainer.py:142] INFO: Epoch : 148, Train_loss : nan, Mean_ioU: 0.033050138503313065, Mean_Dice: nan
2023-10-13 21:18:14,884 [trainer.py:142] INFO: Epoch : 149, Train_loss : nan, Mean_ioU: 0.03305136412382126, Mean_Dice: nan
2023-10-13 21:19:13,707 [trainer.py:142] INFO: Epoch : 150, Train_loss : nan, Mean_ioU: 0.03305159881711006, Mean_Dice: nan
2023-10-13 21:19:19,045 [trainer.py:190] INFO: Validation: Loss : nan, mIoU : 0.034608736634254456, mDice : nan
2023-10-13 21:20:17,403 [trainer.py:142] INFO: Epoch : 151, Train_loss : nan, Mean_ioU: 0.0330500453710556, Mean_Dice: nan
2023-10-13 21:21:16,037 [trainer.py:142] INFO: Epoch : 152, Train_loss : nan, Mean_ioU: 0.03304915130138397, Mean_Dice: nan
2023-10-13 21:22:14,640 [trainer.py:142] INFO: Epoch : 153, Train_loss : nan, Mean_ioU: 0.033049922436475754, Mean_Dice: nan
2023-10-13 21:23:13,484 [trainer.py:142] INFO: Epoch : 154, Train_loss : nan, Mean_ioU: 0.033050451427698135, Mean_Dice: nan
2023-10-13 21:24:12,044 [trainer.py:142] INFO: Epoch : 155, Train_loss : nan, Mean_ioU: 0.033051181584596634, Mean_Dice: nan
2023-10-13 21:25:10,752 [trainer.py:142] INFO: Epoch : 156, Train_loss : nan, Mean_ioU: 0.03305087611079216, Mean_Dice: nan
2023-10-13 21:26:09,511 [trainer.py:142] INFO: Epoch : 157, Train_loss : nan, Mean_ioU: 0.03304986655712128, Mean_Dice: nan
2023-10-13 21:27:08,513 [trainer.py:142] INFO: Epoch : 158, Train_loss : nan, Mean_ioU: 0.03305007517337799, Mean_Dice: nan
2023-10-13 21:28:07,163 [trainer.py:142] INFO: Epoch : 159, Train_loss : nan, Mean_ioU: 0.03305068612098694, Mean_Dice: nan
2023-10-13 21:29:06,056 [trainer.py:142] INFO: Epoch : 160, Train_loss : nan, Mean_ioU: 0.03305015712976456, Mean_Dice: nan
2023-10-13 21:29:11,364 [trainer.py:190] INFO: Validation: Loss : nan, mIoU : 0.034608736634254456, mDice : nan
2023-10-13 21:30:09,658 [trainer.py:142] INFO: Epoch : 161, Train_loss : nan, Mean_ioU: 0.033050537109375, Mean_Dice: nan
2023-10-13 21:31:08,164 [trainer.py:142] INFO: Epoch : 162, Train_loss : nan, Mean_ioU: 0.03305121138691902, Mean_Dice: nan
2023-10-13 21:32:06,994 [trainer.py:142] INFO: Epoch : 163, Train_loss : nan, Mean_ioU: 0.03305071219801903, Mean_Dice: nan
2023-10-13 21:33:05,802 [trainer.py:142] INFO: Epoch : 164, Train_loss : nan, Mean_ioU: 0.033050134778022766, Mean_Dice: nan
2023-10-13 21:34:05,019 [trainer.py:142] INFO: Epoch : 165, Train_loss : nan, Mean_ioU: 0.03305135667324066, Mean_Dice: nan
2023-10-13 21:35:03,771 [trainer.py:142] INFO: Epoch : 166, Train_loss : nan, Mean_ioU: 0.033050600439310074, Mean_Dice: nan
2023-10-13 21:36:02,601 [trainer.py:142] INFO: Epoch : 167, Train_loss : nan, Mean_ioU: 0.03305088356137276, Mean_Dice: nan
2023-10-13 21:37:01,430 [trainer.py:142] INFO: Epoch : 168, Train_loss : nan, Mean_ioU: 0.03304978460073471, Mean_Dice: nan
2023-10-13 21:38:00,246 [trainer.py:142] INFO: Epoch : 169, Train_loss : nan, Mean_ioU: 0.03305082395672798, Mean_Dice: nan
2023-10-13 21:38:58,958 [trainer.py:142] INFO: Epoch : 170, Train_loss : nan, Mean_ioU: 0.03305082395672798, Mean_Dice: nan
2023-10-13 21:39:04,257 [trainer.py:190] INFO: Validation: Loss : nan, mIoU : 0.034608736634254456, mDice : nan
2023-10-13 21:40:03,000 [trainer.py:142] INFO: Epoch : 171, Train_loss : nan, Mean_ioU: 0.0330502912402153, Mean_Dice: nan
2023-10-13 21:41:01,779 [trainer.py:142] INFO: Epoch : 172, Train_loss : nan, Mean_ioU: 0.03305159881711006, Mean_Dice: nan
2023-10-13 21:42:00,332 [trainer.py:142] INFO: Epoch : 173, Train_loss : nan, Mean_ioU: 0.033050019294023514, Mean_Dice: nan
2023-10-13 21:42:59,532 [trainer.py:142] INFO: Epoch : 174, Train_loss : nan, Mean_ioU: 0.03305061534047127, Mean_Dice: nan
2023-10-13 21:43:58,220 [trainer.py:142] INFO: Epoch : 175, Train_loss : nan, Mean_ioU: 0.033049944788217545, Mean_Dice: nan
2023-10-13 21:44:56,951 [trainer.py:142] INFO: Epoch : 176, Train_loss : nan, Mean_ioU: 0.03305123373866081, Mean_Dice: nan
2023-10-13 21:45:55,903 [trainer.py:142] INFO: Epoch : 177, Train_loss : nan, Mean_ioU: 0.03305114060640335, Mean_Dice: nan
2023-10-13 21:46:55,629 [trainer.py:142] INFO: Epoch : 178, Train_loss : nan, Mean_ioU: 0.03305055573582649, Mean_Dice: nan
2023-10-13 21:47:54,553 [trainer.py:142] INFO: Epoch : 179, Train_loss : nan, Mean_ioU: 0.033050909638404846, Mean_Dice: nan
2023-10-13 21:48:53,166 [trainer.py:142] INFO: Epoch : 180, Train_loss : nan, Mean_ioU: 0.0330505296587944, Mean_Dice: nan
2023-10-13 21:48:58,523 [trainer.py:190] INFO: Validation: Loss : nan, mIoU : 0.034608736634254456, mDice : nan
2023-10-13 21:49:57,127 [trainer.py:142] INFO: Epoch : 181, Train_loss : nan, Mean_ioU: 0.03305067494511604, Mean_Dice: nan
2023-10-13 21:50:55,744 [trainer.py:142] INFO: Epoch : 182, Train_loss : nan, Mean_ioU: 0.03305025398731232, Mean_Dice: nan
2023-10-13 21:51:54,840 [trainer.py:142] INFO: Epoch : 183, Train_loss : nan, Mean_ioU: 0.0330512672662735, Mean_Dice: nan
2023-10-13 21:52:53,369 [trainer.py:142] INFO: Epoch : 184, Train_loss : nan, Mean_ioU: 0.0330498069524765, Mean_Dice: nan
2023-10-13 21:53:52,322 [trainer.py:142] INFO: Epoch : 185, Train_loss : nan, Mean_ioU: 0.03305080533027649, Mean_Dice: nan
2023-10-13 21:54:51,053 [trainer.py:142] INFO: Epoch : 186, Train_loss : nan, Mean_ioU: 0.033051747828722, Mean_Dice: nan
2023-10-13 21:55:49,929 [trainer.py:142] INFO: Epoch : 187, Train_loss : nan, Mean_ioU: 0.03305048868060112, Mean_Dice: nan
2023-10-13 21:56:48,938 [trainer.py:142] INFO: Epoch : 188, Train_loss : nan, Mean_ioU: 0.03305073082447052, Mean_Dice: nan
2023-10-13 21:57:47,743 [trainer.py:142] INFO: Epoch : 189, Train_loss : nan, Mean_ioU: 0.03304991498589516, Mean_Dice: nan
2023-10-13 21:58:46,756 [trainer.py:142] INFO: Epoch : 190, Train_loss : nan, Mean_ioU: 0.03305141627788544, Mean_Dice: nan
2023-10-13 21:58:52,042 [trainer.py:190] INFO: Validation: Loss : nan, mIoU : 0.034608736634254456, mDice : nan
2023-10-13 21:59:50,521 [trainer.py:142] INFO: Epoch : 191, Train_loss : nan, Mean_ioU: 0.03304809704422951, Mean_Dice: nan
2023-10-13 22:00:49,218 [trainer.py:142] INFO: Epoch : 192, Train_loss : nan, Mean_ioU: 0.03304982930421829, Mean_Dice: nan
2023-10-13 22:01:47,923 [trainer.py:142] INFO: Epoch : 193, Train_loss : nan, Mean_ioU: 0.033050552010536194, Mean_Dice: nan
2023-10-13 22:02:46,620 [trainer.py:142] INFO: Epoch : 194, Train_loss : nan, Mean_ioU: 0.033051714301109314, Mean_Dice: nan
2023-10-13 22:03:45,279 [trainer.py:142] INFO: Epoch : 195, Train_loss : nan, Mean_ioU: 0.03305066376924515, Mean_Dice: nan
2023-10-13 22:04:43,993 [trainer.py:142] INFO: Epoch : 196, Train_loss : nan, Mean_ioU: 0.033050887286663055, Mean_Dice: nan
2023-10-13 22:05:42,623 [trainer.py:142] INFO: Epoch : 197, Train_loss : nan, Mean_ioU: 0.033049508929252625, Mean_Dice: nan
2023-10-13 22:06:41,186 [trainer.py:142] INFO: Epoch : 198, Train_loss : nan, Mean_ioU: 0.03305146098136902, Mean_Dice: nan
2023-10-13 22:07:40,143 [trainer.py:142] INFO: Epoch : 199, Train_loss : nan, Mean_ioU: 0.03305019065737724, Mean_Dice: nan
2023-10-13 22:08:38,792 [trainer.py:142] INFO: Epoch : 200, Train_loss : nan, Mean_ioU: 0.03304850682616234, Mean_Dice: nan
2023-10-13 22:08:44,189 [trainer.py:190] INFO: Validation: Loss : nan, mIoU : 0.034608736634254456, mDice : nan
2023-10-13 22:09:42,715 [trainer.py:142] INFO: Epoch : 201, Train_loss : nan, Mean_ioU: 0.03305171802639961, Mean_Dice: nan
2023-10-13 22:10:41,565 [trainer.py:142] INFO: Epoch : 202, Train_loss : nan, Mean_ioU: 0.03305112197995186, Mean_Dice: nan
2023-10-13 22:11:40,153 [trainer.py:142] INFO: Epoch : 203, Train_loss : nan, Mean_ioU: 0.03304978087544441, Mean_Dice: nan
2023-10-13 22:12:38,916 [trainer.py:142] INFO: Epoch : 204, Train_loss : nan, Mean_ioU: 0.03305000811815262, Mean_Dice: nan
2023-10-13 22:13:37,887 [trainer.py:142] INFO: Epoch : 205, Train_loss : nan, Mean_ioU: 0.033051181584596634, Mean_Dice: nan
2023-10-13 22:14:36,672 [trainer.py:142] INFO: Epoch : 206, Train_loss : nan, Mean_ioU: 0.03304985165596008, Mean_Dice: nan
2023-10-13 22:15:35,396 [trainer.py:142] INFO: Epoch : 207, Train_loss : nan, Mean_ioU: 0.03305099159479141, Mean_Dice: nan
2023-10-13 22:16:34,087 [trainer.py:142] INFO: Epoch : 208, Train_loss : nan, Mean_ioU: 0.03305066004395485, Mean_Dice: nan
2023-10-13 22:17:32,891 [trainer.py:142] INFO: Epoch : 209, Train_loss : nan, Mean_ioU: 0.03305041417479515, Mean_Dice: nan
2023-10-13 22:18:31,838 [trainer.py:142] INFO: Epoch : 210, Train_loss : nan, Mean_ioU: 0.033050596714019775, Mean_Dice: nan
2023-10-13 22:18:37,192 [trainer.py:190] INFO: Validation: Loss : nan, mIoU : 0.034608736634254456, mDice : nan
2023-10-13 22:19:35,736 [trainer.py:142] INFO: Epoch : 211, Train_loss : nan, Mean_ioU: 0.03305194526910782, Mean_Dice: nan
2023-10-13 22:20:34,767 [trainer.py:142] INFO: Epoch : 212, Train_loss : nan, Mean_ioU: 0.033049989491701126, Mean_Dice: nan
2023-10-13 22:21:33,685 [trainer.py:142] INFO: Epoch : 213, Train_loss : nan, Mean_ioU: 0.033050280064344406, Mean_Dice: nan
2023-10-13 22:22:32,988 [trainer.py:142] INFO: Epoch : 214, Train_loss : nan, Mean_ioU: 0.033050842583179474, Mean_Dice: nan
2023-10-13 22:23:32,038 [trainer.py:142] INFO: Epoch : 215, Train_loss : nan, Mean_ioU: 0.0330505333840847, Mean_Dice: nan
2023-10-13 22:24:30,855 [trainer.py:142] INFO: Epoch : 216, Train_loss : nan, Mean_ioU: 0.0330498069524765, Mean_Dice: nan
2023-10-13 22:25:29,823 [trainer.py:142] INFO: Epoch : 217, Train_loss : nan, Mean_ioU: 0.03305051475763321, Mean_Dice: nan
2023-10-13 22:26:28,566 [trainer.py:142] INFO: Epoch : 218, Train_loss : nan, Mean_ioU: 0.0330515094101429, Mean_Dice: nan
2023-10-13 22:27:27,460 [trainer.py:142] INFO: Epoch : 219, Train_loss : nan, Mean_ioU: 0.0330507755279541, Mean_Dice: nan
2023-10-13 22:28:26,298 [trainer.py:142] INFO: Epoch : 220, Train_loss : nan, Mean_ioU: 0.03305099532008171, Mean_Dice: nan
2023-10-13 22:28:31,691 [trainer.py:190] INFO: Validation: Loss : nan, mIoU : 0.034608736634254456, mDice : nan
2023-10-13 22:29:30,136 [trainer.py:142] INFO: Epoch : 221, Train_loss : nan, Mean_ioU: 0.03305128589272499, Mean_Dice: nan
2023-10-13 22:30:29,241 [trainer.py:142] INFO: Epoch : 222, Train_loss : nan, Mean_ioU: 0.0330502949655056, Mean_Dice: nan
2023-10-13 22:31:28,052 [trainer.py:142] INFO: Epoch : 223, Train_loss : nan, Mean_ioU: 0.033052463084459305, Mean_Dice: nan
2023-10-13 22:32:26,807 [trainer.py:142] INFO: Epoch : 224, Train_loss : nan, Mean_ioU: 0.03305082768201828, Mean_Dice: nan
2023-10-13 22:33:25,747 [trainer.py:142] INFO: Epoch : 225, Train_loss : nan, Mean_ioU: 0.03304924815893173, Mean_Dice: nan
2023-10-13 22:34:24,439 [trainer.py:142] INFO: Epoch : 226, Train_loss : nan, Mean_ioU: 0.03305191546678543, Mean_Dice: nan
2023-10-13 22:35:23,269 [trainer.py:142] INFO: Epoch : 227, Train_loss : nan, Mean_ioU: 0.03304971754550934, Mean_Dice: nan
2023-10-13 22:36:22,311 [trainer.py:142] INFO: Epoch : 228, Train_loss : nan, Mean_ioU: 0.03305056318640709, Mean_Dice: nan
2023-10-13 22:37:20,803 [trainer.py:142] INFO: Epoch : 229, Train_loss : nan, Mean_ioU: 0.03304985165596008, Mean_Dice: nan
2023-10-13 22:38:20,029 [trainer.py:142] INFO: Epoch : 230, Train_loss : nan, Mean_ioU: 0.03305010497570038, Mean_Dice: nan
2023-10-13 22:38:25,375 [trainer.py:190] INFO: Validation: Loss : nan, mIoU : 0.034608736634254456, mDice : nan
2023-10-13 22:39:24,371 [trainer.py:142] INFO: Epoch : 231, Train_loss : nan, Mean_ioU: 0.033050619065761566, Mean_Dice: nan
2023-10-13 22:40:23,195 [trainer.py:142] INFO: Epoch : 232, Train_loss : nan, Mean_ioU: 0.033050283789634705, Mean_Dice: nan
2023-10-13 22:41:21,846 [trainer.py:142] INFO: Epoch : 233, Train_loss : nan, Mean_ioU: 0.03305114060640335, Mean_Dice: nan
2023-10-13 22:42:20,908 [trainer.py:142] INFO: Epoch : 234, Train_loss : nan, Mean_ioU: 0.03305049240589142, Mean_Dice: nan
2023-10-13 22:43:19,691 [trainer.py:142] INFO: Epoch : 235, Train_loss : nan, Mean_ioU: 0.03304975852370262, Mean_Dice: nan
2023-10-13 22:44:18,721 [trainer.py:142] INFO: Epoch : 236, Train_loss : nan, Mean_ioU: 0.0330500565469265, Mean_Dice: nan
2023-10-13 22:45:17,234 [trainer.py:142] INFO: Epoch : 237, Train_loss : nan, Mean_ioU: 0.033049896359443665, Mean_Dice: nan
2023-10-13 22:46:16,119 [trainer.py:142] INFO: Epoch : 238, Train_loss : nan, Mean_ioU: 0.03305019438266754, Mean_Dice: nan
2023-10-13 22:47:15,078 [trainer.py:142] INFO: Epoch : 239, Train_loss : nan, Mean_ioU: 0.0330510288476944, Mean_Dice: nan
2023-10-13 22:48:13,984 [trainer.py:142] INFO: Epoch : 240, Train_loss : nan, Mean_ioU: 0.03304886817932129, Mean_Dice: nan
2023-10-13 22:48:19,380 [trainer.py:190] INFO: Validation: Loss : nan, mIoU : 0.034608736634254456, mDice : nan
2023-10-13 22:49:17,777 [trainer.py:142] INFO: Epoch : 241, Train_loss : nan, Mean_ioU: 0.03305085748434067, Mean_Dice: nan
2023-10-13 22:50:16,851 [trainer.py:142] INFO: Epoch : 242, Train_loss : nan, Mean_ioU: 0.03304982930421829, Mean_Dice: nan
2023-10-13 22:51:15,436 [trainer.py:142] INFO: Epoch : 243, Train_loss : nan, Mean_ioU: 0.033050455152988434, Mean_Dice: nan
2023-10-13 22:52:14,111 [trainer.py:142] INFO: Epoch : 244, Train_loss : nan, Mean_ioU: 0.03305148705840111, Mean_Dice: nan
2023-10-13 22:53:12,645 [trainer.py:142] INFO: Epoch : 245, Train_loss : nan, Mean_ioU: 0.033050525933504105, Mean_Dice: nan
2023-10-13 22:54:11,605 [trainer.py:142] INFO: Epoch : 246, Train_loss : nan, Mean_ioU: 0.033050134778022766, Mean_Dice: nan
2023-10-13 22:55:10,132 [trainer.py:142] INFO: Epoch : 247, Train_loss : nan, Mean_ioU: 0.03304982930421829, Mean_Dice: nan
2023-10-13 22:56:08,708 [trainer.py:142] INFO: Epoch : 248, Train_loss : nan, Mean_ioU: 0.03304966911673546, Mean_Dice: nan
2023-10-13 22:57:07,526 [trainer.py:142] INFO: Epoch : 249, Train_loss : nan, Mean_ioU: 0.033048734068870544, Mean_Dice: nan
2023-10-13 22:58:06,134 [trainer.py:142] INFO: Epoch : 250, Train_loss : nan, Mean_ioU: 0.03305097296833992, Mean_Dice: nan
2023-10-13 22:58:11,492 [trainer.py:190] INFO: Validation: Loss : nan, mIoU : 0.034608736634254456, mDice : nan
2023-10-13 22:59:09,895 [trainer.py:142] INFO: Epoch : 251, Train_loss : nan, Mean_ioU: 0.033050887286663055, Mean_Dice: nan
2023-10-13 23:00:08,947 [trainer.py:142] INFO: Epoch : 252, Train_loss : nan, Mean_ioU: 0.03304928168654442, Mean_Dice: nan
2023-10-13 23:01:07,864 [trainer.py:142] INFO: Epoch : 253, Train_loss : nan, Mean_ioU: 0.03305137902498245, Mean_Dice: nan
2023-10-13 23:02:06,847 [trainer.py:142] INFO: Epoch : 254, Train_loss : nan, Mean_ioU: 0.033049970865249634, Mean_Dice: nan
2023-10-13 23:03:05,356 [trainer.py:142] INFO: Epoch : 255, Train_loss : nan, Mean_ioU: 0.033052001148462296, Mean_Dice: nan
2023-10-13 23:04:04,206 [trainer.py:142] INFO: Epoch : 256, Train_loss : nan, Mean_ioU: 0.03305085748434067, Mean_Dice: nan
2023-10-13 23:05:03,255 [trainer.py:142] INFO: Epoch : 257, Train_loss : nan, Mean_ioU: 0.033050596714019775, Mean_Dice: nan
2023-10-13 23:06:02,199 [trainer.py:142] INFO: Epoch : 258, Train_loss : nan, Mean_ioU: 0.03305131569504738, Mean_Dice: nan
2023-10-13 23:07:00,687 [trainer.py:142] INFO: Epoch : 259, Train_loss : nan, Mean_ioU: 0.033050671219825745, Mean_Dice: nan
2023-10-13 23:07:59,196 [trainer.py:142] INFO: Epoch : 260, Train_loss : nan, Mean_ioU: 0.03305016830563545, Mean_Dice: nan
2023-10-13 23:08:04,522 [trainer.py:190] INFO: Validation: Loss : nan, mIoU : 0.034608736634254456, mDice : nan
2023-10-13 23:09:03,032 [trainer.py:142] INFO: Epoch : 261, Train_loss : nan, Mean_ioU: 0.03305073082447052, Mean_Dice: nan
2023-10-13 23:10:02,039 [trainer.py:142] INFO: Epoch : 262, Train_loss : nan, Mean_ioU: 0.03304982930421829, Mean_Dice: nan
2023-10-13 23:11:00,578 [trainer.py:142] INFO: Epoch : 263, Train_loss : nan, Mean_ioU: 0.033050451427698135, Mean_Dice: nan
2023-10-13 23:11:59,254 [trainer.py:142] INFO: Epoch : 264, Train_loss : nan, Mean_ioU: 0.03305071219801903, Mean_Dice: nan
2023-10-13 23:12:58,124 [trainer.py:142] INFO: Epoch : 265, Train_loss : nan, Mean_ioU: 0.03305068984627724, Mean_Dice: nan
2023-10-13 23:13:56,876 [trainer.py:142] INFO: Epoch : 266, Train_loss : nan, Mean_ioU: 0.03305033594369888, Mean_Dice: nan
2023-10-13 23:14:55,751 [trainer.py:142] INFO: Epoch : 267, Train_loss : nan, Mean_ioU: 0.033049874007701874, Mean_Dice: nan
2023-10-13 23:15:54,506 [trainer.py:142] INFO: Epoch : 268, Train_loss : nan, Mean_ioU: 0.0330502986907959, Mean_Dice: nan
2023-10-13 23:16:53,348 [trainer.py:142] INFO: Epoch : 269, Train_loss : nan, Mean_ioU: 0.033049602061510086, Mean_Dice: nan
2023-10-13 23:17:52,215 [trainer.py:142] INFO: Epoch : 270, Train_loss : nan, Mean_ioU: 0.033050138503313065, Mean_Dice: nan
2023-10-13 23:17:57,530 [trainer.py:190] INFO: Validation: Loss : nan, mIoU : 0.034608736634254456, mDice : nan
2023-10-13 23:18:56,362 [trainer.py:142] INFO: Epoch : 271, Train_loss : nan, Mean_ioU: 0.03305039182305336, Mean_Dice: nan
2023-10-13 23:19:54,896 [trainer.py:142] INFO: Epoch : 272, Train_loss : nan, Mean_ioU: 0.033049751073122025, Mean_Dice: nan
2023-10-13 23:20:53,723 [trainer.py:142] INFO: Epoch : 273, Train_loss : nan, Mean_ioU: 0.03305033966898918, Mean_Dice: nan
2023-10-13 23:21:52,783 [trainer.py:142] INFO: Epoch : 274, Train_loss : nan, Mean_ioU: 0.03304976597428322, Mean_Dice: nan
2023-10-13 23:22:51,905 [trainer.py:142] INFO: Epoch : 275, Train_loss : nan, Mean_ioU: 0.03305070847272873, Mean_Dice: nan
2023-10-13 23:23:50,779 [trainer.py:142] INFO: Epoch : 276, Train_loss : nan, Mean_ioU: 0.033052559942007065, Mean_Dice: nan
2023-10-13 23:24:49,558 [trainer.py:142] INFO: Epoch : 277, Train_loss : nan, Mean_ioU: 0.03305043652653694, Mean_Dice: nan
2023-10-13 23:25:48,113 [trainer.py:142] INFO: Epoch : 278, Train_loss : nan, Mean_ioU: 0.03305097669363022, Mean_Dice: nan
2023-10-13 23:26:46,866 [trainer.py:142] INFO: Epoch : 279, Train_loss : nan, Mean_ioU: 0.03305025398731232, Mean_Dice: nan
2023-10-13 23:27:45,536 [trainer.py:142] INFO: Epoch : 280, Train_loss : nan, Mean_ioU: 0.033051975071430206, Mean_Dice: nan
2023-10-13 23:27:50,821 [trainer.py:190] INFO: Validation: Loss : nan, mIoU : 0.034608736634254456, mDice : nan
2023-10-13 23:28:49,080 [trainer.py:142] INFO: Epoch : 281, Train_loss : nan, Mean_ioU: 0.033050451427698135, Mean_Dice: nan
2023-10-13 23:29:48,136 [trainer.py:142] INFO: Epoch : 282, Train_loss : nan, Mean_ioU: 0.033050041645765305, Mean_Dice: nan
2023-10-13 23:30:46,828 [trainer.py:142] INFO: Epoch : 283, Train_loss : nan, Mean_ioU: 0.03305061161518097, Mean_Dice: nan
2023-10-13 23:31:45,547 [trainer.py:142] INFO: Epoch : 284, Train_loss : nan, Mean_ioU: 0.03305058926343918, Mean_Dice: nan
2023-10-13 23:32:44,129 [trainer.py:142] INFO: Epoch : 285, Train_loss : nan, Mean_ioU: 0.03305056318640709, Mean_Dice: nan
2023-10-13 23:33:42,809 [trainer.py:142] INFO: Epoch : 286, Train_loss : nan, Mean_ioU: 0.03305022791028023, Mean_Dice: nan
2023-10-13 23:34:41,586 [trainer.py:142] INFO: Epoch : 287, Train_loss : nan, Mean_ioU: 0.03305072337388992, Mean_Dice: nan
2023-10-13 23:35:40,558 [trainer.py:142] INFO: Epoch : 288, Train_loss : nan, Mean_ioU: 0.033050402998924255, Mean_Dice: nan
2023-10-13 23:36:39,360 [trainer.py:142] INFO: Epoch : 289, Train_loss : nan, Mean_ioU: 0.0330500565469265, Mean_Dice: nan
2023-10-13 23:37:38,011 [trainer.py:142] INFO: Epoch : 290, Train_loss : nan, Mean_ioU: 0.03305066376924515, Mean_Dice: nan
2023-10-13 23:37:43,362 [trainer.py:190] INFO: Validation: Loss : nan, mIoU : 0.034608736634254456, mDice : nan
2023-10-13 23:38:41,940 [trainer.py:142] INFO: Epoch : 291, Train_loss : nan, Mean_ioU: 0.03304914012551308, Mean_Dice: nan
2023-10-13 23:39:40,610 [trainer.py:142] INFO: Epoch : 292, Train_loss : nan, Mean_ioU: 0.03304949030280113, Mean_Dice: nan
2023-10-13 23:40:39,227 [trainer.py:142] INFO: Epoch : 293, Train_loss : nan, Mean_ioU: 0.03304992988705635, Mean_Dice: nan
2023-10-13 23:41:38,049 [trainer.py:142] INFO: Epoch : 294, Train_loss : nan, Mean_ioU: 0.03305060788989067, Mean_Dice: nan
2023-10-13 23:42:37,094 [trainer.py:142] INFO: Epoch : 295, Train_loss : nan, Mean_ioU: 0.0330490879714489, Mean_Dice: nan
2023-10-13 23:43:35,829 [trainer.py:142] INFO: Epoch : 296, Train_loss : nan, Mean_ioU: 0.033050213009119034, Mean_Dice: nan
2023-10-13 23:44:34,582 [trainer.py:142] INFO: Epoch : 297, Train_loss : nan, Mean_ioU: 0.03305046260356903, Mean_Dice: nan
2023-10-13 23:45:33,380 [trainer.py:142] INFO: Epoch : 298, Train_loss : nan, Mean_ioU: 0.03305009752511978, Mean_Dice: nan
2023-10-13 23:46:31,908 [trainer.py:142] INFO: Epoch : 299, Train_loss : nan, Mean_ioU: 0.03305056691169739, Mean_Dice: nan
2023-10-13 23:47:30,866 [trainer.py:142] INFO: Epoch : 300, Train_loss : nan, Mean_ioU: 0.03305017575621605, Mean_Dice: nan
2023-10-13 23:47:36,201 [trainer.py:190] INFO: Validation: Loss : nan, mIoU : 0.034608736634254456, mDice : nan
2023-10-13 23:47:36,246 [train.py:136] INFO: ==========finish train=========
2023-10-13 23:47:36,250 [train.py:145] INFO: ==========finish work=========
