2023-11-02 10:43:13,682 [train.py:61] INFO: learning rate : 0.001
2023-11-02 10:43:13,683 [train.py:62] INFO: batch size : 4
2023-11-02 10:43:13,683 [train.py:63] INFO: num epoch : 300
2023-11-02 10:43:13,683 [train.py:64] INFO: trainflow: 10
2023-11-02 10:43:13,683 [train.py:85] INFO: ==========Start training=========
2023-11-02 10:43:37,579 [trainer.py:142] INFO: Epoch : 1, Train_loss : 0.1776965856552124, Mean_ioU: 0.5608053803443909, Mean_Dice: 0.7065905928611755
2023-11-02 10:43:59,736 [trainer.py:142] INFO: Epoch : 2, Train_loss : 0.13929115235805511, Mean_ioU: 0.6238876581192017, Mean_Dice: 0.7592505812644958
2023-11-02 10:44:22,905 [trainer.py:142] INFO: Epoch : 3, Train_loss : 0.1267527937889099, Mean_ioU: 0.6480762362480164, Mean_Dice: 0.7775804400444031
2023-11-02 10:44:45,736 [trainer.py:142] INFO: Epoch : 4, Train_loss : 0.11621460318565369, Mean_ioU: 0.6693995594978333, Mean_Dice: 0.7937732338905334
2023-11-02 10:45:08,094 [trainer.py:142] INFO: Epoch : 5, Train_loss : 0.10686658322811127, Mean_ioU: 0.6898570656776428, Mean_Dice: 0.8093552589416504
2023-11-02 10:45:30,326 [trainer.py:142] INFO: Epoch : 6, Train_loss : 0.098540760576725, Mean_ioU: 0.70753014087677, Mean_Dice: 0.8223562836647034
2023-11-02 10:45:52,980 [trainer.py:142] INFO: Epoch : 7, Train_loss : 0.09179163724184036, Mean_ioU: 0.7240691781044006, Mean_Dice: 0.8340840935707092
2023-11-02 10:46:15,402 [trainer.py:142] INFO: Epoch : 8, Train_loss : 0.08363255858421326, Mean_ioU: 0.7420276403427124, Mean_Dice: 0.8472298979759216
2023-11-02 10:46:38,449 [trainer.py:142] INFO: Epoch : 9, Train_loss : 0.07794289290904999, Mean_ioU: 0.7563095688819885, Mean_Dice: 0.8570896983146667
2023-11-02 10:47:00,737 [trainer.py:142] INFO: Epoch : 10, Train_loss : 0.07489030063152313, Mean_ioU: 0.7648992538452148, Mean_Dice: 0.8629574179649353
2023-11-02 10:47:01,854 [trainer.py:190] INFO: Validation: Loss : 0.6880001425743103, mIoU : 0.04700668156147003, mDice : 0.08891791850328445
2023-11-02 10:47:24,680 [trainer.py:142] INFO: Epoch : 11, Train_loss : 0.10318531095981598, Mean_ioU: 0.6985607743263245, Mean_Dice: 0.8151189088821411
2023-11-02 10:47:47,553 [trainer.py:142] INFO: Epoch : 12, Train_loss : 0.0968209058046341, Mean_ioU: 0.7119133472442627, Mean_Dice: 0.8251585960388184
2023-11-02 10:48:10,245 [trainer.py:142] INFO: Epoch : 13, Train_loss : 0.09108582884073257, Mean_ioU: 0.7244510054588318, Mean_Dice: 0.8341357111930847
2023-11-02 10:48:32,769 [trainer.py:142] INFO: Epoch : 14, Train_loss : 0.08865270018577576, Mean_ioU: 0.7320622205734253, Mean_Dice: 0.8395054936408997
2023-11-02 10:48:55,264 [trainer.py:142] INFO: Epoch : 15, Train_loss : 0.08232631534337997, Mean_ioU: 0.7459595799446106, Mean_Dice: 0.8493469953536987
2023-11-02 10:49:17,461 [trainer.py:142] INFO: Epoch : 16, Train_loss : 0.0818653404712677, Mean_ioU: 0.7482203245162964, Mean_Dice: 0.8505454063415527
2023-11-02 10:49:39,918 [trainer.py:142] INFO: Epoch : 17, Train_loss : 0.07629340887069702, Mean_ioU: 0.7600919604301453, Mean_Dice: 0.8592832684516907
2023-11-02 10:50:03,485 [trainer.py:142] INFO: Epoch : 18, Train_loss : 0.07468747347593307, Mean_ioU: 0.7641180753707886, Mean_Dice: 0.8618445992469788
2023-11-02 10:50:26,154 [trainer.py:142] INFO: Epoch : 19, Train_loss : 0.07137300074100494, Mean_ioU: 0.7729665040969849, Mean_Dice: 0.8678602576255798
2023-11-02 10:50:49,483 [trainer.py:142] INFO: Epoch : 20, Train_loss : 0.0683409795165062, Mean_ioU: 0.7812159061431885, Mean_Dice: 0.8733837008476257
2023-11-02 10:50:50,423 [trainer.py:190] INFO: Validation: Loss : 0.6960746049880981, mIoU : 0.04280787706375122, mDice : 0.08140899240970612
2023-11-02 10:51:13,236 [trainer.py:142] INFO: Epoch : 21, Train_loss : 0.06579550355672836, Mean_ioU: 0.788444995880127, Mean_Dice: 0.8780518174171448
2023-11-02 10:51:36,337 [trainer.py:142] INFO: Epoch : 22, Train_loss : 0.06354919075965881, Mean_ioU: 0.794688880443573, Mean_Dice: 0.881925642490387
2023-11-02 10:51:59,116 [trainer.py:142] INFO: Epoch : 23, Train_loss : 0.06188157945871353, Mean_ioU: 0.7995090484619141, Mean_Dice: 0.8849017024040222
2023-11-02 10:52:22,287 [trainer.py:142] INFO: Epoch : 24, Train_loss : 0.059355515986680984, Mean_ioU: 0.807719349861145, Mean_Dice: 0.8901030421257019
2023-11-02 10:52:44,744 [trainer.py:142] INFO: Epoch : 25, Train_loss : 0.05624941363930702, Mean_ioU: 0.815928041934967, Mean_Dice: 0.8953658938407898
2023-11-02 10:53:07,529 [trainer.py:142] INFO: Epoch : 26, Train_loss : 0.0548725351691246, Mean_ioU: 0.819740891456604, Mean_Dice: 0.8975877165794373
2023-11-02 10:53:30,534 [trainer.py:142] INFO: Epoch : 27, Train_loss : 0.05340585112571716, Mean_ioU: 0.8235259652137756, Mean_Dice: 0.9000191688537598
2023-11-02 10:53:53,317 [trainer.py:142] INFO: Epoch : 28, Train_loss : 0.052088189870119095, Mean_ioU: 0.8279803395271301, Mean_Dice: 0.9027973413467407
2023-11-02 10:54:15,594 [trainer.py:142] INFO: Epoch : 29, Train_loss : 0.052082598209381104, Mean_ioU: 0.8287808299064636, Mean_Dice: 0.9033761024475098
2023-11-02 10:54:38,300 [trainer.py:142] INFO: Epoch : 30, Train_loss : 0.05080145224928856, Mean_ioU: 0.8330441117286682, Mean_Dice: 0.9058447480201721
2023-11-02 10:54:39,279 [trainer.py:190] INFO: Validation: Loss : 0.6968271732330322, mIoU : 0.03886846825480461, mDice : 0.07419542968273163
2023-11-02 10:55:01,687 [trainer.py:142] INFO: Epoch : 31, Train_loss : 0.07301173359155655, Mean_ioU: 0.7718209624290466, Mean_Dice: 0.8662498593330383
2023-11-02 10:55:24,755 [trainer.py:142] INFO: Epoch : 32, Train_loss : 0.07196536660194397, Mean_ioU: 0.7736494541168213, Mean_Dice: 0.8677594065666199
2023-11-02 10:55:47,770 [trainer.py:142] INFO: Epoch : 33, Train_loss : 0.06640065461397171, Mean_ioU: 0.7863638997077942, Mean_Dice: 0.876465380191803
2023-11-02 10:56:10,904 [trainer.py:142] INFO: Epoch : 34, Train_loss : 0.06582172214984894, Mean_ioU: 0.7895152568817139, Mean_Dice: 0.8784546852111816
2023-11-02 10:56:33,172 [trainer.py:142] INFO: Epoch : 35, Train_loss : 0.06627758592367172, Mean_ioU: 0.7910258769989014, Mean_Dice: 0.8791950941085815
2023-11-02 10:56:55,703 [trainer.py:142] INFO: Epoch : 36, Train_loss : 0.06363169848918915, Mean_ioU: 0.7965073585510254, Mean_Dice: 0.8828297257423401
2023-11-02 10:57:18,319 [trainer.py:142] INFO: Epoch : 37, Train_loss : 0.06397738307714462, Mean_ioU: 0.7941655516624451, Mean_Dice: 0.8813167810440063
2023-11-02 10:57:40,609 [trainer.py:142] INFO: Epoch : 38, Train_loss : 0.06074042245745659, Mean_ioU: 0.8044481873512268, Mean_Dice: 0.8877804279327393
2023-11-02 10:58:03,131 [trainer.py:142] INFO: Epoch : 39, Train_loss : 0.058920565992593765, Mean_ioU: 0.8085172772407532, Mean_Dice: 0.8906996846199036
2023-11-02 10:58:25,501 [trainer.py:142] INFO: Epoch : 40, Train_loss : 0.05748765170574188, Mean_ioU: 0.8133639693260193, Mean_Dice: 0.8934749364852905
2023-11-02 10:58:26,448 [trainer.py:190] INFO: Validation: Loss : 0.6937006711959839, mIoU : 0.05622392147779465, mDice : 0.10546530783176422
2023-11-02 10:58:48,871 [trainer.py:142] INFO: Epoch : 41, Train_loss : 0.05618453398346901, Mean_ioU: 0.8168843984603882, Mean_Dice: 0.8956733345985413
2023-11-02 10:59:10,888 [trainer.py:142] INFO: Epoch : 42, Train_loss : 0.05452462658286095, Mean_ioU: 0.819624662399292, Mean_Dice: 0.897426426410675
2023-11-02 10:59:33,694 [trainer.py:142] INFO: Epoch : 43, Train_loss : 0.05598480626940727, Mean_ioU: 0.817932665348053, Mean_Dice: 0.8958629965782166
2023-11-02 10:59:55,931 [trainer.py:142] INFO: Epoch : 44, Train_loss : 0.05279655009508133, Mean_ioU: 0.8256514668464661, Mean_Dice: 0.9011602401733398
2023-11-02 11:00:18,779 [trainer.py:142] INFO: Epoch : 45, Train_loss : 0.05128546431660652, Mean_ioU: 0.8307877779006958, Mean_Dice: 0.904188871383667
2023-11-02 11:00:41,792 [trainer.py:142] INFO: Epoch : 46, Train_loss : 0.05176163837313652, Mean_ioU: 0.8309999704360962, Mean_Dice: 0.9043233394622803
