2023-11-03 14:05:37,357 [semi.py:45] INFO: learning rate : 0.001
2023-11-03 14:05:37,358 [semi.py:46] INFO: batch size : 16
2023-11-03 14:05:37,358 [semi.py:47] INFO: num epoch : 300
2023-11-03 14:05:37,358 [semi.py:48] INFO: trainflow: 5
2023-11-03 14:05:37,358 [semi.py:62] INFO: ==========Start semi training=========
2023-11-03 14:05:39,057 [utils.py:37] INFO: ==> load checkpoint from checkpoint/ckpt_model1_49.pth
2023-11-03 14:05:39,133 [utils.py:37] INFO: ==> load checkpoint from checkpoint/ckpt_model2_39.pth
2023-11-03 14:06:30,688 [trainer.py:313] INFO: Epoch : 1, Train_loss1 : 0.06831243634223938, Train_loss2 : 0.3748391568660736
2023-11-03 14:07:18,969 [trainer.py:313] INFO: Epoch : 2, Train_loss1 : 0.07225717604160309, Train_loss2 : 0.30586159229278564
2023-11-03 14:08:08,084 [trainer.py:313] INFO: Epoch : 3, Train_loss1 : 0.07220574468374252, Train_loss2 : 0.20320218801498413
2023-11-03 14:08:56,845 [trainer.py:313] INFO: Epoch : 4, Train_loss1 : 0.08099090307950974, Train_loss2 : 0.15919002890586853
2023-11-03 14:09:45,236 [trainer.py:313] INFO: Epoch : 5, Train_loss1 : 0.07381211966276169, Train_loss2 : 0.13892720639705658
2023-11-03 14:09:47,082 [trainer.py:388] INFO: Model1 Validation: Loss : 0.09753015637397766, mIoU : 0.7110099196434021, mDice : 0.8240429162979126
2023-11-03 14:09:47,082 [trainer.py:389] INFO: Model2 Validation: Loss : 0.15957146883010864, mIoU : 0.5686309933662415, mDice : 0.7177451848983765
2023-11-03 14:10:36,460 [trainer.py:313] INFO: Epoch : 6, Train_loss1 : 0.08186841011047363, Train_loss2 : 0.13612353801727295
2023-11-03 14:11:25,986 [trainer.py:313] INFO: Epoch : 7, Train_loss1 : 0.07846248149871826, Train_loss2 : 0.14108134806156158
2023-11-03 14:12:15,153 [trainer.py:313] INFO: Epoch : 8, Train_loss1 : 0.08359315991401672, Train_loss2 : 0.14066581428050995
2023-11-03 14:13:05,150 [trainer.py:313] INFO: Epoch : 9, Train_loss1 : 0.08677726238965988, Train_loss2 : 0.1434619426727295
2023-11-03 14:13:55,886 [trainer.py:313] INFO: Epoch : 10, Train_loss1 : 0.08595532178878784, Train_loss2 : 0.14518804848194122
2023-11-03 14:13:57,555 [trainer.py:388] INFO: Model1 Validation: Loss : 0.09370529651641846, mIoU : 0.7208367586135864, mDice : 0.8300153017044067
2023-11-03 14:13:57,555 [trainer.py:389] INFO: Model2 Validation: Loss : 0.15457576513290405, mIoU : 0.5872837901115417, mDice : 0.7330253720283508
2023-11-03 14:13:57,802 [utils.py:24] INFO: Saving ./checkpoint/ckpt_ model1_9 ckp 
2023-11-03 14:13:58,306 [utils.py:24] INFO: Saving ./checkpoint/ckpt_ model2_9 ckp 
2023-11-03 14:14:48,314 [trainer.py:313] INFO: Epoch : 11, Train_loss1 : 0.08766607940196991, Train_loss2 : 0.14835219085216522
2023-11-03 14:15:37,553 [trainer.py:313] INFO: Epoch : 12, Train_loss1 : 0.09017891436815262, Train_loss2 : 0.14905710518360138
2023-11-03 14:16:27,935 [trainer.py:313] INFO: Epoch : 13, Train_loss1 : 0.0919937863945961, Train_loss2 : 0.15586695075035095
2023-11-03 14:17:17,306 [trainer.py:313] INFO: Epoch : 14, Train_loss1 : 0.09508083760738373, Train_loss2 : 0.1556256115436554
2023-11-03 14:18:07,621 [trainer.py:313] INFO: Epoch : 15, Train_loss1 : 0.09630970656871796, Train_loss2 : 0.1588670015335083
2023-11-03 14:18:09,090 [trainer.py:388] INFO: Model1 Validation: Loss : 0.09188850224018097, mIoU : 0.7276400327682495, mDice : 0.8347155451774597
2023-11-03 14:18:09,090 [trainer.py:389] INFO: Model2 Validation: Loss : 0.15759755671024323, mIoU : 0.5811397433280945, mDice : 0.726589560508728
2023-11-03 14:18:09,346 [utils.py:24] INFO: Saving ./checkpoint/ckpt_ model1_14 ckp 
2023-11-03 14:18:58,737 [trainer.py:313] INFO: Epoch : 16, Train_loss1 : 0.09935622662305832, Train_loss2 : 0.16129891574382782
2023-11-03 14:19:46,986 [trainer.py:313] INFO: Epoch : 17, Train_loss1 : 0.10262970626354218, Train_loss2 : 0.16355130076408386
2023-11-03 14:20:35,754 [trainer.py:313] INFO: Epoch : 18, Train_loss1 : 0.10516805201768875, Train_loss2 : 0.1683761030435562
2023-11-03 14:21:25,934 [trainer.py:313] INFO: Epoch : 19, Train_loss1 : 0.10628185421228409, Train_loss2 : 0.1705731451511383
2023-11-03 14:22:15,437 [trainer.py:313] INFO: Epoch : 20, Train_loss1 : 0.10987306386232376, Train_loss2 : 0.1722404807806015
2023-11-03 14:22:17,029 [trainer.py:388] INFO: Model1 Validation: Loss : 0.11394354701042175, mIoU : 0.7157649397850037, mDice : 0.8248832821846008
2023-11-03 14:22:17,030 [trainer.py:389] INFO: Model2 Validation: Loss : 0.14810045063495636, mIoU : 0.5946334004402161, mDice : 0.7388720512390137
2023-11-03 14:22:17,642 [utils.py:24] INFO: Saving ./checkpoint/ckpt_ model2_19 ckp 
2023-11-03 14:23:06,541 [trainer.py:313] INFO: Epoch : 21, Train_loss1 : 0.11235270649194717, Train_loss2 : 0.1764317750930786
2023-11-03 14:23:55,507 [trainer.py:313] INFO: Epoch : 22, Train_loss1 : 0.11849004030227661, Train_loss2 : 0.17837949097156525
2023-11-03 14:24:44,215 [trainer.py:313] INFO: Epoch : 23, Train_loss1 : 0.11914216727018356, Train_loss2 : 0.18044646084308624
2023-11-03 14:25:32,684 [trainer.py:313] INFO: Epoch : 24, Train_loss1 : 0.12155172973871231, Train_loss2 : 0.18526004254817963
2023-11-03 14:26:22,225 [trainer.py:313] INFO: Epoch : 25, Train_loss1 : 0.12351859360933304, Train_loss2 : 0.18811017274856567
2023-11-03 14:26:23,842 [trainer.py:388] INFO: Model1 Validation: Loss : 0.09080640971660614, mIoU : 0.7339506149291992, mDice : 0.8388534188270569
2023-11-03 14:26:23,842 [trainer.py:389] INFO: Model2 Validation: Loss : 0.14691829681396484, mIoU : 0.6006478667259216, mDice : 0.7434026002883911
2023-11-03 14:26:24,083 [utils.py:24] INFO: Saving ./checkpoint/ckpt_ model1_24 ckp 
2023-11-03 14:26:24,523 [utils.py:24] INFO: Saving ./checkpoint/ckpt_ model2_24 ckp 
2023-11-03 14:27:14,280 [trainer.py:313] INFO: Epoch : 26, Train_loss1 : 0.12462388724088669, Train_loss2 : 0.18923141062259674
2023-11-03 14:28:02,796 [trainer.py:313] INFO: Epoch : 27, Train_loss1 : 0.12854090332984924, Train_loss2 : 0.1927480697631836
2023-11-03 14:28:52,239 [trainer.py:313] INFO: Epoch : 28, Train_loss1 : 0.13074997067451477, Train_loss2 : 0.19475486874580383
2023-11-03 14:29:41,779 [trainer.py:313] INFO: Epoch : 29, Train_loss1 : 0.1342822015285492, Train_loss2 : 0.19736319780349731
2023-11-03 14:30:30,540 [trainer.py:313] INFO: Epoch : 30, Train_loss1 : 0.1366189867258072, Train_loss2 : 0.2011483609676361
2023-11-03 14:30:32,041 [trainer.py:388] INFO: Model1 Validation: Loss : 0.08876419067382812, mIoU : 0.7399933934211731, mDice : 0.8431405425071716
2023-11-03 14:30:32,041 [trainer.py:389] INFO: Model2 Validation: Loss : 0.1538640558719635, mIoU : 0.5808292031288147, mDice : 0.7272489666938782
2023-11-03 14:30:32,293 [utils.py:24] INFO: Saving ./checkpoint/ckpt_ model1_29 ckp 
2023-11-03 14:31:20,911 [trainer.py:313] INFO: Epoch : 31, Train_loss1 : 0.13565930724143982, Train_loss2 : 0.19973184168338776
2023-11-03 14:32:10,515 [trainer.py:313] INFO: Epoch : 32, Train_loss1 : 0.1380365639925003, Train_loss2 : 0.20140856504440308
2023-11-03 14:33:00,360 [trainer.py:313] INFO: Epoch : 33, Train_loss1 : 0.1414247751235962, Train_loss2 : 0.20423392951488495
2023-11-03 14:33:50,741 [trainer.py:313] INFO: Epoch : 34, Train_loss1 : 0.14394713938236237, Train_loss2 : 0.20756486058235168
2023-11-03 14:34:40,537 [trainer.py:313] INFO: Epoch : 35, Train_loss1 : 0.14651499688625336, Train_loss2 : 0.21007338166236877
2023-11-03 14:34:42,171 [trainer.py:388] INFO: Model1 Validation: Loss : 0.08780787885189056, mIoU : 0.7429695725440979, mDice : 0.8445871472358704
2023-11-03 14:34:42,171 [trainer.py:389] INFO: Model2 Validation: Loss : 0.13747449219226837, mIoU : 0.6167489290237427, mDice : 0.7558420896530151
2023-11-03 14:34:42,426 [utils.py:24] INFO: Saving ./checkpoint/ckpt_ model1_34 ckp 
2023-11-03 14:34:42,881 [utils.py:24] INFO: Saving ./checkpoint/ckpt_ model2_34 ckp 
2023-11-03 14:35:31,729 [trainer.py:313] INFO: Epoch : 36, Train_loss1 : 0.15079881250858307, Train_loss2 : 0.21322745084762573
2023-11-03 14:36:20,361 [trainer.py:313] INFO: Epoch : 37, Train_loss1 : 0.15295280516147614, Train_loss2 : 0.2165968120098114
2023-11-03 14:37:08,941 [trainer.py:313] INFO: Epoch : 38, Train_loss1 : 0.15511339902877808, Train_loss2 : 0.21872104704380035
2023-11-03 14:37:57,206 [trainer.py:313] INFO: Epoch : 39, Train_loss1 : 0.1591489166021347, Train_loss2 : 0.2227964550256729
2023-11-03 14:38:46,475 [trainer.py:313] INFO: Epoch : 40, Train_loss1 : 0.16250872611999512, Train_loss2 : 0.22612737119197845
2023-11-03 14:38:47,990 [trainer.py:388] INFO: Model1 Validation: Loss : 0.08794362097978592, mIoU : 0.7413472533226013, mDice : 0.8432080745697021
2023-11-03 14:38:47,990 [trainer.py:389] INFO: Model2 Validation: Loss : 0.13633526861667633, mIoU : 0.6188737750053406, mDice : 0.7574167847633362
2023-11-03 14:38:48,549 [utils.py:24] INFO: Saving ./checkpoint/ckpt_ model2_39 ckp 
2023-11-03 14:39:37,987 [trainer.py:313] INFO: Epoch : 41, Train_loss1 : 0.1652541309595108, Train_loss2 : 0.22881153225898743
2023-11-03 14:40:27,424 [trainer.py:313] INFO: Epoch : 42, Train_loss1 : 0.16739194095134735, Train_loss2 : 0.23234769701957703
2023-11-03 14:41:17,591 [trainer.py:313] INFO: Epoch : 43, Train_loss1 : 0.17158161103725433, Train_loss2 : 0.23545317351818085
2023-11-03 14:42:07,103 [trainer.py:313] INFO: Epoch : 44, Train_loss1 : 0.17578493058681488, Train_loss2 : 0.23865701258182526
2023-11-03 14:42:55,899 [trainer.py:313] INFO: Epoch : 45, Train_loss1 : 0.1781247854232788, Train_loss2 : 0.2415938526391983
2023-11-03 14:42:57,456 [trainer.py:388] INFO: Model1 Validation: Loss : 0.08724255114793777, mIoU : 0.7461519241333008, mDice : 0.8466706275939941
2023-11-03 14:42:57,456 [trainer.py:389] INFO: Model2 Validation: Loss : 0.13633303344249725, mIoU : 0.6172348260879517, mDice : 0.7560688257217407
2023-11-03 14:42:57,713 [utils.py:24] INFO: Saving ./checkpoint/ckpt_ model1_44 ckp 
2023-11-03 14:42:58,230 [utils.py:24] INFO: Saving ./checkpoint/ckpt_ model2_44 ckp 
2023-11-03 14:43:47,253 [trainer.py:313] INFO: Epoch : 46, Train_loss1 : 0.1813114732503891, Train_loss2 : 0.2447652667760849
2023-11-03 14:44:35,816 [trainer.py:313] INFO: Epoch : 47, Train_loss1 : 0.18401412665843964, Train_loss2 : 0.24836736917495728
2023-11-03 14:45:25,295 [trainer.py:313] INFO: Epoch : 48, Train_loss1 : 0.18653100728988647, Train_loss2 : 0.25072339177131653
2023-11-03 14:46:14,576 [trainer.py:313] INFO: Epoch : 49, Train_loss1 : 0.19003716111183167, Train_loss2 : 0.25451526045799255
2023-11-03 14:47:04,386 [trainer.py:313] INFO: Epoch : 50, Train_loss1 : 0.19272398948669434, Train_loss2 : 0.2569677531719208
2023-11-03 14:47:05,872 [trainer.py:388] INFO: Model1 Validation: Loss : 0.089333675801754, mIoU : 0.7411569356918335, mDice : 0.8430915474891663
2023-11-03 14:47:05,872 [trainer.py:389] INFO: Model2 Validation: Loss : 0.1355987787246704, mIoU : 0.6196273565292358, mDice : 0.757611095905304
2023-11-03 14:47:06,423 [utils.py:24] INFO: Saving ./checkpoint/ckpt_ model2_49 ckp 
2023-11-03 14:47:55,123 [trainer.py:313] INFO: Epoch : 51, Train_loss1 : 0.19621725380420685, Train_loss2 : 0.2604016363620758
2023-11-03 14:48:44,451 [trainer.py:313] INFO: Epoch : 52, Train_loss1 : 0.20035789906978607, Train_loss2 : 0.26314184069633484
2023-11-03 14:49:33,664 [trainer.py:313] INFO: Epoch : 53, Train_loss1 : 0.2026716023683548, Train_loss2 : 0.26707756519317627
2023-11-03 14:50:21,602 [trainer.py:313] INFO: Epoch : 54, Train_loss1 : 0.20632204413414001, Train_loss2 : 0.2702488303184509
2023-11-03 14:51:09,667 [trainer.py:313] INFO: Epoch : 55, Train_loss1 : 0.20952029526233673, Train_loss2 : 0.2730313837528229
2023-11-03 14:51:11,152 [trainer.py:388] INFO: Model1 Validation: Loss : 0.08932092040777206, mIoU : 0.7414243817329407, mDice : 0.8432340025901794
2023-11-03 14:51:11,152 [trainer.py:389] INFO: Model2 Validation: Loss : 0.13538433611392975, mIoU : 0.6182799935340881, mDice : 0.7566806077957153
2023-11-03 14:51:11,756 [utils.py:24] INFO: Saving ./checkpoint/ckpt_ model2_54 ckp 
2023-11-03 14:51:59,913 [trainer.py:313] INFO: Epoch : 56, Train_loss1 : 0.21192266047000885, Train_loss2 : 0.2760303020477295
2023-11-03 14:52:48,329 [trainer.py:313] INFO: Epoch : 57, Train_loss1 : 0.21626177430152893, Train_loss2 : 0.27967938780784607
2023-11-03 14:53:36,984 [trainer.py:313] INFO: Epoch : 58, Train_loss1 : 0.21850425004959106, Train_loss2 : 0.28245124220848083
2023-11-03 14:54:25,194 [trainer.py:313] INFO: Epoch : 59, Train_loss1 : 0.2224123328924179, Train_loss2 : 0.28527161478996277
2023-11-03 14:55:13,411 [trainer.py:313] INFO: Epoch : 60, Train_loss1 : 0.22539424896240234, Train_loss2 : 0.28824448585510254
2023-11-03 14:55:14,883 [trainer.py:388] INFO: Model1 Validation: Loss : 0.09059345722198486, mIoU : 0.7408140897750854, mDice : 0.8424893021583557
2023-11-03 14:55:14,883 [trainer.py:389] INFO: Model2 Validation: Loss : 0.1350628286600113, mIoU : 0.620867908000946, mDice : 0.7585532665252686
2023-11-03 14:55:15,481 [utils.py:24] INFO: Saving ./checkpoint/ckpt_ model2_59 ckp 
2023-11-03 14:56:03,846 [trainer.py:313] INFO: Epoch : 61, Train_loss1 : 0.22785533964633942, Train_loss2 : 0.29144254326820374
2023-11-03 14:56:53,144 [trainer.py:313] INFO: Epoch : 62, Train_loss1 : 0.23118627071380615, Train_loss2 : 0.2942037284374237
2023-11-03 14:57:41,855 [trainer.py:313] INFO: Epoch : 63, Train_loss1 : 0.23463238775730133, Train_loss2 : 0.29724839329719543
2023-11-03 14:58:31,271 [trainer.py:313] INFO: Epoch : 64, Train_loss1 : 0.23827333748340607, Train_loss2 : 0.3011459708213806
2023-11-03 14:59:19,612 [trainer.py:313] INFO: Epoch : 65, Train_loss1 : 0.2411566972732544, Train_loss2 : 0.30410245060920715
2023-11-03 14:59:21,070 [trainer.py:388] INFO: Model1 Validation: Loss : 0.09014979749917984, mIoU : 0.7403050065040588, mDice : 0.8420001268386841
2023-11-03 14:59:21,070 [trainer.py:389] INFO: Model2 Validation: Loss : 0.13400809466838837, mIoU : 0.6223830580711365, mDice : 0.7594841122627258
2023-11-03 14:59:21,615 [utils.py:24] INFO: Saving ./checkpoint/ckpt_ model2_64 ckp 
2023-11-03 15:00:10,424 [trainer.py:313] INFO: Epoch : 66, Train_loss1 : 0.24474173784255981, Train_loss2 : 0.30673402547836304
2023-11-03 15:00:59,069 [trainer.py:313] INFO: Epoch : 67, Train_loss1 : 0.247018963098526, Train_loss2 : 0.3101179301738739
2023-11-03 15:01:48,581 [trainer.py:313] INFO: Epoch : 68, Train_loss1 : 0.25089579820632935, Train_loss2 : 0.31313228607177734
2023-11-03 15:02:38,446 [trainer.py:313] INFO: Epoch : 69, Train_loss1 : 0.2546914219856262, Train_loss2 : 0.31772807240486145
2023-11-03 15:03:27,656 [trainer.py:313] INFO: Epoch : 70, Train_loss1 : 0.2578403949737549, Train_loss2 : 0.3204718232154846
2023-11-03 15:03:29,218 [trainer.py:388] INFO: Model1 Validation: Loss : 0.08938683569431305, mIoU : 0.7426300644874573, mDice : 0.8437811732292175
2023-11-03 15:03:29,219 [trainer.py:389] INFO: Model2 Validation: Loss : 0.1341807097196579, mIoU : 0.6221021413803101, mDice : 0.7592453956604004
2023-11-03 15:04:18,708 [trainer.py:313] INFO: Epoch : 71, Train_loss1 : 0.260633260011673, Train_loss2 : 0.3227149248123169
2023-11-03 15:05:07,875 [trainer.py:313] INFO: Epoch : 72, Train_loss1 : 0.26491186022758484, Train_loss2 : 0.32652202248573303
2023-11-03 15:05:55,736 [trainer.py:313] INFO: Epoch : 73, Train_loss1 : 0.26768994331359863, Train_loss2 : 0.33038389682769775
2023-11-03 15:06:44,121 [trainer.py:313] INFO: Epoch : 74, Train_loss1 : 0.271109014749527, Train_loss2 : 0.3339463472366333
2023-11-03 15:07:32,998 [trainer.py:313] INFO: Epoch : 75, Train_loss1 : 0.27385610342025757, Train_loss2 : 0.3367904722690582
2023-11-03 15:07:34,550 [trainer.py:388] INFO: Model1 Validation: Loss : 0.09027823060750961, mIoU : 0.7400591373443604, mDice : 0.8419770002365112
2023-11-03 15:07:34,551 [trainer.py:389] INFO: Model2 Validation: Loss : 0.1339225322008133, mIoU : 0.6223772168159485, mDice : 0.7595036029815674
2023-11-03 15:07:35,154 [utils.py:24] INFO: Saving ./checkpoint/ckpt_ model2_74 ckp 
2023-11-03 15:08:23,926 [trainer.py:313] INFO: Epoch : 76, Train_loss1 : 0.27748650312423706, Train_loss2 : 0.3403558135032654
2023-11-03 15:09:12,781 [trainer.py:313] INFO: Epoch : 77, Train_loss1 : 0.28075453639030457, Train_loss2 : 0.343272864818573
2023-11-03 15:10:01,330 [trainer.py:313] INFO: Epoch : 78, Train_loss1 : 0.28421473503112793, Train_loss2 : 0.3461788296699524
2023-11-03 15:10:50,137 [trainer.py:313] INFO: Epoch : 79, Train_loss1 : 0.2878040373325348, Train_loss2 : 0.34979838132858276
2023-11-03 15:11:38,883 [trainer.py:313] INFO: Epoch : 80, Train_loss1 : 0.2916705012321472, Train_loss2 : 0.3534420132637024
2023-11-03 15:11:40,398 [trainer.py:388] INFO: Model1 Validation: Loss : 0.08988232165575027, mIoU : 0.7408908009529114, mDice : 0.8427618741989136
2023-11-03 15:11:40,398 [trainer.py:389] INFO: Model2 Validation: Loss : 0.13403022289276123, mIoU : 0.6225705146789551, mDice : 0.7596514225006104
2023-11-03 15:12:29,853 [trainer.py:313] INFO: Epoch : 81, Train_loss1 : 0.2940003573894501, Train_loss2 : 0.3564631938934326
2023-11-03 15:13:19,434 [trainer.py:313] INFO: Epoch : 82, Train_loss1 : 0.2970452904701233, Train_loss2 : 0.3603146970272064
2023-11-03 15:14:07,683 [trainer.py:313] INFO: Epoch : 83, Train_loss1 : 0.301326185464859, Train_loss2 : 0.36266791820526123
2023-11-03 15:14:56,222 [trainer.py:313] INFO: Epoch : 84, Train_loss1 : 0.30302080512046814, Train_loss2 : 0.36624523997306824
2023-11-03 15:15:44,802 [trainer.py:313] INFO: Epoch : 85, Train_loss1 : 0.3079475462436676, Train_loss2 : 0.3698836863040924
2023-11-03 15:15:46,288 [trainer.py:388] INFO: Model1 Validation: Loss : 0.0898851826786995, mIoU : 0.7409217953681946, mDice : 0.8425552248954773
2023-11-03 15:15:46,288 [trainer.py:389] INFO: Model2 Validation: Loss : 0.1340203434228897, mIoU : 0.6220048069953918, mDice : 0.7594282031059265
2023-11-03 15:16:35,431 [trainer.py:313] INFO: Epoch : 86, Train_loss1 : 0.3110194206237793, Train_loss2 : 0.37259313464164734
2023-11-03 15:17:24,188 [trainer.py:313] INFO: Epoch : 87, Train_loss1 : 0.3141036927700043, Train_loss2 : 0.37737563252449036
2023-11-03 15:18:12,977 [trainer.py:313] INFO: Epoch : 88, Train_loss1 : 0.31789493560791016, Train_loss2 : 0.37974515557289124
2023-11-03 15:19:03,160 [trainer.py:313] INFO: Epoch : 89, Train_loss1 : 0.32169806957244873, Train_loss2 : 0.3830591142177582
2023-11-03 15:19:53,067 [trainer.py:313] INFO: Epoch : 90, Train_loss1 : 0.3243134915828705, Train_loss2 : 0.3863812983036041
2023-11-03 15:19:54,667 [trainer.py:388] INFO: Model1 Validation: Loss : 0.08976830542087555, mIoU : 0.7414892315864563, mDice : 0.8430092930793762
2023-11-03 15:19:54,667 [trainer.py:389] INFO: Model2 Validation: Loss : 0.13418811559677124, mIoU : 0.6221617460250854, mDice : 0.7591415643692017
2023-11-03 15:20:44,091 [trainer.py:313] INFO: Epoch : 91, Train_loss1 : 0.32744285464286804, Train_loss2 : 0.38933178782463074
2023-11-03 15:21:34,533 [trainer.py:313] INFO: Epoch : 92, Train_loss1 : 0.3311612606048584, Train_loss2 : 0.39250272512435913
2023-11-03 15:22:24,997 [trainer.py:313] INFO: Epoch : 93, Train_loss1 : 0.33364078402519226, Train_loss2 : 0.39617490768432617
2023-11-03 15:23:15,433 [trainer.py:313] INFO: Epoch : 94, Train_loss1 : 0.33711132407188416, Train_loss2 : 0.39947837591171265
2023-11-03 15:24:05,863 [trainer.py:313] INFO: Epoch : 95, Train_loss1 : 0.34076035022735596, Train_loss2 : 0.40258029103279114
2023-11-03 15:24:07,505 [trainer.py:388] INFO: Model1 Validation: Loss : 0.0896921381354332, mIoU : 0.7420548796653748, mDice : 0.843454122543335
2023-11-03 15:24:07,506 [trainer.py:389] INFO: Model2 Validation: Loss : 0.13386888802051544, mIoU : 0.6227031946182251, mDice : 0.7596697211265564
2023-11-03 15:24:08,101 [utils.py:24] INFO: Saving ./checkpoint/ckpt_ model2_94 ckp 
2023-11-03 15:24:58,735 [trainer.py:313] INFO: Epoch : 96, Train_loss1 : 0.34351494908332825, Train_loss2 : 0.40614163875579834
2023-11-03 15:25:48,907 [trainer.py:313] INFO: Epoch : 97, Train_loss1 : 0.3475321829319, Train_loss2 : 0.40970519185066223
2023-11-03 15:26:39,947 [trainer.py:313] INFO: Epoch : 98, Train_loss1 : 0.35061779618263245, Train_loss2 : 0.4121018946170807
2023-11-03 15:27:30,280 [trainer.py:313] INFO: Epoch : 99, Train_loss1 : 0.3545113801956177, Train_loss2 : 0.41607171297073364
2023-11-03 15:28:21,070 [trainer.py:313] INFO: Epoch : 100, Train_loss1 : 0.35684314370155334, Train_loss2 : 0.41944971680641174
2023-11-03 15:28:22,655 [trainer.py:388] INFO: Model1 Validation: Loss : 0.08955937623977661, mIoU : 0.7420658469200134, mDice : 0.843444287776947
2023-11-03 15:28:22,656 [trainer.py:389] INFO: Model2 Validation: Loss : 0.13378356397151947, mIoU : 0.6229377388954163, mDice : 0.7598901391029358
2023-11-03 15:28:23,280 [utils.py:24] INFO: Saving ./checkpoint/ckpt_ model2_99 ckp 
2023-11-03 15:29:13,674 [trainer.py:313] INFO: Epoch : 101, Train_loss1 : 0.3600943684577942, Train_loss2 : 0.42303428053855896
2023-11-03 15:30:04,078 [trainer.py:313] INFO: Epoch : 102, Train_loss1 : 0.3644416630268097, Train_loss2 : 0.4257160425186157
2023-11-03 15:30:54,159 [trainer.py:313] INFO: Epoch : 103, Train_loss1 : 0.36777088046073914, Train_loss2 : 0.42906123399734497
2023-11-03 15:31:43,763 [trainer.py:313] INFO: Epoch : 104, Train_loss1 : 0.3715737462043762, Train_loss2 : 0.4329696297645569
2023-11-03 15:32:33,975 [trainer.py:313] INFO: Epoch : 105, Train_loss1 : 0.37419116497039795, Train_loss2 : 0.4370930790901184
2023-11-03 15:32:35,507 [trainer.py:388] INFO: Model1 Validation: Loss : 0.08985073119401932, mIoU : 0.7412999868392944, mDice : 0.8427808284759521
2023-11-03 15:32:35,508 [trainer.py:389] INFO: Model2 Validation: Loss : 0.13379395008087158, mIoU : 0.6229264736175537, mDice : 0.7599114179611206
2023-11-03 15:33:25,580 [trainer.py:313] INFO: Epoch : 106, Train_loss1 : 0.3773386776447296, Train_loss2 : 0.4397096335887909
2023-11-03 15:34:15,603 [trainer.py:313] INFO: Epoch : 107, Train_loss1 : 0.3814045190811157, Train_loss2 : 0.4430546760559082
2023-11-03 15:35:06,051 [trainer.py:313] INFO: Epoch : 108, Train_loss1 : 0.3841615617275238, Train_loss2 : 0.44622060656547546
2023-11-03 15:35:56,139 [trainer.py:313] INFO: Epoch : 109, Train_loss1 : 0.38766995072364807, Train_loss2 : 0.4501401484012604
2023-11-03 15:36:45,937 [trainer.py:313] INFO: Epoch : 110, Train_loss1 : 0.39034774899482727, Train_loss2 : 0.45293623208999634
2023-11-03 15:36:47,548 [trainer.py:388] INFO: Model1 Validation: Loss : 0.08980294317007065, mIoU : 0.7417839765548706, mDice : 0.8432328104972839
2023-11-03 15:36:47,549 [trainer.py:389] INFO: Model2 Validation: Loss : 0.13373690843582153, mIoU : 0.6231357455253601, mDice : 0.7600516676902771
2023-11-03 15:36:48,148 [utils.py:24] INFO: Saving ./checkpoint/ckpt_ model2_109 ckp 
2023-11-03 15:37:38,425 [trainer.py:313] INFO: Epoch : 111, Train_loss1 : 0.3941804766654968, Train_loss2 : 0.4555615782737732
2023-11-03 15:38:28,600 [trainer.py:313] INFO: Epoch : 112, Train_loss1 : 0.39792487025260925, Train_loss2 : 0.4597967863082886
2023-11-03 15:39:18,323 [trainer.py:313] INFO: Epoch : 113, Train_loss1 : 0.40100717544555664, Train_loss2 : 0.4628318250179291
2023-11-03 15:40:08,376 [trainer.py:313] INFO: Epoch : 114, Train_loss1 : 0.4046405553817749, Train_loss2 : 0.46586987376213074
2023-11-03 15:40:58,505 [trainer.py:313] INFO: Epoch : 115, Train_loss1 : 0.4075123071670532, Train_loss2 : 0.4695053696632385
2023-11-03 15:41:00,134 [trainer.py:388] INFO: Model1 Validation: Loss : 0.08991998434066772, mIoU : 0.7411466240882874, mDice : 0.8427952527999878
2023-11-03 15:41:00,134 [trainer.py:389] INFO: Model2 Validation: Loss : 0.13373249769210815, mIoU : 0.6229760050773621, mDice : 0.759955883026123
2023-11-03 15:41:00,705 [utils.py:24] INFO: Saving ./checkpoint/ckpt_ model2_114 ckp 
2023-11-03 15:41:51,007 [trainer.py:313] INFO: Epoch : 116, Train_loss1 : 0.410893976688385, Train_loss2 : 0.47300073504447937
2023-11-03 15:42:41,412 [trainer.py:313] INFO: Epoch : 117, Train_loss1 : 0.4147476255893707, Train_loss2 : 0.4759574830532074
2023-11-03 15:43:34,933 [trainer.py:313] INFO: Epoch : 118, Train_loss1 : 0.4175950884819031, Train_loss2 : 0.47970640659332275
2023-11-03 15:44:54,242 [trainer.py:313] INFO: Epoch : 119, Train_loss1 : 0.41977810859680176, Train_loss2 : 0.4828461706638336
2023-11-03 15:46:12,986 [trainer.py:313] INFO: Epoch : 120, Train_loss1 : 0.4239402711391449, Train_loss2 : 0.48593881726264954
2023-11-03 15:46:15,319 [trainer.py:388] INFO: Model1 Validation: Loss : 0.08967412263154984, mIoU : 0.7418901920318604, mDice : 0.8434044122695923
2023-11-03 15:46:15,319 [trainer.py:389] INFO: Model2 Validation: Loss : 0.13375946879386902, mIoU : 0.6229608058929443, mDice : 0.7599107623100281
