2023-11-04 05:58:47,926 [train.py:61] INFO: learning rate : 0.001
2023-11-04 05:58:47,926 [train.py:62] INFO: batch size : 4
2023-11-04 05:58:47,926 [train.py:63] INFO: num epoch : 300
2023-11-04 05:58:47,926 [train.py:64] INFO: trainflow: 10
2023-11-04 05:58:47,926 [train.py:84] INFO: ==========Start training=========
2023-11-04 05:59:53,766 [trainer.py:163] INFO: Epoch : 1, Train_loss : 0.5060034990310669, Mean_ioU: 0.035639602690935135, Mean_Dice: 0.06669852882623672
2023-11-04 06:00:58,880 [trainer.py:163] INFO: Epoch : 2, Train_loss : 0.4780395030975342, Mean_ioU: 0.08296258747577667, Mean_Dice: 0.14404639601707458
2023-11-04 06:02:03,574 [trainer.py:163] INFO: Epoch : 3, Train_loss : 0.36780187487602234, Mean_ioU: 0.24854286015033722, Mean_Dice: 0.3742746114730835
2023-11-04 06:03:07,543 [trainer.py:163] INFO: Epoch : 4, Train_loss : 0.24459509551525116, Mean_ioU: 0.41734057664871216, Mean_Dice: 0.5769847631454468
2023-11-04 06:04:11,058 [trainer.py:163] INFO: Epoch : 5, Train_loss : 0.20214751362800598, Mean_ioU: 0.48910242319107056, Mean_Dice: 0.6449074149131775
2023-11-04 06:05:15,496 [trainer.py:163] INFO: Epoch : 6, Train_loss : 0.17533574998378754, Mean_ioU: 0.5360831022262573, Mean_Dice: 0.6864541172981262
2023-11-04 06:06:19,932 [trainer.py:163] INFO: Epoch : 7, Train_loss : 0.17117437720298767, Mean_ioU: 0.5465461015701294, Mean_Dice: 0.6957390308380127
2023-11-04 06:07:25,098 [trainer.py:163] INFO: Epoch : 8, Train_loss : 0.16821183264255524, Mean_ioU: 0.5518044829368591, Mean_Dice: 0.7000465393066406
2023-11-04 06:08:30,112 [trainer.py:163] INFO: Epoch : 9, Train_loss : 0.16686131060123444, Mean_ioU: 0.5538236498832703, Mean_Dice: 0.7021968960762024
2023-11-04 06:09:31,768 [trainer.py:163] INFO: Epoch : 10, Train_loss : 0.16407674551010132, Mean_ioU: 0.5583202242851257, Mean_Dice: 0.70606529712677
2023-11-04 06:09:33,635 [trainer.py:211] INFO: Validation: Loss : 0.1521916389465332, mIoU : 0.581585168838501, mDice : 0.728090226650238
2023-11-04 06:10:36,816 [trainer.py:163] INFO: Epoch : 11, Train_loss : 0.16209879517555237, Mean_ioU: 0.5631732940673828, Mean_Dice: 0.7106642723083496
2023-11-04 06:11:41,076 [trainer.py:163] INFO: Epoch : 12, Train_loss : 0.16039061546325684, Mean_ioU: 0.5656198263168335, Mean_Dice: 0.7124459743499756
2023-11-04 06:12:45,954 [trainer.py:163] INFO: Epoch : 13, Train_loss : 0.16076432168483734, Mean_ioU: 0.5663260221481323, Mean_Dice: 0.7125867605209351
2023-11-04 06:13:49,998 [trainer.py:163] INFO: Epoch : 14, Train_loss : 0.15813978016376495, Mean_ioU: 0.5715665817260742, Mean_Dice: 0.7177304029464722
2023-11-04 06:14:52,487 [trainer.py:163] INFO: Epoch : 15, Train_loss : 0.15720824897289276, Mean_ioU: 0.5724542140960693, Mean_Dice: 0.719026505947113
2023-11-04 06:15:56,794 [trainer.py:163] INFO: Epoch : 16, Train_loss : 0.15783557295799255, Mean_ioU: 0.5708776116371155, Mean_Dice: 0.7168678045272827
2023-11-04 06:17:03,453 [trainer.py:163] INFO: Epoch : 17, Train_loss : 0.1552012860774994, Mean_ioU: 0.577174961566925, Mean_Dice: 0.7221768498420715
2023-11-04 06:18:06,571 [trainer.py:163] INFO: Epoch : 18, Train_loss : 0.1562769114971161, Mean_ioU: 0.5744606256484985, Mean_Dice: 0.7198397517204285
2023-11-04 06:19:12,891 [trainer.py:163] INFO: Epoch : 19, Train_loss : 0.15459586679935455, Mean_ioU: 0.5786867737770081, Mean_Dice: 0.7236225605010986
2023-11-04 06:20:15,551 [trainer.py:163] INFO: Epoch : 20, Train_loss : 0.1529320776462555, Mean_ioU: 0.5816142559051514, Mean_Dice: 0.7260380387306213
2023-11-04 06:20:17,437 [trainer.py:211] INFO: Validation: Loss : 0.14630122482776642, mIoU : 0.5950080156326294, mDice : 0.7392275929450989
2023-11-04 06:20:17,839 [utils.py:24] INFO: Saving ./checkpoint/ckpt_ model_19 ckp 
2023-11-04 06:21:22,616 [trainer.py:163] INFO: Epoch : 21, Train_loss : 0.15198776125907898, Mean_ioU: 0.5839726328849792, Mean_Dice: 0.7284185886383057
2023-11-04 06:22:26,640 [trainer.py:163] INFO: Epoch : 22, Train_loss : 0.15082859992980957, Mean_ioU: 0.5859788060188293, Mean_Dice: 0.7300453186035156
2023-11-04 06:23:30,019 [trainer.py:163] INFO: Epoch : 23, Train_loss : 0.15056061744689941, Mean_ioU: 0.5855837464332581, Mean_Dice: 0.729319155216217
2023-11-04 06:24:35,283 [trainer.py:163] INFO: Epoch : 24, Train_loss : 0.15055611729621887, Mean_ioU: 0.5866906642913818, Mean_Dice: 0.7305546998977661
2023-11-04 06:25:38,863 [trainer.py:163] INFO: Epoch : 25, Train_loss : 0.14939671754837036, Mean_ioU: 0.588874876499176, Mean_Dice: 0.7325330376625061
2023-11-04 06:26:42,701 [trainer.py:163] INFO: Epoch : 26, Train_loss : 0.14844924211502075, Mean_ioU: 0.5899004340171814, Mean_Dice: 0.7332295775413513
2023-11-04 06:27:48,930 [trainer.py:163] INFO: Epoch : 27, Train_loss : 0.14787901937961578, Mean_ioU: 0.5916606783866882, Mean_Dice: 0.7346546649932861
2023-11-04 06:28:53,891 [trainer.py:163] INFO: Epoch : 28, Train_loss : 0.14674119651317596, Mean_ioU: 0.5932472348213196, Mean_Dice: 0.7360540628433228
2023-11-04 06:29:59,116 [trainer.py:163] INFO: Epoch : 29, Train_loss : 0.14652356505393982, Mean_ioU: 0.5935635566711426, Mean_Dice: 0.7366060614585876
2023-11-04 06:31:02,696 [trainer.py:163] INFO: Epoch : 30, Train_loss : 0.14635290205478668, Mean_ioU: 0.5943104028701782, Mean_Dice: 0.7369187474250793
2023-11-04 06:31:04,534 [trainer.py:211] INFO: Validation: Loss : 0.14396637678146362, mIoU : 0.6014309525489807, mDice : 0.7441030740737915
2023-11-04 06:31:04,912 [utils.py:24] INFO: Saving ./checkpoint/ckpt_ model_29 ckp 
2023-11-04 06:32:10,034 [trainer.py:163] INFO: Epoch : 31, Train_loss : 0.14744141697883606, Mean_ioU: 0.5914766788482666, Mean_Dice: 0.7342084646224976
2023-11-04 06:33:14,090 [trainer.py:163] INFO: Epoch : 32, Train_loss : 0.14557954668998718, Mean_ioU: 0.5953901410102844, Mean_Dice: 0.7378274202346802
2023-11-04 06:34:17,821 [trainer.py:163] INFO: Epoch : 33, Train_loss : 0.14602625370025635, Mean_ioU: 0.5937737822532654, Mean_Dice: 0.7365038394927979
2023-11-04 06:35:21,317 [trainer.py:163] INFO: Epoch : 34, Train_loss : 0.14613398909568787, Mean_ioU: 0.5944246053695679, Mean_Dice: 0.7369688749313354
2023-11-04 06:36:26,243 [trainer.py:163] INFO: Epoch : 35, Train_loss : 0.14559395611286163, Mean_ioU: 0.595413088798523, Mean_Dice: 0.7377207279205322
2023-11-04 06:37:31,065 [trainer.py:163] INFO: Epoch : 36, Train_loss : 0.1452709436416626, Mean_ioU: 0.5952810049057007, Mean_Dice: 0.7380994558334351
2023-11-04 06:38:35,096 [trainer.py:163] INFO: Epoch : 37, Train_loss : 0.14462575316429138, Mean_ioU: 0.5964048504829407, Mean_Dice: 0.7388914823532104
2023-11-04 06:39:40,917 [trainer.py:163] INFO: Epoch : 38, Train_loss : 0.14593246579170227, Mean_ioU: 0.5946272611618042, Mean_Dice: 0.7370781898498535
2023-11-04 06:40:48,143 [trainer.py:163] INFO: Epoch : 39, Train_loss : 0.14451466500759125, Mean_ioU: 0.596998929977417, Mean_Dice: 0.7389678359031677
2023-11-04 06:41:52,363 [trainer.py:163] INFO: Epoch : 40, Train_loss : 0.14428237080574036, Mean_ioU: 0.5976376533508301, Mean_Dice: 0.7398276925086975
2023-11-04 06:41:54,249 [trainer.py:211] INFO: Validation: Loss : 0.14308705925941467, mIoU : 0.6028214693069458, mDice : 0.74498051404953
2023-11-04 06:41:54,658 [utils.py:24] INFO: Saving ./checkpoint/ckpt_ model_39 ckp 
2023-11-04 06:43:01,002 [trainer.py:163] INFO: Epoch : 41, Train_loss : 0.14475344121456146, Mean_ioU: 0.5973760485649109, Mean_Dice: 0.7395755648612976
2023-11-04 06:44:04,391 [trainer.py:163] INFO: Epoch : 42, Train_loss : 0.14412091672420502, Mean_ioU: 0.5975436568260193, Mean_Dice: 0.7398362755775452
2023-11-04 06:45:08,829 [trainer.py:163] INFO: Epoch : 43, Train_loss : 0.1430673748254776, Mean_ioU: 0.5993248820304871, Mean_Dice: 0.7413915991783142
2023-11-04 06:46:12,732 [trainer.py:163] INFO: Epoch : 44, Train_loss : 0.14357633888721466, Mean_ioU: 0.5986291170120239, Mean_Dice: 0.7408039569854736
2023-11-04 06:47:19,293 [trainer.py:163] INFO: Epoch : 45, Train_loss : 0.1437617540359497, Mean_ioU: 0.5990853905677795, Mean_Dice: 0.7409862279891968
2023-11-04 06:48:22,582 [trainer.py:163] INFO: Epoch : 46, Train_loss : 0.14423933625221252, Mean_ioU: 0.5978787541389465, Mean_Dice: 0.7402272820472717
2023-11-04 06:49:28,535 [trainer.py:163] INFO: Epoch : 47, Train_loss : 0.1428859531879425, Mean_ioU: 0.5996857285499573, Mean_Dice: 0.7416212558746338
2023-11-04 06:50:32,943 [trainer.py:163] INFO: Epoch : 48, Train_loss : 0.14468000829219818, Mean_ioU: 0.5970727205276489, Mean_Dice: 0.739316999912262
2023-11-04 06:51:36,756 [trainer.py:163] INFO: Epoch : 49, Train_loss : 0.1436978131532669, Mean_ioU: 0.5984128713607788, Mean_Dice: 0.7405728697776794
2023-11-04 06:52:41,428 [trainer.py:163] INFO: Epoch : 50, Train_loss : 0.14208608865737915, Mean_ioU: 0.6009466648101807, Mean_Dice: 0.7427804470062256
2023-11-04 06:52:43,150 [trainer.py:211] INFO: Validation: Loss : 0.1432453989982605, mIoU : 0.6022717356681824, mDice : 0.7443184852600098
2023-11-04 06:53:47,923 [trainer.py:163] INFO: Epoch : 51, Train_loss : 0.1425318419933319, Mean_ioU: 0.6000955104827881, Mean_Dice: 0.7422721982002258
2023-11-04 06:54:51,549 [trainer.py:163] INFO: Epoch : 52, Train_loss : 0.14334547519683838, Mean_ioU: 0.598871648311615, Mean_Dice: 0.7406738996505737
2023-11-04 06:55:53,124 [trainer.py:163] INFO: Epoch : 53, Train_loss : 0.1432945281267166, Mean_ioU: 0.5994601845741272, Mean_Dice: 0.741399347782135
2023-11-04 06:56:56,693 [trainer.py:163] INFO: Epoch : 54, Train_loss : 0.14332883059978485, Mean_ioU: 0.6001511812210083, Mean_Dice: 0.7420760989189148
2023-11-04 06:57:59,786 [trainer.py:163] INFO: Epoch : 55, Train_loss : 0.14259162545204163, Mean_ioU: 0.5999318957328796, Mean_Dice: 0.742108166217804
2023-11-04 06:59:05,151 [trainer.py:163] INFO: Epoch : 56, Train_loss : 0.14295931160449982, Mean_ioU: 0.6000936627388, Mean_Dice: 0.7420831322669983
2023-11-04 07:00:08,959 [trainer.py:163] INFO: Epoch : 57, Train_loss : 0.14264783263206482, Mean_ioU: 0.6003785729408264, Mean_Dice: 0.7424211502075195
2023-11-04 07:01:13,218 [trainer.py:163] INFO: Epoch : 58, Train_loss : 0.14288154244422913, Mean_ioU: 0.5986297130584717, Mean_Dice: 0.7409058213233948
2023-11-04 07:02:19,273 [trainer.py:163] INFO: Epoch : 59, Train_loss : 0.14198341965675354, Mean_ioU: 0.6013688445091248, Mean_Dice: 0.7432140707969666
2023-11-04 07:03:23,577 [trainer.py:163] INFO: Epoch : 60, Train_loss : 0.1430550068616867, Mean_ioU: 0.5995091199874878, Mean_Dice: 0.7414383292198181
2023-11-04 07:03:25,516 [trainer.py:211] INFO: Validation: Loss : 0.14316454529762268, mIoU : 0.602533757686615, mDice : 0.7445055246353149
2023-11-04 07:04:30,494 [trainer.py:163] INFO: Epoch : 61, Train_loss : 0.14267036318778992, Mean_ioU: 0.6012619137763977, Mean_Dice: 0.7430036067962646
2023-11-04 07:05:35,313 [trainer.py:163] INFO: Epoch : 62, Train_loss : 0.14201858639717102, Mean_ioU: 0.6018540859222412, Mean_Dice: 0.7438767552375793
2023-11-04 07:06:38,594 [trainer.py:163] INFO: Epoch : 63, Train_loss : 0.14252397418022156, Mean_ioU: 0.6008216142654419, Mean_Dice: 0.742547869682312
2023-11-04 07:07:43,064 [trainer.py:163] INFO: Epoch : 64, Train_loss : 0.14281661808490753, Mean_ioU: 0.6008325815200806, Mean_Dice: 0.7427228093147278
2023-11-04 07:08:47,100 [trainer.py:163] INFO: Epoch : 65, Train_loss : 0.14269493520259857, Mean_ioU: 0.5997903347015381, Mean_Dice: 0.7418729066848755
2023-11-04 07:09:51,031 [trainer.py:163] INFO: Epoch : 66, Train_loss : 0.1425793170928955, Mean_ioU: 0.5995386242866516, Mean_Dice: 0.7412788271903992
2023-11-04 07:10:55,579 [trainer.py:163] INFO: Epoch : 67, Train_loss : 0.1426561176776886, Mean_ioU: 0.6008716821670532, Mean_Dice: 0.7427764534950256
2023-11-04 07:12:00,311 [trainer.py:163] INFO: Epoch : 68, Train_loss : 0.14314213395118713, Mean_ioU: 0.6001161336898804, Mean_Dice: 0.7419657707214355
2023-11-04 07:13:05,660 [trainer.py:163] INFO: Epoch : 69, Train_loss : 0.14256978034973145, Mean_ioU: 0.6011938452720642, Mean_Dice: 0.7430672645568848
2023-11-04 07:14:09,370 [trainer.py:163] INFO: Epoch : 70, Train_loss : 0.1417887955904007, Mean_ioU: 0.602403461933136, Mean_Dice: 0.7441255450248718
2023-11-04 07:14:11,297 [trainer.py:211] INFO: Validation: Loss : 0.1430165022611618, mIoU : 0.6028590798377991, mDice : 0.7447850704193115
2023-11-04 07:14:11,694 [utils.py:24] INFO: Saving ./checkpoint/ckpt_ model_69 ckp 
2023-11-04 07:15:14,532 [trainer.py:163] INFO: Epoch : 71, Train_loss : 0.1433253288269043, Mean_ioU: 0.5995180606842041, Mean_Dice: 0.7415063381195068
2023-11-04 07:16:17,462 [trainer.py:163] INFO: Epoch : 72, Train_loss : 0.14347712695598602, Mean_ioU: 0.5988867282867432, Mean_Dice: 0.7409369349479675
2023-11-04 07:17:21,299 [trainer.py:163] INFO: Epoch : 73, Train_loss : 0.14260070025920868, Mean_ioU: 0.6011014580726624, Mean_Dice: 0.7430088520050049
2023-11-04 07:18:24,790 [trainer.py:163] INFO: Epoch : 74, Train_loss : 0.14152009785175323, Mean_ioU: 0.6020321846008301, Mean_Dice: 0.7436399459838867
2023-11-04 07:19:27,611 [trainer.py:163] INFO: Epoch : 75, Train_loss : 0.14271892607212067, Mean_ioU: 0.6005783677101135, Mean_Dice: 0.7425965666770935
2023-11-04 07:20:34,861 [trainer.py:163] INFO: Epoch : 76, Train_loss : 0.14183662831783295, Mean_ioU: 0.6032419800758362, Mean_Dice: 0.7447118759155273
2023-11-04 07:21:38,547 [trainer.py:163] INFO: Epoch : 77, Train_loss : 0.14226500689983368, Mean_ioU: 0.6009929180145264, Mean_Dice: 0.7426686882972717
2023-11-04 07:22:42,451 [trainer.py:163] INFO: Epoch : 78, Train_loss : 0.1419159173965454, Mean_ioU: 0.6021906733512878, Mean_Dice: 0.7437735199928284
2023-11-04 07:23:46,190 [trainer.py:163] INFO: Epoch : 79, Train_loss : 0.14252686500549316, Mean_ioU: 0.6010026335716248, Mean_Dice: 0.7425137758255005
2023-11-04 07:24:50,602 [trainer.py:163] INFO: Epoch : 80, Train_loss : 0.14305981993675232, Mean_ioU: 0.6009451150894165, Mean_Dice: 0.7427260875701904
2023-11-04 07:24:52,472 [trainer.py:211] INFO: Validation: Loss : 0.1429859697818756, mIoU : 0.6027370095252991, mDice : 0.7447071075439453
2023-11-04 07:24:52,889 [utils.py:24] INFO: Saving ./checkpoint/ckpt_ model_79 ckp 
2023-11-04 07:25:59,095 [trainer.py:163] INFO: Epoch : 81, Train_loss : 0.14306944608688354, Mean_ioU: 0.6003433465957642, Mean_Dice: 0.7423869371414185
2023-11-04 07:27:02,434 [trainer.py:163] INFO: Epoch : 82, Train_loss : 0.14341017603874207, Mean_ioU: 0.5989284515380859, Mean_Dice: 0.7410722374916077
2023-11-04 07:28:07,140 [trainer.py:163] INFO: Epoch : 83, Train_loss : 0.14200927317142487, Mean_ioU: 0.601764976978302, Mean_Dice: 0.743546187877655
2023-11-04 07:29:09,484 [trainer.py:163] INFO: Epoch : 84, Train_loss : 0.1419554203748703, Mean_ioU: 0.600528359413147, Mean_Dice: 0.742461621761322
2023-11-04 07:30:14,848 [trainer.py:163] INFO: Epoch : 85, Train_loss : 0.14420229196548462, Mean_ioU: 0.5988371968269348, Mean_Dice: 0.7407281398773193
2023-11-04 07:31:18,180 [trainer.py:163] INFO: Epoch : 86, Train_loss : 0.14195798337459564, Mean_ioU: 0.6010587811470032, Mean_Dice: 0.742911159992218
2023-11-04 07:32:21,202 [trainer.py:163] INFO: Epoch : 87, Train_loss : 0.1424846649169922, Mean_ioU: 0.6001082062721252, Mean_Dice: 0.7420752048492432
2023-11-04 07:33:25,469 [trainer.py:163] INFO: Epoch : 88, Train_loss : 0.14231781661510468, Mean_ioU: 0.6019243001937866, Mean_Dice: 0.7435312867164612
2023-11-04 07:34:32,336 [trainer.py:163] INFO: Epoch : 89, Train_loss : 0.14189647138118744, Mean_ioU: 0.6020848155021667, Mean_Dice: 0.7437245845794678
2023-11-04 07:35:36,766 [trainer.py:163] INFO: Epoch : 90, Train_loss : 0.14211086928844452, Mean_ioU: 0.6015744805335999, Mean_Dice: 0.7432852983474731
2023-11-04 07:35:38,676 [trainer.py:211] INFO: Validation: Loss : 0.14296765625476837, mIoU : 0.6028489470481873, mDice : 0.7448033690452576
2023-11-04 07:35:39,089 [utils.py:24] INFO: Saving ./checkpoint/ckpt_ model_89 ckp 
2023-11-04 07:36:43,004 [trainer.py:163] INFO: Epoch : 91, Train_loss : 0.1421300321817398, Mean_ioU: 0.6013827323913574, Mean_Dice: 0.7432320713996887
2023-11-04 07:37:48,029 [trainer.py:163] INFO: Epoch : 92, Train_loss : 0.14233368635177612, Mean_ioU: 0.6009442210197449, Mean_Dice: 0.7429693937301636
2023-11-04 07:38:54,853 [trainer.py:163] INFO: Epoch : 93, Train_loss : 0.14255137741565704, Mean_ioU: 0.5998451113700867, Mean_Dice: 0.7417051196098328
2023-11-04 07:39:58,299 [trainer.py:163] INFO: Epoch : 94, Train_loss : 0.14281627535820007, Mean_ioU: 0.6007444858551025, Mean_Dice: 0.742404043674469
2023-11-04 07:41:02,120 [trainer.py:163] INFO: Epoch : 95, Train_loss : 0.14291948080062866, Mean_ioU: 0.6009812951087952, Mean_Dice: 0.7430210709571838
2023-11-04 07:42:07,482 [trainer.py:163] INFO: Epoch : 96, Train_loss : 0.14240747690200806, Mean_ioU: 0.6019482612609863, Mean_Dice: 0.743602991104126
2023-11-04 07:43:11,679 [trainer.py:163] INFO: Epoch : 97, Train_loss : 0.1427818238735199, Mean_ioU: 0.6001717448234558, Mean_Dice: 0.7422193884849548
2023-11-04 07:44:16,628 [trainer.py:163] INFO: Epoch : 98, Train_loss : 0.14218208193778992, Mean_ioU: 0.6012616753578186, Mean_Dice: 0.7431849837303162
2023-11-04 07:45:21,959 [trainer.py:163] INFO: Epoch : 99, Train_loss : 0.14157673716545105, Mean_ioU: 0.6024244427680969, Mean_Dice: 0.7440600991249084
2023-11-04 07:46:25,919 [trainer.py:163] INFO: Epoch : 100, Train_loss : 0.14271554350852966, Mean_ioU: 0.6008961200714111, Mean_Dice: 0.7428499460220337
2023-11-04 07:46:27,786 [trainer.py:211] INFO: Validation: Loss : 0.1429579257965088, mIoU : 0.6029041409492493, mDice : 0.7448489665985107
2023-11-04 07:46:28,175 [utils.py:24] INFO: Saving ./checkpoint/ckpt_ model_99 ckp 
2023-11-04 07:47:31,473 [trainer.py:163] INFO: Epoch : 101, Train_loss : 0.14328674972057343, Mean_ioU: 0.599261462688446, Mean_Dice: 0.741295337677002
2023-11-04 07:48:34,943 [trainer.py:163] INFO: Epoch : 102, Train_loss : 0.1424538642168045, Mean_ioU: 0.6015385985374451, Mean_Dice: 0.7434108853340149
2023-11-04 07:49:37,698 [trainer.py:163] INFO: Epoch : 103, Train_loss : 0.1423873007297516, Mean_ioU: 0.6010456085205078, Mean_Dice: 0.7431491613388062
2023-11-04 07:50:42,553 [trainer.py:163] INFO: Epoch : 104, Train_loss : 0.14280612766742706, Mean_ioU: 0.6006892323493958, Mean_Dice: 0.7425534129142761
2023-11-04 07:51:47,096 [trainer.py:163] INFO: Epoch : 105, Train_loss : 0.14267964661121368, Mean_ioU: 0.6012024283409119, Mean_Dice: 0.7429693341255188
2023-11-04 07:52:51,511 [trainer.py:163] INFO: Epoch : 106, Train_loss : 0.141311377286911, Mean_ioU: 0.6027110815048218, Mean_Dice: 0.7443904876708984
2023-11-04 07:53:55,827 [trainer.py:163] INFO: Epoch : 107, Train_loss : 0.1424165964126587, Mean_ioU: 0.6003572940826416, Mean_Dice: 0.7423586249351501
2023-11-04 07:54:59,613 [trainer.py:163] INFO: Epoch : 108, Train_loss : 0.14270323514938354, Mean_ioU: 0.6005654335021973, Mean_Dice: 0.7426257729530334
2023-11-04 07:56:03,717 [trainer.py:163] INFO: Epoch : 109, Train_loss : 0.14287810027599335, Mean_ioU: 0.6009747982025146, Mean_Dice: 0.7427007555961609
2023-11-04 07:57:09,179 [trainer.py:163] INFO: Epoch : 110, Train_loss : 0.1423667073249817, Mean_ioU: 0.6005491614341736, Mean_Dice: 0.742304801940918
2023-11-04 07:57:10,918 [trainer.py:211] INFO: Validation: Loss : 0.1429564654827118, mIoU : 0.602880597114563, mDice : 0.7448297739028931
2023-11-04 07:57:11,327 [utils.py:24] INFO: Saving ./checkpoint/ckpt_ model_109 ckp 
2023-11-04 07:58:14,186 [trainer.py:163] INFO: Epoch : 111, Train_loss : 0.14250260591506958, Mean_ioU: 0.60076504945755, Mean_Dice: 0.7427703738212585
2023-11-04 07:59:16,896 [trainer.py:163] INFO: Epoch : 112, Train_loss : 0.14193519949913025, Mean_ioU: 0.6024309992790222, Mean_Dice: 0.7439901828765869
2023-11-04 08:00:22,038 [trainer.py:163] INFO: Epoch : 113, Train_loss : 0.1423867642879486, Mean_ioU: 0.6005542278289795, Mean_Dice: 0.7425270080566406
2023-11-04 08:01:25,109 [trainer.py:163] INFO: Epoch : 114, Train_loss : 0.14262713491916656, Mean_ioU: 0.6012306213378906, Mean_Dice: 0.7430550456047058
2023-11-04 08:02:29,655 [trainer.py:163] INFO: Epoch : 115, Train_loss : 0.14228317141532898, Mean_ioU: 0.6013210415840149, Mean_Dice: 0.7431743144989014
2023-11-04 08:03:33,514 [trainer.py:163] INFO: Epoch : 116, Train_loss : 0.1425819844007492, Mean_ioU: 0.6008608937263489, Mean_Dice: 0.7427221536636353
2023-11-04 08:04:35,999 [trainer.py:163] INFO: Epoch : 117, Train_loss : 0.14255507290363312, Mean_ioU: 0.6009960174560547, Mean_Dice: 0.7427892088890076
2023-11-04 08:05:41,345 [trainer.py:163] INFO: Epoch : 118, Train_loss : 0.14269155263900757, Mean_ioU: 0.6004868149757385, Mean_Dice: 0.7422674298286438
2023-11-04 08:06:44,396 [trainer.py:163] INFO: Epoch : 119, Train_loss : 0.142706498503685, Mean_ioU: 0.6001880764961243, Mean_Dice: 0.7424860596656799
2023-11-04 08:07:49,031 [trainer.py:163] INFO: Epoch : 120, Train_loss : 0.14161480963230133, Mean_ioU: 0.602826714515686, Mean_Dice: 0.7446419596672058
2023-11-04 08:07:50,922 [trainer.py:211] INFO: Validation: Loss : 0.1429568976163864, mIoU : 0.6028703451156616, mDice : 0.7448204159736633
2023-11-04 08:08:55,714 [trainer.py:163] INFO: Epoch : 121, Train_loss : 0.14185768365859985, Mean_ioU: 0.6019966006278992, Mean_Dice: 0.74358731508255
2023-11-04 08:10:00,053 [trainer.py:163] INFO: Epoch : 122, Train_loss : 0.14231275022029877, Mean_ioU: 0.6010064482688904, Mean_Dice: 0.7431082725524902
2023-11-04 08:11:03,071 [trainer.py:163] INFO: Epoch : 123, Train_loss : 0.14219364523887634, Mean_ioU: 0.6015986204147339, Mean_Dice: 0.7433562278747559
2023-11-04 08:12:06,309 [trainer.py:163] INFO: Epoch : 124, Train_loss : 0.14372111856937408, Mean_ioU: 0.5986495018005371, Mean_Dice: 0.7407948970794678
2023-11-04 08:13:10,037 [trainer.py:163] INFO: Epoch : 125, Train_loss : 0.14310075342655182, Mean_ioU: 0.6001752018928528, Mean_Dice: 0.742128849029541
2023-11-04 08:14:14,399 [trainer.py:163] INFO: Epoch : 126, Train_loss : 0.14349836111068726, Mean_ioU: 0.6004759669303894, Mean_Dice: 0.7423642873764038
2023-11-04 08:15:17,833 [trainer.py:163] INFO: Epoch : 127, Train_loss : 0.1423356831073761, Mean_ioU: 0.6004917025566101, Mean_Dice: 0.742570698261261
2023-11-04 08:16:22,246 [trainer.py:163] INFO: Epoch : 128, Train_loss : 0.1423911601305008, Mean_ioU: 0.6009114384651184, Mean_Dice: 0.7428467273712158
2023-11-04 08:17:27,368 [trainer.py:163] INFO: Epoch : 129, Train_loss : 0.1430087834596634, Mean_ioU: 0.6000797152519226, Mean_Dice: 0.7419080138206482
2023-11-04 08:18:31,714 [trainer.py:163] INFO: Epoch : 130, Train_loss : 0.1425853669643402, Mean_ioU: 0.6013408899307251, Mean_Dice: 0.7430363893508911
2023-11-04 08:18:33,585 [trainer.py:211] INFO: Validation: Loss : 0.14295701682567596, mIoU : 0.6028653383255005, mDice : 0.7448159456253052
2023-11-04 08:19:37,435 [trainer.py:163] INFO: Epoch : 131, Train_loss : 0.14238491654396057, Mean_ioU: 0.6012110114097595, Mean_Dice: 0.7429249286651611
2023-11-04 08:20:40,616 [trainer.py:163] INFO: Epoch : 132, Train_loss : 0.14301982522010803, Mean_ioU: 0.5995140671730042, Mean_Dice: 0.7415244579315186
2023-11-04 08:21:45,270 [trainer.py:163] INFO: Epoch : 133, Train_loss : 0.1431647539138794, Mean_ioU: 0.5994430184364319, Mean_Dice: 0.7414538860321045
2023-11-04 08:22:49,208 [trainer.py:163] INFO: Epoch : 134, Train_loss : 0.1426020860671997, Mean_ioU: 0.6010715961456299, Mean_Dice: 0.742942750453949
2023-11-04 08:23:52,801 [trainer.py:163] INFO: Epoch : 135, Train_loss : 0.1429436206817627, Mean_ioU: 0.5999090671539307, Mean_Dice: 0.7418968677520752
2023-11-04 08:24:57,697 [trainer.py:163] INFO: Epoch : 136, Train_loss : 0.14291325211524963, Mean_ioU: 0.599416971206665, Mean_Dice: 0.7414335608482361
2023-11-04 08:26:00,894 [trainer.py:163] INFO: Epoch : 137, Train_loss : 0.14239747822284698, Mean_ioU: 0.6014067530632019, Mean_Dice: 0.7432623505592346
2023-11-04 08:27:04,872 [trainer.py:163] INFO: Epoch : 138, Train_loss : 0.1427014172077179, Mean_ioU: 0.6004692912101746, Mean_Dice: 0.7423211336135864
2023-11-04 08:28:09,042 [trainer.py:163] INFO: Epoch : 139, Train_loss : 0.14182506501674652, Mean_ioU: 0.6021759510040283, Mean_Dice: 0.7440249919891357
2023-11-04 08:29:12,983 [trainer.py:163] INFO: Epoch : 140, Train_loss : 0.14188310503959656, Mean_ioU: 0.6023609042167664, Mean_Dice: 0.7437242269515991
2023-11-04 08:29:15,016 [trainer.py:211] INFO: Validation: Loss : 0.14295703172683716, mIoU : 0.6028664112091064, mDice : 0.7448167204856873
2023-11-04 08:30:18,483 [trainer.py:163] INFO: Epoch : 141, Train_loss : 0.1433994472026825, Mean_ioU: 0.5985975861549377, Mean_Dice: 0.740838348865509
2023-11-04 08:31:23,065 [trainer.py:163] INFO: Epoch : 142, Train_loss : 0.14283129572868347, Mean_ioU: 0.600334882736206, Mean_Dice: 0.742287814617157
2023-11-04 08:32:28,983 [trainer.py:163] INFO: Epoch : 143, Train_loss : 0.14328129589557648, Mean_ioU: 0.5991629362106323, Mean_Dice: 0.7413461804389954
2023-11-04 08:33:36,262 [trainer.py:163] INFO: Epoch : 144, Train_loss : 0.1423773616552353, Mean_ioU: 0.6021841168403625, Mean_Dice: 0.743622362613678
2023-11-04 08:34:40,835 [trainer.py:163] INFO: Epoch : 145, Train_loss : 0.14371329545974731, Mean_ioU: 0.5985935926437378, Mean_Dice: 0.7405943870544434
2023-11-04 08:35:44,813 [trainer.py:163] INFO: Epoch : 146, Train_loss : 0.14216023683547974, Mean_ioU: 0.600991427898407, Mean_Dice: 0.7430481314659119
2023-11-04 08:36:48,270 [trainer.py:163] INFO: Epoch : 147, Train_loss : 0.14205129444599152, Mean_ioU: 0.6015550494194031, Mean_Dice: 0.7433229088783264
2023-11-04 08:37:52,433 [trainer.py:163] INFO: Epoch : 148, Train_loss : 0.14202558994293213, Mean_ioU: 0.6019865274429321, Mean_Dice: 0.7439541220664978
2023-11-04 08:38:55,947 [trainer.py:163] INFO: Epoch : 149, Train_loss : 0.1423497498035431, Mean_ioU: 0.6005947589874268, Mean_Dice: 0.7424632906913757
2023-11-04 08:40:00,624 [trainer.py:163] INFO: Epoch : 150, Train_loss : 0.14295987784862518, Mean_ioU: 0.6007822751998901, Mean_Dice: 0.7427978515625
2023-11-04 08:40:02,508 [trainer.py:211] INFO: Validation: Loss : 0.14295704662799835, mIoU : 0.6028664112091064, mDice : 0.7448167204856873
2023-11-04 08:41:06,619 [trainer.py:163] INFO: Epoch : 151, Train_loss : 0.14226606488227844, Mean_ioU: 0.600613534450531, Mean_Dice: 0.7428964376449585
2023-11-04 08:42:17,335 [trainer.py:163] INFO: Epoch : 152, Train_loss : 0.14237725734710693, Mean_ioU: 0.6000500321388245, Mean_Dice: 0.7419565320014954
2023-11-04 08:43:24,424 [trainer.py:163] INFO: Epoch : 153, Train_loss : 0.14230242371559143, Mean_ioU: 0.6019042730331421, Mean_Dice: 0.7436894774436951
2023-11-04 08:44:30,321 [trainer.py:163] INFO: Epoch : 154, Train_loss : 0.14233796298503876, Mean_ioU: 0.6007373929023743, Mean_Dice: 0.7426384091377258
2023-11-04 08:45:34,581 [trainer.py:163] INFO: Epoch : 155, Train_loss : 0.1431562304496765, Mean_ioU: 0.5994400382041931, Mean_Dice: 0.7416190505027771
2023-11-04 08:46:40,902 [trainer.py:163] INFO: Epoch : 156, Train_loss : 0.14282332360744476, Mean_ioU: 0.6004449129104614, Mean_Dice: 0.7422360777854919
2023-11-04 08:47:45,966 [trainer.py:163] INFO: Epoch : 157, Train_loss : 0.14200732111930847, Mean_ioU: 0.6016109585762024, Mean_Dice: 0.7434075474739075
2023-11-04 08:48:49,722 [trainer.py:163] INFO: Epoch : 158, Train_loss : 0.14294080436229706, Mean_ioU: 0.6001070141792297, Mean_Dice: 0.742082953453064
2023-11-04 08:49:55,715 [trainer.py:163] INFO: Epoch : 159, Train_loss : 0.14347195625305176, Mean_ioU: 0.6000272631645203, Mean_Dice: 0.7418524026870728
2023-11-04 08:51:02,567 [trainer.py:163] INFO: Epoch : 160, Train_loss : 0.14301416277885437, Mean_ioU: 0.5996233820915222, Mean_Dice: 0.7415727972984314
2023-11-04 08:51:04,471 [trainer.py:211] INFO: Validation: Loss : 0.14295704662799835, mIoU : 0.6028664112091064, mDice : 0.7448167204856873
2023-11-04 08:52:09,639 [trainer.py:163] INFO: Epoch : 161, Train_loss : 0.1433231085538864, Mean_ioU: 0.6002067923545837, Mean_Dice: 0.7419904470443726
2023-11-04 08:53:13,938 [trainer.py:163] INFO: Epoch : 162, Train_loss : 0.14334145188331604, Mean_ioU: 0.6003205180168152, Mean_Dice: 0.7422170042991638
2023-11-04 08:54:16,929 [trainer.py:163] INFO: Epoch : 163, Train_loss : 0.14234615862369537, Mean_ioU: 0.6011831760406494, Mean_Dice: 0.7432453036308289
2023-11-04 08:55:21,751 [trainer.py:163] INFO: Epoch : 164, Train_loss : 0.14236639440059662, Mean_ioU: 0.6012716293334961, Mean_Dice: 0.743184506893158
2023-11-04 08:56:25,029 [trainer.py:163] INFO: Epoch : 165, Train_loss : 0.1427622139453888, Mean_ioU: 0.5999448895454407, Mean_Dice: 0.7418698072433472
2023-11-04 08:57:30,537 [trainer.py:163] INFO: Epoch : 166, Train_loss : 0.14296188950538635, Mean_ioU: 0.6002142429351807, Mean_Dice: 0.742080807685852
2023-11-04 08:58:34,719 [trainer.py:163] INFO: Epoch : 167, Train_loss : 0.14323842525482178, Mean_ioU: 0.599833071231842, Mean_Dice: 0.741949200630188
2023-11-04 08:59:39,875 [trainer.py:163] INFO: Epoch : 168, Train_loss : 0.1423296332359314, Mean_ioU: 0.6020201444625854, Mean_Dice: 0.7439079880714417
2023-11-04 09:00:45,638 [trainer.py:163] INFO: Epoch : 169, Train_loss : 0.14256606996059418, Mean_ioU: 0.6003203988075256, Mean_Dice: 0.7421725988388062
2023-11-04 09:01:52,999 [trainer.py:163] INFO: Epoch : 170, Train_loss : 0.14254532754421234, Mean_ioU: 0.6008884310722351, Mean_Dice: 0.742702066898346
2023-11-04 09:01:54,928 [trainer.py:211] INFO: Validation: Loss : 0.14295707643032074, mIoU : 0.6028664112091064, mDice : 0.7448167204856873
2023-11-04 09:03:04,252 [trainer.py:163] INFO: Epoch : 171, Train_loss : 0.14332342147827148, Mean_ioU: 0.5989264249801636, Mean_Dice: 0.7411276698112488
2023-11-04 09:04:14,154 [trainer.py:163] INFO: Epoch : 172, Train_loss : 0.14206430315971375, Mean_ioU: 0.6010892391204834, Mean_Dice: 0.7428409457206726
2023-11-04 09:05:21,228 [trainer.py:163] INFO: Epoch : 173, Train_loss : 0.14148502051830292, Mean_ioU: 0.602628767490387, Mean_Dice: 0.7444472908973694
2023-11-04 09:06:24,021 [trainer.py:163] INFO: Epoch : 174, Train_loss : 0.14150387048721313, Mean_ioU: 0.6027626395225525, Mean_Dice: 0.7442712783813477
2023-11-04 09:07:31,274 [trainer.py:163] INFO: Epoch : 175, Train_loss : 0.14209379255771637, Mean_ioU: 0.6009509563446045, Mean_Dice: 0.7428893446922302
2023-11-04 09:08:37,136 [trainer.py:163] INFO: Epoch : 176, Train_loss : 0.14319586753845215, Mean_ioU: 0.6004164814949036, Mean_Dice: 0.7421338558197021
2023-11-04 09:09:41,898 [trainer.py:163] INFO: Epoch : 177, Train_loss : 0.14331264793872833, Mean_ioU: 0.5999298095703125, Mean_Dice: 0.7418815493583679
2023-11-04 09:10:47,166 [trainer.py:163] INFO: Epoch : 178, Train_loss : 0.14317545294761658, Mean_ioU: 0.60000079870224, Mean_Dice: 0.7418466210365295
2023-11-04 09:11:52,621 [trainer.py:163] INFO: Epoch : 179, Train_loss : 0.1420525163412094, Mean_ioU: 0.6020700335502625, Mean_Dice: 0.7438621520996094
2023-11-04 09:12:58,392 [trainer.py:163] INFO: Epoch : 180, Train_loss : 0.14205016195774078, Mean_ioU: 0.6014512181282043, Mean_Dice: 0.7431607246398926
2023-11-04 09:13:00,320 [trainer.py:211] INFO: Validation: Loss : 0.14295704662799835, mIoU : 0.6028664112091064, mDice : 0.7448167204856873
2023-11-04 09:14:07,463 [trainer.py:163] INFO: Epoch : 181, Train_loss : 0.14193356037139893, Mean_ioU: 0.602389395236969, Mean_Dice: 0.7441241145133972
2023-11-04 09:15:14,501 [trainer.py:163] INFO: Epoch : 182, Train_loss : 0.1429809033870697, Mean_ioU: 0.6003888249397278, Mean_Dice: 0.7421914935112
2023-11-04 09:16:19,792 [trainer.py:163] INFO: Epoch : 183, Train_loss : 0.1419377326965332, Mean_ioU: 0.6018521189689636, Mean_Dice: 0.7436279058456421
2023-11-04 09:17:25,498 [trainer.py:163] INFO: Epoch : 184, Train_loss : 0.14213789999485016, Mean_ioU: 0.6012240648269653, Mean_Dice: 0.7432437539100647
2023-11-04 09:18:31,933 [trainer.py:163] INFO: Epoch : 185, Train_loss : 0.14206130802631378, Mean_ioU: 0.601270854473114, Mean_Dice: 0.7432242631912231
2023-11-04 09:19:39,114 [trainer.py:163] INFO: Epoch : 186, Train_loss : 0.14218789339065552, Mean_ioU: 0.6013646125793457, Mean_Dice: 0.7430688142776489
2023-11-04 09:20:45,350 [trainer.py:163] INFO: Epoch : 187, Train_loss : 0.14235630631446838, Mean_ioU: 0.6013661026954651, Mean_Dice: 0.7432650327682495
2023-11-04 09:21:51,744 [trainer.py:163] INFO: Epoch : 188, Train_loss : 0.14182978868484497, Mean_ioU: 0.6024234294891357, Mean_Dice: 0.7440760135650635
2023-11-04 09:22:57,775 [trainer.py:163] INFO: Epoch : 189, Train_loss : 0.14227613806724548, Mean_ioU: 0.602399468421936, Mean_Dice: 0.7438457012176514
2023-11-04 09:24:04,426 [trainer.py:163] INFO: Epoch : 190, Train_loss : 0.14174258708953857, Mean_ioU: 0.6020231246948242, Mean_Dice: 0.744182825088501
2023-11-04 09:24:06,386 [trainer.py:211] INFO: Validation: Loss : 0.14295703172683716, mIoU : 0.6028664112091064, mDice : 0.7448167204856873
2023-11-04 09:25:12,457 [trainer.py:163] INFO: Epoch : 191, Train_loss : 0.14223027229309082, Mean_ioU: 0.6007712483406067, Mean_Dice: 0.7426732182502747
2023-11-04 09:26:17,971 [trainer.py:163] INFO: Epoch : 192, Train_loss : 0.14280278980731964, Mean_ioU: 0.5999532341957092, Mean_Dice: 0.7416493892669678
2023-11-04 09:27:23,938 [trainer.py:163] INFO: Epoch : 193, Train_loss : 0.14225457608699799, Mean_ioU: 0.6018783450126648, Mean_Dice: 0.7435179948806763
2023-11-04 09:28:31,773 [trainer.py:163] INFO: Epoch : 194, Train_loss : 0.1413503885269165, Mean_ioU: 0.6025095582008362, Mean_Dice: 0.7441177368164062
2023-11-04 09:29:36,827 [trainer.py:163] INFO: Epoch : 195, Train_loss : 0.14201705157756805, Mean_ioU: 0.602088212966919, Mean_Dice: 0.744095504283905
2023-11-04 09:30:42,983 [trainer.py:163] INFO: Epoch : 196, Train_loss : 0.1431007832288742, Mean_ioU: 0.5989851951599121, Mean_Dice: 0.740736722946167
2023-11-04 09:31:50,610 [trainer.py:163] INFO: Epoch : 197, Train_loss : 0.1422286331653595, Mean_ioU: 0.6011388897895813, Mean_Dice: 0.7429734468460083
2023-11-04 09:32:57,246 [trainer.py:163] INFO: Epoch : 198, Train_loss : 0.1429762840270996, Mean_ioU: 0.6009458899497986, Mean_Dice: 0.7429143190383911
2023-11-04 09:34:00,686 [trainer.py:163] INFO: Epoch : 199, Train_loss : 0.14194348454475403, Mean_ioU: 0.6017428040504456, Mean_Dice: 0.743669867515564
2023-11-04 09:35:07,137 [trainer.py:163] INFO: Epoch : 200, Train_loss : 0.143168643116951, Mean_ioU: 0.5997377038002014, Mean_Dice: 0.7417991161346436
2023-11-04 09:35:09,130 [trainer.py:211] INFO: Validation: Loss : 0.14295704662799835, mIoU : 0.6028664112091064, mDice : 0.7448167204856873
2023-11-04 09:36:16,828 [trainer.py:163] INFO: Epoch : 201, Train_loss : 0.1424303501844406, Mean_ioU: 0.6011936664581299, Mean_Dice: 0.742984414100647
2023-11-04 09:37:23,545 [trainer.py:163] INFO: Epoch : 202, Train_loss : 0.14154283702373505, Mean_ioU: 0.6028088927268982, Mean_Dice: 0.7442926168441772
2023-11-04 09:38:30,458 [trainer.py:163] INFO: Epoch : 203, Train_loss : 0.14188252389431, Mean_ioU: 0.6019603610038757, Mean_Dice: 0.7435627579689026
2023-11-04 09:39:36,531 [trainer.py:163] INFO: Epoch : 204, Train_loss : 0.14281222224235535, Mean_ioU: 0.6003272533416748, Mean_Dice: 0.7422556281089783
2023-11-04 09:40:43,065 [trainer.py:163] INFO: Epoch : 205, Train_loss : 0.14227482676506042, Mean_ioU: 0.6024736762046814, Mean_Dice: 0.7439703345298767
2023-11-04 09:41:49,298 [trainer.py:163] INFO: Epoch : 206, Train_loss : 0.14268244802951813, Mean_ioU: 0.5997692942619324, Mean_Dice: 0.7419843673706055
2023-11-04 09:42:55,685 [trainer.py:163] INFO: Epoch : 207, Train_loss : 0.14312809705734253, Mean_ioU: 0.5992827415466309, Mean_Dice: 0.7415883541107178
2023-11-04 09:44:01,457 [trainer.py:163] INFO: Epoch : 208, Train_loss : 0.14199261367321014, Mean_ioU: 0.6015310883522034, Mean_Dice: 0.7433981895446777
2023-11-04 09:45:08,048 [trainer.py:163] INFO: Epoch : 209, Train_loss : 0.14213202893733978, Mean_ioU: 0.6018548011779785, Mean_Dice: 0.7437157034873962
2023-11-04 09:46:14,366 [trainer.py:163] INFO: Epoch : 210, Train_loss : 0.14272624254226685, Mean_ioU: 0.6010687947273254, Mean_Dice: 0.7428008317947388
2023-11-04 09:46:16,348 [trainer.py:211] INFO: Validation: Loss : 0.14295704662799835, mIoU : 0.6028664112091064, mDice : 0.7448167204856873
2023-11-04 09:47:22,655 [trainer.py:163] INFO: Epoch : 211, Train_loss : 0.14286991953849792, Mean_ioU: 0.5996503233909607, Mean_Dice: 0.7416002154350281
2023-11-04 09:48:29,291 [trainer.py:163] INFO: Epoch : 212, Train_loss : 0.14229623973369598, Mean_ioU: 0.6012276411056519, Mean_Dice: 0.743081271648407
2023-11-04 09:49:34,314 [trainer.py:163] INFO: Epoch : 213, Train_loss : 0.14279630780220032, Mean_ioU: 0.6010603308677673, Mean_Dice: 0.7428913712501526
2023-11-04 09:50:40,475 [trainer.py:163] INFO: Epoch : 214, Train_loss : 0.14147721230983734, Mean_ioU: 0.602023184299469, Mean_Dice: 0.7438804507255554
2023-11-04 09:51:47,070 [trainer.py:163] INFO: Epoch : 215, Train_loss : 0.14176471531391144, Mean_ioU: 0.6016905307769775, Mean_Dice: 0.7435405254364014
2023-11-04 09:52:53,627 [trainer.py:163] INFO: Epoch : 216, Train_loss : 0.1417398601770401, Mean_ioU: 0.6015564203262329, Mean_Dice: 0.743192195892334
2023-11-04 09:53:58,323 [trainer.py:163] INFO: Epoch : 217, Train_loss : 0.1424691379070282, Mean_ioU: 0.6020095944404602, Mean_Dice: 0.7434251308441162
2023-11-04 09:55:03,546 [trainer.py:163] INFO: Epoch : 218, Train_loss : 0.14297957718372345, Mean_ioU: 0.5998376607894897, Mean_Dice: 0.7416411638259888
2023-11-04 09:56:08,808 [trainer.py:163] INFO: Epoch : 219, Train_loss : 0.1425870805978775, Mean_ioU: 0.6004349589347839, Mean_Dice: 0.7421432137489319
2023-11-04 09:57:14,704 [trainer.py:163] INFO: Epoch : 220, Train_loss : 0.1431591659784317, Mean_ioU: 0.599835991859436, Mean_Dice: 0.7415500283241272
2023-11-04 09:57:16,768 [trainer.py:211] INFO: Validation: Loss : 0.14295704662799835, mIoU : 0.6028664112091064, mDice : 0.7448167204856873
2023-11-04 09:58:20,884 [trainer.py:163] INFO: Epoch : 221, Train_loss : 0.1422560065984726, Mean_ioU: 0.600683867931366, Mean_Dice: 0.7426519393920898
2023-11-04 09:59:24,802 [trainer.py:163] INFO: Epoch : 222, Train_loss : 0.14270225167274475, Mean_ioU: 0.6005411148071289, Mean_Dice: 0.7423542737960815
2023-11-04 10:00:29,982 [trainer.py:163] INFO: Epoch : 223, Train_loss : 0.14277660846710205, Mean_ioU: 0.6001744270324707, Mean_Dice: 0.7420030832290649
2023-11-04 10:01:33,755 [trainer.py:163] INFO: Epoch : 224, Train_loss : 0.1415974348783493, Mean_ioU: 0.6020644903182983, Mean_Dice: 0.7438652515411377
2023-11-04 10:02:38,806 [trainer.py:163] INFO: Epoch : 225, Train_loss : 0.14261223375797272, Mean_ioU: 0.6007605195045471, Mean_Dice: 0.7424363493919373
2023-11-04 10:03:43,539 [trainer.py:163] INFO: Epoch : 226, Train_loss : 0.1432187557220459, Mean_ioU: 0.5995503664016724, Mean_Dice: 0.7418519258499146
2023-11-04 10:04:48,681 [trainer.py:163] INFO: Epoch : 227, Train_loss : 0.1435801237821579, Mean_ioU: 0.5998339653015137, Mean_Dice: 0.7419037222862244
2023-11-04 10:05:55,468 [trainer.py:163] INFO: Epoch : 228, Train_loss : 0.14291557669639587, Mean_ioU: 0.6005938053131104, Mean_Dice: 0.7425515055656433
2023-11-04 10:06:59,112 [trainer.py:163] INFO: Epoch : 229, Train_loss : 0.14350202679634094, Mean_ioU: 0.5982972383499146, Mean_Dice: 0.7406180500984192
2023-11-04 10:08:03,801 [trainer.py:163] INFO: Epoch : 230, Train_loss : 0.14166095852851868, Mean_ioU: 0.6018738746643066, Mean_Dice: 0.7434591054916382
2023-11-04 10:08:05,754 [trainer.py:211] INFO: Validation: Loss : 0.14295704662799835, mIoU : 0.6028664112091064, mDice : 0.7448167204856873
2023-11-04 10:09:10,360 [trainer.py:163] INFO: Epoch : 231, Train_loss : 0.1417592167854309, Mean_ioU: 0.602294385433197, Mean_Dice: 0.7438377141952515
2023-11-04 10:10:14,317 [trainer.py:163] INFO: Epoch : 232, Train_loss : 0.142185777425766, Mean_ioU: 0.6011980175971985, Mean_Dice: 0.742962658405304
2023-11-04 10:11:19,764 [trainer.py:163] INFO: Epoch : 233, Train_loss : 0.14153625071048737, Mean_ioU: 0.6027324199676514, Mean_Dice: 0.7444097399711609
2023-11-04 10:12:25,483 [trainer.py:163] INFO: Epoch : 234, Train_loss : 0.1420721858739853, Mean_ioU: 0.6011063456535339, Mean_Dice: 0.7429813742637634
2023-11-04 10:13:30,571 [trainer.py:163] INFO: Epoch : 235, Train_loss : 0.14228995144367218, Mean_ioU: 0.6017093062400818, Mean_Dice: 0.7434463500976562
2023-11-04 10:14:35,451 [trainer.py:163] INFO: Epoch : 236, Train_loss : 0.1423567235469818, Mean_ioU: 0.6017196178436279, Mean_Dice: 0.7433753609657288
2023-11-04 10:15:40,543 [trainer.py:163] INFO: Epoch : 237, Train_loss : 0.1414746344089508, Mean_ioU: 0.6029256582260132, Mean_Dice: 0.744406521320343
2023-11-04 10:16:45,934 [trainer.py:163] INFO: Epoch : 238, Train_loss : 0.1419694721698761, Mean_ioU: 0.6022385358810425, Mean_Dice: 0.7438820004463196
2023-11-04 10:17:50,741 [trainer.py:163] INFO: Epoch : 239, Train_loss : 0.14269688725471497, Mean_ioU: 0.6002063155174255, Mean_Dice: 0.742163360118866
2023-11-04 10:18:55,261 [trainer.py:163] INFO: Epoch : 240, Train_loss : 0.14278006553649902, Mean_ioU: 0.6007838249206543, Mean_Dice: 0.7424571514129639
2023-11-04 10:18:57,183 [trainer.py:211] INFO: Validation: Loss : 0.14295704662799835, mIoU : 0.6028664112091064, mDice : 0.7448167204856873
2023-11-04 10:20:03,632 [trainer.py:163] INFO: Epoch : 241, Train_loss : 0.14168371260166168, Mean_ioU: 0.6027626395225525, Mean_Dice: 0.7445719838142395
2023-11-04 10:21:08,490 [trainer.py:163] INFO: Epoch : 242, Train_loss : 0.14264608919620514, Mean_ioU: 0.6008007526397705, Mean_Dice: 0.7427537441253662
2023-11-04 10:22:12,906 [trainer.py:163] INFO: Epoch : 243, Train_loss : 0.1422058641910553, Mean_ioU: 0.6017500162124634, Mean_Dice: 0.7436345815658569
2023-11-04 10:23:18,406 [trainer.py:163] INFO: Epoch : 244, Train_loss : 0.14227820932865143, Mean_ioU: 0.601107656955719, Mean_Dice: 0.7428357601165771
2023-11-04 10:24:24,060 [trainer.py:163] INFO: Epoch : 245, Train_loss : 0.14236654341220856, Mean_ioU: 0.601543128490448, Mean_Dice: 0.7433721423149109
2023-11-04 10:25:28,838 [trainer.py:163] INFO: Epoch : 246, Train_loss : 0.143430694937706, Mean_ioU: 0.5994323492050171, Mean_Dice: 0.7416324615478516
2023-11-04 10:26:34,652 [trainer.py:163] INFO: Epoch : 247, Train_loss : 0.14185239374637604, Mean_ioU: 0.6015864014625549, Mean_Dice: 0.7434060573577881
2023-11-04 10:27:40,261 [trainer.py:163] INFO: Epoch : 248, Train_loss : 0.14214222133159637, Mean_ioU: 0.6013177633285522, Mean_Dice: 0.7432119250297546
2023-11-04 10:28:46,710 [trainer.py:163] INFO: Epoch : 249, Train_loss : 0.14250822365283966, Mean_ioU: 0.6012382507324219, Mean_Dice: 0.7430124282836914
2023-11-04 10:29:53,051 [trainer.py:163] INFO: Epoch : 250, Train_loss : 0.14284230768680573, Mean_ioU: 0.6000232696533203, Mean_Dice: 0.7419701218605042
2023-11-04 10:29:54,901 [trainer.py:211] INFO: Validation: Loss : 0.14295704662799835, mIoU : 0.6028664112091064, mDice : 0.7448167204856873
2023-11-04 10:30:58,983 [trainer.py:163] INFO: Epoch : 251, Train_loss : 0.14113470911979675, Mean_ioU: 0.6034095287322998, Mean_Dice: 0.7448978424072266
2023-11-04 10:32:02,920 [trainer.py:163] INFO: Epoch : 252, Train_loss : 0.14309728145599365, Mean_ioU: 0.5999183058738708, Mean_Dice: 0.7422404289245605
2023-11-04 10:33:08,662 [trainer.py:163] INFO: Epoch : 253, Train_loss : 0.1425112932920456, Mean_ioU: 0.601413905620575, Mean_Dice: 0.7432496547698975
2023-11-04 10:34:13,855 [trainer.py:163] INFO: Epoch : 254, Train_loss : 0.1416417509317398, Mean_ioU: 0.6019299626350403, Mean_Dice: 0.7437970042228699
2023-11-04 10:35:19,771 [trainer.py:163] INFO: Epoch : 255, Train_loss : 0.14270725846290588, Mean_ioU: 0.6005336046218872, Mean_Dice: 0.7423825263977051
2023-11-04 10:36:25,069 [trainer.py:163] INFO: Epoch : 256, Train_loss : 0.14202074706554413, Mean_ioU: 0.6016777157783508, Mean_Dice: 0.7436630129814148
2023-11-04 10:37:29,866 [trainer.py:163] INFO: Epoch : 257, Train_loss : 0.1427948772907257, Mean_ioU: 0.6001268625259399, Mean_Dice: 0.7420403957366943
2023-11-04 10:38:33,704 [trainer.py:163] INFO: Epoch : 258, Train_loss : 0.14242437481880188, Mean_ioU: 0.600375771522522, Mean_Dice: 0.7421882748603821
2023-11-04 10:39:38,425 [trainer.py:163] INFO: Epoch : 259, Train_loss : 0.1419038325548172, Mean_ioU: 0.6016204953193665, Mean_Dice: 0.7432826161384583
2023-11-04 10:40:42,975 [trainer.py:163] INFO: Epoch : 260, Train_loss : 0.14173118770122528, Mean_ioU: 0.6013064384460449, Mean_Dice: 0.7433825135231018
2023-11-04 10:40:44,851 [trainer.py:211] INFO: Validation: Loss : 0.14295704662799835, mIoU : 0.6028664112091064, mDice : 0.7448167204856873
2023-11-04 10:41:50,506 [trainer.py:163] INFO: Epoch : 261, Train_loss : 0.14288270473480225, Mean_ioU: 0.6011561155319214, Mean_Dice: 0.7430611848831177
2023-11-04 10:42:55,171 [trainer.py:163] INFO: Epoch : 262, Train_loss : 0.14186179637908936, Mean_ioU: 0.6020272970199585, Mean_Dice: 0.7437891364097595
2023-11-04 10:43:59,161 [trainer.py:163] INFO: Epoch : 263, Train_loss : 0.1435609608888626, Mean_ioU: 0.5998926162719727, Mean_Dice: 0.741904616355896
2023-11-04 10:45:04,882 [trainer.py:163] INFO: Epoch : 264, Train_loss : 0.14234381914138794, Mean_ioU: 0.6016055941581726, Mean_Dice: 0.7431772947311401
2023-11-04 10:46:08,933 [trainer.py:163] INFO: Epoch : 265, Train_loss : 0.14291004836559296, Mean_ioU: 0.6009839177131653, Mean_Dice: 0.7426721453666687
2023-11-04 10:47:14,378 [trainer.py:163] INFO: Epoch : 266, Train_loss : 0.14189286530017853, Mean_ioU: 0.6011766195297241, Mean_Dice: 0.743039071559906
2023-11-04 10:48:19,858 [trainer.py:163] INFO: Epoch : 267, Train_loss : 0.14200325310230255, Mean_ioU: 0.6011691093444824, Mean_Dice: 0.743137001991272
2023-11-04 10:49:24,871 [trainer.py:163] INFO: Epoch : 268, Train_loss : 0.14149408042430878, Mean_ioU: 0.6024652123451233, Mean_Dice: 0.7440692782402039
2023-11-04 10:50:28,483 [trainer.py:163] INFO: Epoch : 269, Train_loss : 0.14208893477916718, Mean_ioU: 0.6018587946891785, Mean_Dice: 0.7436479330062866
2023-11-04 10:51:33,116 [trainer.py:163] INFO: Epoch : 270, Train_loss : 0.14183494448661804, Mean_ioU: 0.6020835638046265, Mean_Dice: 0.7439473867416382
2023-11-04 10:51:35,049 [trainer.py:211] INFO: Validation: Loss : 0.14295704662799835, mIoU : 0.6028664112091064, mDice : 0.7448167204856873
2023-11-04 10:52:40,344 [trainer.py:163] INFO: Epoch : 271, Train_loss : 0.14258362352848053, Mean_ioU: 0.6009660363197327, Mean_Dice: 0.7426587343215942
2023-11-04 10:53:44,350 [trainer.py:163] INFO: Epoch : 272, Train_loss : 0.14245933294296265, Mean_ioU: 0.6020910739898682, Mean_Dice: 0.7437200546264648
2023-11-04 10:54:49,435 [trainer.py:163] INFO: Epoch : 273, Train_loss : 0.14285844564437866, Mean_ioU: 0.5997934937477112, Mean_Dice: 0.7416588664054871
2023-11-04 10:55:54,062 [trainer.py:163] INFO: Epoch : 274, Train_loss : 0.14216011762619019, Mean_ioU: 0.6018539667129517, Mean_Dice: 0.7436739802360535
2023-11-04 10:56:58,194 [trainer.py:163] INFO: Epoch : 275, Train_loss : 0.14115487039089203, Mean_ioU: 0.6037978529930115, Mean_Dice: 0.7453752756118774
2023-11-04 10:58:04,244 [trainer.py:163] INFO: Epoch : 276, Train_loss : 0.1419629603624344, Mean_ioU: 0.6017248630523682, Mean_Dice: 0.7433629631996155
2023-11-04 10:59:09,884 [trainer.py:163] INFO: Epoch : 277, Train_loss : 0.1416790634393692, Mean_ioU: 0.6022254824638367, Mean_Dice: 0.7440250515937805
2023-11-04 11:00:16,509 [trainer.py:163] INFO: Epoch : 278, Train_loss : 0.14351919293403625, Mean_ioU: 0.599299430847168, Mean_Dice: 0.7413715124130249
2023-11-04 11:01:20,311 [trainer.py:163] INFO: Epoch : 279, Train_loss : 0.14265961945056915, Mean_ioU: 0.6019866466522217, Mean_Dice: 0.7437644004821777
2023-11-04 11:02:25,591 [trainer.py:163] INFO: Epoch : 280, Train_loss : 0.14244382083415985, Mean_ioU: 0.6012728214263916, Mean_Dice: 0.7432394623756409
2023-11-04 11:02:27,439 [trainer.py:211] INFO: Validation: Loss : 0.14295704662799835, mIoU : 0.6028664112091064, mDice : 0.7448167204856873
2023-11-04 11:03:32,483 [trainer.py:163] INFO: Epoch : 281, Train_loss : 0.14317509531974792, Mean_ioU: 0.5998465418815613, Mean_Dice: 0.741815984249115
2023-11-04 11:04:38,399 [trainer.py:163] INFO: Epoch : 282, Train_loss : 0.14161725342273712, Mean_ioU: 0.6022857427597046, Mean_Dice: 0.743806004524231
2023-11-04 11:05:43,489 [trainer.py:163] INFO: Epoch : 283, Train_loss : 0.14230161905288696, Mean_ioU: 0.6018427014350891, Mean_Dice: 0.7436460852622986
2023-11-04 11:06:47,978 [trainer.py:163] INFO: Epoch : 284, Train_loss : 0.14151552319526672, Mean_ioU: 0.6028693914413452, Mean_Dice: 0.7446051836013794
2023-11-04 11:07:52,289 [trainer.py:163] INFO: Epoch : 285, Train_loss : 0.1422748863697052, Mean_ioU: 0.6010463237762451, Mean_Dice: 0.7428492903709412
2023-11-04 11:08:57,900 [trainer.py:163] INFO: Epoch : 286, Train_loss : 0.1430950164794922, Mean_ioU: 0.5989484190940857, Mean_Dice: 0.7412097454071045
2023-11-04 11:10:03,074 [trainer.py:163] INFO: Epoch : 287, Train_loss : 0.14183273911476135, Mean_ioU: 0.6031827330589294, Mean_Dice: 0.7446062564849854
2023-11-04 11:11:09,066 [trainer.py:163] INFO: Epoch : 288, Train_loss : 0.14179140329360962, Mean_ioU: 0.6019057631492615, Mean_Dice: 0.7438177466392517
2023-11-04 11:12:12,987 [trainer.py:163] INFO: Epoch : 289, Train_loss : 0.1414700448513031, Mean_ioU: 0.6030502319335938, Mean_Dice: 0.744564414024353
2023-11-04 11:13:17,388 [trainer.py:163] INFO: Epoch : 290, Train_loss : 0.14322996139526367, Mean_ioU: 0.5998390913009644, Mean_Dice: 0.741896390914917
2023-11-04 11:13:19,277 [trainer.py:211] INFO: Validation: Loss : 0.14295704662799835, mIoU : 0.6028664112091064, mDice : 0.7448167204856873
2023-11-04 11:14:25,562 [trainer.py:163] INFO: Epoch : 291, Train_loss : 0.14212162792682648, Mean_ioU: 0.6014519929885864, Mean_Dice: 0.7433946132659912
2023-11-04 11:15:31,193 [trainer.py:163] INFO: Epoch : 292, Train_loss : 0.14275221526622772, Mean_ioU: 0.6007333993911743, Mean_Dice: 0.7426593899726868
2023-11-04 11:16:36,427 [trainer.py:163] INFO: Epoch : 293, Train_loss : 0.1417829990386963, Mean_ioU: 0.6019695997238159, Mean_Dice: 0.7439231872558594
2023-11-04 11:17:41,092 [trainer.py:163] INFO: Epoch : 294, Train_loss : 0.1420314610004425, Mean_ioU: 0.6013954281806946, Mean_Dice: 0.7431473731994629
2023-11-04 11:18:48,578 [trainer.py:163] INFO: Epoch : 295, Train_loss : 0.1426045298576355, Mean_ioU: 0.6002318263053894, Mean_Dice: 0.7418670058250427
2023-11-04 11:19:53,021 [trainer.py:163] INFO: Epoch : 296, Train_loss : 0.14257225394248962, Mean_ioU: 0.6006389260292053, Mean_Dice: 0.7426638007164001
2023-11-04 11:20:57,969 [trainer.py:163] INFO: Epoch : 297, Train_loss : 0.14250481128692627, Mean_ioU: 0.6010937690734863, Mean_Dice: 0.7426825165748596
2023-11-04 11:22:03,640 [trainer.py:163] INFO: Epoch : 298, Train_loss : 0.14212094247341156, Mean_ioU: 0.6011271476745605, Mean_Dice: 0.742760956287384
2023-11-04 11:23:08,822 [trainer.py:163] INFO: Epoch : 299, Train_loss : 0.14207474887371063, Mean_ioU: 0.6016995906829834, Mean_Dice: 0.7435578107833862
2023-11-04 11:24:13,076 [trainer.py:163] INFO: Epoch : 300, Train_loss : 0.14306855201721191, Mean_ioU: 0.5989447832107544, Mean_Dice: 0.7407768964767456
2023-11-04 11:24:15,001 [trainer.py:211] INFO: Validation: Loss : 0.14295704662799835, mIoU : 0.6028664112091064, mDice : 0.7448167204856873
2023-11-04 11:24:15,438 [train.py:136] INFO: ==========finish train=========
2023-11-04 11:24:15,441 [train.py:145] INFO: ==========finish work=========
