2023-11-06 11:57:11,556 [train.py:61] INFO: learning rate : 0.001
2023-11-06 11:57:11,556 [train.py:62] INFO: batch size : 4
2023-11-06 11:57:11,556 [train.py:63] INFO: num epoch : 300
2023-11-06 11:57:11,556 [train.py:64] INFO: trainflow: 10
2023-11-06 11:57:11,556 [train.py:84] INFO: ==========Start training=========
2023-11-06 11:57:36,397 [trainer.py:179] INFO: Epoch : 1, Train_loss : 0.17064504325389862, Mean_ioU: 0.5692636966705322, Mean_Dice: 0.7122507691383362
2023-11-06 11:58:02,630 [trainer.py:179] INFO: Epoch : 2, Train_loss : 0.13296936452388763, Mean_ioU: 0.6305983066558838, Mean_Dice: 0.7635762691497803
2023-11-06 11:58:24,920 [trainer.py:179] INFO: Epoch : 3, Train_loss : 0.12074580788612366, Mean_ioU: 0.6555439233779907, Mean_Dice: 0.7827772498130798
2023-11-06 11:58:49,850 [trainer.py:179] INFO: Epoch : 4, Train_loss : 0.11251367628574371, Mean_ioU: 0.6727173328399658, Mean_Dice: 0.7955673933029175
2023-11-06 11:59:12,598 [trainer.py:179] INFO: Epoch : 5, Train_loss : 0.105975441634655, Mean_ioU: 0.6881688237190247, Mean_Dice: 0.8072786331176758
2023-11-06 11:59:35,160 [trainer.py:179] INFO: Epoch : 6, Train_loss : 0.09998981654644012, Mean_ioU: 0.700314998626709, Mean_Dice: 0.8167957067489624
2023-11-06 11:59:58,311 [trainer.py:179] INFO: Epoch : 7, Train_loss : 0.09543845802545547, Mean_ioU: 0.7122092247009277, Mean_Dice: 0.8253430724143982
2023-11-06 12:00:19,531 [trainer.py:179] INFO: Epoch : 8, Train_loss : 0.08957327902317047, Mean_ioU: 0.7260742783546448, Mean_Dice: 0.8353660106658936
2023-11-06 12:00:41,544 [trainer.py:179] INFO: Epoch : 9, Train_loss : 0.08755289763212204, Mean_ioU: 0.7317394018173218, Mean_Dice: 0.8391631245613098
2023-11-06 12:01:04,225 [trainer.py:179] INFO: Epoch : 10, Train_loss : 0.08363761752843857, Mean_ioU: 0.7397974133491516, Mean_Dice: 0.8449560403823853
2023-11-06 12:01:05,521 [trainer.py:227] INFO: Validation: Loss : 0.09202539175748825, mIoU : 0.7183034420013428, mDice : 0.8296398520469666
2023-11-06 12:01:27,679 [trainer.py:179] INFO: Epoch : 11, Train_loss : 0.08077620714902878, Mean_ioU: 0.7483677268028259, Mean_Dice: 0.8511884808540344
2023-11-06 12:01:50,511 [trainer.py:179] INFO: Epoch : 12, Train_loss : 0.07707108557224274, Mean_ioU: 0.7568264603614807, Mean_Dice: 0.8570367693901062
2023-11-06 12:02:14,952 [trainer.py:179] INFO: Epoch : 13, Train_loss : 0.07449185848236084, Mean_ioU: 0.762305736541748, Mean_Dice: 0.8606968522071838
2023-11-06 12:02:39,009 [trainer.py:179] INFO: Epoch : 14, Train_loss : 0.07192717492580414, Mean_ioU: 0.7711231708526611, Mean_Dice: 0.8665174245834351
2023-11-06 12:03:01,530 [trainer.py:179] INFO: Epoch : 15, Train_loss : 0.06923306733369827, Mean_ioU: 0.7781972289085388, Mean_Dice: 0.8714158535003662
2023-11-06 12:03:25,464 [trainer.py:179] INFO: Epoch : 16, Train_loss : 0.06824270635843277, Mean_ioU: 0.7805818319320679, Mean_Dice: 0.8726937174797058
2023-11-06 12:03:48,087 [trainer.py:179] INFO: Epoch : 17, Train_loss : 0.0655985102057457, Mean_ioU: 0.7886062860488892, Mean_Dice: 0.8780699968338013
2023-11-06 12:04:10,455 [trainer.py:179] INFO: Epoch : 18, Train_loss : 0.06387057155370712, Mean_ioU: 0.7923739552497864, Mean_Dice: 0.880692183971405
2023-11-06 12:04:33,250 [trainer.py:179] INFO: Epoch : 19, Train_loss : 0.06275833398103714, Mean_ioU: 0.7966680526733398, Mean_Dice: 0.8831075429916382
2023-11-06 12:04:55,877 [trainer.py:179] INFO: Epoch : 20, Train_loss : 0.06136375293135643, Mean_ioU: 0.799861490726471, Mean_Dice: 0.8851069211959839
2023-11-06 12:04:57,010 [trainer.py:227] INFO: Validation: Loss : 0.090142160654068, mIoU : 0.7302339673042297, mDice : 0.8365656733512878
2023-11-06 12:04:57,267 [utils.py:24] INFO: Saving ./checkpoint/ckpt_ model_19 ckp 
2023-11-06 12:05:20,227 [trainer.py:179] INFO: Epoch : 21, Train_loss : 0.06047191843390465, Mean_ioU: 0.8042048811912537, Mean_Dice: 0.8878854513168335
2023-11-06 12:05:43,093 [trainer.py:179] INFO: Epoch : 22, Train_loss : 0.05843023955821991, Mean_ioU: 0.8090769648551941, Mean_Dice: 0.8910584449768066
2023-11-06 12:06:04,581 [trainer.py:179] INFO: Epoch : 23, Train_loss : 0.0561857745051384, Mean_ioU: 0.8161882162094116, Mean_Dice: 0.8956963419914246
2023-11-06 12:06:27,688 [trainer.py:179] INFO: Epoch : 24, Train_loss : 0.055930111557245255, Mean_ioU: 0.8169553875923157, Mean_Dice: 0.8958792686462402
2023-11-06 12:06:51,723 [trainer.py:179] INFO: Epoch : 25, Train_loss : 0.055212561041116714, Mean_ioU: 0.8192749619483948, Mean_Dice: 0.8975048065185547
2023-11-06 12:07:14,203 [trainer.py:179] INFO: Epoch : 26, Train_loss : 0.05427948758006096, Mean_ioU: 0.8206510543823242, Mean_Dice: 0.898065984249115
2023-11-06 12:07:36,658 [trainer.py:179] INFO: Epoch : 27, Train_loss : 0.05298183858394623, Mean_ioU: 0.8263872265815735, Mean_Dice: 0.9019145369529724
2023-11-06 12:07:58,164 [trainer.py:179] INFO: Epoch : 28, Train_loss : 0.051969368010759354, Mean_ioU: 0.8284953832626343, Mean_Dice: 0.903061032295227
2023-11-06 12:08:20,582 [trainer.py:179] INFO: Epoch : 29, Train_loss : 0.050145260989665985, Mean_ioU: 0.8332728743553162, Mean_Dice: 0.9061564803123474
2023-11-06 12:08:43,529 [trainer.py:179] INFO: Epoch : 30, Train_loss : 0.05124008655548096, Mean_ioU: 0.8313972353935242, Mean_Dice: 0.9047130346298218
2023-11-06 12:08:44,563 [trainer.py:227] INFO: Validation: Loss : 0.09081318229436874, mIoU : 0.7345235347747803, mDice : 0.8388838171958923
2023-11-06 12:09:06,882 [trainer.py:179] INFO: Epoch : 31, Train_loss : 0.05004994571208954, Mean_ioU: 0.8348700404167175, Mean_Dice: 0.906991720199585
2023-11-06 12:09:29,001 [trainer.py:179] INFO: Epoch : 32, Train_loss : 0.0498027540743351, Mean_ioU: 0.8361719250679016, Mean_Dice: 0.9079230427742004
2023-11-06 12:09:51,508 [trainer.py:179] INFO: Epoch : 33, Train_loss : 0.04896950349211693, Mean_ioU: 0.8374367356300354, Mean_Dice: 0.9084842801094055
2023-11-06 12:10:13,926 [trainer.py:179] INFO: Epoch : 34, Train_loss : 0.047659456729888916, Mean_ioU: 0.841300368309021, Mean_Dice: 0.9110478162765503
2023-11-06 12:10:36,419 [trainer.py:179] INFO: Epoch : 35, Train_loss : 0.04873210936784744, Mean_ioU: 0.8391706347465515, Mean_Dice: 0.9094744920730591
2023-11-06 12:10:58,655 [trainer.py:179] INFO: Epoch : 36, Train_loss : 0.04843394085764885, Mean_ioU: 0.8400582671165466, Mean_Dice: 0.9100897908210754
2023-11-06 12:11:20,861 [trainer.py:179] INFO: Epoch : 37, Train_loss : 0.047564465552568436, Mean_ioU: 0.8427202701568604, Mean_Dice: 0.91195148229599
2023-11-06 12:11:43,569 [trainer.py:179] INFO: Epoch : 38, Train_loss : 0.04774383828043938, Mean_ioU: 0.8413345813751221, Mean_Dice: 0.910896360874176
2023-11-06 12:12:06,651 [trainer.py:179] INFO: Epoch : 39, Train_loss : 0.046553753316402435, Mean_ioU: 0.8457557559013367, Mean_Dice: 0.9138765335083008
2023-11-06 12:12:29,076 [trainer.py:179] INFO: Epoch : 40, Train_loss : 0.0467103086411953, Mean_ioU: 0.8442401885986328, Mean_Dice: 0.9128391146659851
2023-11-06 12:12:30,259 [trainer.py:227] INFO: Validation: Loss : 0.0898183137178421, mIoU : 0.7386049628257751, mDice : 0.8417786359786987
2023-11-06 12:12:30,491 [utils.py:24] INFO: Saving ./checkpoint/ckpt_ model_39 ckp 
2023-11-06 12:12:53,499 [trainer.py:179] INFO: Epoch : 41, Train_loss : 0.0466071255505085, Mean_ioU: 0.8452066779136658, Mean_Dice: 0.9135751724243164
2023-11-06 12:13:15,685 [trainer.py:179] INFO: Epoch : 42, Train_loss : 0.04598779231309891, Mean_ioU: 0.8472467064857483, Mean_Dice: 0.9145194292068481
2023-11-06 12:13:38,633 [trainer.py:179] INFO: Epoch : 43, Train_loss : 0.04566928744316101, Mean_ioU: 0.8473458886146545, Mean_Dice: 0.9148162007331848
2023-11-06 12:14:01,119 [trainer.py:179] INFO: Epoch : 44, Train_loss : 0.04648509994149208, Mean_ioU: 0.8451576828956604, Mean_Dice: 0.9132180213928223
2023-11-06 12:14:23,204 [trainer.py:179] INFO: Epoch : 45, Train_loss : 0.04574832692742348, Mean_ioU: 0.8470345735549927, Mean_Dice: 0.914496660232544
2023-11-06 12:14:47,108 [trainer.py:179] INFO: Epoch : 46, Train_loss : 0.04624674469232559, Mean_ioU: 0.8467080593109131, Mean_Dice: 0.9141575694084167
2023-11-06 12:15:09,678 [trainer.py:179] INFO: Epoch : 47, Train_loss : 0.045722801238298416, Mean_ioU: 0.8468613028526306, Mean_Dice: 0.9142788648605347
2023-11-06 12:15:32,136 [trainer.py:179] INFO: Epoch : 48, Train_loss : 0.04530641809105873, Mean_ioU: 0.8485944271087646, Mean_Dice: 0.9154117107391357
2023-11-06 12:15:54,720 [trainer.py:179] INFO: Epoch : 49, Train_loss : 0.04631806164979935, Mean_ioU: 0.8462451696395874, Mean_Dice: 0.9140347242355347
2023-11-06 12:16:17,117 [trainer.py:179] INFO: Epoch : 50, Train_loss : 0.046081963926553726, Mean_ioU: 0.8472983837127686, Mean_Dice: 0.9145669341087341
2023-11-06 12:16:18,151 [trainer.py:227] INFO: Validation: Loss : 0.08921594172716141, mIoU : 0.7406455278396606, mDice : 0.8430430889129639
2023-11-06 12:16:18,400 [utils.py:24] INFO: Saving ./checkpoint/ckpt_ model_49 ckp 
2023-11-06 12:16:41,258 [trainer.py:179] INFO: Epoch : 51, Train_loss : 0.04470296576619148, Mean_ioU: 0.8503496050834656, Mean_Dice: 0.916451096534729
2023-11-06 12:17:04,168 [trainer.py:179] INFO: Epoch : 52, Train_loss : 0.0450623482465744, Mean_ioU: 0.8491942882537842, Mean_Dice: 0.9156850576400757
2023-11-06 12:17:26,728 [trainer.py:179] INFO: Epoch : 53, Train_loss : 0.04569780081510544, Mean_ioU: 0.8486529588699341, Mean_Dice: 0.9154821634292603
2023-11-06 12:17:48,733 [trainer.py:179] INFO: Epoch : 54, Train_loss : 0.04504913464188576, Mean_ioU: 0.8494924306869507, Mean_Dice: 0.9159851670265198
2023-11-06 12:18:11,233 [trainer.py:179] INFO: Epoch : 55, Train_loss : 0.0452849455177784, Mean_ioU: 0.8494531512260437, Mean_Dice: 0.9159986972808838
2023-11-06 12:18:34,270 [trainer.py:179] INFO: Epoch : 56, Train_loss : 0.04499761015176773, Mean_ioU: 0.8504395484924316, Mean_Dice: 0.9165793657302856
2023-11-06 12:18:56,791 [trainer.py:179] INFO: Epoch : 57, Train_loss : 0.04425157979130745, Mean_ioU: 0.8518666625022888, Mean_Dice: 0.9175361394882202
2023-11-06 12:19:19,782 [trainer.py:179] INFO: Epoch : 58, Train_loss : 0.04589635133743286, Mean_ioU: 0.8473405838012695, Mean_Dice: 0.9145404100418091
2023-11-06 12:19:42,333 [trainer.py:179] INFO: Epoch : 59, Train_loss : 0.04477405548095703, Mean_ioU: 0.8502165675163269, Mean_Dice: 0.9162777662277222
2023-11-06 12:20:05,414 [trainer.py:179] INFO: Epoch : 60, Train_loss : 0.0448254831135273, Mean_ioU: 0.8494694828987122, Mean_Dice: 0.915955126285553
2023-11-06 12:20:06,592 [trainer.py:227] INFO: Validation: Loss : 0.08936543762683868, mIoU : 0.7401068210601807, mDice : 0.8427742719650269
2023-11-06 12:20:28,700 [trainer.py:179] INFO: Epoch : 61, Train_loss : 0.04475131630897522, Mean_ioU: 0.8505175113677979, Mean_Dice: 0.9166280627250671
2023-11-06 12:20:50,932 [trainer.py:179] INFO: Epoch : 62, Train_loss : 0.0445593036711216, Mean_ioU: 0.8513019680976868, Mean_Dice: 0.9171707034111023
2023-11-06 12:21:14,366 [trainer.py:179] INFO: Epoch : 63, Train_loss : 0.045723896473646164, Mean_ioU: 0.8490297794342041, Mean_Dice: 0.9156301021575928
2023-11-06 12:21:36,901 [trainer.py:179] INFO: Epoch : 64, Train_loss : 0.04475589841604233, Mean_ioU: 0.8509209752082825, Mean_Dice: 0.9167127013206482
2023-11-06 12:21:58,814 [trainer.py:179] INFO: Epoch : 65, Train_loss : 0.044317569583654404, Mean_ioU: 0.8518341183662415, Mean_Dice: 0.9176046252250671
2023-11-06 12:22:20,962 [trainer.py:179] INFO: Epoch : 66, Train_loss : 0.04451507329940796, Mean_ioU: 0.8512346744537354, Mean_Dice: 0.9172735810279846
2023-11-06 12:22:43,443 [trainer.py:179] INFO: Epoch : 67, Train_loss : 0.04558146744966507, Mean_ioU: 0.8492233753204346, Mean_Dice: 0.9157397150993347
2023-11-06 12:23:05,636 [trainer.py:179] INFO: Epoch : 68, Train_loss : 0.04448176920413971, Mean_ioU: 0.8516426086425781, Mean_Dice: 0.9174432754516602
2023-11-06 12:23:27,922 [trainer.py:179] INFO: Epoch : 69, Train_loss : 0.04528056085109711, Mean_ioU: 0.8490214943885803, Mean_Dice: 0.915578305721283
2023-11-06 12:23:50,538 [trainer.py:179] INFO: Epoch : 70, Train_loss : 0.04446152597665787, Mean_ioU: 0.851081132888794, Mean_Dice: 0.9171150326728821
2023-11-06 12:23:51,615 [trainer.py:227] INFO: Validation: Loss : 0.0893087312579155, mIoU : 0.7403767108917236, mDice : 0.8429983258247375
2023-11-06 12:24:13,497 [trainer.py:179] INFO: Epoch : 71, Train_loss : 0.04565451666712761, Mean_ioU: 0.8483656644821167, Mean_Dice: 0.9152661561965942
2023-11-06 12:24:35,292 [trainer.py:179] INFO: Epoch : 72, Train_loss : 0.044442497193813324, Mean_ioU: 0.8511232137680054, Mean_Dice: 0.9172168374061584
2023-11-06 12:24:57,854 [trainer.py:179] INFO: Epoch : 73, Train_loss : 0.04396018385887146, Mean_ioU: 0.8527219295501709, Mean_Dice: 0.9180669784545898
2023-11-06 12:25:20,352 [trainer.py:179] INFO: Epoch : 74, Train_loss : 0.044338952749967575, Mean_ioU: 0.8513465523719788, Mean_Dice: 0.9173508286476135
2023-11-06 12:25:42,628 [trainer.py:179] INFO: Epoch : 75, Train_loss : 0.045300327241420746, Mean_ioU: 0.849491536617279, Mean_Dice: 0.9160597324371338
2023-11-06 12:26:05,089 [trainer.py:179] INFO: Epoch : 76, Train_loss : 0.04511188715696335, Mean_ioU: 0.8496053218841553, Mean_Dice: 0.9161672592163086
2023-11-06 12:26:26,977 [trainer.py:179] INFO: Epoch : 77, Train_loss : 0.044649068266153336, Mean_ioU: 0.8511939644813538, Mean_Dice: 0.9169834852218628
2023-11-06 12:26:49,224 [trainer.py:179] INFO: Epoch : 78, Train_loss : 0.04431730508804321, Mean_ioU: 0.8513807058334351, Mean_Dice: 0.9173145890235901
2023-11-06 12:27:11,510 [trainer.py:179] INFO: Epoch : 79, Train_loss : 0.0444696806371212, Mean_ioU: 0.851734459400177, Mean_Dice: 0.9172298312187195
2023-11-06 12:27:33,291 [trainer.py:179] INFO: Epoch : 80, Train_loss : 0.04511560499668121, Mean_ioU: 0.8501385450363159, Mean_Dice: 0.9164337515830994
2023-11-06 12:27:34,349 [trainer.py:227] INFO: Validation: Loss : 0.08945140987634659, mIoU : 0.7401546239852905, mDice : 0.8428206443786621
2023-11-06 12:27:56,533 [trainer.py:179] INFO: Epoch : 81, Train_loss : 0.04418378695845604, Mean_ioU: 0.8517765998840332, Mean_Dice: 0.9175421595573425
2023-11-06 12:28:19,217 [trainer.py:179] INFO: Epoch : 82, Train_loss : 0.04487117752432823, Mean_ioU: 0.849896252155304, Mean_Dice: 0.9161564111709595
2023-11-06 12:28:41,130 [trainer.py:179] INFO: Epoch : 83, Train_loss : 0.04486977681517601, Mean_ioU: 0.8510299921035767, Mean_Dice: 0.9170013666152954
2023-11-06 12:29:04,119 [trainer.py:179] INFO: Epoch : 84, Train_loss : 0.04398481920361519, Mean_ioU: 0.852651834487915, Mean_Dice: 0.9179161190986633
2023-11-06 12:29:26,036 [trainer.py:179] INFO: Epoch : 85, Train_loss : 0.045604340732097626, Mean_ioU: 0.8490864634513855, Mean_Dice: 0.9156152606010437
2023-11-06 12:29:48,505 [trainer.py:179] INFO: Epoch : 86, Train_loss : 0.04482327029109001, Mean_ioU: 0.8508268594741821, Mean_Dice: 0.9165889024734497
2023-11-06 12:30:10,740 [trainer.py:179] INFO: Epoch : 87, Train_loss : 0.04405677691102028, Mean_ioU: 0.8514489531517029, Mean_Dice: 0.9172914028167725
2023-11-06 12:30:33,176 [trainer.py:179] INFO: Epoch : 88, Train_loss : 0.0441044345498085, Mean_ioU: 0.8525732159614563, Mean_Dice: 0.9178860187530518
2023-11-06 12:30:54,990 [trainer.py:179] INFO: Epoch : 89, Train_loss : 0.044939879328012466, Mean_ioU: 0.8499646782875061, Mean_Dice: 0.9161531925201416
2023-11-06 12:31:16,938 [trainer.py:179] INFO: Epoch : 90, Train_loss : 0.04432935267686844, Mean_ioU: 0.8516369462013245, Mean_Dice: 0.9174370169639587
2023-11-06 12:31:17,953 [trainer.py:227] INFO: Validation: Loss : 0.08930402994155884, mIoU : 0.7403771877288818, mDice : 0.8429834842681885
2023-11-06 12:31:40,384 [trainer.py:179] INFO: Epoch : 91, Train_loss : 0.04340744763612747, Mean_ioU: 0.8531967401504517, Mean_Dice: 0.9184005856513977
2023-11-06 12:32:02,474 [trainer.py:179] INFO: Epoch : 92, Train_loss : 0.04447944089770317, Mean_ioU: 0.8505839109420776, Mean_Dice: 0.9162097573280334
2023-11-06 12:32:25,825 [trainer.py:179] INFO: Epoch : 93, Train_loss : 0.04404766857624054, Mean_ioU: 0.8524035215377808, Mean_Dice: 0.9177300333976746
2023-11-06 12:32:48,180 [trainer.py:179] INFO: Epoch : 94, Train_loss : 0.04477309808135033, Mean_ioU: 0.8500854969024658, Mean_Dice: 0.9162859916687012
2023-11-06 12:33:10,239 [trainer.py:179] INFO: Epoch : 95, Train_loss : 0.04451262950897217, Mean_ioU: 0.8506213426589966, Mean_Dice: 0.9167254567146301
2023-11-06 12:33:32,218 [trainer.py:179] INFO: Epoch : 96, Train_loss : 0.043660759925842285, Mean_ioU: 0.8532399535179138, Mean_Dice: 0.9185290336608887
2023-11-06 12:33:54,421 [trainer.py:179] INFO: Epoch : 97, Train_loss : 0.04545849189162254, Mean_ioU: 0.8487340807914734, Mean_Dice: 0.9154910445213318
2023-11-06 12:34:19,277 [trainer.py:179] INFO: Epoch : 98, Train_loss : 0.044332388788461685, Mean_ioU: 0.8522218465805054, Mean_Dice: 0.9177708625793457
2023-11-06 12:34:42,674 [trainer.py:179] INFO: Epoch : 99, Train_loss : 0.044620830565690994, Mean_ioU: 0.851982831954956, Mean_Dice: 0.917698085308075
2023-11-06 12:35:05,613 [trainer.py:179] INFO: Epoch : 100, Train_loss : 0.044703997671604156, Mean_ioU: 0.8509114980697632, Mean_Dice: 0.9167259931564331
2023-11-06 12:35:06,703 [trainer.py:227] INFO: Validation: Loss : 0.08909456431865692, mIoU : 0.7409988641738892, mDice : 0.8434395790100098
2023-11-06 12:35:06,956 [utils.py:24] INFO: Saving ./checkpoint/ckpt_ model_99 ckp 
2023-11-06 12:35:30,138 [trainer.py:179] INFO: Epoch : 101, Train_loss : 0.0435064472258091, Mean_ioU: 0.854533314704895, Mean_Dice: 0.9192174077033997
2023-11-06 12:35:53,014 [trainer.py:179] INFO: Epoch : 102, Train_loss : 0.0458415187895298, Mean_ioU: 0.8488502502441406, Mean_Dice: 0.9155611991882324
2023-11-06 12:36:15,731 [trainer.py:179] INFO: Epoch : 103, Train_loss : 0.044950585812330246, Mean_ioU: 0.8499591946601868, Mean_Dice: 0.9162944555282593
2023-11-06 12:36:39,376 [trainer.py:179] INFO: Epoch : 104, Train_loss : 0.04442555829882622, Mean_ioU: 0.8516356945037842, Mean_Dice: 0.9172288179397583
2023-11-06 12:37:03,563 [trainer.py:179] INFO: Epoch : 105, Train_loss : 0.04441605880856514, Mean_ioU: 0.8508473038673401, Mean_Dice: 0.9168155789375305
2023-11-06 12:37:26,884 [trainer.py:179] INFO: Epoch : 106, Train_loss : 0.04474898800253868, Mean_ioU: 0.8509722948074341, Mean_Dice: 0.9169153571128845
2023-11-06 12:37:50,789 [trainer.py:179] INFO: Epoch : 107, Train_loss : 0.04485759884119034, Mean_ioU: 0.8490532636642456, Mean_Dice: 0.9156760573387146
2023-11-06 12:38:15,486 [trainer.py:179] INFO: Epoch : 108, Train_loss : 0.04475592449307442, Mean_ioU: 0.849612832069397, Mean_Dice: 0.9160750508308411
2023-11-06 12:38:38,200 [trainer.py:179] INFO: Epoch : 109, Train_loss : 0.044147275388240814, Mean_ioU: 0.8527108430862427, Mean_Dice: 0.9179242849349976
2023-11-06 12:39:03,160 [trainer.py:179] INFO: Epoch : 110, Train_loss : 0.044977106153964996, Mean_ioU: 0.8502979278564453, Mean_Dice: 0.9164900183677673
2023-11-06 12:39:04,250 [trainer.py:227] INFO: Validation: Loss : 0.08940931409597397, mIoU : 0.7402838468551636, mDice : 0.8428834676742554
2023-11-06 12:39:27,914 [trainer.py:179] INFO: Epoch : 111, Train_loss : 0.044783394783735275, Mean_ioU: 0.8512884974479675, Mean_Dice: 0.9169706106185913
2023-11-06 12:39:52,655 [trainer.py:179] INFO: Epoch : 112, Train_loss : 0.04497971013188362, Mean_ioU: 0.8501743078231812, Mean_Dice: 0.9164290428161621
2023-11-06 12:40:16,622 [trainer.py:179] INFO: Epoch : 113, Train_loss : 0.044582489877939224, Mean_ioU: 0.8519927859306335, Mean_Dice: 0.9174003005027771
2023-11-06 12:40:42,627 [trainer.py:179] INFO: Epoch : 114, Train_loss : 0.04474542289972305, Mean_ioU: 0.8508020043373108, Mean_Dice: 0.9168428778648376
2023-11-06 12:41:07,450 [trainer.py:179] INFO: Epoch : 115, Train_loss : 0.04422729089856148, Mean_ioU: 0.8525042533874512, Mean_Dice: 0.9179444909095764
2023-11-06 12:41:30,259 [trainer.py:179] INFO: Epoch : 116, Train_loss : 0.04432947188615799, Mean_ioU: 0.8518928289413452, Mean_Dice: 0.9175410270690918
2023-11-06 12:41:52,994 [trainer.py:179] INFO: Epoch : 117, Train_loss : 0.04393041133880615, Mean_ioU: 0.8531104922294617, Mean_Dice: 0.9183216094970703
2023-11-06 12:42:15,649 [trainer.py:179] INFO: Epoch : 118, Train_loss : 0.04577493667602539, Mean_ioU: 0.8484510183334351, Mean_Dice: 0.9154270887374878
2023-11-06 12:42:37,963 [trainer.py:179] INFO: Epoch : 119, Train_loss : 0.044612035155296326, Mean_ioU: 0.8518748879432678, Mean_Dice: 0.9175099730491638
2023-11-06 12:43:00,861 [trainer.py:179] INFO: Epoch : 120, Train_loss : 0.04447551071643829, Mean_ioU: 0.8515564799308777, Mean_Dice: 0.9172996878623962
2023-11-06 12:43:01,974 [trainer.py:227] INFO: Validation: Loss : 0.08934963494539261, mIoU : 0.7401320934295654, mDice : 0.842816948890686
2023-11-06 12:43:24,620 [trainer.py:179] INFO: Epoch : 121, Train_loss : 0.044990669935941696, Mean_ioU: 0.8501095175743103, Mean_Dice: 0.9163766503334045
2023-11-06 12:43:46,657 [trainer.py:179] INFO: Epoch : 122, Train_loss : 0.04462086409330368, Mean_ioU: 0.8511145710945129, Mean_Dice: 0.9170423746109009
2023-11-06 12:44:09,356 [trainer.py:179] INFO: Epoch : 123, Train_loss : 0.04460578039288521, Mean_ioU: 0.8505198359489441, Mean_Dice: 0.9164988398551941
2023-11-06 12:44:32,151 [trainer.py:179] INFO: Epoch : 124, Train_loss : 0.043928783386945724, Mean_ioU: 0.8523147106170654, Mean_Dice: 0.917749285697937
2023-11-06 12:44:55,589 [trainer.py:179] INFO: Epoch : 125, Train_loss : 0.043732888996601105, Mean_ioU: 0.8524143695831299, Mean_Dice: 0.9175885915756226
2023-11-06 12:45:18,851 [trainer.py:179] INFO: Epoch : 126, Train_loss : 0.044267795979976654, Mean_ioU: 0.8515891432762146, Mean_Dice: 0.917426586151123
2023-11-06 12:45:41,984 [trainer.py:179] INFO: Epoch : 127, Train_loss : 0.04507042095065117, Mean_ioU: 0.8495644927024841, Mean_Dice: 0.9159588813781738
2023-11-06 12:46:06,468 [trainer.py:179] INFO: Epoch : 128, Train_loss : 0.04547721520066261, Mean_ioU: 0.8502521514892578, Mean_Dice: 0.9163492918014526
2023-11-06 12:46:29,228 [trainer.py:179] INFO: Epoch : 129, Train_loss : 0.045559026300907135, Mean_ioU: 0.8490610718727112, Mean_Dice: 0.9156955480575562
2023-11-06 12:46:52,854 [trainer.py:179] INFO: Epoch : 130, Train_loss : 0.04343049228191376, Mean_ioU: 0.8543233275413513, Mean_Dice: 0.919144332408905
2023-11-06 12:46:54,575 [trainer.py:227] INFO: Validation: Loss : 0.08926144987344742, mIoU : 0.7404845356941223, mDice : 0.8431005477905273
2023-11-06 12:47:17,772 [trainer.py:179] INFO: Epoch : 131, Train_loss : 0.044147808104753494, Mean_ioU: 0.8514072299003601, Mean_Dice: 0.9173190593719482
2023-11-06 12:47:43,404 [trainer.py:179] INFO: Epoch : 132, Train_loss : 0.045436788350343704, Mean_ioU: 0.8483401536941528, Mean_Dice: 0.9151318073272705
2023-11-06 12:48:05,232 [trainer.py:179] INFO: Epoch : 133, Train_loss : 0.044166311621665955, Mean_ioU: 0.8516866564750671, Mean_Dice: 0.917203426361084
2023-11-06 12:48:29,550 [trainer.py:179] INFO: Epoch : 134, Train_loss : 0.04451235011219978, Mean_ioU: 0.8515433073043823, Mean_Dice: 0.9172073006629944
2023-11-06 12:48:55,133 [trainer.py:179] INFO: Epoch : 135, Train_loss : 0.045328538864851, Mean_ioU: 0.8494019508361816, Mean_Dice: 0.9158821105957031
2023-11-06 12:49:17,489 [trainer.py:179] INFO: Epoch : 136, Train_loss : 0.04488842561841011, Mean_ioU: 0.8513036966323853, Mean_Dice: 0.9172297120094299
2023-11-06 12:49:42,111 [trainer.py:179] INFO: Epoch : 137, Train_loss : 0.04431900382041931, Mean_ioU: 0.8505234122276306, Mean_Dice: 0.9166758060455322
2023-11-06 12:50:04,943 [trainer.py:179] INFO: Epoch : 138, Train_loss : 0.04583296552300453, Mean_ioU: 0.8483006358146667, Mean_Dice: 0.9150668978691101
2023-11-06 12:50:27,651 [trainer.py:179] INFO: Epoch : 139, Train_loss : 0.04454237222671509, Mean_ioU: 0.8511956334114075, Mean_Dice: 0.9171257019042969
2023-11-06 12:50:49,970 [trainer.py:179] INFO: Epoch : 140, Train_loss : 0.04457692429423332, Mean_ioU: 0.8513081669807434, Mean_Dice: 0.9169719219207764
2023-11-06 12:50:51,000 [trainer.py:227] INFO: Validation: Loss : 0.08923274278640747, mIoU : 0.7404143214225769, mDice : 0.8429980874061584
2023-11-06 12:51:13,622 [trainer.py:179] INFO: Epoch : 141, Train_loss : 0.044811099767684937, Mean_ioU: 0.8512217402458191, Mean_Dice: 0.9171394109725952
2023-11-06 12:51:36,039 [trainer.py:179] INFO: Epoch : 142, Train_loss : 0.04441998526453972, Mean_ioU: 0.85201495885849, Mean_Dice: 0.9174059629440308
2023-11-06 12:51:58,349 [trainer.py:179] INFO: Epoch : 143, Train_loss : 0.04551862180233002, Mean_ioU: 0.8491575121879578, Mean_Dice: 0.9157535433769226
2023-11-06 12:52:23,452 [trainer.py:179] INFO: Epoch : 144, Train_loss : 0.04441266879439354, Mean_ioU: 0.8520082831382751, Mean_Dice: 0.9176416397094727
2023-11-06 12:52:45,687 [trainer.py:179] INFO: Epoch : 145, Train_loss : 0.043838951736688614, Mean_ioU: 0.8531599640846252, Mean_Dice: 0.9184250831604004
2023-11-06 12:53:08,619 [trainer.py:179] INFO: Epoch : 146, Train_loss : 0.04427502676844597, Mean_ioU: 0.8511723279953003, Mean_Dice: 0.9169352054595947
2023-11-06 12:53:31,276 [trainer.py:179] INFO: Epoch : 147, Train_loss : 0.045010533183813095, Mean_ioU: 0.8501814007759094, Mean_Dice: 0.9163526296615601
2023-11-06 12:53:53,778 [trainer.py:179] INFO: Epoch : 148, Train_loss : 0.044087965041399, Mean_ioU: 0.8516381978988647, Mean_Dice: 0.9170657992362976
2023-11-06 12:54:16,222 [trainer.py:179] INFO: Epoch : 149, Train_loss : 0.044558364897966385, Mean_ioU: 0.8513692617416382, Mean_Dice: 0.917158305644989
2023-11-06 12:54:38,590 [trainer.py:179] INFO: Epoch : 150, Train_loss : 0.04471003636717796, Mean_ioU: 0.8510258793830872, Mean_Dice: 0.916889488697052
2023-11-06 12:54:39,738 [trainer.py:227] INFO: Validation: Loss : 0.08929415792226791, mIoU : 0.7403035759925842, mDice : 0.842919647693634
2023-11-06 12:55:03,138 [trainer.py:179] INFO: Epoch : 151, Train_loss : 0.04422970116138458, Mean_ioU: 0.8512665033340454, Mean_Dice: 0.9171050190925598
2023-11-06 12:55:25,556 [trainer.py:179] INFO: Epoch : 152, Train_loss : 0.044712912291288376, Mean_ioU: 0.8510259985923767, Mean_Dice: 0.9169108271598816
2023-11-06 12:55:47,876 [trainer.py:179] INFO: Epoch : 153, Train_loss : 0.045748043805360794, Mean_ioU: 0.8486807346343994, Mean_Dice: 0.9153428077697754
2023-11-06 12:56:10,092 [trainer.py:179] INFO: Epoch : 154, Train_loss : 0.046785492449998856, Mean_ioU: 0.8463380336761475, Mean_Dice: 0.9138290882110596
2023-11-06 12:56:32,745 [trainer.py:179] INFO: Epoch : 155, Train_loss : 0.04400944337248802, Mean_ioU: 0.8526653051376343, Mean_Dice: 0.9179395437240601
2023-11-06 12:56:55,565 [trainer.py:179] INFO: Epoch : 156, Train_loss : 0.045032113790512085, Mean_ioU: 0.8509933352470398, Mean_Dice: 0.916841447353363
2023-11-06 12:57:18,673 [trainer.py:179] INFO: Epoch : 157, Train_loss : 0.04417393356561661, Mean_ioU: 0.8524137139320374, Mean_Dice: 0.9178251624107361
2023-11-06 12:57:41,313 [trainer.py:179] INFO: Epoch : 158, Train_loss : 0.044385503977537155, Mean_ioU: 0.8524354100227356, Mean_Dice: 0.9177772998809814
2023-11-06 12:58:03,463 [trainer.py:179] INFO: Epoch : 159, Train_loss : 0.04386172071099281, Mean_ioU: 0.8528803586959839, Mean_Dice: 0.9181967377662659
2023-11-06 12:58:26,462 [trainer.py:179] INFO: Epoch : 160, Train_loss : 0.044554438441991806, Mean_ioU: 0.8520700335502625, Mean_Dice: 0.9175483584403992
2023-11-06 12:58:27,572 [trainer.py:227] INFO: Validation: Loss : 0.08912951499223709, mIoU : 0.7407109141349792, mDice : 0.8432191014289856
2023-11-06 12:58:52,602 [trainer.py:179] INFO: Epoch : 161, Train_loss : 0.044589538127183914, Mean_ioU: 0.8517447710037231, Mean_Dice: 0.9174466729164124
2023-11-06 12:59:17,872 [trainer.py:179] INFO: Epoch : 162, Train_loss : 0.044755205512046814, Mean_ioU: 0.8507497906684875, Mean_Dice: 0.9166882634162903
2023-11-06 12:59:44,380 [trainer.py:179] INFO: Epoch : 163, Train_loss : 0.04475081339478493, Mean_ioU: 0.8518055081367493, Mean_Dice: 0.9174806475639343
2023-11-06 13:00:09,154 [trainer.py:179] INFO: Epoch : 164, Train_loss : 0.04395125061273575, Mean_ioU: 0.8522820472717285, Mean_Dice: 0.9177584052085876
2023-11-06 13:00:35,054 [trainer.py:179] INFO: Epoch : 165, Train_loss : 0.04496645927429199, Mean_ioU: 0.849628746509552, Mean_Dice: 0.915881872177124
2023-11-06 13:00:57,824 [trainer.py:179] INFO: Epoch : 166, Train_loss : 0.044490281492471695, Mean_ioU: 0.8506499528884888, Mean_Dice: 0.9167583584785461
2023-11-06 13:01:20,681 [trainer.py:179] INFO: Epoch : 167, Train_loss : 0.04361603409051895, Mean_ioU: 0.8535684943199158, Mean_Dice: 0.9185852408409119
2023-11-06 13:01:43,603 [trainer.py:179] INFO: Epoch : 168, Train_loss : 0.04397869110107422, Mean_ioU: 0.8524407148361206, Mean_Dice: 0.9181069731712341
2023-11-06 13:02:12,650 [trainer.py:179] INFO: Epoch : 169, Train_loss : 0.04397553205490112, Mean_ioU: 0.8524789810180664, Mean_Dice: 0.9177975058555603
2023-11-06 13:02:41,143 [trainer.py:179] INFO: Epoch : 170, Train_loss : 0.04384712874889374, Mean_ioU: 0.8522892594337463, Mean_Dice: 0.9176823496818542
2023-11-06 13:02:42,341 [trainer.py:227] INFO: Validation: Loss : 0.08923588693141937, mIoU : 0.7407646775245667, mDice : 0.8432503938674927
2023-11-06 13:03:07,777 [trainer.py:179] INFO: Epoch : 171, Train_loss : 0.04437660425901413, Mean_ioU: 0.8518258929252625, Mean_Dice: 0.9175674915313721
2023-11-06 13:03:30,227 [trainer.py:179] INFO: Epoch : 172, Train_loss : 0.045038338750600815, Mean_ioU: 0.8509814739227295, Mean_Dice: 0.916886568069458
2023-11-06 13:03:52,908 [trainer.py:179] INFO: Epoch : 173, Train_loss : 0.04463145509362221, Mean_ioU: 0.8514134287834167, Mean_Dice: 0.9170714020729065
2023-11-06 13:04:15,312 [trainer.py:179] INFO: Epoch : 174, Train_loss : 0.04425594210624695, Mean_ioU: 0.8514046669006348, Mean_Dice: 0.917336106300354
2023-11-06 13:04:37,753 [trainer.py:179] INFO: Epoch : 175, Train_loss : 0.04434182867407799, Mean_ioU: 0.8520000576972961, Mean_Dice: 0.9175722002983093
2023-11-06 13:05:00,200 [trainer.py:179] INFO: Epoch : 176, Train_loss : 0.04498182609677315, Mean_ioU: 0.850035548210144, Mean_Dice: 0.916098415851593
2023-11-06 13:05:22,696 [trainer.py:179] INFO: Epoch : 177, Train_loss : 0.044870879501104355, Mean_ioU: 0.8504611849784851, Mean_Dice: 0.9164876937866211
2023-11-06 13:05:45,180 [trainer.py:179] INFO: Epoch : 178, Train_loss : 0.04301050305366516, Mean_ioU: 0.8547439575195312, Mean_Dice: 0.9193201661109924
2023-11-06 13:06:07,620 [trainer.py:179] INFO: Epoch : 179, Train_loss : 0.044401202350854874, Mean_ioU: 0.8511360287666321, Mean_Dice: 0.9168611764907837
2023-11-06 13:06:30,180 [trainer.py:179] INFO: Epoch : 180, Train_loss : 0.04579386115074158, Mean_ioU: 0.8484752774238586, Mean_Dice: 0.9153621792793274
2023-11-06 13:06:31,254 [trainer.py:227] INFO: Validation: Loss : 0.08943550288677216, mIoU : 0.7400108575820923, mDice : 0.8427034020423889
2023-11-06 13:06:53,867 [trainer.py:179] INFO: Epoch : 181, Train_loss : 0.04501819238066673, Mean_ioU: 0.8507388234138489, Mean_Dice: 0.9167926907539368
2023-11-06 13:07:16,903 [trainer.py:179] INFO: Epoch : 182, Train_loss : 0.044791821390390396, Mean_ioU: 0.8513275980949402, Mean_Dice: 0.9170606732368469
2023-11-06 13:07:39,553 [trainer.py:179] INFO: Epoch : 183, Train_loss : 0.045945875346660614, Mean_ioU: 0.8486005067825317, Mean_Dice: 0.9152440428733826
2023-11-06 13:08:01,348 [trainer.py:179] INFO: Epoch : 184, Train_loss : 0.04529331997036934, Mean_ioU: 0.848877489566803, Mean_Dice: 0.915550708770752
2023-11-06 13:08:23,524 [trainer.py:179] INFO: Epoch : 185, Train_loss : 0.04474760964512825, Mean_ioU: 0.8511975407600403, Mean_Dice: 0.9169408082962036
2023-11-06 13:08:46,130 [trainer.py:179] INFO: Epoch : 186, Train_loss : 0.044421613216400146, Mean_ioU: 0.8508173227310181, Mean_Dice: 0.9168044924736023
2023-11-06 13:09:08,380 [trainer.py:179] INFO: Epoch : 187, Train_loss : 0.045450106263160706, Mean_ioU: 0.8493192195892334, Mean_Dice: 0.9159418940544128
2023-11-06 13:09:30,638 [trainer.py:179] INFO: Epoch : 188, Train_loss : 0.04483276233077049, Mean_ioU: 0.8508809804916382, Mean_Dice: 0.916812539100647
2023-11-06 13:09:52,924 [trainer.py:179] INFO: Epoch : 189, Train_loss : 0.04462796822190285, Mean_ioU: 0.8510648608207703, Mean_Dice: 0.9169720411300659
2023-11-06 13:10:14,633 [trainer.py:179] INFO: Epoch : 190, Train_loss : 0.0452900268137455, Mean_ioU: 0.8494892120361328, Mean_Dice: 0.9159186482429504
2023-11-06 13:10:15,781 [trainer.py:227] INFO: Validation: Loss : 0.08934199810028076, mIoU : 0.7406243085861206, mDice : 0.8431371450424194
2023-11-06 13:10:38,194 [trainer.py:179] INFO: Epoch : 191, Train_loss : 0.04489528760313988, Mean_ioU: 0.850059986114502, Mean_Dice: 0.9165524244308472
2023-11-06 13:11:00,478 [trainer.py:179] INFO: Epoch : 192, Train_loss : 0.04390806332230568, Mean_ioU: 0.8520933985710144, Mean_Dice: 0.9176396727561951
2023-11-06 13:11:22,056 [trainer.py:179] INFO: Epoch : 193, Train_loss : 0.04503100737929344, Mean_ioU: 0.8493241667747498, Mean_Dice: 0.9158648252487183
2023-11-06 13:11:44,442 [trainer.py:179] INFO: Epoch : 194, Train_loss : 0.04474613443017006, Mean_ioU: 0.8505659699440002, Mean_Dice: 0.9167322516441345
2023-11-06 13:12:06,768 [trainer.py:179] INFO: Epoch : 195, Train_loss : 0.044549379497766495, Mean_ioU: 0.8515336513519287, Mean_Dice: 0.9171611070632935
2023-11-06 13:12:28,132 [trainer.py:179] INFO: Epoch : 196, Train_loss : 0.04469416290521622, Mean_ioU: 0.8503496646881104, Mean_Dice: 0.9164555668830872
2023-11-06 13:12:50,961 [trainer.py:179] INFO: Epoch : 197, Train_loss : 0.0448121652007103, Mean_ioU: 0.8502756357192993, Mean_Dice: 0.9164345860481262
2023-11-06 13:13:12,854 [trainer.py:179] INFO: Epoch : 198, Train_loss : 0.0434802770614624, Mean_ioU: 0.8540486693382263, Mean_Dice: 0.9190188050270081
2023-11-06 13:13:35,768 [trainer.py:179] INFO: Epoch : 199, Train_loss : 0.0444360226392746, Mean_ioU: 0.851047933101654, Mean_Dice: 0.9169667959213257
2023-11-06 13:13:58,679 [trainer.py:179] INFO: Epoch : 200, Train_loss : 0.044994376599788666, Mean_ioU: 0.8502385020256042, Mean_Dice: 0.9163221716880798
2023-11-06 13:13:59,862 [trainer.py:227] INFO: Validation: Loss : 0.08938965946435928, mIoU : 0.7403179407119751, mDice : 0.8429105281829834
2023-11-06 13:14:23,121 [trainer.py:179] INFO: Epoch : 201, Train_loss : 0.04399563744664192, Mean_ioU: 0.8521075248718262, Mean_Dice: 0.9176985621452332
2023-11-06 13:14:45,669 [trainer.py:179] INFO: Epoch : 202, Train_loss : 0.04441137984395027, Mean_ioU: 0.8515316843986511, Mean_Dice: 0.9172739386558533
2023-11-06 13:15:08,043 [trainer.py:179] INFO: Epoch : 203, Train_loss : 0.044056810438632965, Mean_ioU: 0.851950466632843, Mean_Dice: 0.9174932241439819
2023-11-06 13:15:30,506 [trainer.py:179] INFO: Epoch : 204, Train_loss : 0.04474722594022751, Mean_ioU: 0.8508561849594116, Mean_Dice: 0.9168169498443604
2023-11-06 13:15:52,906 [trainer.py:179] INFO: Epoch : 205, Train_loss : 0.0438787043094635, Mean_ioU: 0.8527993559837341, Mean_Dice: 0.9182029366493225
2023-11-06 13:16:15,108 [trainer.py:179] INFO: Epoch : 206, Train_loss : 0.0446392185986042, Mean_ioU: 0.8508550524711609, Mean_Dice: 0.9168601036071777
2023-11-06 13:16:38,939 [trainer.py:179] INFO: Epoch : 207, Train_loss : 0.044211745262145996, Mean_ioU: 0.8510474562644958, Mean_Dice: 0.9168519973754883
2023-11-06 13:17:00,941 [trainer.py:179] INFO: Epoch : 208, Train_loss : 0.04519907757639885, Mean_ioU: 0.8501238226890564, Mean_Dice: 0.9164158701896667
2023-11-06 13:17:24,603 [trainer.py:179] INFO: Epoch : 209, Train_loss : 0.04577774927020073, Mean_ioU: 0.8497712016105652, Mean_Dice: 0.9161022901535034
2023-11-06 13:17:47,764 [trainer.py:179] INFO: Epoch : 210, Train_loss : 0.04487833380699158, Mean_ioU: 0.8509382009506226, Mean_Dice: 0.917095422744751
2023-11-06 13:17:48,900 [trainer.py:227] INFO: Validation: Loss : 0.0893891379237175, mIoU : 0.7406518459320068, mDice : 0.8431223630905151
2023-11-06 13:18:11,270 [trainer.py:179] INFO: Epoch : 211, Train_loss : 0.04384194314479828, Mean_ioU: 0.8520574569702148, Mean_Dice: 0.9174677133560181
2023-11-06 13:18:33,140 [trainer.py:179] INFO: Epoch : 212, Train_loss : 0.04462532326579094, Mean_ioU: 0.8513674736022949, Mean_Dice: 0.9172435998916626
2023-11-06 13:18:56,202 [trainer.py:179] INFO: Epoch : 213, Train_loss : 0.04520503804087639, Mean_ioU: 0.8489431738853455, Mean_Dice: 0.9155744910240173
2023-11-06 13:19:19,107 [trainer.py:179] INFO: Epoch : 214, Train_loss : 0.04438142850995064, Mean_ioU: 0.8513487577438354, Mean_Dice: 0.917148232460022
2023-11-06 13:19:41,647 [trainer.py:179] INFO: Epoch : 215, Train_loss : 0.04445483535528183, Mean_ioU: 0.851881742477417, Mean_Dice: 0.9176051020622253
2023-11-06 13:20:03,555 [trainer.py:179] INFO: Epoch : 216, Train_loss : 0.04524948075413704, Mean_ioU: 0.8501886129379272, Mean_Dice: 0.9165040850639343
2023-11-06 13:20:27,045 [trainer.py:179] INFO: Epoch : 217, Train_loss : 0.04510530084371567, Mean_ioU: 0.8487509489059448, Mean_Dice: 0.9154348373413086
2023-11-06 13:20:49,636 [trainer.py:179] INFO: Epoch : 218, Train_loss : 0.044122498482465744, Mean_ioU: 0.8520427942276001, Mean_Dice: 0.9175441861152649
2023-11-06 13:21:12,583 [trainer.py:179] INFO: Epoch : 219, Train_loss : 0.04471832141280174, Mean_ioU: 0.8508899211883545, Mean_Dice: 0.9169675707817078
2023-11-06 13:21:34,937 [trainer.py:179] INFO: Epoch : 220, Train_loss : 0.045613110065460205, Mean_ioU: 0.8485015630722046, Mean_Dice: 0.9151113033294678
2023-11-06 13:21:36,123 [trainer.py:227] INFO: Validation: Loss : 0.08904485404491425, mIoU : 0.7411604523658752, mDice : 0.8435056209564209
2023-11-06 13:21:36,368 [utils.py:24] INFO: Saving ./checkpoint/ckpt_ model_219 ckp 
2023-11-06 13:21:58,787 [trainer.py:179] INFO: Epoch : 221, Train_loss : 0.044530753046274185, Mean_ioU: 0.8507482409477234, Mean_Dice: 0.9166562557220459
2023-11-06 13:22:20,489 [trainer.py:179] INFO: Epoch : 222, Train_loss : 0.04439520090818405, Mean_ioU: 0.8512550592422485, Mean_Dice: 0.9169619679450989
2023-11-06 13:22:42,864 [trainer.py:179] INFO: Epoch : 223, Train_loss : 0.04574587568640709, Mean_ioU: 0.8482483625411987, Mean_Dice: 0.9152060747146606
2023-11-06 13:23:05,068 [trainer.py:179] INFO: Epoch : 224, Train_loss : 0.04397505521774292, Mean_ioU: 0.8524880409240723, Mean_Dice: 0.9177495837211609
2023-11-06 13:23:28,259 [trainer.py:179] INFO: Epoch : 225, Train_loss : 0.04500260204076767, Mean_ioU: 0.8505676984786987, Mean_Dice: 0.9166600108146667
2023-11-06 13:23:51,100 [trainer.py:179] INFO: Epoch : 226, Train_loss : 0.04410506412386894, Mean_ioU: 0.8510704040527344, Mean_Dice: 0.9167498350143433
2023-11-06 13:24:13,624 [trainer.py:179] INFO: Epoch : 227, Train_loss : 0.0441560298204422, Mean_ioU: 0.8522458076477051, Mean_Dice: 0.917809009552002
2023-11-06 13:24:35,983 [trainer.py:179] INFO: Epoch : 228, Train_loss : 0.04366147145628929, Mean_ioU: 0.8539016842842102, Mean_Dice: 0.9186557531356812
2023-11-06 13:24:58,292 [trainer.py:179] INFO: Epoch : 229, Train_loss : 0.04416443035006523, Mean_ioU: 0.8529477715492249, Mean_Dice: 0.9183213710784912
2023-11-06 13:25:20,927 [trainer.py:179] INFO: Epoch : 230, Train_loss : 0.04450778290629387, Mean_ioU: 0.8505107760429382, Mean_Dice: 0.9167298674583435
2023-11-06 13:25:21,983 [trainer.py:227] INFO: Validation: Loss : 0.08930991590023041, mIoU : 0.7407861948013306, mDice : 0.8432512879371643
2023-11-06 13:25:44,153 [trainer.py:179] INFO: Epoch : 231, Train_loss : 0.044172253459692, Mean_ioU: 0.8521519303321838, Mean_Dice: 0.9175148010253906
2023-11-06 13:26:06,095 [trainer.py:179] INFO: Epoch : 232, Train_loss : 0.04461553692817688, Mean_ioU: 0.8501331806182861, Mean_Dice: 0.9161481261253357
2023-11-06 13:26:28,630 [trainer.py:179] INFO: Epoch : 233, Train_loss : 0.04471975192427635, Mean_ioU: 0.8509390950202942, Mean_Dice: 0.9168634414672852
2023-11-06 13:26:51,418 [trainer.py:179] INFO: Epoch : 234, Train_loss : 0.043622490018606186, Mean_ioU: 0.8537271618843079, Mean_Dice: 0.9187086224555969
2023-11-06 13:27:14,006 [trainer.py:179] INFO: Epoch : 235, Train_loss : 0.044169649481773376, Mean_ioU: 0.8528881072998047, Mean_Dice: 0.9180479645729065
2023-11-06 13:27:35,873 [trainer.py:179] INFO: Epoch : 236, Train_loss : 0.04508072882890701, Mean_ioU: 0.8503208160400391, Mean_Dice: 0.9164137840270996
2023-11-06 13:27:58,025 [trainer.py:179] INFO: Epoch : 237, Train_loss : 0.04617652669548988, Mean_ioU: 0.847743034362793, Mean_Dice: 0.9146896004676819
2023-11-06 13:28:21,677 [trainer.py:179] INFO: Epoch : 238, Train_loss : 0.045273344963788986, Mean_ioU: 0.8488531708717346, Mean_Dice: 0.9156416058540344
2023-11-06 13:28:44,572 [trainer.py:179] INFO: Epoch : 239, Train_loss : 0.04504969343543053, Mean_ioU: 0.8496055603027344, Mean_Dice: 0.9158557057380676
2023-11-06 13:29:07,158 [trainer.py:179] INFO: Epoch : 240, Train_loss : 0.045171573758125305, Mean_ioU: 0.8502508997917175, Mean_Dice: 0.916415810585022
2023-11-06 13:29:08,243 [trainer.py:227] INFO: Validation: Loss : 0.08933987468481064, mIoU : 0.7407429814338684, mDice : 0.8432195782661438
2023-11-06 13:29:30,306 [trainer.py:179] INFO: Epoch : 241, Train_loss : 0.046132415533065796, Mean_ioU: 0.8477967381477356, Mean_Dice: 0.9148243069648743
2023-11-06 13:29:52,965 [trainer.py:179] INFO: Epoch : 242, Train_loss : 0.045008666813373566, Mean_ioU: 0.8495358824729919, Mean_Dice: 0.9160311222076416
2023-11-06 13:30:15,456 [trainer.py:179] INFO: Epoch : 243, Train_loss : 0.045627765357494354, Mean_ioU: 0.8490633964538574, Mean_Dice: 0.9154901504516602
2023-11-06 13:30:37,986 [trainer.py:179] INFO: Epoch : 244, Train_loss : 0.044201578944921494, Mean_ioU: 0.8511773943901062, Mean_Dice: 0.9169081449508667
2023-11-06 13:31:00,286 [trainer.py:179] INFO: Epoch : 245, Train_loss : 0.04473847150802612, Mean_ioU: 0.8512585163116455, Mean_Dice: 0.9170289039611816
2023-11-06 13:31:22,293 [trainer.py:179] INFO: Epoch : 246, Train_loss : 0.04359528422355652, Mean_ioU: 0.8527818918228149, Mean_Dice: 0.9182683229446411
2023-11-06 13:31:44,314 [trainer.py:179] INFO: Epoch : 247, Train_loss : 0.04522177577018738, Mean_ioU: 0.849561870098114, Mean_Dice: 0.9159330129623413
2023-11-06 13:32:07,218 [trainer.py:179] INFO: Epoch : 248, Train_loss : 0.04428181052207947, Mean_ioU: 0.8520869016647339, Mean_Dice: 0.9176737666130066
2023-11-06 13:32:29,351 [trainer.py:179] INFO: Epoch : 249, Train_loss : 0.04394400492310524, Mean_ioU: 0.8528026342391968, Mean_Dice: 0.9181357026100159
2023-11-06 13:32:51,748 [trainer.py:179] INFO: Epoch : 250, Train_loss : 0.044034842401742935, Mean_ioU: 0.8518679738044739, Mean_Dice: 0.9173386693000793
2023-11-06 13:32:52,757 [trainer.py:227] INFO: Validation: Loss : 0.08942943066358566, mIoU : 0.7408030033111572, mDice : 0.8432701230049133
2023-11-06 13:33:16,086 [trainer.py:179] INFO: Epoch : 251, Train_loss : 0.043949760496616364, Mean_ioU: 0.8529604077339172, Mean_Dice: 0.9181941747665405
2023-11-06 13:33:38,853 [trainer.py:179] INFO: Epoch : 252, Train_loss : 0.04499606788158417, Mean_ioU: 0.850360631942749, Mean_Dice: 0.9165240526199341
2023-11-06 13:34:01,244 [trainer.py:179] INFO: Epoch : 253, Train_loss : 0.044091422110795975, Mean_ioU: 0.8525093197822571, Mean_Dice: 0.9177541732788086
2023-11-06 13:34:23,358 [trainer.py:179] INFO: Epoch : 254, Train_loss : 0.04442942515015602, Mean_ioU: 0.8518036603927612, Mean_Dice: 0.9174690842628479
2023-11-06 13:34:45,851 [trainer.py:179] INFO: Epoch : 255, Train_loss : 0.04669986292719841, Mean_ioU: 0.8456256985664368, Mean_Dice: 0.9131306409835815
2023-11-06 13:35:07,814 [trainer.py:179] INFO: Epoch : 256, Train_loss : 0.04462103173136711, Mean_ioU: 0.8514107465744019, Mean_Dice: 0.9172270894050598
2023-11-06 13:35:29,727 [trainer.py:179] INFO: Epoch : 257, Train_loss : 0.045601021498441696, Mean_ioU: 0.8487634658813477, Mean_Dice: 0.9154248833656311
2023-11-06 13:35:52,756 [trainer.py:179] INFO: Epoch : 258, Train_loss : 0.04432409629225731, Mean_ioU: 0.8513648509979248, Mean_Dice: 0.9171460866928101
2023-11-06 13:36:15,419 [trainer.py:179] INFO: Epoch : 259, Train_loss : 0.04489894211292267, Mean_ioU: 0.8503118753433228, Mean_Dice: 0.9164686799049377
2023-11-06 13:36:38,190 [trainer.py:179] INFO: Epoch : 260, Train_loss : 0.0444631390273571, Mean_ioU: 0.8510497212409973, Mean_Dice: 0.9167900085449219
2023-11-06 13:36:39,297 [trainer.py:227] INFO: Validation: Loss : 0.0893329456448555, mIoU : 0.7402459383010864, mDice : 0.8429248332977295
2023-11-06 13:37:01,553 [trainer.py:179] INFO: Epoch : 261, Train_loss : 0.04373238980770111, Mean_ioU: 0.8529905080795288, Mean_Dice: 0.918048083782196
2023-11-06 13:37:24,636 [trainer.py:179] INFO: Epoch : 262, Train_loss : 0.04507532715797424, Mean_ioU: 0.8497804403305054, Mean_Dice: 0.9158525466918945
2023-11-06 13:37:47,022 [trainer.py:179] INFO: Epoch : 263, Train_loss : 0.044574838131666183, Mean_ioU: 0.8513936996459961, Mean_Dice: 0.9171011447906494
2023-11-06 13:38:09,008 [trainer.py:179] INFO: Epoch : 264, Train_loss : 0.04470326751470566, Mean_ioU: 0.8511401414871216, Mean_Dice: 0.916953980922699
2023-11-06 13:38:30,788 [trainer.py:179] INFO: Epoch : 265, Train_loss : 0.04432320222258568, Mean_ioU: 0.8506333827972412, Mean_Dice: 0.9168205857276917
2023-11-06 13:38:52,714 [trainer.py:179] INFO: Epoch : 266, Train_loss : 0.04488132521510124, Mean_ioU: 0.8506293296813965, Mean_Dice: 0.9166284799575806
2023-11-06 13:39:15,184 [trainer.py:179] INFO: Epoch : 267, Train_loss : 0.045032698661088943, Mean_ioU: 0.8487778306007385, Mean_Dice: 0.915467381477356
2023-11-06 13:39:38,174 [trainer.py:179] INFO: Epoch : 268, Train_loss : 0.044562578201293945, Mean_ioU: 0.8513044118881226, Mean_Dice: 0.9170783758163452
2023-11-06 13:40:01,655 [trainer.py:179] INFO: Epoch : 269, Train_loss : 0.044271115213632584, Mean_ioU: 0.8524211049079895, Mean_Dice: 0.9177008271217346
2023-11-06 13:40:24,171 [trainer.py:179] INFO: Epoch : 270, Train_loss : 0.044691428542137146, Mean_ioU: 0.8516295552253723, Mean_Dice: 0.9172922372817993
2023-11-06 13:40:25,254 [trainer.py:227] INFO: Validation: Loss : 0.08932428061962128, mIoU : 0.7407031059265137, mDice : 0.8431810736656189
2023-11-06 13:40:47,996 [trainer.py:179] INFO: Epoch : 271, Train_loss : 0.04440368711948395, Mean_ioU: 0.8517541289329529, Mean_Dice: 0.9172127842903137
2023-11-06 13:41:09,794 [trainer.py:179] INFO: Epoch : 272, Train_loss : 0.04540638253092766, Mean_ioU: 0.8484619855880737, Mean_Dice: 0.9151409268379211
2023-11-06 13:41:31,690 [trainer.py:179] INFO: Epoch : 273, Train_loss : 0.04294435307383537, Mean_ioU: 0.8556057214736938, Mean_Dice: 0.9198015928268433
2023-11-06 13:41:54,286 [trainer.py:179] INFO: Epoch : 274, Train_loss : 0.04486428573727608, Mean_ioU: 0.8503974080085754, Mean_Dice: 0.9165048003196716
2023-11-06 13:42:16,552 [trainer.py:179] INFO: Epoch : 275, Train_loss : 0.044414833188056946, Mean_ioU: 0.852192223072052, Mean_Dice: 0.9177718758583069
2023-11-06 13:42:39,191 [trainer.py:179] INFO: Epoch : 276, Train_loss : 0.044472258538007736, Mean_ioU: 0.8508884310722351, Mean_Dice: 0.9166601300239563
2023-11-06 13:43:01,835 [trainer.py:179] INFO: Epoch : 277, Train_loss : 0.04410817101597786, Mean_ioU: 0.8525012731552124, Mean_Dice: 0.9179372787475586
2023-11-06 13:43:24,376 [trainer.py:179] INFO: Epoch : 278, Train_loss : 0.04480545595288277, Mean_ioU: 0.8506175875663757, Mean_Dice: 0.916838526725769
2023-11-06 13:43:46,443 [trainer.py:179] INFO: Epoch : 279, Train_loss : 0.045022476464509964, Mean_ioU: 0.8492463827133179, Mean_Dice: 0.9159203767776489
2023-11-06 13:44:08,983 [trainer.py:179] INFO: Epoch : 280, Train_loss : 0.04559586942195892, Mean_ioU: 0.8501269221305847, Mean_Dice: 0.9162922501564026
2023-11-06 13:44:10,117 [trainer.py:227] INFO: Validation: Loss : 0.08931922912597656, mIoU : 0.7401145100593567, mDice : 0.8427724242210388
2023-11-06 13:44:33,375 [trainer.py:179] INFO: Epoch : 281, Train_loss : 0.04452397674322128, Mean_ioU: 0.8517142534255981, Mean_Dice: 0.9174062609672546
2023-11-06 13:44:56,618 [trainer.py:179] INFO: Epoch : 282, Train_loss : 0.044583067297935486, Mean_ioU: 0.8512570858001709, Mean_Dice: 0.916992723941803
2023-11-06 13:45:19,443 [trainer.py:179] INFO: Epoch : 283, Train_loss : 0.04453705623745918, Mean_ioU: 0.8512448668479919, Mean_Dice: 0.9170799255371094
2023-11-06 13:45:42,595 [trainer.py:179] INFO: Epoch : 284, Train_loss : 0.04479370266199112, Mean_ioU: 0.8505468964576721, Mean_Dice: 0.9163622260093689
2023-11-06 13:46:04,635 [trainer.py:179] INFO: Epoch : 285, Train_loss : 0.04535984247922897, Mean_ioU: 0.8488827347755432, Mean_Dice: 0.9154677391052246
2023-11-06 13:46:26,930 [trainer.py:179] INFO: Epoch : 286, Train_loss : 0.04495857283473015, Mean_ioU: 0.8500847816467285, Mean_Dice: 0.9162800312042236
2023-11-06 13:46:49,629 [trainer.py:179] INFO: Epoch : 287, Train_loss : 0.045614492148160934, Mean_ioU: 0.8488598465919495, Mean_Dice: 0.9154244065284729
2023-11-06 13:47:12,611 [trainer.py:179] INFO: Epoch : 288, Train_loss : 0.04488153010606766, Mean_ioU: 0.8497758507728577, Mean_Dice: 0.916033148765564
2023-11-06 13:47:35,125 [trainer.py:179] INFO: Epoch : 289, Train_loss : 0.045654796063899994, Mean_ioU: 0.8493528962135315, Mean_Dice: 0.91594398021698
2023-11-06 13:47:57,197 [trainer.py:179] INFO: Epoch : 290, Train_loss : 0.04576520994305611, Mean_ioU: 0.8491957187652588, Mean_Dice: 0.9156936407089233
2023-11-06 13:47:58,266 [trainer.py:227] INFO: Validation: Loss : 0.08920317888259888, mIoU : 0.7408962249755859, mDice : 0.8433578610420227
2023-11-06 13:48:20,884 [trainer.py:179] INFO: Epoch : 291, Train_loss : 0.04506880044937134, Mean_ioU: 0.8497570753097534, Mean_Dice: 0.916093111038208
2023-11-06 13:48:44,167 [trainer.py:179] INFO: Epoch : 292, Train_loss : 0.0451166033744812, Mean_ioU: 0.84945148229599, Mean_Dice: 0.9160146713256836
2023-11-06 13:49:07,116 [trainer.py:179] INFO: Epoch : 293, Train_loss : 0.045147743076086044, Mean_ioU: 0.8490409255027771, Mean_Dice: 0.9156023859977722
2023-11-06 13:49:30,716 [trainer.py:179] INFO: Epoch : 294, Train_loss : 0.04413999989628792, Mean_ioU: 0.8524465560913086, Mean_Dice: 0.9177355766296387
2023-11-06 13:49:53,370 [trainer.py:179] INFO: Epoch : 295, Train_loss : 0.044412482529878616, Mean_ioU: 0.850984513759613, Mean_Dice: 0.9167973399162292
2023-11-06 13:50:16,048 [trainer.py:179] INFO: Epoch : 296, Train_loss : 0.04525711014866829, Mean_ioU: 0.8487789034843445, Mean_Dice: 0.9155319333076477
2023-11-06 13:50:38,281 [trainer.py:179] INFO: Epoch : 297, Train_loss : 0.04508459195494652, Mean_ioU: 0.8499354124069214, Mean_Dice: 0.916231632232666
2023-11-06 13:51:01,071 [trainer.py:179] INFO: Epoch : 298, Train_loss : 0.044003117829561234, Mean_ioU: 0.8526908159255981, Mean_Dice: 0.9181493520736694
2023-11-06 13:51:24,534 [trainer.py:179] INFO: Epoch : 299, Train_loss : 0.04543939605355263, Mean_ioU: 0.8494054079055786, Mean_Dice: 0.915654718875885
2023-11-06 13:51:47,288 [trainer.py:179] INFO: Epoch : 300, Train_loss : 0.04536370187997818, Mean_ioU: 0.8491579294204712, Mean_Dice: 0.9155589938163757
2023-11-06 13:51:48,405 [trainer.py:227] INFO: Validation: Loss : 0.08919140696525574, mIoU : 0.7410381436347961, mDice : 0.8434381484985352
2023-11-06 13:51:48,648 [train.py:136] INFO: ==========finish train=========
2023-11-06 13:51:48,650 [train.py:145] INFO: ==========finish work=========
