2023-10-15 23:40:00,545 [train.py:60] INFO: learning rate : 0.001
2023-10-15 23:40:00,546 [train.py:61] INFO: batch size : 4
2023-10-15 23:40:00,546 [train.py:62] INFO: num epoch : 300
2023-10-15 23:40:00,546 [train.py:63] INFO: trainflow: 10
2023-10-15 23:40:00,546 [train.py:84] INFO: ==========Start training=========
2023-10-15 23:41:05,674 [trainer.py:142] INFO: Epoch : 1, Train_loss : 0.5737869739532471, Mean_ioU: 0.0018021771684288979, Mean_Dice: 0.003468988696113229
2023-10-15 23:42:08,016 [trainer.py:142] INFO: Epoch : 2, Train_loss : 0.5111340880393982, Mean_ioU: 0.0, Mean_Dice: 0.0
2023-10-15 23:43:09,738 [trainer.py:142] INFO: Epoch : 3, Train_loss : 0.40913742780685425, Mean_ioU: 0.014029469341039658, Mean_Dice: 0.02287578210234642
2023-10-15 23:44:12,124 [trainer.py:142] INFO: Epoch : 4, Train_loss : 0.2803546190261841, Mean_ioU: 0.39986029267311096, Mean_Dice: 0.5641987323760986
2023-10-15 23:45:13,886 [trainer.py:142] INFO: Epoch : 5, Train_loss : 0.25207680463790894, Mean_ioU: 0.4242723882198334, Mean_Dice: 0.5891528129577637
2023-10-15 23:46:15,559 [trainer.py:142] INFO: Epoch : 6, Train_loss : 0.2406182736158371, Mean_ioU: 0.4384598433971405, Mean_Dice: 0.6030954718589783
2023-10-15 23:47:17,310 [trainer.py:142] INFO: Epoch : 7, Train_loss : 0.23492906987667084, Mean_ioU: 0.4461667537689209, Mean_Dice: 0.6106165647506714
2023-10-15 23:48:19,360 [trainer.py:142] INFO: Epoch : 8, Train_loss : 0.2295304834842682, Mean_ioU: 0.4532341957092285, Mean_Dice: 0.6175813674926758
2023-10-15 23:49:21,268 [trainer.py:142] INFO: Epoch : 9, Train_loss : 0.22634419798851013, Mean_ioU: 0.4576977491378784, Mean_Dice: 0.6218175292015076
2023-10-15 23:50:22,911 [trainer.py:142] INFO: Epoch : 10, Train_loss : 0.22401010990142822, Mean_ioU: 0.4607131779193878, Mean_Dice: 0.6247471570968628
2023-10-15 23:50:26,948 [trainer.py:190] INFO: Validation: Loss : 0.22147022187709808, mIoU : 0.4643906354904175, mDice : 0.6280354261398315
2023-10-15 23:51:29,089 [trainer.py:142] INFO: Epoch : 11, Train_loss : 0.23282122611999512, Mean_ioU: 0.44896891713142395, Mean_Dice: 0.6127566695213318
2023-10-15 23:52:30,707 [trainer.py:142] INFO: Epoch : 12, Train_loss : 0.22592318058013916, Mean_ioU: 0.45995256304740906, Mean_Dice: 0.6233281493186951
2023-10-15 23:53:32,475 [trainer.py:142] INFO: Epoch : 13, Train_loss : 0.22318466007709503, Mean_ioU: 0.4626988470554352, Mean_Dice: 0.6258236169815063
2023-10-15 23:54:33,913 [trainer.py:142] INFO: Epoch : 14, Train_loss : 0.21815595030784607, Mean_ioU: 0.47008925676345825, Mean_Dice: 0.6329442858695984
2023-10-15 23:55:35,459 [trainer.py:142] INFO: Epoch : 15, Train_loss : 0.21428920328617096, Mean_ioU: 0.4751169979572296, Mean_Dice: 0.637450098991394
2023-10-15 23:56:36,802 [trainer.py:142] INFO: Epoch : 16, Train_loss : 0.21040475368499756, Mean_ioU: 0.48143643140792847, Mean_Dice: 0.643355131149292
2023-10-15 23:57:38,224 [trainer.py:142] INFO: Epoch : 17, Train_loss : 0.2092590481042862, Mean_ioU: 0.4828472435474396, Mean_Dice: 0.6446828246116638
2023-10-15 23:58:39,833 [trainer.py:142] INFO: Epoch : 18, Train_loss : 0.20732741057872772, Mean_ioU: 0.4859210252761841, Mean_Dice: 0.6474141478538513
2023-10-15 23:59:41,078 [trainer.py:142] INFO: Epoch : 19, Train_loss : 0.20364026725292206, Mean_ioU: 0.4913094937801361, Mean_Dice: 0.6523786783218384
2023-10-16 00:00:42,378 [trainer.py:142] INFO: Epoch : 20, Train_loss : 0.20223528146743774, Mean_ioU: 0.49463459849357605, Mean_Dice: 0.6553015112876892
2023-10-16 00:00:45,970 [trainer.py:190] INFO: Validation: Loss : 0.19773276150226593, mIoU : 0.5007063150405884, mDice : 0.6608965396881104
2023-10-16 00:00:46,012 [utils.py:24] INFO: Saving ./checkpoint/ckpt_0.197733 ckp 
2023-10-16 00:01:48,017 [trainer.py:142] INFO: Epoch : 21, Train_loss : 0.20027649402618408, Mean_ioU: 0.49684712290763855, Mean_Dice: 0.657354474067688
2023-10-16 00:02:49,628 [trainer.py:142] INFO: Epoch : 22, Train_loss : 0.19855302572250366, Mean_ioU: 0.4994930028915405, Mean_Dice: 0.6598747968673706
2023-10-16 00:03:51,335 [trainer.py:142] INFO: Epoch : 23, Train_loss : 0.19626325368881226, Mean_ioU: 0.504157543182373, Mean_Dice: 0.6640296578407288
2023-10-16 00:04:53,189 [trainer.py:142] INFO: Epoch : 24, Train_loss : 0.1962350606918335, Mean_ioU: 0.5042178630828857, Mean_Dice: 0.6640402674674988
2023-10-16 00:05:55,317 [trainer.py:142] INFO: Epoch : 25, Train_loss : 0.19502142071723938, Mean_ioU: 0.5057427287101746, Mean_Dice: 0.66539466381073
2023-10-16 00:06:56,985 [trainer.py:142] INFO: Epoch : 26, Train_loss : 0.19263310730457306, Mean_ioU: 0.5097273588180542, Mean_Dice: 0.6689267158508301
2023-10-16 00:07:58,368 [trainer.py:142] INFO: Epoch : 27, Train_loss : 0.19150876998901367, Mean_ioU: 0.5108602046966553, Mean_Dice: 0.6700275540351868
2023-10-16 00:08:59,954 [trainer.py:142] INFO: Epoch : 28, Train_loss : 0.1914948672056198, Mean_ioU: 0.511734664440155, Mean_Dice: 0.6707926392555237
2023-10-16 00:10:02,104 [trainer.py:142] INFO: Epoch : 29, Train_loss : 0.19067281484603882, Mean_ioU: 0.5123454928398132, Mean_Dice: 0.671402633190155
2023-10-16 00:11:04,676 [trainer.py:142] INFO: Epoch : 30, Train_loss : 0.19036930799484253, Mean_ioU: 0.5129918456077576, Mean_Dice: 0.6719452142715454
2023-10-16 00:11:08,306 [trainer.py:190] INFO: Validation: Loss : 0.18885460495948792, mIoU : 0.5166517496109009, mDice : 0.6753788590431213
2023-10-16 00:11:08,354 [utils.py:24] INFO: Saving ./checkpoint/ckpt_0.188855 ckp 
2023-10-16 00:12:10,028 [trainer.py:142] INFO: Epoch : 31, Train_loss : 0.19929078221321106, Mean_ioU: 0.4993167519569397, Mean_Dice: 0.6594347357749939
2023-10-16 00:13:11,495 [trainer.py:142] INFO: Epoch : 32, Train_loss : 0.19735613465309143, Mean_ioU: 0.5022138357162476, Mean_Dice: 0.6619503498077393
2023-10-16 00:14:12,830 [trainer.py:142] INFO: Epoch : 33, Train_loss : 0.19623447954654694, Mean_ioU: 0.5047825574874878, Mean_Dice: 0.6641610264778137
2023-10-16 00:15:15,105 [trainer.py:142] INFO: Epoch : 34, Train_loss : 0.19498027861118317, Mean_ioU: 0.5063185095787048, Mean_Dice: 0.6654395461082458
2023-10-16 00:16:16,508 [trainer.py:142] INFO: Epoch : 35, Train_loss : 0.19347243010997772, Mean_ioU: 0.5091307163238525, Mean_Dice: 0.6677257418632507
2023-10-16 00:17:17,594 [trainer.py:142] INFO: Epoch : 36, Train_loss : 0.19187186658382416, Mean_ioU: 0.5114417672157288, Mean_Dice: 0.669976532459259
2023-10-16 00:18:18,632 [trainer.py:142] INFO: Epoch : 37, Train_loss : 0.19159995019435883, Mean_ioU: 0.512447714805603, Mean_Dice: 0.6708449125289917
2023-10-16 00:19:19,858 [trainer.py:142] INFO: Epoch : 38, Train_loss : 0.1903858482837677, Mean_ioU: 0.5147725939750671, Mean_Dice: 0.6730467677116394
2023-10-16 00:20:21,028 [trainer.py:142] INFO: Epoch : 39, Train_loss : 0.18927299976348877, Mean_ioU: 0.516208291053772, Mean_Dice: 0.6743493676185608
2023-10-16 00:21:22,486 [trainer.py:142] INFO: Epoch : 40, Train_loss : 0.18737557530403137, Mean_ioU: 0.5195989012718201, Mean_Dice: 0.677212119102478
2023-10-16 00:21:26,126 [trainer.py:190] INFO: Validation: Loss : 0.18411767482757568, mIoU : 0.5209495425224304, mDice : 0.6785090565681458
2023-10-16 00:21:26,173 [utils.py:24] INFO: Saving ./checkpoint/ckpt_0.184118 ckp 
2023-10-16 00:21:26,204 [utils.py:30] INFO: Delete ./checkpoint/ckpt_0.197733.pth ckp
2023-10-16 00:22:27,874 [trainer.py:142] INFO: Epoch : 41, Train_loss : 0.1877482384443283, Mean_ioU: 0.5200555324554443, Mean_Dice: 0.677394688129425
2023-10-16 00:23:29,257 [trainer.py:142] INFO: Epoch : 42, Train_loss : 0.18539872765541077, Mean_ioU: 0.5234614610671997, Mean_Dice: 0.680567741394043
2023-10-16 00:24:30,818 [trainer.py:142] INFO: Epoch : 43, Train_loss : 0.18532893061637878, Mean_ioU: 0.5238018035888672, Mean_Dice: 0.6809298992156982
2023-10-16 00:25:32,150 [trainer.py:142] INFO: Epoch : 44, Train_loss : 0.18353615701198578, Mean_ioU: 0.5267411470413208, Mean_Dice: 0.6834692358970642
2023-10-16 00:26:33,856 [trainer.py:142] INFO: Epoch : 45, Train_loss : 0.18252569437026978, Mean_ioU: 0.528007984161377, Mean_Dice: 0.6844441294670105
2023-10-16 00:27:35,923 [trainer.py:142] INFO: Epoch : 46, Train_loss : 0.1814630627632141, Mean_ioU: 0.530774712562561, Mean_Dice: 0.6868721842765808
2023-10-16 00:28:37,332 [trainer.py:142] INFO: Epoch : 47, Train_loss : 0.18131577968597412, Mean_ioU: 0.5304281115531921, Mean_Dice: 0.686899721622467
2023-10-16 00:29:39,253 [trainer.py:142] INFO: Epoch : 48, Train_loss : 0.17973592877388, Mean_ioU: 0.532922625541687, Mean_Dice: 0.6889229416847229
2023-10-16 00:30:40,962 [trainer.py:142] INFO: Epoch : 49, Train_loss : 0.17888279259204865, Mean_ioU: 0.5344643592834473, Mean_Dice: 0.6902178525924683
2023-10-16 00:31:43,192 [trainer.py:142] INFO: Epoch : 50, Train_loss : 0.1772487908601761, Mean_ioU: 0.5380075573921204, Mean_Dice: 0.693317174911499
2023-10-16 00:31:46,805 [trainer.py:190] INFO: Validation: Loss : 0.17606626451015472, mIoU : 0.5381242036819458, mDice : 0.6933527588844299
2023-10-16 00:31:46,856 [utils.py:24] INFO: Saving ./checkpoint/ckpt_0.176066 ckp 
2023-10-16 00:31:46,891 [utils.py:30] INFO: Delete ./checkpoint/ckpt_0.188855.pth ckp
2023-10-16 00:32:48,276 [trainer.py:142] INFO: Epoch : 51, Train_loss : 0.1770825833082199, Mean_ioU: 0.5380726456642151, Mean_Dice: 0.6935121417045593
2023-10-16 00:33:50,313 [trainer.py:142] INFO: Epoch : 52, Train_loss : 0.17514339089393616, Mean_ioU: 0.5415694117546082, Mean_Dice: 0.6965954899787903
2023-10-16 00:34:51,866 [trainer.py:142] INFO: Epoch : 53, Train_loss : 0.1759817898273468, Mean_ioU: 0.5404873490333557, Mean_Dice: 0.6956861019134521
2023-10-16 00:35:54,598 [trainer.py:142] INFO: Epoch : 54, Train_loss : 0.1742272824048996, Mean_ioU: 0.5433486700057983, Mean_Dice: 0.6980410218238831
2023-10-16 00:36:55,896 [trainer.py:142] INFO: Epoch : 55, Train_loss : 0.17431287467479706, Mean_ioU: 0.5424083471298218, Mean_Dice: 0.6972041726112366
2023-10-16 00:37:56,905 [trainer.py:142] INFO: Epoch : 56, Train_loss : 0.17355450987815857, Mean_ioU: 0.5444717407226562, Mean_Dice: 0.6988911628723145
2023-10-16 00:38:58,628 [trainer.py:142] INFO: Epoch : 57, Train_loss : 0.17337006330490112, Mean_ioU: 0.5455982685089111, Mean_Dice: 0.6997838020324707
2023-10-16 00:40:00,206 [trainer.py:142] INFO: Epoch : 58, Train_loss : 0.17251163721084595, Mean_ioU: 0.5456735491752625, Mean_Dice: 0.6998289227485657
2023-10-16 00:41:01,605 [trainer.py:142] INFO: Epoch : 59, Train_loss : 0.17215903103351593, Mean_ioU: 0.5474929809570312, Mean_Dice: 0.7016488909721375
2023-10-16 00:42:03,468 [trainer.py:142] INFO: Epoch : 60, Train_loss : 0.17134881019592285, Mean_ioU: 0.5483782887458801, Mean_Dice: 0.7023243308067322
2023-10-16 00:42:07,131 [trainer.py:190] INFO: Validation: Loss : 0.17306241393089294, mIoU : 0.5447841882705688, mDice : 0.6987279057502747
2023-10-16 00:42:07,182 [utils.py:24] INFO: Saving ./checkpoint/ckpt_0.173062 ckp 
2023-10-16 00:42:07,211 [utils.py:30] INFO: Delete ./checkpoint/ckpt_0.184118.pth ckp
2023-10-16 00:43:08,756 [trainer.py:142] INFO: Epoch : 61, Train_loss : 0.1710500717163086, Mean_ioU: 0.5487661361694336, Mean_Dice: 0.702480673789978
2023-10-16 00:44:10,094 [trainer.py:142] INFO: Epoch : 62, Train_loss : 0.1697365790605545, Mean_ioU: 0.5507267117500305, Mean_Dice: 0.704395592212677
2023-10-16 00:45:11,460 [trainer.py:142] INFO: Epoch : 63, Train_loss : 0.16901721060276031, Mean_ioU: 0.5522921085357666, Mean_Dice: 0.7057830095291138
2023-10-16 00:46:13,155 [trainer.py:142] INFO: Epoch : 64, Train_loss : 0.16848096251487732, Mean_ioU: 0.5529597401618958, Mean_Dice: 0.7064635157585144
2023-10-16 00:47:14,870 [trainer.py:142] INFO: Epoch : 65, Train_loss : 0.16868381202220917, Mean_ioU: 0.5527768731117249, Mean_Dice: 0.7061792612075806
2023-10-16 00:48:16,554 [trainer.py:142] INFO: Epoch : 66, Train_loss : 0.16787371039390564, Mean_ioU: 0.5543296933174133, Mean_Dice: 0.7075445652008057
2023-10-16 00:49:18,016 [trainer.py:142] INFO: Epoch : 67, Train_loss : 0.16826209425926208, Mean_ioU: 0.5525510907173157, Mean_Dice: 0.7060176730155945
2023-10-16 00:50:19,435 [trainer.py:142] INFO: Epoch : 68, Train_loss : 0.16760140657424927, Mean_ioU: 0.5545868873596191, Mean_Dice: 0.7078112363815308
2023-10-16 00:51:20,970 [trainer.py:142] INFO: Epoch : 69, Train_loss : 0.16761380434036255, Mean_ioU: 0.5536993145942688, Mean_Dice: 0.7072013020515442
2023-10-16 00:52:22,359 [trainer.py:142] INFO: Epoch : 70, Train_loss : 0.1682487577199936, Mean_ioU: 0.5530655384063721, Mean_Dice: 0.7063823342323303
2023-10-16 00:52:25,991 [trainer.py:190] INFO: Validation: Loss : 0.1714186817407608, mIoU : 0.5481357574462891, mDice : 0.7018289566040039
2023-10-16 00:52:26,043 [utils.py:24] INFO: Saving ./checkpoint/ckpt_0.171419 ckp 
2023-10-16 00:52:26,083 [utils.py:30] INFO: Delete ./checkpoint/ckpt_0.176066.pth ckp
2023-10-16 00:53:27,905 [trainer.py:142] INFO: Epoch : 71, Train_loss : 0.176608145236969, Mean_ioU: 0.5387241840362549, Mean_Dice: 0.6936257481575012
2023-10-16 00:54:29,674 [trainer.py:142] INFO: Epoch : 72, Train_loss : 0.17717546224594116, Mean_ioU: 0.5394735932350159, Mean_Dice: 0.6943860054016113
2023-10-16 00:55:31,233 [trainer.py:142] INFO: Epoch : 73, Train_loss : 0.17610827088356018, Mean_ioU: 0.539415717124939, Mean_Dice: 0.6943404674530029
2023-10-16 00:56:32,639 [trainer.py:142] INFO: Epoch : 74, Train_loss : 0.17756569385528564, Mean_ioU: 0.5373714566230774, Mean_Dice: 0.6926232576370239
2023-10-16 00:57:35,266 [trainer.py:142] INFO: Epoch : 75, Train_loss : 0.175029918551445, Mean_ioU: 0.5420947074890137, Mean_Dice: 0.6966294050216675
2023-10-16 00:58:36,910 [trainer.py:142] INFO: Epoch : 76, Train_loss : 0.1737341284751892, Mean_ioU: 0.544272243976593, Mean_Dice: 0.6984002590179443
2023-10-16 00:59:38,904 [trainer.py:142] INFO: Epoch : 77, Train_loss : 0.17458191514015198, Mean_ioU: 0.5438184142112732, Mean_Dice: 0.6980428099632263
2023-10-16 01:00:40,436 [trainer.py:142] INFO: Epoch : 78, Train_loss : 0.17379912734031677, Mean_ioU: 0.5440738201141357, Mean_Dice: 0.6981449723243713
2023-10-16 01:01:41,875 [trainer.py:142] INFO: Epoch : 79, Train_loss : 0.1730463206768036, Mean_ioU: 0.546022891998291, Mean_Dice: 0.6999489665031433
2023-10-16 01:02:43,399 [trainer.py:142] INFO: Epoch : 80, Train_loss : 0.17265211045742035, Mean_ioU: 0.5468291640281677, Mean_Dice: 0.7005769610404968
2023-10-16 01:02:47,026 [trainer.py:190] INFO: Validation: Loss : 0.17155560851097107, mIoU : 0.5483041405677795, mDice : 0.701595664024353
2023-10-16 01:03:48,920 [trainer.py:142] INFO: Epoch : 81, Train_loss : 0.1723736822605133, Mean_ioU: 0.546690046787262, Mean_Dice: 0.700424075126648
2023-10-16 01:04:50,814 [trainer.py:142] INFO: Epoch : 82, Train_loss : 0.16997580230236053, Mean_ioU: 0.5514914393424988, Mean_Dice: 0.7045923471450806
2023-10-16 01:05:52,455 [trainer.py:142] INFO: Epoch : 83, Train_loss : 0.1706346869468689, Mean_ioU: 0.5505728721618652, Mean_Dice: 0.7036377191543579
2023-10-16 01:06:54,247 [trainer.py:142] INFO: Epoch : 84, Train_loss : 0.1698070764541626, Mean_ioU: 0.5519267916679382, Mean_Dice: 0.7050710916519165
2023-10-16 01:07:56,617 [trainer.py:142] INFO: Epoch : 85, Train_loss : 0.1666547805070877, Mean_ioU: 0.5578330755233765, Mean_Dice: 0.7102411985397339
2023-10-16 01:08:58,184 [trainer.py:142] INFO: Epoch : 86, Train_loss : 0.16876637935638428, Mean_ioU: 0.5547828078269958, Mean_Dice: 0.707335352897644
2023-10-16 01:09:59,777 [trainer.py:142] INFO: Epoch : 87, Train_loss : 0.16755543649196625, Mean_ioU: 0.5557880997657776, Mean_Dice: 0.7084043622016907
2023-10-16 01:11:02,293 [trainer.py:142] INFO: Epoch : 88, Train_loss : 0.16756436228752136, Mean_ioU: 0.5561676025390625, Mean_Dice: 0.7085102200508118
2023-10-16 01:12:03,901 [trainer.py:142] INFO: Epoch : 89, Train_loss : 0.1661086529493332, Mean_ioU: 0.5584974884986877, Mean_Dice: 0.7105833888053894
2023-10-16 01:13:05,731 [trainer.py:142] INFO: Epoch : 90, Train_loss : 0.16559450328350067, Mean_ioU: 0.5588919520378113, Mean_Dice: 0.7110282778739929
2023-10-16 01:13:09,373 [trainer.py:190] INFO: Validation: Loss : 0.16888390481472015, mIoU : 0.5533369779586792, mDice : 0.7061988711357117
2023-10-16 01:13:09,423 [utils.py:24] INFO: Saving ./checkpoint/ckpt_0.168884 ckp 
2023-10-16 01:13:09,453 [utils.py:30] INFO: Delete ./checkpoint/ckpt_0.173062.pth ckp
2023-10-16 01:14:10,664 [trainer.py:142] INFO: Epoch : 91, Train_loss : 0.1651916801929474, Mean_ioU: 0.5602815747261047, Mean_Dice: 0.7121586799621582
2023-10-16 01:15:12,832 [trainer.py:142] INFO: Epoch : 92, Train_loss : 0.1646578311920166, Mean_ioU: 0.5612465739250183, Mean_Dice: 0.7130320072174072
2023-10-16 01:16:14,699 [trainer.py:142] INFO: Epoch : 93, Train_loss : 0.16333642601966858, Mean_ioU: 0.5635668039321899, Mean_Dice: 0.7151650190353394
2023-10-16 01:17:15,938 [trainer.py:142] INFO: Epoch : 94, Train_loss : 0.1636972576379776, Mean_ioU: 0.5632575750350952, Mean_Dice: 0.7148021459579468
2023-10-16 01:18:16,914 [trainer.py:142] INFO: Epoch : 95, Train_loss : 0.16379094123840332, Mean_ioU: 0.5635815262794495, Mean_Dice: 0.7149541974067688
2023-10-16 01:19:18,471 [trainer.py:142] INFO: Epoch : 96, Train_loss : 0.1625145673751831, Mean_ioU: 0.5655556321144104, Mean_Dice: 0.7166116833686829
2023-10-16 01:20:20,073 [trainer.py:142] INFO: Epoch : 97, Train_loss : 0.16144037246704102, Mean_ioU: 0.5669562220573425, Mean_Dice: 0.7178286910057068
2023-10-16 01:21:22,980 [trainer.py:142] INFO: Epoch : 98, Train_loss : 0.1624796837568283, Mean_ioU: 0.5657755136489868, Mean_Dice: 0.7166413068771362
2023-10-16 01:22:25,230 [trainer.py:142] INFO: Epoch : 99, Train_loss : 0.16070006787776947, Mean_ioU: 0.5687626004219055, Mean_Dice: 0.7196195125579834
2023-10-16 01:23:27,409 [trainer.py:142] INFO: Epoch : 100, Train_loss : 0.160613551735878, Mean_ioU: 0.5686361193656921, Mean_Dice: 0.7192438840866089
2023-10-16 01:23:31,082 [trainer.py:190] INFO: Validation: Loss : 0.16532139480113983, mIoU : 0.5626600384712219, mDice : 0.71352618932724
2023-10-16 01:23:31,135 [utils.py:24] INFO: Saving ./checkpoint/ckpt_0.165321 ckp 
2023-10-16 01:23:31,177 [utils.py:30] INFO: Delete ./checkpoint/ckpt_0.171419.pth ckp
2023-10-16 01:24:32,532 [trainer.py:142] INFO: Epoch : 101, Train_loss : 0.15961582958698273, Mean_ioU: 0.5704383850097656, Mean_Dice: 0.7209658026695251
2023-10-16 01:25:34,275 [trainer.py:142] INFO: Epoch : 102, Train_loss : 0.1601133644580841, Mean_ioU: 0.5706688165664673, Mean_Dice: 0.7210965156555176
2023-10-16 01:26:36,351 [trainer.py:142] INFO: Epoch : 103, Train_loss : 0.1581682562828064, Mean_ioU: 0.5741547346115112, Mean_Dice: 0.7239749431610107
2023-10-16 01:27:37,974 [trainer.py:142] INFO: Epoch : 104, Train_loss : 0.15855833888053894, Mean_ioU: 0.5724111199378967, Mean_Dice: 0.7224409580230713
2023-10-16 01:28:39,509 [trainer.py:142] INFO: Epoch : 105, Train_loss : 0.15860754251480103, Mean_ioU: 0.5718116760253906, Mean_Dice: 0.7219433784484863
2023-10-16 01:29:41,379 [trainer.py:142] INFO: Epoch : 106, Train_loss : 0.15780659019947052, Mean_ioU: 0.5744363069534302, Mean_Dice: 0.7242067456245422
2023-10-16 01:30:43,173 [trainer.py:142] INFO: Epoch : 107, Train_loss : 0.15745460987091064, Mean_ioU: 0.574944019317627, Mean_Dice: 0.7246716618537903
2023-10-16 01:31:46,826 [trainer.py:142] INFO: Epoch : 108, Train_loss : 0.1559646725654602, Mean_ioU: 0.5771858096122742, Mean_Dice: 0.7265182733535767
2023-10-16 01:32:48,590 [trainer.py:142] INFO: Epoch : 109, Train_loss : 0.15579120814800262, Mean_ioU: 0.5785250067710876, Mean_Dice: 0.7276648879051208
2023-10-16 01:33:50,218 [trainer.py:142] INFO: Epoch : 110, Train_loss : 0.15807557106018066, Mean_ioU: 0.5749285817146301, Mean_Dice: 0.7243783473968506
2023-10-16 01:33:53,813 [trainer.py:190] INFO: Validation: Loss : 0.16014845669269562, mIoU : 0.5730752348899841, mDice : 0.7224670648574829
2023-10-16 01:33:53,863 [utils.py:24] INFO: Saving ./checkpoint/ckpt_0.160148 ckp 
2023-10-16 01:33:53,897 [utils.py:30] INFO: Delete ./checkpoint/ckpt_0.168884.pth ckp
2023-10-16 01:34:56,000 [trainer.py:142] INFO: Epoch : 111, Train_loss : 0.15570232272148132, Mean_ioU: 0.577437698841095, Mean_Dice: 0.7264821529388428
2023-10-16 01:35:57,920 [trainer.py:142] INFO: Epoch : 112, Train_loss : 0.15568019449710846, Mean_ioU: 0.5787941813468933, Mean_Dice: 0.7277439832687378
2023-10-16 01:36:59,498 [trainer.py:142] INFO: Epoch : 113, Train_loss : 0.15469375252723694, Mean_ioU: 0.5795958638191223, Mean_Dice: 0.7285217046737671
2023-10-16 01:38:01,037 [trainer.py:142] INFO: Epoch : 114, Train_loss : 0.15453051030635834, Mean_ioU: 0.5801711082458496, Mean_Dice: 0.7290970683097839
2023-10-16 01:39:02,972 [trainer.py:142] INFO: Epoch : 115, Train_loss : 0.1542883664369583, Mean_ioU: 0.5806999206542969, Mean_Dice: 0.7295855283737183
2023-10-16 01:40:04,863 [trainer.py:142] INFO: Epoch : 116, Train_loss : 0.1542501002550125, Mean_ioU: 0.5819584131240845, Mean_Dice: 0.7306637763977051
2023-10-16 01:41:05,954 [trainer.py:142] INFO: Epoch : 117, Train_loss : 0.15375718474388123, Mean_ioU: 0.5818449258804321, Mean_Dice: 0.730362594127655
2023-10-16 01:42:07,506 [trainer.py:142] INFO: Epoch : 118, Train_loss : 0.1527625024318695, Mean_ioU: 0.5835368037223816, Mean_Dice: 0.7317579388618469
2023-10-16 01:43:09,283 [trainer.py:142] INFO: Epoch : 119, Train_loss : 0.15356586873531342, Mean_ioU: 0.5825175642967224, Mean_Dice: 0.7310161590576172
2023-10-16 01:44:11,636 [trainer.py:142] INFO: Epoch : 120, Train_loss : 0.15154258906841278, Mean_ioU: 0.5867883563041687, Mean_Dice: 0.7345209121704102
2023-10-16 01:44:15,240 [trainer.py:190] INFO: Validation: Loss : 0.16226966679096222, mIoU : 0.5685083866119385, mDice : 0.7180508375167847
2023-10-16 01:45:16,974 [trainer.py:142] INFO: Epoch : 121, Train_loss : 0.15175685286521912, Mean_ioU: 0.5851024389266968, Mean_Dice: 0.7331667542457581
2023-10-16 01:46:19,231 [trainer.py:142] INFO: Epoch : 122, Train_loss : 0.15285757184028625, Mean_ioU: 0.5835397839546204, Mean_Dice: 0.7316769361495972
2023-10-16 01:47:20,860 [trainer.py:142] INFO: Epoch : 123, Train_loss : 0.15191210806369781, Mean_ioU: 0.5845674872398376, Mean_Dice: 0.7327588200569153
2023-10-16 01:48:22,717 [trainer.py:142] INFO: Epoch : 124, Train_loss : 0.15115834772586823, Mean_ioU: 0.5863409042358398, Mean_Dice: 0.7341610193252563
2023-10-16 01:49:24,409 [trainer.py:142] INFO: Epoch : 125, Train_loss : 0.15283945202827454, Mean_ioU: 0.5840208530426025, Mean_Dice: 0.7321321964263916
2023-10-16 01:50:26,043 [trainer.py:142] INFO: Epoch : 126, Train_loss : 0.15138746798038483, Mean_ioU: 0.5862547159194946, Mean_Dice: 0.7341076135635376
2023-10-16 01:51:27,903 [trainer.py:142] INFO: Epoch : 127, Train_loss : 0.15026555955410004, Mean_ioU: 0.5876415371894836, Mean_Dice: 0.735183596611023
2023-10-16 01:52:29,132 [trainer.py:142] INFO: Epoch : 128, Train_loss : 0.14988967776298523, Mean_ioU: 0.5891267657279968, Mean_Dice: 0.7364932894706726
2023-10-16 01:53:31,557 [trainer.py:142] INFO: Epoch : 129, Train_loss : 0.1499250829219818, Mean_ioU: 0.5875599980354309, Mean_Dice: 0.7351691126823425
2023-10-16 01:54:34,052 [trainer.py:142] INFO: Epoch : 130, Train_loss : 0.14940054714679718, Mean_ioU: 0.5904536247253418, Mean_Dice: 0.737632691860199
2023-10-16 01:54:37,642 [trainer.py:190] INFO: Validation: Loss : 0.15942370891571045, mIoU : 0.5729541182518005, mDice : 0.7220275402069092
2023-10-16 01:54:37,693 [utils.py:24] INFO: Saving ./checkpoint/ckpt_0.159424 ckp 
2023-10-16 01:54:37,726 [utils.py:30] INFO: Delete ./checkpoint/ckpt_0.165321.pth ckp
2023-10-16 01:55:39,266 [trainer.py:142] INFO: Epoch : 131, Train_loss : 0.1489921659231186, Mean_ioU: 0.5910669565200806, Mean_Dice: 0.738207221031189
2023-10-16 01:56:41,165 [trainer.py:142] INFO: Epoch : 132, Train_loss : 0.14864622056484222, Mean_ioU: 0.5909876823425293, Mean_Dice: 0.7382203340530396
2023-10-16 01:57:43,091 [trainer.py:142] INFO: Epoch : 133, Train_loss : 0.14884287118911743, Mean_ioU: 0.5919198989868164, Mean_Dice: 0.7387847900390625
2023-10-16 01:58:44,446 [trainer.py:142] INFO: Epoch : 134, Train_loss : 0.14958824217319489, Mean_ioU: 0.5885497331619263, Mean_Dice: 0.7361412048339844
2023-10-16 01:59:46,628 [trainer.py:142] INFO: Epoch : 135, Train_loss : 0.14970099925994873, Mean_ioU: 0.5891852974891663, Mean_Dice: 0.7365249991416931
2023-10-16 02:00:47,946 [trainer.py:142] INFO: Epoch : 136, Train_loss : 0.14883378148078918, Mean_ioU: 0.5898213386535645, Mean_Dice: 0.7371718287467957
2023-10-16 02:01:49,819 [trainer.py:142] INFO: Epoch : 137, Train_loss : 0.14823870360851288, Mean_ioU: 0.591469943523407, Mean_Dice: 0.7385972142219543
2023-10-16 02:02:51,048 [trainer.py:142] INFO: Epoch : 138, Train_loss : 0.14818866550922394, Mean_ioU: 0.5913015604019165, Mean_Dice: 0.7385155558586121
2023-10-16 02:03:52,764 [trainer.py:142] INFO: Epoch : 139, Train_loss : 0.1480383425951004, Mean_ioU: 0.5918229818344116, Mean_Dice: 0.7390205264091492
2023-10-16 02:04:54,307 [trainer.py:142] INFO: Epoch : 140, Train_loss : 0.1480209082365036, Mean_ioU: 0.5921077132225037, Mean_Dice: 0.7393006086349487
2023-10-16 02:04:57,900 [trainer.py:190] INFO: Validation: Loss : 0.15854530036449432, mIoU : 0.5749425292015076, mDice : 0.7239568829536438
2023-10-16 02:04:57,951 [utils.py:24] INFO: Saving ./checkpoint/ckpt_0.158545 ckp 
2023-10-16 02:04:57,988 [utils.py:30] INFO: Delete ./checkpoint/ckpt_0.160148.pth ckp
2023-10-16 02:05:59,235 [trainer.py:142] INFO: Epoch : 141, Train_loss : 0.1471279263496399, Mean_ioU: 0.5930776000022888, Mean_Dice: 0.7400177717208862
2023-10-16 02:07:03,070 [trainer.py:142] INFO: Epoch : 142, Train_loss : 0.14808326959609985, Mean_ioU: 0.5914157629013062, Mean_Dice: 0.7383762001991272
2023-10-16 02:08:04,435 [trainer.py:142] INFO: Epoch : 143, Train_loss : 0.14770489931106567, Mean_ioU: 0.5927430391311646, Mean_Dice: 0.7396659851074219
2023-10-16 02:09:05,741 [trainer.py:142] INFO: Epoch : 144, Train_loss : 0.14800627529621124, Mean_ioU: 0.5920814871788025, Mean_Dice: 0.7389140129089355
2023-10-16 02:10:07,380 [trainer.py:142] INFO: Epoch : 145, Train_loss : 0.14787361025810242, Mean_ioU: 0.5931374430656433, Mean_Dice: 0.7399671673774719
2023-10-16 02:11:10,706 [trainer.py:142] INFO: Epoch : 146, Train_loss : 0.14742439985275269, Mean_ioU: 0.5935444831848145, Mean_Dice: 0.7402352690696716
2023-10-16 02:12:12,289 [trainer.py:142] INFO: Epoch : 147, Train_loss : 0.14734189212322235, Mean_ioU: 0.5937480330467224, Mean_Dice: 0.7404738068580627
2023-10-16 02:13:14,675 [trainer.py:142] INFO: Epoch : 148, Train_loss : 0.14738649129867554, Mean_ioU: 0.5926060676574707, Mean_Dice: 0.7396334409713745
2023-10-16 02:14:17,224 [trainer.py:142] INFO: Epoch : 149, Train_loss : 0.14759603142738342, Mean_ioU: 0.5925481915473938, Mean_Dice: 0.7395493388175964
2023-10-16 02:15:18,565 [trainer.py:142] INFO: Epoch : 150, Train_loss : 0.14772149920463562, Mean_ioU: 0.592090368270874, Mean_Dice: 0.7389980554580688
2023-10-16 02:15:22,132 [trainer.py:190] INFO: Validation: Loss : 0.1599518358707428, mIoU : 0.5747092962265015, mDice : 0.7233027219772339
2023-10-16 02:16:23,365 [trainer.py:142] INFO: Epoch : 151, Train_loss : 0.1542118489742279, Mean_ioU: 0.5796911716461182, Mean_Dice: 0.728622555732727
2023-10-16 02:17:25,812 [trainer.py:142] INFO: Epoch : 152, Train_loss : 0.156812384724617, Mean_ioU: 0.5753522515296936, Mean_Dice: 0.7248438596725464
2023-10-16 02:18:27,389 [trainer.py:142] INFO: Epoch : 153, Train_loss : 0.15462756156921387, Mean_ioU: 0.5801212787628174, Mean_Dice: 0.7288187146186829
2023-10-16 02:19:28,353 [trainer.py:142] INFO: Epoch : 154, Train_loss : 0.15637974441051483, Mean_ioU: 0.5768575072288513, Mean_Dice: 0.7258973717689514
2023-10-16 02:20:29,825 [trainer.py:142] INFO: Epoch : 155, Train_loss : 0.15497387945652008, Mean_ioU: 0.57964688539505, Mean_Dice: 0.7283658385276794
2023-10-16 02:21:31,817 [trainer.py:142] INFO: Epoch : 156, Train_loss : 0.15524056553840637, Mean_ioU: 0.5788950324058533, Mean_Dice: 0.7276248335838318
2023-10-16 02:22:33,551 [trainer.py:142] INFO: Epoch : 157, Train_loss : 0.15424928069114685, Mean_ioU: 0.5809565782546997, Mean_Dice: 0.7296933531761169
2023-10-16 02:23:35,171 [trainer.py:142] INFO: Epoch : 158, Train_loss : 0.15439826250076294, Mean_ioU: 0.5805559158325195, Mean_Dice: 0.7293673157691956
2023-10-16 02:24:36,623 [trainer.py:142] INFO: Epoch : 159, Train_loss : 0.15218855440616608, Mean_ioU: 0.5850850939750671, Mean_Dice: 0.7332099676132202
2023-10-16 02:25:38,172 [trainer.py:142] INFO: Epoch : 160, Train_loss : 0.1524333357810974, Mean_ioU: 0.5842256546020508, Mean_Dice: 0.7324155569076538
2023-10-16 02:25:41,806 [trainer.py:190] INFO: Validation: Loss : 0.15969103574752808, mIoU : 0.5714330077171326, mDice : 0.7210270166397095
2023-10-16 02:26:43,200 [trainer.py:142] INFO: Epoch : 161, Train_loss : 0.15264400839805603, Mean_ioU: 0.5836957693099976, Mean_Dice: 0.7318974137306213
2023-10-16 02:27:44,901 [trainer.py:142] INFO: Epoch : 162, Train_loss : 0.1521323025226593, Mean_ioU: 0.585448682308197, Mean_Dice: 0.7333505153656006
2023-10-16 02:28:46,231 [trainer.py:142] INFO: Epoch : 163, Train_loss : 0.15247352421283722, Mean_ioU: 0.5847482085227966, Mean_Dice: 0.7327281832695007
2023-10-16 02:29:47,646 [trainer.py:142] INFO: Epoch : 164, Train_loss : 0.15329678356647491, Mean_ioU: 0.5819923877716064, Mean_Dice: 0.7301800847053528
2023-10-16 02:30:49,269 [trainer.py:142] INFO: Epoch : 165, Train_loss : 0.1523282676935196, Mean_ioU: 0.5840904712677002, Mean_Dice: 0.7322828769683838
2023-10-16 02:31:51,742 [trainer.py:142] INFO: Epoch : 166, Train_loss : 0.15263201296329498, Mean_ioU: 0.5840116143226624, Mean_Dice: 0.7318897843360901
2023-10-16 02:32:53,440 [trainer.py:142] INFO: Epoch : 167, Train_loss : 0.15195849537849426, Mean_ioU: 0.5851808190345764, Mean_Dice: 0.7331186532974243
2023-10-16 02:33:55,408 [trainer.py:142] INFO: Epoch : 168, Train_loss : 0.1506040245294571, Mean_ioU: 0.5869426727294922, Mean_Dice: 0.7344919443130493
2023-10-16 02:34:57,612 [trainer.py:142] INFO: Epoch : 169, Train_loss : 0.15028616786003113, Mean_ioU: 0.5880823135375977, Mean_Dice: 0.735715925693512
2023-10-16 02:35:59,763 [trainer.py:142] INFO: Epoch : 170, Train_loss : 0.1510118991136551, Mean_ioU: 0.5871489644050598, Mean_Dice: 0.7345742583274841
2023-10-16 02:36:03,396 [trainer.py:190] INFO: Validation: Loss : 0.15823964774608612, mIoU : 0.5739540457725525, mDice : 0.7231953740119934
2023-10-16 02:36:03,444 [utils.py:24] INFO: Saving ./checkpoint/ckpt_0.15824 ckp 
2023-10-16 02:36:03,473 [utils.py:30] INFO: Delete ./checkpoint/ckpt_0.159424.pth ckp
2023-10-16 02:37:04,922 [trainer.py:142] INFO: Epoch : 171, Train_loss : 0.14829133450984955, Mean_ioU: 0.5923588275909424, Mean_Dice: 0.7391759753227234
2023-10-16 02:38:06,448 [trainer.py:142] INFO: Epoch : 172, Train_loss : 0.14958924055099487, Mean_ioU: 0.5898445844650269, Mean_Dice: 0.7368440628051758
2023-10-16 02:39:08,582 [trainer.py:142] INFO: Epoch : 173, Train_loss : 0.1488496959209442, Mean_ioU: 0.59144127368927, Mean_Dice: 0.7383223176002502
2023-10-16 02:40:10,248 [trainer.py:142] INFO: Epoch : 174, Train_loss : 0.14870432019233704, Mean_ioU: 0.5915982723236084, Mean_Dice: 0.7385324835777283
2023-10-16 02:41:11,744 [trainer.py:142] INFO: Epoch : 175, Train_loss : 0.14832580089569092, Mean_ioU: 0.5919842720031738, Mean_Dice: 0.7387105822563171
2023-10-16 02:42:13,167 [trainer.py:142] INFO: Epoch : 176, Train_loss : 0.14894215762615204, Mean_ioU: 0.5913794040679932, Mean_Dice: 0.7383841872215271
2023-10-16 02:43:14,913 [trainer.py:142] INFO: Epoch : 177, Train_loss : 0.14894632995128632, Mean_ioU: 0.5912603139877319, Mean_Dice: 0.7380479574203491
2023-10-16 02:44:16,510 [trainer.py:142] INFO: Epoch : 178, Train_loss : 0.14789602160453796, Mean_ioU: 0.5937885642051697, Mean_Dice: 0.740209698677063
2023-10-16 02:45:18,602 [trainer.py:142] INFO: Epoch : 179, Train_loss : 0.1474905014038086, Mean_ioU: 0.5944948196411133, Mean_Dice: 0.7407623529434204
2023-10-16 02:46:20,390 [trainer.py:142] INFO: Epoch : 180, Train_loss : 0.14670628309249878, Mean_ioU: 0.5961909890174866, Mean_Dice: 0.7423346042633057
2023-10-16 02:46:24,002 [trainer.py:190] INFO: Validation: Loss : 0.1591041535139084, mIoU : 0.57298344373703, mDice : 0.722252607345581
2023-10-16 02:47:26,418 [trainer.py:142] INFO: Epoch : 181, Train_loss : 0.1457238644361496, Mean_ioU: 0.5977286696434021, Mean_Dice: 0.7437337636947632
2023-10-16 02:48:28,162 [trainer.py:142] INFO: Epoch : 182, Train_loss : 0.1464640349149704, Mean_ioU: 0.5960752367973328, Mean_Dice: 0.7421122789382935
2023-10-16 02:49:29,971 [trainer.py:142] INFO: Epoch : 183, Train_loss : 0.1450529545545578, Mean_ioU: 0.5972128510475159, Mean_Dice: 0.743025004863739
2023-10-16 02:50:31,536 [trainer.py:142] INFO: Epoch : 184, Train_loss : 0.14449281990528107, Mean_ioU: 0.5988819599151611, Mean_Dice: 0.7445571422576904
2023-10-16 02:51:32,983 [trainer.py:142] INFO: Epoch : 185, Train_loss : 0.14554017782211304, Mean_ioU: 0.5977339744567871, Mean_Dice: 0.7432470917701721
2023-10-16 02:52:34,663 [trainer.py:142] INFO: Epoch : 186, Train_loss : 0.14603419601917267, Mean_ioU: 0.5968108177185059, Mean_Dice: 0.7429622411727905
2023-10-16 02:53:36,028 [trainer.py:142] INFO: Epoch : 187, Train_loss : 0.1452615112066269, Mean_ioU: 0.5981650948524475, Mean_Dice: 0.7438752055168152
2023-10-16 02:54:37,987 [trainer.py:142] INFO: Epoch : 188, Train_loss : 0.14446444809436798, Mean_ioU: 0.6003300547599792, Mean_Dice: 0.7457068562507629
2023-10-16 02:55:39,939 [trainer.py:142] INFO: Epoch : 189, Train_loss : 0.14326797425746918, Mean_ioU: 0.6014681458473206, Mean_Dice: 0.7466974258422852
2023-10-16 02:56:41,812 [trainer.py:142] INFO: Epoch : 190, Train_loss : 0.144858717918396, Mean_ioU: 0.5984867215156555, Mean_Dice: 0.7441312670707703
2023-10-16 02:56:45,421 [trainer.py:190] INFO: Validation: Loss : 0.15770520269870758, mIoU : 0.5744062066078186, mDice : 0.7230837345123291
2023-10-16 02:56:45,473 [utils.py:24] INFO: Saving ./checkpoint/ckpt_0.157705 ckp 
2023-10-16 02:56:45,509 [utils.py:30] INFO: Delete ./checkpoint/ckpt_0.158545.pth ckp
2023-10-16 02:57:47,688 [trainer.py:142] INFO: Epoch : 191, Train_loss : 0.14344604313373566, Mean_ioU: 0.6007552742958069, Mean_Dice: 0.745863676071167
2023-10-16 02:58:49,531 [trainer.py:142] INFO: Epoch : 192, Train_loss : 0.1425623595714569, Mean_ioU: 0.6026886105537415, Mean_Dice: 0.747546911239624
2023-10-16 02:59:50,780 [trainer.py:142] INFO: Epoch : 193, Train_loss : 0.14382372796535492, Mean_ioU: 0.6015252470970154, Mean_Dice: 0.7465089559555054
2023-10-16 03:00:52,105 [trainer.py:142] INFO: Epoch : 194, Train_loss : 0.14253230392932892, Mean_ioU: 0.6033774018287659, Mean_Dice: 0.7483751773834229
2023-10-16 03:01:53,603 [trainer.py:142] INFO: Epoch : 195, Train_loss : 0.1444971114397049, Mean_ioU: 0.6008040904998779, Mean_Dice: 0.7460901737213135
2023-10-16 03:02:55,290 [trainer.py:142] INFO: Epoch : 196, Train_loss : 0.14138352870941162, Mean_ioU: 0.605990469455719, Mean_Dice: 0.7503968477249146
2023-10-16 03:03:56,825 [trainer.py:142] INFO: Epoch : 197, Train_loss : 0.1421460062265396, Mean_ioU: 0.6031409502029419, Mean_Dice: 0.7478450536727905
2023-10-16 03:04:58,421 [trainer.py:142] INFO: Epoch : 198, Train_loss : 0.14117032289505005, Mean_ioU: 0.6057032942771912, Mean_Dice: 0.7501051425933838
2023-10-16 03:05:59,957 [trainer.py:142] INFO: Epoch : 199, Train_loss : 0.14229774475097656, Mean_ioU: 0.6048119068145752, Mean_Dice: 0.7489944100379944
2023-10-16 03:07:01,321 [trainer.py:142] INFO: Epoch : 200, Train_loss : 0.14049381017684937, Mean_ioU: 0.6082152128219604, Mean_Dice: 0.7522050738334656
2023-10-16 03:07:04,913 [trainer.py:190] INFO: Validation: Loss : 0.15867368876934052, mIoU : 0.5798234939575195, mDice : 0.7268999218940735
2023-10-16 03:08:06,303 [trainer.py:142] INFO: Epoch : 201, Train_loss : 0.14209502935409546, Mean_ioU: 0.604880154132843, Mean_Dice: 0.7494592666625977
2023-10-16 03:09:08,228 [trainer.py:142] INFO: Epoch : 202, Train_loss : 0.14089709520339966, Mean_ioU: 0.6060609221458435, Mean_Dice: 0.7503401041030884
2023-10-16 03:10:10,047 [trainer.py:142] INFO: Epoch : 203, Train_loss : 0.1394917368888855, Mean_ioU: 0.6089214086532593, Mean_Dice: 0.752559244632721
2023-10-16 03:11:11,768 [trainer.py:142] INFO: Epoch : 204, Train_loss : 0.14019161462783813, Mean_ioU: 0.6075795888900757, Mean_Dice: 0.7512609362602234
2023-10-16 03:12:13,382 [trainer.py:142] INFO: Epoch : 205, Train_loss : 0.1389032006263733, Mean_ioU: 0.610802173614502, Mean_Dice: 0.7541291117668152
2023-10-16 03:13:15,195 [trainer.py:142] INFO: Epoch : 206, Train_loss : 0.1400803029537201, Mean_ioU: 0.6078922152519226, Mean_Dice: 0.7517718076705933
2023-10-16 03:14:16,890 [trainer.py:142] INFO: Epoch : 207, Train_loss : 0.14147432148456573, Mean_ioU: 0.6046108603477478, Mean_Dice: 0.7489621639251709
2023-10-16 03:15:18,526 [trainer.py:142] INFO: Epoch : 208, Train_loss : 0.13978779315948486, Mean_ioU: 0.609285831451416, Mean_Dice: 0.7526504993438721
2023-10-16 03:16:20,344 [trainer.py:142] INFO: Epoch : 209, Train_loss : 0.14064976572990417, Mean_ioU: 0.6071243286132812, Mean_Dice: 0.750950276851654
2023-10-16 03:17:22,649 [trainer.py:142] INFO: Epoch : 210, Train_loss : 0.1394394189119339, Mean_ioU: 0.6101247668266296, Mean_Dice: 0.7537606954574585
2023-10-16 03:17:26,252 [trainer.py:190] INFO: Validation: Loss : 0.1569412648677826, mIoU : 0.5812499523162842, mDice : 0.7282901406288147
2023-10-16 03:17:26,303 [utils.py:24] INFO: Saving ./checkpoint/ckpt_0.156941 ckp 
2023-10-16 03:17:26,338 [utils.py:30] INFO: Delete ./checkpoint/ckpt_0.15824.pth ckp
2023-10-16 03:18:27,332 [trainer.py:142] INFO: Epoch : 211, Train_loss : 0.13856451213359833, Mean_ioU: 0.6113041043281555, Mean_Dice: 0.7547048330307007
2023-10-16 03:19:28,893 [trainer.py:142] INFO: Epoch : 212, Train_loss : 0.13863727450370789, Mean_ioU: 0.6123282313346863, Mean_Dice: 0.7553684115409851
2023-10-16 03:20:30,933 [trainer.py:142] INFO: Epoch : 213, Train_loss : 0.13864590227603912, Mean_ioU: 0.6120147705078125, Mean_Dice: 0.7550110816955566
2023-10-16 03:21:32,767 [trainer.py:142] INFO: Epoch : 214, Train_loss : 0.13777802884578705, Mean_ioU: 0.611818253993988, Mean_Dice: 0.755103349685669
2023-10-16 03:22:34,237 [trainer.py:142] INFO: Epoch : 215, Train_loss : 0.13813118636608124, Mean_ioU: 0.6126184463500977, Mean_Dice: 0.7552462220191956
2023-10-16 03:23:35,581 [trainer.py:142] INFO: Epoch : 216, Train_loss : 0.1384783536195755, Mean_ioU: 0.6116095781326294, Mean_Dice: 0.7544811964035034
2023-10-16 03:24:37,078 [trainer.py:142] INFO: Epoch : 217, Train_loss : 0.13750511407852173, Mean_ioU: 0.6136069297790527, Mean_Dice: 0.7562922239303589
2023-10-16 03:25:39,262 [trainer.py:142] INFO: Epoch : 218, Train_loss : 0.13661035895347595, Mean_ioU: 0.6138244271278381, Mean_Dice: 0.7564840912818909
2023-10-16 03:26:40,748 [trainer.py:142] INFO: Epoch : 219, Train_loss : 0.13719938695430756, Mean_ioU: 0.614004373550415, Mean_Dice: 0.7567587494850159
2023-10-16 03:27:42,179 [trainer.py:142] INFO: Epoch : 220, Train_loss : 0.13702404499053955, Mean_ioU: 0.6144090294837952, Mean_Dice: 0.7570841312408447
2023-10-16 03:27:45,798 [trainer.py:190] INFO: Validation: Loss : 0.1551802009344101, mIoU : 0.5830085277557373, mDice : 0.7298693656921387
2023-10-16 03:27:45,848 [utils.py:24] INFO: Saving ./checkpoint/ckpt_0.15518 ckp 
2023-10-16 03:27:45,883 [utils.py:30] INFO: Delete ./checkpoint/ckpt_0.157705.pth ckp
2023-10-16 03:28:47,237 [trainer.py:142] INFO: Epoch : 221, Train_loss : 0.13684603571891785, Mean_ioU: 0.6148043274879456, Mean_Dice: 0.7573971152305603
2023-10-16 03:29:49,233 [trainer.py:142] INFO: Epoch : 222, Train_loss : 0.1366950422525406, Mean_ioU: 0.6149162650108337, Mean_Dice: 0.7575626373291016
2023-10-16 03:30:50,840 [trainer.py:142] INFO: Epoch : 223, Train_loss : 0.13785187900066376, Mean_ioU: 0.6136103272438049, Mean_Dice: 0.7564225792884827
2023-10-16 03:31:52,121 [trainer.py:142] INFO: Epoch : 224, Train_loss : 0.13612093031406403, Mean_ioU: 0.6161565184593201, Mean_Dice: 0.758634090423584
2023-10-16 03:32:53,498 [trainer.py:142] INFO: Epoch : 225, Train_loss : 0.1356537938117981, Mean_ioU: 0.6170639991760254, Mean_Dice: 0.7592406868934631
2023-10-16 03:33:55,151 [trainer.py:142] INFO: Epoch : 226, Train_loss : 0.1362352818250656, Mean_ioU: 0.6160646677017212, Mean_Dice: 0.7582901120185852
2023-10-16 03:34:57,440 [trainer.py:142] INFO: Epoch : 227, Train_loss : 0.1352260857820511, Mean_ioU: 0.6169402599334717, Mean_Dice: 0.7592254877090454
2023-10-16 03:35:59,322 [trainer.py:142] INFO: Epoch : 228, Train_loss : 0.1347745656967163, Mean_ioU: 0.6180366277694702, Mean_Dice: 0.7598274946212769
2023-10-16 03:37:01,063 [trainer.py:142] INFO: Epoch : 229, Train_loss : 0.1359255462884903, Mean_ioU: 0.616366446018219, Mean_Dice: 0.7585413455963135
2023-10-16 03:38:02,643 [trainer.py:142] INFO: Epoch : 230, Train_loss : 0.13677938282489777, Mean_ioU: 0.6150335669517517, Mean_Dice: 0.7575632333755493
2023-10-16 03:38:06,289 [trainer.py:190] INFO: Validation: Loss : 0.15276679396629333, mIoU : 0.5876178741455078, mDice : 0.733403205871582
2023-10-16 03:38:06,344 [utils.py:24] INFO: Saving ./checkpoint/ckpt_0.152767 ckp 
2023-10-16 03:38:06,376 [utils.py:30] INFO: Delete ./checkpoint/ckpt_0.156941.pth ckp
2023-10-16 03:39:07,722 [trainer.py:142] INFO: Epoch : 231, Train_loss : 0.13483305275440216, Mean_ioU: 0.6184198260307312, Mean_Dice: 0.7603197693824768
2023-10-16 03:40:09,789 [trainer.py:142] INFO: Epoch : 232, Train_loss : 0.13368044793605804, Mean_ioU: 0.6205347776412964, Mean_Dice: 0.7619746923446655
2023-10-16 03:41:11,481 [trainer.py:142] INFO: Epoch : 233, Train_loss : 0.13417887687683105, Mean_ioU: 0.619390606880188, Mean_Dice: 0.7610794901847839
2023-10-16 03:42:13,098 [trainer.py:142] INFO: Epoch : 234, Train_loss : 0.13363732397556305, Mean_ioU: 0.6210398077964783, Mean_Dice: 0.7624697089195251
2023-10-16 03:43:14,668 [trainer.py:142] INFO: Epoch : 235, Train_loss : 0.13477876782417297, Mean_ioU: 0.6189308762550354, Mean_Dice: 0.7605918645858765
2023-10-16 03:44:16,236 [trainer.py:142] INFO: Epoch : 236, Train_loss : 0.13537421822547913, Mean_ioU: 0.6187971830368042, Mean_Dice: 0.7604694366455078
2023-10-16 03:45:17,901 [trainer.py:142] INFO: Epoch : 237, Train_loss : 0.1338908076286316, Mean_ioU: 0.620879054069519, Mean_Dice: 0.7621919512748718
2023-10-16 03:46:19,790 [trainer.py:142] INFO: Epoch : 238, Train_loss : 0.1339719444513321, Mean_ioU: 0.6210202574729919, Mean_Dice: 0.7622978687286377
2023-10-16 03:47:21,448 [trainer.py:142] INFO: Epoch : 239, Train_loss : 0.1350301206111908, Mean_ioU: 0.6203498840332031, Mean_Dice: 0.7617555260658264
2023-10-16 03:48:23,634 [trainer.py:142] INFO: Epoch : 240, Train_loss : 0.13293209671974182, Mean_ioU: 0.6233305931091309, Mean_Dice: 0.7640542387962341
2023-10-16 03:48:27,278 [trainer.py:190] INFO: Validation: Loss : 0.14796222746372223, mIoU : 0.5961392521858215, mDice : 0.7413693070411682
2023-10-16 03:48:27,336 [utils.py:24] INFO: Saving ./checkpoint/ckpt_0.147962 ckp 
2023-10-16 03:48:27,366 [utils.py:30] INFO: Delete ./checkpoint/ckpt_0.15518.pth ckp
2023-10-16 03:49:28,341 [trainer.py:142] INFO: Epoch : 241, Train_loss : 0.13303489983081818, Mean_ioU: 0.6232115030288696, Mean_Dice: 0.7640941143035889
2023-10-16 03:50:30,118 [trainer.py:142] INFO: Epoch : 242, Train_loss : 0.13345609605312347, Mean_ioU: 0.621246337890625, Mean_Dice: 0.7624355554580688
2023-10-16 03:51:31,517 [trainer.py:142] INFO: Epoch : 243, Train_loss : 0.13496503233909607, Mean_ioU: 0.6198493242263794, Mean_Dice: 0.7612211108207703
2023-10-16 03:52:32,920 [trainer.py:142] INFO: Epoch : 244, Train_loss : 0.13385017216205597, Mean_ioU: 0.6206017732620239, Mean_Dice: 0.761960506439209
2023-10-16 03:53:34,632 [trainer.py:142] INFO: Epoch : 245, Train_loss : 0.13257594406604767, Mean_ioU: 0.6230313777923584, Mean_Dice: 0.7640073299407959
2023-10-16 03:54:36,470 [trainer.py:142] INFO: Epoch : 246, Train_loss : 0.1337045133113861, Mean_ioU: 0.6223268508911133, Mean_Dice: 0.763019859790802
2023-10-16 03:55:38,402 [trainer.py:142] INFO: Epoch : 247, Train_loss : 0.13252489268779755, Mean_ioU: 0.6238131523132324, Mean_Dice: 0.7645627856254578
2023-10-16 03:56:40,101 [trainer.py:142] INFO: Epoch : 248, Train_loss : 0.13280782103538513, Mean_ioU: 0.6226112842559814, Mean_Dice: 0.7635844349861145
2023-10-16 03:57:41,902 [trainer.py:142] INFO: Epoch : 249, Train_loss : 0.13194628059864044, Mean_ioU: 0.624269425868988, Mean_Dice: 0.7649618983268738
2023-10-16 03:58:43,750 [trainer.py:142] INFO: Epoch : 250, Train_loss : 0.1322072446346283, Mean_ioU: 0.6240877509117126, Mean_Dice: 0.7644937634468079
2023-10-16 03:58:47,368 [trainer.py:190] INFO: Validation: Loss : 0.15129756927490234, mIoU : 0.5913346409797668, mDice : 0.7368266582489014
2023-10-16 03:59:48,777 [trainer.py:142] INFO: Epoch : 251, Train_loss : 0.13271480798721313, Mean_ioU: 0.6236129403114319, Mean_Dice: 0.7644625902175903
2023-10-16 04:00:50,735 [trainer.py:142] INFO: Epoch : 252, Train_loss : 0.13281065225601196, Mean_ioU: 0.623108446598053, Mean_Dice: 0.7638847231864929
2023-10-16 04:01:52,436 [trainer.py:142] INFO: Epoch : 253, Train_loss : 0.13141366839408875, Mean_ioU: 0.6253149509429932, Mean_Dice: 0.7657178640365601
2023-10-16 04:02:54,588 [trainer.py:142] INFO: Epoch : 254, Train_loss : 0.13161447644233704, Mean_ioU: 0.6258687376976013, Mean_Dice: 0.7660358548164368
2023-10-16 04:03:56,130 [trainer.py:142] INFO: Epoch : 255, Train_loss : 0.1322523057460785, Mean_ioU: 0.6236948370933533, Mean_Dice: 0.7645176649093628
2023-10-16 04:04:57,875 [trainer.py:142] INFO: Epoch : 256, Train_loss : 0.13140513002872467, Mean_ioU: 0.6245189309120178, Mean_Dice: 0.7649628520011902
2023-10-16 04:05:59,284 [trainer.py:142] INFO: Epoch : 257, Train_loss : 0.1319924145936966, Mean_ioU: 0.6250539422035217, Mean_Dice: 0.765410840511322
2023-10-16 04:07:00,919 [trainer.py:142] INFO: Epoch : 258, Train_loss : 0.13139629364013672, Mean_ioU: 0.6251919865608215, Mean_Dice: 0.7656408548355103
2023-10-16 04:08:03,444 [trainer.py:142] INFO: Epoch : 259, Train_loss : 0.13057227432727814, Mean_ioU: 0.6272374987602234, Mean_Dice: 0.767365574836731
2023-10-16 04:09:05,255 [trainer.py:142] INFO: Epoch : 260, Train_loss : 0.13081370294094086, Mean_ioU: 0.6261929869651794, Mean_Dice: 0.7665139436721802
2023-10-16 04:09:08,902 [trainer.py:190] INFO: Validation: Loss : 0.15114589035511017, mIoU : 0.5898330211639404, mDice : 0.7358363270759583
2023-10-16 04:10:10,613 [trainer.py:142] INFO: Epoch : 261, Train_loss : 0.13137133419513702, Mean_ioU: 0.6263432502746582, Mean_Dice: 0.7665215134620667
2023-10-16 04:11:11,869 [trainer.py:142] INFO: Epoch : 262, Train_loss : 0.13129694759845734, Mean_ioU: 0.6259561777114868, Mean_Dice: 0.7661696076393127
2023-10-16 04:12:13,748 [trainer.py:142] INFO: Epoch : 263, Train_loss : 0.13036328554153442, Mean_ioU: 0.6283235549926758, Mean_Dice: 0.7681159973144531
2023-10-16 04:13:15,013 [trainer.py:142] INFO: Epoch : 264, Train_loss : 0.13032181560993195, Mean_ioU: 0.6277047395706177, Mean_Dice: 0.7675299644470215
2023-10-16 04:14:16,942 [trainer.py:142] INFO: Epoch : 265, Train_loss : 0.12956133484840393, Mean_ioU: 0.628716766834259, Mean_Dice: 0.7685164213180542
2023-10-16 04:15:18,200 [trainer.py:142] INFO: Epoch : 266, Train_loss : 0.13134817779064178, Mean_ioU: 0.6260142922401428, Mean_Dice: 0.7661738395690918
2023-10-16 04:16:20,010 [trainer.py:142] INFO: Epoch : 267, Train_loss : 0.1292347013950348, Mean_ioU: 0.6280738711357117, Mean_Dice: 0.7680681347846985
2023-10-16 04:17:21,850 [trainer.py:142] INFO: Epoch : 268, Train_loss : 0.12942835688591003, Mean_ioU: 0.6293985247612, Mean_Dice: 0.7690140008926392
2023-10-16 04:18:23,654 [trainer.py:142] INFO: Epoch : 269, Train_loss : 0.13053272664546967, Mean_ioU: 0.6274936199188232, Mean_Dice: 0.767425537109375
2023-10-16 04:19:25,470 [trainer.py:142] INFO: Epoch : 270, Train_loss : 0.1302100569009781, Mean_ioU: 0.6281296610832214, Mean_Dice: 0.7681411504745483
2023-10-16 04:19:29,101 [trainer.py:190] INFO: Validation: Loss : 0.15276266634464264, mIoU : 0.5875641107559204, mDice : 0.733521044254303
2023-10-16 04:20:30,542 [trainer.py:142] INFO: Epoch : 271, Train_loss : 0.13019341230392456, Mean_ioU: 0.6285094022750854, Mean_Dice: 0.7681998610496521
2023-10-16 04:21:32,105 [trainer.py:142] INFO: Epoch : 272, Train_loss : 0.12964914739131927, Mean_ioU: 0.628930389881134, Mean_Dice: 0.7685673832893372
2023-10-16 04:22:34,778 [trainer.py:142] INFO: Epoch : 273, Train_loss : 0.12918643653392792, Mean_ioU: 0.6290823221206665, Mean_Dice: 0.7687251567840576
2023-10-16 04:23:36,044 [trainer.py:142] INFO: Epoch : 274, Train_loss : 0.12959839403629303, Mean_ioU: 0.6288158297538757, Mean_Dice: 0.7685456275939941
2023-10-16 04:24:38,287 [trainer.py:142] INFO: Epoch : 275, Train_loss : 0.12999211251735687, Mean_ioU: 0.6287897825241089, Mean_Dice: 0.7682926058769226
2023-10-16 04:25:40,284 [trainer.py:142] INFO: Epoch : 276, Train_loss : 0.13027386367321014, Mean_ioU: 0.6287460327148438, Mean_Dice: 0.7684718370437622
2023-10-16 04:26:42,138 [trainer.py:142] INFO: Epoch : 277, Train_loss : 0.12932798266410828, Mean_ioU: 0.629534125328064, Mean_Dice: 0.7689999341964722
2023-10-16 04:27:44,275 [trainer.py:142] INFO: Epoch : 278, Train_loss : 0.13087567687034607, Mean_ioU: 0.6276003122329712, Mean_Dice: 0.7672041654586792
2023-10-16 04:28:46,471 [trainer.py:142] INFO: Epoch : 279, Train_loss : 0.12928225100040436, Mean_ioU: 0.6305368542671204, Mean_Dice: 0.7699750065803528
2023-10-16 04:29:48,958 [trainer.py:142] INFO: Epoch : 280, Train_loss : 0.12910127639770508, Mean_ioU: 0.6302212476730347, Mean_Dice: 0.7696391344070435
2023-10-16 04:29:52,555 [trainer.py:190] INFO: Validation: Loss : 0.15088583528995514, mIoU : 0.5899326801300049, mDice : 0.7360063791275024
2023-10-16 04:30:55,305 [trainer.py:142] INFO: Epoch : 281, Train_loss : 0.12992902100086212, Mean_ioU: 0.628952145576477, Mean_Dice: 0.768752932548523
2023-10-16 04:31:56,994 [trainer.py:142] INFO: Epoch : 282, Train_loss : 0.1297462433576584, Mean_ioU: 0.6277175545692444, Mean_Dice: 0.7674386501312256
2023-10-16 04:32:58,793 [trainer.py:142] INFO: Epoch : 283, Train_loss : 0.12889976799488068, Mean_ioU: 0.6301944255828857, Mean_Dice: 0.769751250743866
2023-10-16 04:34:00,415 [trainer.py:142] INFO: Epoch : 284, Train_loss : 0.12896403670310974, Mean_ioU: 0.6307604312896729, Mean_Dice: 0.7699012160301208
2023-10-16 04:35:02,279 [trainer.py:142] INFO: Epoch : 285, Train_loss : 0.1287786215543747, Mean_ioU: 0.6315837502479553, Mean_Dice: 0.7707112431526184
2023-10-16 04:36:04,794 [trainer.py:142] INFO: Epoch : 286, Train_loss : 0.12909097969532013, Mean_ioU: 0.6306858062744141, Mean_Dice: 0.7702293395996094
2023-10-16 04:37:07,294 [trainer.py:142] INFO: Epoch : 287, Train_loss : 0.1303427815437317, Mean_ioU: 0.628433108329773, Mean_Dice: 0.7679784893989563
2023-10-16 04:38:08,533 [trainer.py:142] INFO: Epoch : 288, Train_loss : 0.12880288064479828, Mean_ioU: 0.6308993697166443, Mean_Dice: 0.7701944708824158
2023-10-16 04:39:10,283 [trainer.py:142] INFO: Epoch : 289, Train_loss : 0.1285448521375656, Mean_ioU: 0.6311672925949097, Mean_Dice: 0.7706403136253357
2023-10-16 04:40:12,378 [trainer.py:142] INFO: Epoch : 290, Train_loss : 0.12987235188484192, Mean_ioU: 0.6294727921485901, Mean_Dice: 0.769085705280304
2023-10-16 04:40:15,970 [trainer.py:190] INFO: Validation: Loss : 0.15199245512485504, mIoU : 0.5876049399375916, mDice : 0.7339167594909668
2023-10-16 04:41:17,006 [trainer.py:142] INFO: Epoch : 291, Train_loss : 0.12934650480747223, Mean_ioU: 0.6293268799781799, Mean_Dice: 0.7688863277435303
2023-10-16 04:42:18,925 [trainer.py:142] INFO: Epoch : 292, Train_loss : 0.12783432006835938, Mean_ioU: 0.6321555972099304, Mean_Dice: 0.7713761925697327
2023-10-16 04:43:20,405 [trainer.py:142] INFO: Epoch : 293, Train_loss : 0.12915262579917908, Mean_ioU: 0.6306377053260803, Mean_Dice: 0.7701261639595032
2023-10-16 04:44:21,730 [trainer.py:142] INFO: Epoch : 294, Train_loss : 0.12781745195388794, Mean_ioU: 0.632120668888092, Mean_Dice: 0.7712829113006592
2023-10-16 04:45:23,852 [trainer.py:142] INFO: Epoch : 295, Train_loss : 0.12846536934375763, Mean_ioU: 0.6325089335441589, Mean_Dice: 0.7714126110076904
2023-10-16 04:46:25,251 [trainer.py:142] INFO: Epoch : 296, Train_loss : 0.1300281137228012, Mean_ioU: 0.6297875642776489, Mean_Dice: 0.7691741585731506
2023-10-16 04:47:26,812 [trainer.py:142] INFO: Epoch : 297, Train_loss : 0.12854401767253876, Mean_ioU: 0.6308684349060059, Mean_Dice: 0.77045738697052
2023-10-16 04:48:28,994 [trainer.py:142] INFO: Epoch : 298, Train_loss : 0.12870441377162933, Mean_ioU: 0.6313289999961853, Mean_Dice: 0.7704169154167175
2023-10-16 04:49:31,072 [trainer.py:142] INFO: Epoch : 299, Train_loss : 0.12946681678295135, Mean_ioU: 0.6303442120552063, Mean_Dice: 0.7699485421180725
2023-10-16 04:50:32,868 [trainer.py:142] INFO: Epoch : 300, Train_loss : 0.12935170531272888, Mean_ioU: 0.6309289932250977, Mean_Dice: 0.770234227180481
2023-10-16 04:50:36,478 [trainer.py:190] INFO: Validation: Loss : 0.15019673109054565, mIoU : 0.5913042426109314, mDice : 0.7364490032196045
2023-10-16 04:50:36,528 [train.py:136] INFO: ==========finish train=========
2023-10-16 04:50:36,531 [train.py:145] INFO: ==========finish work=========
