2023-10-12 19:47:39,209 [train.py:60] INFO: learning rate : 0.001
2023-10-12 19:47:39,209 [train.py:61] INFO: batch size : 25
2023-10-12 19:47:39,209 [train.py:62] INFO: num epoch : 300
2023-10-12 19:47:39,209 [train.py:63] INFO: trainflow: 10
2023-10-12 19:47:39,209 [train.py:84] INFO: ==========Start training=========
2023-10-12 19:48:14,221 [trainer.py:140] INFO: Epoch : 1, Train_loss : 0.3322373032569885, Mean_ioU: 0.4108688533306122, Mean_Dice: 0.5449620485305786
2023-10-12 19:48:39,501 [trainer.py:140] INFO: Epoch : 2, Train_loss : 0.14664457738399506, Mean_ioU: 0.6131412386894226, Mean_Dice: 0.7520309090614319
2023-10-12 19:49:04,680 [trainer.py:140] INFO: Epoch : 3, Train_loss : 0.12765775620937347, Mean_ioU: 0.6491612195968628, Mean_Dice: 0.7807685136795044
2023-10-12 19:49:30,625 [trainer.py:140] INFO: Epoch : 4, Train_loss : 0.12025605887174606, Mean_ioU: 0.6643552184104919, Mean_Dice: 0.7919613718986511
2023-10-12 19:49:55,568 [trainer.py:140] INFO: Epoch : 5, Train_loss : 0.10697025805711746, Mean_ioU: 0.6941418647766113, Mean_Dice: 0.8141753673553467
2023-10-12 19:50:20,908 [trainer.py:140] INFO: Epoch : 6, Train_loss : 0.0990973636507988, Mean_ioU: 0.711898684501648, Mean_Dice: 0.8270062208175659
2023-10-12 19:50:46,359 [trainer.py:140] INFO: Epoch : 7, Train_loss : 0.09488873928785324, Mean_ioU: 0.7231287360191345, Mean_Dice: 0.8347598314285278
2023-10-12 19:51:11,877 [trainer.py:140] INFO: Epoch : 8, Train_loss : 0.08763593435287476, Mean_ioU: 0.738310694694519, Mean_Dice: 0.8455056548118591
2023-10-12 19:51:37,217 [trainer.py:140] INFO: Epoch : 9, Train_loss : 0.08496694266796112, Mean_ioU: 0.7461581826210022, Mean_Dice: 0.8503556251525879
2023-10-12 19:52:02,484 [trainer.py:140] INFO: Epoch : 10, Train_loss : 0.08170238882303238, Mean_ioU: 0.7550581097602844, Mean_Dice: 0.8567700982093811
2023-10-12 19:52:06,684 [trainer.py:188] INFO: Validation: Loss : 0.11665839701890945, mIoU : 0.6698397397994995, mDice : 0.7894522547721863
2023-10-12 19:52:32,444 [trainer.py:140] INFO: Epoch : 11, Train_loss : 0.07532002776861191, Mean_ioU: 0.7699106931686401, Mean_Dice: 0.8661693930625916
2023-10-12 19:52:57,561 [trainer.py:140] INFO: Epoch : 12, Train_loss : 0.07206685096025467, Mean_ioU: 0.7796037197113037, Mean_Dice: 0.8729512691497803
2023-10-12 19:53:22,301 [trainer.py:140] INFO: Epoch : 13, Train_loss : 0.06997238844633102, Mean_ioU: 0.7858242392539978, Mean_Dice: 0.8772907853126526
2023-10-12 19:53:47,504 [trainer.py:140] INFO: Epoch : 14, Train_loss : 0.06885596364736557, Mean_ioU: 0.7888591289520264, Mean_Dice: 0.879164457321167
2023-10-12 19:54:12,714 [trainer.py:140] INFO: Epoch : 15, Train_loss : 0.0680074617266655, Mean_ioU: 0.7924136519432068, Mean_Dice: 0.8816352486610413
2023-10-12 19:54:37,582 [trainer.py:140] INFO: Epoch : 16, Train_loss : 0.06819955259561539, Mean_ioU: 0.7904149293899536, Mean_Dice: 0.8799983263015747
2023-10-12 19:55:02,899 [trainer.py:140] INFO: Epoch : 17, Train_loss : 0.06574544310569763, Mean_ioU: 0.7960919737815857, Mean_Dice: 0.8838050961494446
2023-10-12 19:55:27,807 [trainer.py:140] INFO: Epoch : 18, Train_loss : 0.06628721952438354, Mean_ioU: 0.7967456579208374, Mean_Dice: 0.8839111328125
2023-10-12 19:55:52,801 [trainer.py:140] INFO: Epoch : 19, Train_loss : 0.06567932665348053, Mean_ioU: 0.7993217706680298, Mean_Dice: 0.885692298412323
2023-10-12 19:56:17,474 [trainer.py:140] INFO: Epoch : 20, Train_loss : 0.06452616304159164, Mean_ioU: 0.8018203377723694, Mean_Dice: 0.8873162865638733
2023-10-12 19:56:20,639 [trainer.py:188] INFO: Validation: Loss : 0.09340449422597885, mIoU : 0.7290611267089844, mDice : 0.8359298706054688
2023-10-12 19:56:21,340 [utils.py:24] INFO: Saving ./checkpoint/ckpt_0.093404 ckp 
2023-10-12 19:56:46,244 [trainer.py:140] INFO: Epoch : 21, Train_loss : 0.0641028881072998, Mean_ioU: 0.8032407164573669, Mean_Dice: 0.8880297541618347
2023-10-12 19:57:11,261 [trainer.py:140] INFO: Epoch : 22, Train_loss : 0.06283103674650192, Mean_ioU: 0.8048411011695862, Mean_Dice: 0.8892897963523865
2023-10-12 19:57:36,436 [trainer.py:140] INFO: Epoch : 23, Train_loss : 0.06366512179374695, Mean_ioU: 0.8049655556678772, Mean_Dice: 0.8894675970077515
2023-10-12 19:58:01,128 [trainer.py:140] INFO: Epoch : 24, Train_loss : 0.06365284323692322, Mean_ioU: 0.8040552139282227, Mean_Dice: 0.8886680006980896
2023-10-12 19:58:26,503 [trainer.py:140] INFO: Epoch : 25, Train_loss : 0.062453992664813995, Mean_ioU: 0.8056102395057678, Mean_Dice: 0.8898464441299438
2023-10-12 19:58:51,642 [trainer.py:140] INFO: Epoch : 26, Train_loss : 0.063235804438591, Mean_ioU: 0.8048463463783264, Mean_Dice: 0.8893571496009827
2023-10-12 19:59:16,416 [trainer.py:140] INFO: Epoch : 27, Train_loss : 0.0617985799908638, Mean_ioU: 0.808031439781189, Mean_Dice: 0.8915240168571472
2023-10-12 19:59:41,044 [trainer.py:140] INFO: Epoch : 28, Train_loss : 0.062481753528118134, Mean_ioU: 0.8071368336677551, Mean_Dice: 0.8907522559165955
2023-10-12 20:00:05,358 [trainer.py:140] INFO: Epoch : 29, Train_loss : 0.06234503537416458, Mean_ioU: 0.8073856830596924, Mean_Dice: 0.8909677863121033
2023-10-12 20:00:30,409 [trainer.py:140] INFO: Epoch : 30, Train_loss : 0.061725083738565445, Mean_ioU: 0.8087218999862671, Mean_Dice: 0.8918715119361877
2023-10-12 20:00:33,378 [trainer.py:188] INFO: Validation: Loss : 0.0927705392241478, mIoU : 0.7293656468391418, mDice : 0.8364622592926025
2023-10-12 20:00:34,033 [utils.py:24] INFO: Saving ./checkpoint/ckpt_0.092771 ckp 
2023-10-12 20:00:59,102 [trainer.py:140] INFO: Epoch : 31, Train_loss : 0.06239481642842293, Mean_ioU: 0.8056753873825073, Mean_Dice: 0.8895865678787231
2023-10-12 20:01:24,049 [trainer.py:140] INFO: Epoch : 32, Train_loss : 0.06277506798505783, Mean_ioU: 0.8070042729377747, Mean_Dice: 0.8905472755432129
2023-10-12 20:01:48,873 [trainer.py:140] INFO: Epoch : 33, Train_loss : 0.06270358711481094, Mean_ioU: 0.8067787289619446, Mean_Dice: 0.8902853727340698
2023-10-12 20:02:13,444 [trainer.py:140] INFO: Epoch : 34, Train_loss : 0.06306470930576324, Mean_ioU: 0.8060619831085205, Mean_Dice: 0.8899593949317932
2023-10-12 20:02:38,280 [trainer.py:140] INFO: Epoch : 35, Train_loss : 0.06283672899007797, Mean_ioU: 0.8062424063682556, Mean_Dice: 0.8901534080505371
2023-10-12 20:03:03,566 [trainer.py:140] INFO: Epoch : 36, Train_loss : 0.06184402108192444, Mean_ioU: 0.8074498772621155, Mean_Dice: 0.8907848000526428
2023-10-12 20:03:28,556 [trainer.py:140] INFO: Epoch : 37, Train_loss : 0.061988990753889084, Mean_ioU: 0.8092688918113708, Mean_Dice: 0.8921557068824768
2023-10-12 20:03:53,458 [trainer.py:140] INFO: Epoch : 38, Train_loss : 0.06176904961466789, Mean_ioU: 0.8076923489570618, Mean_Dice: 0.8911605477333069
2023-10-12 20:04:18,591 [trainer.py:140] INFO: Epoch : 39, Train_loss : 0.06256632506847382, Mean_ioU: 0.8066665530204773, Mean_Dice: 0.8904320597648621
2023-10-12 20:04:44,059 [trainer.py:140] INFO: Epoch : 40, Train_loss : 0.06232758238911629, Mean_ioU: 0.8086692690849304, Mean_Dice: 0.8917759656906128
2023-10-12 20:04:47,253 [trainer.py:188] INFO: Validation: Loss : 0.09267771244049072, mIoU : 0.7297841310501099, mDice : 0.8367575407028198
2023-10-12 20:04:47,956 [utils.py:24] INFO: Saving ./checkpoint/ckpt_0.092678 ckp 
2023-10-12 20:04:48,332 [utils.py:30] INFO: Delete ./checkpoint/ckpt_0.093404.pth ckp
2023-10-12 20:05:12,731 [trainer.py:140] INFO: Epoch : 41, Train_loss : 0.06230517849326134, Mean_ioU: 0.8073869943618774, Mean_Dice: 0.8908326029777527
2023-10-12 20:05:37,904 [trainer.py:140] INFO: Epoch : 42, Train_loss : 0.06209416314959526, Mean_ioU: 0.8083961009979248, Mean_Dice: 0.8915321826934814
2023-10-12 20:06:02,670 [trainer.py:140] INFO: Epoch : 43, Train_loss : 0.06280109286308289, Mean_ioU: 0.8059412837028503, Mean_Dice: 0.8896380066871643
2023-10-12 20:06:27,212 [trainer.py:140] INFO: Epoch : 44, Train_loss : 0.0619969367980957, Mean_ioU: 0.8075157999992371, Mean_Dice: 0.8909722566604614
2023-10-12 20:06:52,317 [trainer.py:140] INFO: Epoch : 45, Train_loss : 0.06375597417354584, Mean_ioU: 0.803438663482666, Mean_Dice: 0.8879390358924866
2023-10-12 20:07:17,179 [trainer.py:140] INFO: Epoch : 46, Train_loss : 0.06252462416887283, Mean_ioU: 0.8064274191856384, Mean_Dice: 0.8903257846832275
2023-10-12 20:07:42,184 [trainer.py:140] INFO: Epoch : 47, Train_loss : 0.06295908242464066, Mean_ioU: 0.805412232875824, Mean_Dice: 0.8894068002700806
2023-10-12 20:08:07,128 [trainer.py:140] INFO: Epoch : 48, Train_loss : 0.06267598271369934, Mean_ioU: 0.8056043982505798, Mean_Dice: 0.8896983861923218
2023-10-12 20:08:32,167 [trainer.py:140] INFO: Epoch : 49, Train_loss : 0.06160545349121094, Mean_ioU: 0.8076420426368713, Mean_Dice: 0.8909029364585876
2023-10-12 20:08:57,223 [trainer.py:140] INFO: Epoch : 50, Train_loss : 0.063167504966259, Mean_ioU: 0.8056780099868774, Mean_Dice: 0.8894370794296265
2023-10-12 20:09:00,328 [trainer.py:188] INFO: Validation: Loss : 0.09285572916269302, mIoU : 0.7296515107154846, mDice : 0.8366632461547852
2023-10-12 20:09:26,139 [trainer.py:140] INFO: Epoch : 51, Train_loss : 0.062254104763269424, Mean_ioU: 0.808133065700531, Mean_Dice: 0.8914746642112732
2023-10-12 20:09:50,624 [trainer.py:140] INFO: Epoch : 52, Train_loss : 0.06312941014766693, Mean_ioU: 0.8047567009925842, Mean_Dice: 0.8889374136924744
2023-10-12 20:10:15,285 [trainer.py:140] INFO: Epoch : 53, Train_loss : 0.0625210553407669, Mean_ioU: 0.8072627186775208, Mean_Dice: 0.8907022476196289
2023-10-12 20:10:39,876 [trainer.py:140] INFO: Epoch : 54, Train_loss : 0.06264671683311462, Mean_ioU: 0.8077424764633179, Mean_Dice: 0.8908970355987549
2023-10-12 20:11:04,810 [trainer.py:140] INFO: Epoch : 55, Train_loss : 0.06315059959888458, Mean_ioU: 0.8047831058502197, Mean_Dice: 0.8889034986495972
2023-10-12 20:11:29,815 [trainer.py:140] INFO: Epoch : 56, Train_loss : 0.06240545213222504, Mean_ioU: 0.8072997331619263, Mean_Dice: 0.8906044960021973
2023-10-12 20:11:54,288 [trainer.py:140] INFO: Epoch : 57, Train_loss : 0.06227406486868858, Mean_ioU: 0.8082596659660339, Mean_Dice: 0.8912492394447327
2023-10-12 20:12:19,610 [trainer.py:140] INFO: Epoch : 58, Train_loss : 0.06241381913423538, Mean_ioU: 0.8074060082435608, Mean_Dice: 0.8905851244926453
2023-10-12 20:12:44,263 [trainer.py:140] INFO: Epoch : 59, Train_loss : 0.0624486543238163, Mean_ioU: 0.8071534037590027, Mean_Dice: 0.8906551599502563
2023-10-12 20:13:09,333 [trainer.py:140] INFO: Epoch : 60, Train_loss : 0.06283234059810638, Mean_ioU: 0.8059411644935608, Mean_Dice: 0.8895411491394043
2023-10-12 20:13:12,340 [trainer.py:188] INFO: Validation: Loss : 0.09290692955255508, mIoU : 0.7296160459518433, mDice : 0.8366323113441467
2023-10-12 20:13:38,267 [trainer.py:140] INFO: Epoch : 61, Train_loss : 0.06199350208044052, Mean_ioU: 0.8082682490348816, Mean_Dice: 0.8914355039596558
2023-10-12 20:14:03,195 [trainer.py:140] INFO: Epoch : 62, Train_loss : 0.06295900046825409, Mean_ioU: 0.807209849357605, Mean_Dice: 0.890665590763092
2023-10-12 20:14:27,885 [trainer.py:140] INFO: Epoch : 63, Train_loss : 0.06153396889567375, Mean_ioU: 0.8083584904670715, Mean_Dice: 0.8916378617286682
2023-10-12 20:14:52,939 [trainer.py:140] INFO: Epoch : 64, Train_loss : 0.06296302378177643, Mean_ioU: 0.805708646774292, Mean_Dice: 0.8896712064743042
2023-10-12 20:15:17,658 [trainer.py:140] INFO: Epoch : 65, Train_loss : 0.06161694601178169, Mean_ioU: 0.8087475895881653, Mean_Dice: 0.8916623592376709
2023-10-12 20:15:42,201 [trainer.py:140] INFO: Epoch : 66, Train_loss : 0.062215954065322876, Mean_ioU: 0.8083397150039673, Mean_Dice: 0.8914854526519775
2023-10-12 20:16:07,280 [trainer.py:140] INFO: Epoch : 67, Train_loss : 0.062235452234745026, Mean_ioU: 0.8071132302284241, Mean_Dice: 0.8906633853912354
2023-10-12 20:16:32,793 [trainer.py:140] INFO: Epoch : 68, Train_loss : 0.06181745603680611, Mean_ioU: 0.8086172342300415, Mean_Dice: 0.8917211890220642
2023-10-12 20:16:57,285 [trainer.py:140] INFO: Epoch : 69, Train_loss : 0.061535224318504333, Mean_ioU: 0.8100205659866333, Mean_Dice: 0.8926597833633423
2023-10-12 20:17:22,150 [trainer.py:140] INFO: Epoch : 70, Train_loss : 0.0625481978058815, Mean_ioU: 0.8066561222076416, Mean_Dice: 0.8902959823608398
2023-10-12 20:17:25,311 [trainer.py:188] INFO: Validation: Loss : 0.09307978302240372, mIoU : 0.7294394969940186, mDice : 0.8365100622177124
2023-10-12 20:17:50,956 [trainer.py:140] INFO: Epoch : 71, Train_loss : 0.06295634806156158, Mean_ioU: 0.8055011034011841, Mean_Dice: 0.8896121978759766
2023-10-12 20:18:15,875 [trainer.py:140] INFO: Epoch : 72, Train_loss : 0.06162372604012489, Mean_ioU: 0.8086628913879395, Mean_Dice: 0.8917955756187439
2023-10-12 20:18:40,802 [trainer.py:140] INFO: Epoch : 73, Train_loss : 0.06205645576119423, Mean_ioU: 0.8079857230186462, Mean_Dice: 0.891075611114502
2023-10-12 20:19:05,704 [trainer.py:140] INFO: Epoch : 74, Train_loss : 0.06202886998653412, Mean_ioU: 0.8078683614730835, Mean_Dice: 0.8911183476448059
2023-10-12 20:19:30,829 [trainer.py:140] INFO: Epoch : 75, Train_loss : 0.06216158717870712, Mean_ioU: 0.8073316216468811, Mean_Dice: 0.8907315135002136
2023-10-12 20:19:55,963 [trainer.py:140] INFO: Epoch : 76, Train_loss : 0.06309973448514938, Mean_ioU: 0.8063884973526001, Mean_Dice: 0.8901075124740601
2023-10-12 20:20:20,500 [trainer.py:140] INFO: Epoch : 77, Train_loss : 0.06282122433185577, Mean_ioU: 0.8069743514060974, Mean_Dice: 0.8904880881309509
2023-10-12 20:20:45,851 [trainer.py:140] INFO: Epoch : 78, Train_loss : 0.06293206661939621, Mean_ioU: 0.8057311177253723, Mean_Dice: 0.8897262215614319
2023-10-12 20:21:10,851 [trainer.py:140] INFO: Epoch : 79, Train_loss : 0.06146930158138275, Mean_ioU: 0.809043824672699, Mean_Dice: 0.8919820785522461
2023-10-12 20:21:36,022 [trainer.py:140] INFO: Epoch : 80, Train_loss : 0.06208415701985359, Mean_ioU: 0.807435154914856, Mean_Dice: 0.8907655477523804
2023-10-12 20:21:39,074 [trainer.py:188] INFO: Validation: Loss : 0.09274998307228088, mIoU : 0.7298301458358765, mDice : 0.836780309677124
2023-10-12 20:22:04,451 [trainer.py:140] INFO: Epoch : 81, Train_loss : 0.06185620650649071, Mean_ioU: 0.8099706172943115, Mean_Dice: 0.8925918340682983
2023-10-12 20:22:29,427 [trainer.py:140] INFO: Epoch : 82, Train_loss : 0.061899472028017044, Mean_ioU: 0.8081384301185608, Mean_Dice: 0.8911809921264648
2023-10-12 20:22:54,191 [trainer.py:140] INFO: Epoch : 83, Train_loss : 0.06278294324874878, Mean_ioU: 0.8070454597473145, Mean_Dice: 0.8903250694274902
2023-10-12 20:23:19,031 [trainer.py:140] INFO: Epoch : 84, Train_loss : 0.06296749413013458, Mean_ioU: 0.8062739968299866, Mean_Dice: 0.8898070454597473
2023-10-12 20:23:43,853 [trainer.py:140] INFO: Epoch : 85, Train_loss : 0.06234343722462654, Mean_ioU: 0.8069064617156982, Mean_Dice: 0.8903623819351196
2023-10-12 20:24:08,852 [trainer.py:140] INFO: Epoch : 86, Train_loss : 0.061802688986063004, Mean_ioU: 0.8076757192611694, Mean_Dice: 0.8910632729530334
2023-10-12 20:24:34,004 [trainer.py:140] INFO: Epoch : 87, Train_loss : 0.061738625168800354, Mean_ioU: 0.8085489869117737, Mean_Dice: 0.8916255235671997
2023-10-12 20:24:59,417 [trainer.py:140] INFO: Epoch : 88, Train_loss : 0.06180039420723915, Mean_ioU: 0.8092890381813049, Mean_Dice: 0.8918540477752686
2023-10-12 20:25:24,096 [trainer.py:140] INFO: Epoch : 89, Train_loss : 0.062447477132081985, Mean_ioU: 0.8072301149368286, Mean_Dice: 0.8906456232070923
2023-10-12 20:25:49,215 [trainer.py:140] INFO: Epoch : 90, Train_loss : 0.06275355070829391, Mean_ioU: 0.8059574365615845, Mean_Dice: 0.8896905183792114
2023-10-12 20:25:52,289 [trainer.py:188] INFO: Validation: Loss : 0.09277085214853287, mIoU : 0.7296915054321289, mDice : 0.8366705179214478
2023-10-12 20:26:18,146 [trainer.py:140] INFO: Epoch : 91, Train_loss : 0.06227154657244682, Mean_ioU: 0.8080013394355774, Mean_Dice: 0.8911943435668945
2023-10-12 20:26:43,211 [trainer.py:140] INFO: Epoch : 92, Train_loss : 0.06141132488846779, Mean_ioU: 0.8101727962493896, Mean_Dice: 0.8928084969520569
2023-10-12 20:27:08,005 [trainer.py:140] INFO: Epoch : 93, Train_loss : 0.06231924518942833, Mean_ioU: 0.807160496711731, Mean_Dice: 0.8906940817832947
2023-10-12 20:27:33,041 [trainer.py:140] INFO: Epoch : 94, Train_loss : 0.062099941074848175, Mean_ioU: 0.8078766465187073, Mean_Dice: 0.8911972641944885
2023-10-12 20:27:57,348 [trainer.py:140] INFO: Epoch : 95, Train_loss : 0.0625760555267334, Mean_ioU: 0.8066675066947937, Mean_Dice: 0.8903965353965759
2023-10-12 20:28:22,111 [trainer.py:140] INFO: Epoch : 96, Train_loss : 0.062273669987916946, Mean_ioU: 0.807186484336853, Mean_Dice: 0.8907177448272705
2023-10-12 20:28:46,991 [trainer.py:140] INFO: Epoch : 97, Train_loss : 0.06129271164536476, Mean_ioU: 0.8101534247398376, Mean_Dice: 0.8927271366119385
2023-10-12 20:29:12,245 [trainer.py:140] INFO: Epoch : 98, Train_loss : 0.06294545531272888, Mean_ioU: 0.8048970699310303, Mean_Dice: 0.889004111289978
2023-10-12 20:29:37,312 [trainer.py:140] INFO: Epoch : 99, Train_loss : 0.06352964788675308, Mean_ioU: 0.8052752017974854, Mean_Dice: 0.8894529938697815
2023-10-12 20:30:01,925 [trainer.py:140] INFO: Epoch : 100, Train_loss : 0.06253587454557419, Mean_ioU: 0.8071597218513489, Mean_Dice: 0.890677273273468
2023-10-12 20:30:05,140 [trainer.py:188] INFO: Validation: Loss : 0.09279678761959076, mIoU : 0.7296415567398071, mDice : 0.8366498351097107
2023-10-12 20:30:30,712 [trainer.py:140] INFO: Epoch : 101, Train_loss : 0.06245827674865723, Mean_ioU: 0.8082500100135803, Mean_Dice: 0.8915795087814331
2023-10-12 20:30:55,799 [trainer.py:140] INFO: Epoch : 102, Train_loss : 0.06146799772977829, Mean_ioU: 0.8096689581871033, Mean_Dice: 0.892331063747406
2023-10-12 20:31:20,796 [trainer.py:140] INFO: Epoch : 103, Train_loss : 0.0627792552113533, Mean_ioU: 0.8069160580635071, Mean_Dice: 0.8904580473899841
2023-10-12 20:31:45,720 [trainer.py:140] INFO: Epoch : 104, Train_loss : 0.062484726309776306, Mean_ioU: 0.8068510293960571, Mean_Dice: 0.8904809951782227
2023-10-12 20:32:10,785 [trainer.py:140] INFO: Epoch : 105, Train_loss : 0.06202453747391701, Mean_ioU: 0.8086591362953186, Mean_Dice: 0.8914549946784973
2023-10-12 20:32:36,094 [trainer.py:140] INFO: Epoch : 106, Train_loss : 0.06181939318776131, Mean_ioU: 0.80767822265625, Mean_Dice: 0.8911608457565308
2023-10-12 20:33:01,082 [trainer.py:140] INFO: Epoch : 107, Train_loss : 0.06266171485185623, Mean_ioU: 0.8060675263404846, Mean_Dice: 0.8897742033004761
2023-10-12 20:33:26,114 [trainer.py:140] INFO: Epoch : 108, Train_loss : 0.06158808246254921, Mean_ioU: 0.8097913861274719, Mean_Dice: 0.8925955891609192
2023-10-12 20:33:50,826 [trainer.py:140] INFO: Epoch : 109, Train_loss : 0.062149349600076675, Mean_ioU: 0.8085318207740784, Mean_Dice: 0.8914892673492432
2023-10-12 20:34:15,637 [trainer.py:140] INFO: Epoch : 110, Train_loss : 0.06210775300860405, Mean_ioU: 0.8082460165023804, Mean_Dice: 0.8915055394172668
2023-10-12 20:34:18,748 [trainer.py:188] INFO: Validation: Loss : 0.09284786134958267, mIoU : 0.7295847535133362, mDice : 0.8365973234176636
2023-10-12 20:34:44,185 [trainer.py:140] INFO: Epoch : 111, Train_loss : 0.06181212142109871, Mean_ioU: 0.8091052174568176, Mean_Dice: 0.892098605632782
2023-10-12 20:35:08,830 [trainer.py:140] INFO: Epoch : 112, Train_loss : 0.06225569173693657, Mean_ioU: 0.8072754740715027, Mean_Dice: 0.8904513120651245
2023-10-12 20:35:33,262 [trainer.py:140] INFO: Epoch : 113, Train_loss : 0.06267236173152924, Mean_ioU: 0.8054779767990112, Mean_Dice: 0.8895913362503052
2023-10-12 20:35:58,007 [trainer.py:140] INFO: Epoch : 114, Train_loss : 0.06281886249780655, Mean_ioU: 0.8069056868553162, Mean_Dice: 0.8905051946640015
2023-10-12 20:36:23,055 [trainer.py:140] INFO: Epoch : 115, Train_loss : 0.062211599200963974, Mean_ioU: 0.8065932393074036, Mean_Dice: 0.8903537392616272
2023-10-12 20:36:47,473 [trainer.py:140] INFO: Epoch : 116, Train_loss : 0.062139496207237244, Mean_ioU: 0.8084232807159424, Mean_Dice: 0.8917022943496704
2023-10-12 20:37:12,092 [trainer.py:140] INFO: Epoch : 117, Train_loss : 0.0615307092666626, Mean_ioU: 0.8091511130332947, Mean_Dice: 0.8917985558509827
2023-10-12 20:37:36,989 [trainer.py:140] INFO: Epoch : 118, Train_loss : 0.06219824030995369, Mean_ioU: 0.8068451881408691, Mean_Dice: 0.8902490139007568
2023-10-12 20:38:01,800 [trainer.py:140] INFO: Epoch : 119, Train_loss : 0.06275461614131927, Mean_ioU: 0.8078614473342896, Mean_Dice: 0.8911890983581543
2023-10-12 20:38:26,769 [trainer.py:140] INFO: Epoch : 120, Train_loss : 0.061857081949710846, Mean_ioU: 0.808356761932373, Mean_Dice: 0.8912901282310486
2023-10-12 20:38:29,870 [trainer.py:188] INFO: Validation: Loss : 0.09287569671869278, mIoU : 0.7296382188796997, mDice : 0.8366498351097107
2023-10-12 20:38:55,534 [trainer.py:140] INFO: Epoch : 121, Train_loss : 0.06232958659529686, Mean_ioU: 0.80745929479599, Mean_Dice: 0.8908310532569885
2023-10-12 20:39:20,495 [trainer.py:140] INFO: Epoch : 122, Train_loss : 0.0622442401945591, Mean_ioU: 0.8076472878456116, Mean_Dice: 0.8910125494003296
2023-10-12 20:39:45,636 [trainer.py:140] INFO: Epoch : 123, Train_loss : 0.062437620013952255, Mean_ioU: 0.8063798546791077, Mean_Dice: 0.8901020288467407
2023-10-12 20:40:10,871 [trainer.py:140] INFO: Epoch : 124, Train_loss : 0.06203121319413185, Mean_ioU: 0.8091299533843994, Mean_Dice: 0.8921275734901428
2023-10-12 20:40:35,764 [trainer.py:140] INFO: Epoch : 125, Train_loss : 0.061825305223464966, Mean_ioU: 0.8083128929138184, Mean_Dice: 0.8914152383804321
2023-10-12 20:41:00,765 [trainer.py:140] INFO: Epoch : 126, Train_loss : 0.06247982755303383, Mean_ioU: 0.8073194026947021, Mean_Dice: 0.8908151984214783
2023-10-12 20:41:26,020 [trainer.py:140] INFO: Epoch : 127, Train_loss : 0.06313350796699524, Mean_ioU: 0.8062636256217957, Mean_Dice: 0.8899255394935608
2023-10-12 20:41:51,130 [trainer.py:140] INFO: Epoch : 128, Train_loss : 0.06361857056617737, Mean_ioU: 0.8054471611976624, Mean_Dice: 0.8892520666122437
2023-10-12 20:42:16,092 [trainer.py:140] INFO: Epoch : 129, Train_loss : 0.061853740364313126, Mean_ioU: 0.808783233165741, Mean_Dice: 0.8916758894920349
2023-10-12 20:42:40,608 [trainer.py:140] INFO: Epoch : 130, Train_loss : 0.061844006180763245, Mean_ioU: 0.8083336353302002, Mean_Dice: 0.8914853930473328
2023-10-12 20:42:43,758 [trainer.py:188] INFO: Validation: Loss : 0.09285943955183029, mIoU : 0.7296436429023743, mDice : 0.8366338610649109
2023-10-12 20:43:09,425 [trainer.py:140] INFO: Epoch : 131, Train_loss : 0.061759576201438904, Mean_ioU: 0.8086813688278198, Mean_Dice: 0.8918551802635193
2023-10-12 20:43:34,583 [trainer.py:140] INFO: Epoch : 132, Train_loss : 0.06138210371136665, Mean_ioU: 0.8091970086097717, Mean_Dice: 0.8919832110404968
2023-10-12 20:43:59,298 [trainer.py:140] INFO: Epoch : 133, Train_loss : 0.061913758516311646, Mean_ioU: 0.8083046078681946, Mean_Dice: 0.8915390372276306
2023-10-12 20:44:24,079 [trainer.py:140] INFO: Epoch : 134, Train_loss : 0.06276575475931168, Mean_ioU: 0.8067837357521057, Mean_Dice: 0.890501081943512
2023-10-12 20:44:49,703 [trainer.py:140] INFO: Epoch : 135, Train_loss : 0.06138686463236809, Mean_ioU: 0.8089690208435059, Mean_Dice: 0.8918442726135254
2023-10-12 20:45:14,462 [trainer.py:140] INFO: Epoch : 136, Train_loss : 0.06255508214235306, Mean_ioU: 0.8055388331413269, Mean_Dice: 0.8893054723739624
2023-10-12 20:45:39,512 [trainer.py:140] INFO: Epoch : 137, Train_loss : 0.062040358781814575, Mean_ioU: 0.8071082234382629, Mean_Dice: 0.8906760811805725
2023-10-12 20:46:04,811 [trainer.py:140] INFO: Epoch : 138, Train_loss : 0.062233708798885345, Mean_ioU: 0.808540940284729, Mean_Dice: 0.8916751742362976
2023-10-12 20:46:29,805 [trainer.py:140] INFO: Epoch : 139, Train_loss : 0.06276888400316238, Mean_ioU: 0.8066102266311646, Mean_Dice: 0.890204906463623
2023-10-12 20:46:54,728 [trainer.py:140] INFO: Epoch : 140, Train_loss : 0.06362513452768326, Mean_ioU: 0.8035062551498413, Mean_Dice: 0.8880060315132141
2023-10-12 20:46:57,782 [trainer.py:188] INFO: Validation: Loss : 0.0928569957613945, mIoU : 0.7296541333198547, mDice : 0.8366649746894836
2023-10-12 20:47:23,478 [trainer.py:140] INFO: Epoch : 141, Train_loss : 0.06193555146455765, Mean_ioU: 0.8079813718795776, Mean_Dice: 0.891162633895874
2023-10-12 20:47:48,913 [trainer.py:140] INFO: Epoch : 142, Train_loss : 0.061984624713659286, Mean_ioU: 0.8077778220176697, Mean_Dice: 0.8910375237464905
2023-10-12 20:48:13,792 [trainer.py:140] INFO: Epoch : 143, Train_loss : 0.0627707839012146, Mean_ioU: 0.8063667416572571, Mean_Dice: 0.8901237845420837
2023-10-12 20:48:38,305 [trainer.py:140] INFO: Epoch : 144, Train_loss : 0.06236724928021431, Mean_ioU: 0.8075393438339233, Mean_Dice: 0.8909268975257874
2023-10-12 20:49:03,203 [trainer.py:140] INFO: Epoch : 145, Train_loss : 0.06197953224182129, Mean_ioU: 0.8082343935966492, Mean_Dice: 0.8914223909378052
2023-10-12 20:49:28,257 [trainer.py:140] INFO: Epoch : 146, Train_loss : 0.06199132651090622, Mean_ioU: 0.808735728263855, Mean_Dice: 0.8919349312782288
2023-10-12 20:49:53,446 [trainer.py:140] INFO: Epoch : 147, Train_loss : 0.06168209761381149, Mean_ioU: 0.8095844984054565, Mean_Dice: 0.8922396898269653
2023-10-12 20:50:18,800 [trainer.py:140] INFO: Epoch : 148, Train_loss : 0.06250642985105515, Mean_ioU: 0.8069722652435303, Mean_Dice: 0.890586793422699
2023-10-12 20:50:44,087 [trainer.py:140] INFO: Epoch : 149, Train_loss : 0.06168587878346443, Mean_ioU: 0.8087381720542908, Mean_Dice: 0.8917117714881897
2023-10-12 20:51:08,779 [trainer.py:140] INFO: Epoch : 150, Train_loss : 0.061792198568582535, Mean_ioU: 0.8083159327507019, Mean_Dice: 0.891577422618866
2023-10-12 20:51:11,968 [trainer.py:188] INFO: Validation: Loss : 0.09270147234201431, mIoU : 0.7298409938812256, mDice : 0.8367804884910583
2023-10-12 20:51:37,637 [trainer.py:140] INFO: Epoch : 151, Train_loss : 0.061992231756448746, Mean_ioU: 0.8083950281143188, Mean_Dice: 0.8912816047668457
2023-10-12 20:52:03,100 [trainer.py:140] INFO: Epoch : 152, Train_loss : 0.06225457042455673, Mean_ioU: 0.8069717288017273, Mean_Dice: 0.8906680345535278
2023-10-12 20:52:27,896 [trainer.py:140] INFO: Epoch : 153, Train_loss : 0.06271913647651672, Mean_ioU: 0.8076093196868896, Mean_Dice: 0.8908202648162842
2023-10-12 20:52:52,910 [trainer.py:140] INFO: Epoch : 154, Train_loss : 0.06276530027389526, Mean_ioU: 0.8078150153160095, Mean_Dice: 0.8911494612693787
2023-10-12 20:53:17,923 [trainer.py:140] INFO: Epoch : 155, Train_loss : 0.06182926520705223, Mean_ioU: 0.8068684935569763, Mean_Dice: 0.8902808427810669
2023-10-12 20:53:43,158 [trainer.py:140] INFO: Epoch : 156, Train_loss : 0.06199993938207626, Mean_ioU: 0.8078128695487976, Mean_Dice: 0.8911680579185486
2023-10-12 20:54:08,036 [trainer.py:140] INFO: Epoch : 157, Train_loss : 0.06172258034348488, Mean_ioU: 0.8086827993392944, Mean_Dice: 0.8917433023452759
2023-10-12 20:54:33,100 [trainer.py:140] INFO: Epoch : 158, Train_loss : 0.06167541444301605, Mean_ioU: 0.8080126047134399, Mean_Dice: 0.8913726806640625
2023-10-12 20:54:58,387 [trainer.py:140] INFO: Epoch : 159, Train_loss : 0.06265456229448318, Mean_ioU: 0.8064801692962646, Mean_Dice: 0.8901475071907043
2023-10-12 20:55:23,459 [trainer.py:140] INFO: Epoch : 160, Train_loss : 0.06240855157375336, Mean_ioU: 0.8078701496124268, Mean_Dice: 0.8913493752479553
2023-10-12 20:55:26,562 [trainer.py:188] INFO: Validation: Loss : 0.09296350926160812, mIoU : 0.7294207215309143, mDice : 0.8364944458007812
2023-10-12 20:55:52,246 [trainer.py:140] INFO: Epoch : 161, Train_loss : 0.06306690722703934, Mean_ioU: 0.8056648969650269, Mean_Dice: 0.8893701434135437
2023-10-12 20:56:17,034 [trainer.py:140] INFO: Epoch : 162, Train_loss : 0.06258377432823181, Mean_ioU: 0.8065340518951416, Mean_Dice: 0.8901879191398621
2023-10-12 20:56:41,560 [trainer.py:140] INFO: Epoch : 163, Train_loss : 0.06232694163918495, Mean_ioU: 0.8072803616523743, Mean_Dice: 0.8905928730964661
2023-10-12 20:57:06,840 [trainer.py:140] INFO: Epoch : 164, Train_loss : 0.06255084276199341, Mean_ioU: 0.8063616752624512, Mean_Dice: 0.8902739882469177
2023-10-12 20:57:31,938 [trainer.py:140] INFO: Epoch : 165, Train_loss : 0.06157910078763962, Mean_ioU: 0.8078111410140991, Mean_Dice: 0.891092836856842
2023-10-12 20:57:56,612 [trainer.py:140] INFO: Epoch : 166, Train_loss : 0.062204957008361816, Mean_ioU: 0.80733722448349, Mean_Dice: 0.8907392024993896
2023-10-12 20:58:22,288 [trainer.py:140] INFO: Epoch : 167, Train_loss : 0.061707861721515656, Mean_ioU: 0.8087328672409058, Mean_Dice: 0.8915963768959045
2023-10-12 20:58:47,218 [trainer.py:140] INFO: Epoch : 168, Train_loss : 0.06206803396344185, Mean_ioU: 0.8078813552856445, Mean_Dice: 0.8911128640174866
2023-10-12 20:59:11,977 [trainer.py:140] INFO: Epoch : 169, Train_loss : 0.0616598054766655, Mean_ioU: 0.8088992834091187, Mean_Dice: 0.8919335007667542
2023-10-12 20:59:36,677 [trainer.py:140] INFO: Epoch : 170, Train_loss : 0.061249732971191406, Mean_ioU: 0.810465395450592, Mean_Dice: 0.8927918076515198
2023-10-12 20:59:39,834 [trainer.py:188] INFO: Validation: Loss : 0.09281723201274872, mIoU : 0.7297746539115906, mDice : 0.8367297649383545
2023-10-12 21:00:05,419 [trainer.py:140] INFO: Epoch : 171, Train_loss : 0.062370818108320236, Mean_ioU: 0.8078312873840332, Mean_Dice: 0.8911137580871582
2023-10-12 21:00:30,431 [trainer.py:140] INFO: Epoch : 172, Train_loss : 0.0630740374326706, Mean_ioU: 0.8052680492401123, Mean_Dice: 0.889472484588623
2023-10-12 21:00:55,524 [trainer.py:140] INFO: Epoch : 173, Train_loss : 0.06320149451494217, Mean_ioU: 0.8053808212280273, Mean_Dice: 0.8892344832420349
2023-10-12 21:01:20,165 [trainer.py:140] INFO: Epoch : 174, Train_loss : 0.06270008534193039, Mean_ioU: 0.8069279789924622, Mean_Dice: 0.8903886079788208
2023-10-12 21:01:45,440 [trainer.py:140] INFO: Epoch : 175, Train_loss : 0.06190463528037071, Mean_ioU: 0.8084356188774109, Mean_Dice: 0.8915082216262817
2023-10-12 21:02:10,216 [trainer.py:140] INFO: Epoch : 176, Train_loss : 0.06253603100776672, Mean_ioU: 0.807338535785675, Mean_Dice: 0.8908190727233887
2023-10-12 21:02:35,117 [trainer.py:140] INFO: Epoch : 177, Train_loss : 0.06175334379076958, Mean_ioU: 0.8072340488433838, Mean_Dice: 0.8906258344650269
2023-10-12 21:02:59,812 [trainer.py:140] INFO: Epoch : 178, Train_loss : 0.06239748001098633, Mean_ioU: 0.8074910640716553, Mean_Dice: 0.8910411596298218
2023-10-12 21:03:25,118 [trainer.py:140] INFO: Epoch : 179, Train_loss : 0.06258972734212875, Mean_ioU: 0.8070613741874695, Mean_Dice: 0.8904796838760376
2023-10-12 21:03:50,371 [trainer.py:140] INFO: Epoch : 180, Train_loss : 0.0625428631901741, Mean_ioU: 0.8067657947540283, Mean_Dice: 0.8902169466018677
2023-10-12 21:03:53,516 [trainer.py:188] INFO: Validation: Loss : 0.09283839166164398, mIoU : 0.7296521067619324, mDice : 0.8366459012031555
2023-10-12 21:04:19,043 [trainer.py:140] INFO: Epoch : 181, Train_loss : 0.06279122084379196, Mean_ioU: 0.8053299784660339, Mean_Dice: 0.8892912864685059
2023-10-12 21:04:44,101 [trainer.py:140] INFO: Epoch : 182, Train_loss : 0.06206398084759712, Mean_ioU: 0.8076267838478088, Mean_Dice: 0.891072154045105
2023-10-12 21:05:09,115 [trainer.py:140] INFO: Epoch : 183, Train_loss : 0.06278002262115479, Mean_ioU: 0.8064574003219604, Mean_Dice: 0.8899374604225159
2023-10-12 21:05:33,932 [trainer.py:140] INFO: Epoch : 184, Train_loss : 0.06234344467520714, Mean_ioU: 0.806695818901062, Mean_Dice: 0.8901208639144897
2023-10-12 21:05:58,870 [trainer.py:140] INFO: Epoch : 185, Train_loss : 0.06330811977386475, Mean_ioU: 0.8048877120018005, Mean_Dice: 0.8892386555671692
2023-10-12 21:06:23,895 [trainer.py:140] INFO: Epoch : 186, Train_loss : 0.06251265108585358, Mean_ioU: 0.80671626329422, Mean_Dice: 0.8905764818191528
2023-10-12 21:06:49,128 [trainer.py:140] INFO: Epoch : 187, Train_loss : 0.06287983059883118, Mean_ioU: 0.8073977828025818, Mean_Dice: 0.8908701539039612
2023-10-12 21:07:14,000 [trainer.py:140] INFO: Epoch : 188, Train_loss : 0.062774159014225, Mean_ioU: 0.80641770362854, Mean_Dice: 0.8901957869529724
2023-10-12 21:07:39,211 [trainer.py:140] INFO: Epoch : 189, Train_loss : 0.062352925539016724, Mean_ioU: 0.8078674077987671, Mean_Dice: 0.8911435008049011
2023-10-12 21:08:04,196 [trainer.py:140] INFO: Epoch : 190, Train_loss : 0.06243816390633583, Mean_ioU: 0.8072730302810669, Mean_Dice: 0.8908489942550659
2023-10-12 21:08:07,348 [trainer.py:188] INFO: Validation: Loss : 0.09291701018810272, mIoU : 0.7295666933059692, mDice : 0.8366134762763977
2023-10-12 21:08:33,025 [trainer.py:140] INFO: Epoch : 191, Train_loss : 0.06192002072930336, Mean_ioU: 0.8076618909835815, Mean_Dice: 0.8908230662345886
2023-10-12 21:08:58,162 [trainer.py:140] INFO: Epoch : 192, Train_loss : 0.06115362420678139, Mean_ioU: 0.809047281742096, Mean_Dice: 0.8919174075126648
2023-10-12 21:09:23,334 [trainer.py:140] INFO: Epoch : 193, Train_loss : 0.06209808960556984, Mean_ioU: 0.8079736232757568, Mean_Dice: 0.8910723924636841
2023-10-12 21:09:48,085 [trainer.py:140] INFO: Epoch : 194, Train_loss : 0.062252338975667953, Mean_ioU: 0.8075025081634521, Mean_Dice: 0.890843391418457
2023-10-12 21:10:12,919 [trainer.py:140] INFO: Epoch : 195, Train_loss : 0.06201525405049324, Mean_ioU: 0.8076869249343872, Mean_Dice: 0.8909616470336914
2023-10-12 21:10:37,831 [trainer.py:140] INFO: Epoch : 196, Train_loss : 0.06263945251703262, Mean_ioU: 0.8064913749694824, Mean_Dice: 0.889995813369751
2023-10-12 21:11:02,893 [trainer.py:140] INFO: Epoch : 197, Train_loss : 0.06330999732017517, Mean_ioU: 0.8057237267494202, Mean_Dice: 0.8896213173866272
2023-10-12 21:11:26,947 [trainer.py:140] INFO: Epoch : 198, Train_loss : 0.061837419867515564, Mean_ioU: 0.808907151222229, Mean_Dice: 0.8919525742530823
2023-10-12 21:11:51,697 [trainer.py:140] INFO: Epoch : 199, Train_loss : 0.06249929219484329, Mean_ioU: 0.8070007562637329, Mean_Dice: 0.890509307384491
2023-10-12 21:12:16,912 [trainer.py:140] INFO: Epoch : 200, Train_loss : 0.0619242824614048, Mean_ioU: 0.8077560663223267, Mean_Dice: 0.8911151885986328
2023-10-12 21:12:19,952 [trainer.py:188] INFO: Validation: Loss : 0.09282451868057251, mIoU : 0.7296966910362244, mDice : 0.8366754055023193
2023-10-12 21:12:45,680 [trainer.py:140] INFO: Epoch : 201, Train_loss : 0.06214044988155365, Mean_ioU: 0.8074413537979126, Mean_Dice: 0.8908445239067078
2023-10-12 21:13:10,531 [trainer.py:140] INFO: Epoch : 202, Train_loss : 0.062426939606666565, Mean_ioU: 0.8059289455413818, Mean_Dice: 0.8900213837623596
2023-10-12 21:13:35,664 [trainer.py:140] INFO: Epoch : 203, Train_loss : 0.060891229659318924, Mean_ioU: 0.8104277849197388, Mean_Dice: 0.893062174320221
2023-10-12 21:14:00,652 [trainer.py:140] INFO: Epoch : 204, Train_loss : 0.062021445482969284, Mean_ioU: 0.808158278465271, Mean_Dice: 0.8914085030555725
2023-10-12 21:14:25,692 [trainer.py:140] INFO: Epoch : 205, Train_loss : 0.06247115135192871, Mean_ioU: 0.805873453617096, Mean_Dice: 0.8894344568252563
2023-10-12 21:14:50,708 [trainer.py:140] INFO: Epoch : 206, Train_loss : 0.062073659151792526, Mean_ioU: 0.8081741333007812, Mean_Dice: 0.8913895487785339
2023-10-12 21:15:15,218 [trainer.py:140] INFO: Epoch : 207, Train_loss : 0.06131169572472572, Mean_ioU: 0.8094252943992615, Mean_Dice: 0.8921661972999573
2023-10-12 21:15:40,424 [trainer.py:140] INFO: Epoch : 208, Train_loss : 0.06179342418909073, Mean_ioU: 0.8095180988311768, Mean_Dice: 0.8922840356826782
2023-10-12 21:16:04,856 [trainer.py:140] INFO: Epoch : 209, Train_loss : 0.06170045584440231, Mean_ioU: 0.8092374801635742, Mean_Dice: 0.8918874859809875
2023-10-12 21:16:29,743 [trainer.py:140] INFO: Epoch : 210, Train_loss : 0.06267503648996353, Mean_ioU: 0.8062689304351807, Mean_Dice: 0.8900390863418579
2023-10-12 21:16:32,824 [trainer.py:188] INFO: Validation: Loss : 0.09272468090057373, mIoU : 0.7297109365463257, mDice : 0.8367090225219727
2023-10-12 21:16:57,934 [trainer.py:140] INFO: Epoch : 211, Train_loss : 0.06233695149421692, Mean_ioU: 0.8085628151893616, Mean_Dice: 0.891520082950592
2023-10-12 21:17:23,249 [trainer.py:140] INFO: Epoch : 212, Train_loss : 0.06322751939296722, Mean_ioU: 0.8051860332489014, Mean_Dice: 0.8891693949699402
2023-10-12 21:17:48,044 [trainer.py:140] INFO: Epoch : 213, Train_loss : 0.06268422305583954, Mean_ioU: 0.8058779835700989, Mean_Dice: 0.889760434627533
2023-10-12 21:18:13,381 [trainer.py:140] INFO: Epoch : 214, Train_loss : 0.06205206736922264, Mean_ioU: 0.8067602515220642, Mean_Dice: 0.8903427720069885
2023-10-12 21:18:37,950 [trainer.py:140] INFO: Epoch : 215, Train_loss : 0.0618075430393219, Mean_ioU: 0.8089693784713745, Mean_Dice: 0.8918346762657166
2023-10-12 21:19:02,787 [trainer.py:140] INFO: Epoch : 216, Train_loss : 0.06268555670976639, Mean_ioU: 0.805996835231781, Mean_Dice: 0.8898182511329651
2023-10-12 21:19:27,619 [trainer.py:140] INFO: Epoch : 217, Train_loss : 0.06295359879732132, Mean_ioU: 0.8063913583755493, Mean_Dice: 0.8900302052497864
2023-10-12 21:19:52,554 [trainer.py:140] INFO: Epoch : 218, Train_loss : 0.06297643482685089, Mean_ioU: 0.8060537576675415, Mean_Dice: 0.8898738026618958
2023-10-12 21:20:17,392 [trainer.py:140] INFO: Epoch : 219, Train_loss : 0.0623396560549736, Mean_ioU: 0.8068655133247375, Mean_Dice: 0.8903595209121704
2023-10-12 21:20:42,702 [trainer.py:140] INFO: Epoch : 220, Train_loss : 0.06176098808646202, Mean_ioU: 0.8091738820075989, Mean_Dice: 0.8922068476676941
2023-10-12 21:20:45,781 [trainer.py:188] INFO: Validation: Loss : 0.0929296687245369, mIoU : 0.7296253442764282, mDice : 0.8366341590881348
2023-10-12 21:21:11,926 [trainer.py:140] INFO: Epoch : 221, Train_loss : 0.06172948703169823, Mean_ioU: 0.8085682988166809, Mean_Dice: 0.8915431499481201
2023-10-12 21:21:36,566 [trainer.py:140] INFO: Epoch : 222, Train_loss : 0.06184688210487366, Mean_ioU: 0.8081531524658203, Mean_Dice: 0.8912339806556702
2023-10-12 21:22:01,919 [trainer.py:140] INFO: Epoch : 223, Train_loss : 0.06238536164164543, Mean_ioU: 0.8065508008003235, Mean_Dice: 0.8901376724243164
2023-10-12 21:22:26,965 [trainer.py:140] INFO: Epoch : 224, Train_loss : 0.06318099051713943, Mean_ioU: 0.8075085878372192, Mean_Dice: 0.8909143209457397
2023-10-12 21:22:52,032 [trainer.py:140] INFO: Epoch : 225, Train_loss : 0.062063779681921005, Mean_ioU: 0.8071967363357544, Mean_Dice: 0.8905899524688721
2023-10-12 21:23:17,050 [trainer.py:140] INFO: Epoch : 226, Train_loss : 0.06286502629518509, Mean_ioU: 0.8066408634185791, Mean_Dice: 0.8903685212135315
2023-10-12 21:23:42,233 [trainer.py:140] INFO: Epoch : 227, Train_loss : 0.06213441491127014, Mean_ioU: 0.8080464005470276, Mean_Dice: 0.8914027214050293
2023-10-12 21:24:07,344 [trainer.py:140] INFO: Epoch : 228, Train_loss : 0.06271979212760925, Mean_ioU: 0.8071616888046265, Mean_Dice: 0.8905215859413147
2023-10-12 21:24:32,480 [trainer.py:140] INFO: Epoch : 229, Train_loss : 0.061370134353637695, Mean_ioU: 0.8097554445266724, Mean_Dice: 0.8924664855003357
2023-10-12 21:24:57,675 [trainer.py:140] INFO: Epoch : 230, Train_loss : 0.061793699860572815, Mean_ioU: 0.8090647459030151, Mean_Dice: 0.8918924331665039
2023-10-12 21:25:00,661 [trainer.py:188] INFO: Validation: Loss : 0.09274549782276154, mIoU : 0.7297439575195312, mDice : 0.8367208242416382
2023-10-12 21:25:26,114 [trainer.py:140] INFO: Epoch : 231, Train_loss : 0.06264931708574295, Mean_ioU: 0.8055081367492676, Mean_Dice: 0.8895611763000488
2023-10-12 21:25:50,597 [trainer.py:140] INFO: Epoch : 232, Train_loss : 0.06254157423973083, Mean_ioU: 0.8069341778755188, Mean_Dice: 0.8905062079429626
2023-10-12 21:26:15,344 [trainer.py:140] INFO: Epoch : 233, Train_loss : 0.062488898634910583, Mean_ioU: 0.8072197437286377, Mean_Dice: 0.8907704949378967
2023-10-12 21:26:41,062 [trainer.py:140] INFO: Epoch : 234, Train_loss : 0.06284018605947495, Mean_ioU: 0.8058540225028992, Mean_Dice: 0.8898494243621826
2023-10-12 21:27:06,311 [trainer.py:140] INFO: Epoch : 235, Train_loss : 0.06270784884691238, Mean_ioU: 0.8069289326667786, Mean_Dice: 0.890386700630188
2023-10-12 21:27:31,344 [trainer.py:140] INFO: Epoch : 236, Train_loss : 0.06180960312485695, Mean_ioU: 0.8092349171638489, Mean_Dice: 0.8922147154808044
2023-10-12 21:27:56,339 [trainer.py:140] INFO: Epoch : 237, Train_loss : 0.06164338439702988, Mean_ioU: 0.8082951307296753, Mean_Dice: 0.8915358185768127
2023-10-12 21:28:21,109 [trainer.py:140] INFO: Epoch : 238, Train_loss : 0.0623621940612793, Mean_ioU: 0.8073832392692566, Mean_Dice: 0.890869677066803
2023-10-12 21:28:45,903 [trainer.py:140] INFO: Epoch : 239, Train_loss : 0.06207456439733505, Mean_ioU: 0.8082398772239685, Mean_Dice: 0.8912188410758972
2023-10-12 21:29:10,651 [trainer.py:140] INFO: Epoch : 240, Train_loss : 0.06194169446825981, Mean_ioU: 0.807601273059845, Mean_Dice: 0.8909318447113037
2023-10-12 21:29:13,810 [trainer.py:188] INFO: Validation: Loss : 0.09285631030797958, mIoU : 0.7296223640441895, mDice : 0.8366314172744751
2023-10-12 21:29:39,573 [trainer.py:140] INFO: Epoch : 241, Train_loss : 0.062281131744384766, Mean_ioU: 0.807343602180481, Mean_Dice: 0.8908003568649292
2023-10-12 21:30:04,420 [trainer.py:140] INFO: Epoch : 242, Train_loss : 0.06222433224320412, Mean_ioU: 0.8068585991859436, Mean_Dice: 0.8904585838317871
2023-10-12 21:30:29,363 [trainer.py:140] INFO: Epoch : 243, Train_loss : 0.06207626685500145, Mean_ioU: 0.8085432052612305, Mean_Dice: 0.8917003273963928
2023-10-12 21:30:53,860 [trainer.py:140] INFO: Epoch : 244, Train_loss : 0.061778195202350616, Mean_ioU: 0.8077473044395447, Mean_Dice: 0.8912096619606018
2023-10-12 21:31:18,976 [trainer.py:140] INFO: Epoch : 245, Train_loss : 0.06258681416511536, Mean_ioU: 0.8062384724617004, Mean_Dice: 0.8901054263114929
2023-10-12 21:31:44,314 [trainer.py:140] INFO: Epoch : 246, Train_loss : 0.061707526445388794, Mean_ioU: 0.8085740804672241, Mean_Dice: 0.8917185664176941
2023-10-12 21:32:09,423 [trainer.py:140] INFO: Epoch : 247, Train_loss : 0.06096819415688515, Mean_ioU: 0.8099370002746582, Mean_Dice: 0.8925687670707703
2023-10-12 21:32:34,290 [trainer.py:140] INFO: Epoch : 248, Train_loss : 0.06353200972080231, Mean_ioU: 0.8044734001159668, Mean_Dice: 0.8888458609580994
2023-10-12 21:32:59,210 [trainer.py:140] INFO: Epoch : 249, Train_loss : 0.061432838439941406, Mean_ioU: 0.8090229034423828, Mean_Dice: 0.8920015096664429
2023-10-12 21:33:24,142 [trainer.py:140] INFO: Epoch : 250, Train_loss : 0.06292242556810379, Mean_ioU: 0.8056991100311279, Mean_Dice: 0.8894718885421753
2023-10-12 21:33:27,222 [trainer.py:188] INFO: Validation: Loss : 0.09278198331594467, mIoU : 0.7297458648681641, mDice : 0.8366907238960266
2023-10-12 21:33:52,917 [trainer.py:140] INFO: Epoch : 251, Train_loss : 0.0626881867647171, Mean_ioU: 0.8058619499206543, Mean_Dice: 0.889626145362854
2023-10-12 21:34:17,776 [trainer.py:140] INFO: Epoch : 252, Train_loss : 0.06264228373765945, Mean_ioU: 0.8060126900672913, Mean_Dice: 0.8899589776992798
2023-10-12 21:34:42,878 [trainer.py:140] INFO: Epoch : 253, Train_loss : 0.06195015087723732, Mean_ioU: 0.8081233501434326, Mean_Dice: 0.8911883234977722
2023-10-12 21:35:07,988 [trainer.py:140] INFO: Epoch : 254, Train_loss : 0.06271445006132126, Mean_ioU: 0.8054021000862122, Mean_Dice: 0.8894597291946411
2023-10-12 21:35:33,191 [trainer.py:140] INFO: Epoch : 255, Train_loss : 0.06355650722980499, Mean_ioU: 0.8053972721099854, Mean_Dice: 0.8895533084869385
2023-10-12 21:35:58,241 [trainer.py:140] INFO: Epoch : 256, Train_loss : 0.062138333916664124, Mean_ioU: 0.8082035183906555, Mean_Dice: 0.8913707137107849
2023-10-12 21:36:23,007 [trainer.py:140] INFO: Epoch : 257, Train_loss : 0.06211782246828079, Mean_ioU: 0.8071370720863342, Mean_Dice: 0.8905531167984009
2023-10-12 21:36:48,051 [trainer.py:140] INFO: Epoch : 258, Train_loss : 0.061787527054548264, Mean_ioU: 0.8095209002494812, Mean_Dice: 0.8923794627189636
2023-10-12 21:37:12,897 [trainer.py:140] INFO: Epoch : 259, Train_loss : 0.06256292760372162, Mean_ioU: 0.8069700598716736, Mean_Dice: 0.8904662132263184
2023-10-12 21:37:37,655 [trainer.py:140] INFO: Epoch : 260, Train_loss : 0.06264443695545197, Mean_ioU: 0.80707848072052, Mean_Dice: 0.8907336592674255
2023-10-12 21:37:40,873 [trainer.py:188] INFO: Validation: Loss : 0.09268061071634293, mIoU : 0.730126678943634, mDice : 0.8369828462600708
2023-10-12 21:38:06,672 [trainer.py:140] INFO: Epoch : 261, Train_loss : 0.06132015958428383, Mean_ioU: 0.8105340003967285, Mean_Dice: 0.8930385708808899
2023-10-12 21:38:31,672 [trainer.py:140] INFO: Epoch : 262, Train_loss : 0.0629478394985199, Mean_ioU: 0.8060904145240784, Mean_Dice: 0.8900953531265259
2023-10-12 21:38:56,752 [trainer.py:140] INFO: Epoch : 263, Train_loss : 0.06282839179039001, Mean_ioU: 0.8069121837615967, Mean_Dice: 0.8903775811195374
2023-10-12 21:39:22,294 [trainer.py:140] INFO: Epoch : 264, Train_loss : 0.06200157105922699, Mean_ioU: 0.8085089325904846, Mean_Dice: 0.8916105031967163
2023-10-12 21:39:47,532 [trainer.py:140] INFO: Epoch : 265, Train_loss : 0.06143755093216896, Mean_ioU: 0.809485137462616, Mean_Dice: 0.8922637104988098
2023-10-12 21:40:12,798 [trainer.py:140] INFO: Epoch : 266, Train_loss : 0.06260992586612701, Mean_ioU: 0.8075836896896362, Mean_Dice: 0.8909631371498108
2023-10-12 21:40:38,146 [trainer.py:140] INFO: Epoch : 267, Train_loss : 0.061685092747211456, Mean_ioU: 0.8083707094192505, Mean_Dice: 0.8917052149772644
2023-10-12 21:41:02,954 [trainer.py:140] INFO: Epoch : 268, Train_loss : 0.061900679022073746, Mean_ioU: 0.8088187575340271, Mean_Dice: 0.8916491866111755
2023-10-12 21:41:27,862 [trainer.py:140] INFO: Epoch : 269, Train_loss : 0.06221957132220268, Mean_ioU: 0.8076543807983398, Mean_Dice: 0.890996515750885
2023-10-12 21:41:52,860 [trainer.py:140] INFO: Epoch : 270, Train_loss : 0.06264800578355789, Mean_ioU: 0.8072474002838135, Mean_Dice: 0.8906216621398926
2023-10-12 21:41:55,990 [trainer.py:188] INFO: Validation: Loss : 0.0927879586815834, mIoU : 0.7296683192253113, mDice : 0.8366695046424866
2023-10-12 21:42:21,575 [trainer.py:140] INFO: Epoch : 271, Train_loss : 0.06102829799056053, Mean_ioU: 0.8096276521682739, Mean_Dice: 0.8920701742172241
2023-10-12 21:42:46,715 [trainer.py:140] INFO: Epoch : 272, Train_loss : 0.062180448323488235, Mean_ioU: 0.8080509901046753, Mean_Dice: 0.8909521698951721
2023-10-12 21:43:11,810 [trainer.py:140] INFO: Epoch : 273, Train_loss : 0.06237506866455078, Mean_ioU: 0.8078545331954956, Mean_Dice: 0.8911365270614624
2023-10-12 21:43:36,482 [trainer.py:140] INFO: Epoch : 274, Train_loss : 0.061581507325172424, Mean_ioU: 0.8086254000663757, Mean_Dice: 0.8916848301887512
2023-10-12 21:44:01,275 [trainer.py:140] INFO: Epoch : 275, Train_loss : 0.06242382526397705, Mean_ioU: 0.8067365884780884, Mean_Dice: 0.8902629613876343
2023-10-12 21:44:26,691 [trainer.py:140] INFO: Epoch : 276, Train_loss : 0.06257935613393784, Mean_ioU: 0.8066151738166809, Mean_Dice: 0.8901805281639099
2023-10-12 21:44:51,062 [trainer.py:140] INFO: Epoch : 277, Train_loss : 0.061794281005859375, Mean_ioU: 0.808224081993103, Mean_Dice: 0.89149010181427
2023-10-12 21:45:15,916 [trainer.py:140] INFO: Epoch : 278, Train_loss : 0.06262103468179703, Mean_ioU: 0.8075850605964661, Mean_Dice: 0.8909915685653687
2023-10-12 21:45:40,809 [trainer.py:140] INFO: Epoch : 279, Train_loss : 0.06170886382460594, Mean_ioU: 0.8093135356903076, Mean_Dice: 0.8922699093818665
2023-10-12 21:46:06,121 [trainer.py:140] INFO: Epoch : 280, Train_loss : 0.0627317875623703, Mean_ioU: 0.807424783706665, Mean_Dice: 0.8909133672714233
2023-10-12 21:46:09,255 [trainer.py:188] INFO: Validation: Loss : 0.09277027100324631, mIoU : 0.7297609448432922, mDice : 0.8367193341255188
2023-10-12 21:46:34,535 [trainer.py:140] INFO: Epoch : 281, Train_loss : 0.06229797378182411, Mean_ioU: 0.8075249195098877, Mean_Dice: 0.8907725214958191
2023-10-12 21:46:59,244 [trainer.py:140] INFO: Epoch : 282, Train_loss : 0.06265003234148026, Mean_ioU: 0.80576092004776, Mean_Dice: 0.8896161317825317
2023-10-12 21:47:23,863 [trainer.py:140] INFO: Epoch : 283, Train_loss : 0.06208685040473938, Mean_ioU: 0.8083686828613281, Mean_Dice: 0.8914989233016968
2023-10-12 21:47:48,533 [trainer.py:140] INFO: Epoch : 284, Train_loss : 0.06248914450407028, Mean_ioU: 0.807155430316925, Mean_Dice: 0.8905504941940308
2023-10-12 21:48:13,852 [trainer.py:140] INFO: Epoch : 285, Train_loss : 0.06245383247733116, Mean_ioU: 0.8074902892112732, Mean_Dice: 0.8905883431434631
2023-10-12 21:48:39,188 [trainer.py:140] INFO: Epoch : 286, Train_loss : 0.06192411482334137, Mean_ioU: 0.8086474537849426, Mean_Dice: 0.8916948437690735
2023-10-12 21:49:03,820 [trainer.py:140] INFO: Epoch : 287, Train_loss : 0.0627974346280098, Mean_ioU: 0.806170642375946, Mean_Dice: 0.8898794054985046
2023-10-12 21:49:29,140 [trainer.py:140] INFO: Epoch : 288, Train_loss : 0.0630999282002449, Mean_ioU: 0.8057028651237488, Mean_Dice: 0.8897204995155334
2023-10-12 21:49:53,918 [trainer.py:140] INFO: Epoch : 289, Train_loss : 0.062157489359378815, Mean_ioU: 0.8065270781517029, Mean_Dice: 0.8902055025100708
2023-10-12 21:50:18,411 [trainer.py:140] INFO: Epoch : 290, Train_loss : 0.06143126264214516, Mean_ioU: 0.8093708753585815, Mean_Dice: 0.8921782374382019
2023-10-12 21:50:21,532 [trainer.py:188] INFO: Validation: Loss : 0.09270013868808746, mIoU : 0.729836106300354, mDice : 0.836791455745697
2023-10-12 21:50:47,522 [trainer.py:140] INFO: Epoch : 291, Train_loss : 0.06200123578310013, Mean_ioU: 0.8075991868972778, Mean_Dice: 0.8908454179763794
2023-10-12 21:51:12,443 [trainer.py:140] INFO: Epoch : 292, Train_loss : 0.061791252344846725, Mean_ioU: 0.809465765953064, Mean_Dice: 0.8922120928764343
2023-10-12 21:51:37,570 [trainer.py:140] INFO: Epoch : 293, Train_loss : 0.062115367501974106, Mean_ioU: 0.807132363319397, Mean_Dice: 0.8907296061515808
2023-10-12 21:52:02,350 [trainer.py:140] INFO: Epoch : 294, Train_loss : 0.06240047514438629, Mean_ioU: 0.8076696991920471, Mean_Dice: 0.8909256458282471
2023-10-12 21:52:27,208 [trainer.py:140] INFO: Epoch : 295, Train_loss : 0.06232414022088051, Mean_ioU: 0.8071275949478149, Mean_Dice: 0.8907256722450256
2023-10-12 21:52:52,125 [trainer.py:140] INFO: Epoch : 296, Train_loss : 0.06224517151713371, Mean_ioU: 0.8079906702041626, Mean_Dice: 0.8910865783691406
2023-10-12 21:53:17,026 [trainer.py:140] INFO: Epoch : 297, Train_loss : 0.0638386458158493, Mean_ioU: 0.8023241758346558, Mean_Dice: 0.887212872505188
2023-10-12 21:53:42,024 [trainer.py:140] INFO: Epoch : 298, Train_loss : 0.060339171439409256, Mean_ioU: 0.8110235333442688, Mean_Dice: 0.893275797367096
2023-10-12 21:54:06,953 [trainer.py:140] INFO: Epoch : 299, Train_loss : 0.06191468983888626, Mean_ioU: 0.809485137462616, Mean_Dice: 0.8921452164649963
2023-10-12 21:54:31,999 [trainer.py:140] INFO: Epoch : 300, Train_loss : 0.0627606138586998, Mean_ioU: 0.8070599436759949, Mean_Dice: 0.8905194401741028
2023-10-12 21:54:35,047 [trainer.py:188] INFO: Validation: Loss : 0.09291870892047882, mIoU : 0.7294862866401672, mDice : 0.8365305066108704
2023-10-12 21:54:35,748 [train.py:135] INFO: ==========finish train=========
2023-10-12 21:54:35,755 [train.py:144] INFO: ==========finish work=========
