2023-10-13 11:27:34,715 [train.py:60] INFO: learning rate : 0.001
2023-10-13 11:27:34,715 [train.py:61] INFO: batch size : 25
2023-10-13 11:27:34,715 [train.py:62] INFO: num epoch : 300
2023-10-13 11:27:34,715 [train.py:63] INFO: trainflow: 10
2023-10-13 11:27:34,715 [train.py:84] INFO: ==========Start training=========
2023-10-13 11:28:06,444 [trainer.py:140] INFO: Epoch : 1, Train_loss : 0.25517895817756653, Mean_ioU: 0.47479674220085144, Mean_Dice: 0.6144108772277832
2023-10-13 11:28:26,763 [trainer.py:140] INFO: Epoch : 2, Train_loss : 0.13891547918319702, Mean_ioU: 0.6294847130775452, Mean_Dice: 0.7647167444229126
2023-10-13 11:28:47,120 [trainer.py:140] INFO: Epoch : 3, Train_loss : 0.12237324565649033, Mean_ioU: 0.66387540102005, Mean_Dice: 0.7915581464767456
2023-10-13 11:29:07,737 [trainer.py:140] INFO: Epoch : 4, Train_loss : 0.11224646121263504, Mean_ioU: 0.6845575571060181, Mean_Dice: 0.8067858815193176
2023-10-13 11:29:28,079 [trainer.py:140] INFO: Epoch : 5, Train_loss : 0.10672561079263687, Mean_ioU: 0.6984325051307678, Mean_Dice: 0.8168444037437439
2023-10-13 11:29:48,692 [trainer.py:140] INFO: Epoch : 6, Train_loss : 0.100929394364357, Mean_ioU: 0.7104349732398987, Mean_Dice: 0.8259332180023193
2023-10-13 11:30:10,103 [trainer.py:140] INFO: Epoch : 7, Train_loss : 0.09495079517364502, Mean_ioU: 0.72562175989151, Mean_Dice: 0.836768388748169
2023-10-13 11:30:31,014 [trainer.py:140] INFO: Epoch : 8, Train_loss : 0.0900600254535675, Mean_ioU: 0.7372110486030579, Mean_Dice: 0.844616711139679
2023-10-13 11:30:51,994 [trainer.py:140] INFO: Epoch : 9, Train_loss : 0.08619239181280136, Mean_ioU: 0.7447949647903442, Mean_Dice: 0.8499901294708252
2023-10-13 11:31:12,887 [trainer.py:140] INFO: Epoch : 10, Train_loss : 0.08463156968355179, Mean_ioU: 0.7484791874885559, Mean_Dice: 0.8519198298454285
2023-10-13 11:31:17,307 [trainer.py:188] INFO: Validation: Loss : 0.1120656207203865, mIoU : 0.6819737553596497, mDice : 0.8032811284065247
2023-10-13 11:31:38,812 [trainer.py:140] INFO: Epoch : 11, Train_loss : 0.07695908844470978, Mean_ioU: 0.7700415253639221, Mean_Dice: 0.8669962286949158
2023-10-13 11:31:59,839 [trainer.py:140] INFO: Epoch : 12, Train_loss : 0.07381054013967514, Mean_ioU: 0.7783842086791992, Mean_Dice: 0.8726913332939148
2023-10-13 11:32:20,674 [trainer.py:140] INFO: Epoch : 13, Train_loss : 0.07256943732500076, Mean_ioU: 0.7816773056983948, Mean_Dice: 0.874650776386261
2023-10-13 11:32:42,123 [trainer.py:140] INFO: Epoch : 14, Train_loss : 0.07238910347223282, Mean_ioU: 0.7819303274154663, Mean_Dice: 0.8747548460960388
2023-10-13 11:33:03,288 [trainer.py:140] INFO: Epoch : 15, Train_loss : 0.07083281874656677, Mean_ioU: 0.7862815856933594, Mean_Dice: 0.8776452541351318
2023-10-13 11:33:24,742 [trainer.py:140] INFO: Epoch : 16, Train_loss : 0.0697140246629715, Mean_ioU: 0.7890267968177795, Mean_Dice: 0.8793434500694275
2023-10-13 11:33:45,608 [trainer.py:140] INFO: Epoch : 17, Train_loss : 0.06888914853334427, Mean_ioU: 0.7911673784255981, Mean_Dice: 0.8809621930122375
2023-10-13 11:34:06,515 [trainer.py:140] INFO: Epoch : 18, Train_loss : 0.06883664429187775, Mean_ioU: 0.7917852997779846, Mean_Dice: 0.8810309767723083
2023-10-13 11:34:27,350 [trainer.py:140] INFO: Epoch : 19, Train_loss : 0.0667329952120781, Mean_ioU: 0.7959843873977661, Mean_Dice: 0.8839170336723328
2023-10-13 11:34:48,412 [trainer.py:140] INFO: Epoch : 20, Train_loss : 0.0673515647649765, Mean_ioU: 0.7953507900238037, Mean_Dice: 0.8834211826324463
2023-10-13 11:34:51,756 [trainer.py:188] INFO: Validation: Loss : 0.09589431434869766, mIoU : 0.7301085591316223, mDice : 0.8375297784805298
2023-10-13 11:34:52,480 [utils.py:24] INFO: Saving ./checkpoint/ckpt_0.095894 ckp 
2023-10-13 11:35:13,607 [trainer.py:140] INFO: Epoch : 21, Train_loss : 0.06726845353841782, Mean_ioU: 0.7983647584915161, Mean_Dice: 0.8854765295982361
2023-10-13 11:35:34,286 [trainer.py:140] INFO: Epoch : 22, Train_loss : 0.06627239286899567, Mean_ioU: 0.7981674671173096, Mean_Dice: 0.885107696056366
2023-10-13 11:35:55,188 [trainer.py:140] INFO: Epoch : 23, Train_loss : 0.0659063458442688, Mean_ioU: 0.7992414832115173, Mean_Dice: 0.8858404755592346
2023-10-13 11:36:16,670 [trainer.py:140] INFO: Epoch : 24, Train_loss : 0.06604892760515213, Mean_ioU: 0.798926830291748, Mean_Dice: 0.8857132792472839
2023-10-13 11:36:37,859 [trainer.py:140] INFO: Epoch : 25, Train_loss : 0.06727784872055054, Mean_ioU: 0.796575665473938, Mean_Dice: 0.884323000907898
2023-10-13 11:36:58,809 [trainer.py:140] INFO: Epoch : 26, Train_loss : 0.06571406871080399, Mean_ioU: 0.7998173236846924, Mean_Dice: 0.88626629114151
2023-10-13 11:37:19,428 [trainer.py:140] INFO: Epoch : 27, Train_loss : 0.06556219607591629, Mean_ioU: 0.8011793494224548, Mean_Dice: 0.8870851993560791
2023-10-13 11:37:40,280 [trainer.py:140] INFO: Epoch : 28, Train_loss : 0.06595689058303833, Mean_ioU: 0.7995643019676208, Mean_Dice: 0.8863430619239807
2023-10-13 11:38:00,972 [trainer.py:140] INFO: Epoch : 29, Train_loss : 0.06669262051582336, Mean_ioU: 0.7972887754440308, Mean_Dice: 0.8844130039215088
2023-10-13 11:38:22,093 [trainer.py:140] INFO: Epoch : 30, Train_loss : 0.06532346457242966, Mean_ioU: 0.8018832802772522, Mean_Dice: 0.8876943588256836
2023-10-13 11:38:25,383 [trainer.py:188] INFO: Validation: Loss : 0.09511507302522659, mIoU : 0.7301654815673828, mDice : 0.8374372124671936
2023-10-13 11:38:26,001 [utils.py:24] INFO: Saving ./checkpoint/ckpt_0.095115 ckp 
2023-10-13 11:38:47,390 [trainer.py:140] INFO: Epoch : 31, Train_loss : 0.06667127460241318, Mean_ioU: 0.7982873320579529, Mean_Dice: 0.8853216171264648
2023-10-13 11:39:08,439 [trainer.py:140] INFO: Epoch : 32, Train_loss : 0.06573649495840073, Mean_ioU: 0.7997714281082153, Mean_Dice: 0.8861385583877563
2023-10-13 11:39:29,501 [trainer.py:140] INFO: Epoch : 33, Train_loss : 0.06487274169921875, Mean_ioU: 0.8024134635925293, Mean_Dice: 0.8880839943885803
2023-10-13 11:39:50,703 [trainer.py:140] INFO: Epoch : 34, Train_loss : 0.06487666815519333, Mean_ioU: 0.8023660778999329, Mean_Dice: 0.8880503177642822
2023-10-13 11:40:11,868 [trainer.py:140] INFO: Epoch : 35, Train_loss : 0.06509017199277878, Mean_ioU: 0.800614058971405, Mean_Dice: 0.8868415355682373
2023-10-13 11:40:32,840 [trainer.py:140] INFO: Epoch : 36, Train_loss : 0.06552061438560486, Mean_ioU: 0.8006089329719543, Mean_Dice: 0.8869495987892151
2023-10-13 11:40:53,756 [trainer.py:140] INFO: Epoch : 37, Train_loss : 0.06603078544139862, Mean_ioU: 0.7998356223106384, Mean_Dice: 0.8863027095794678
2023-10-13 11:41:14,268 [trainer.py:140] INFO: Epoch : 38, Train_loss : 0.06572355329990387, Mean_ioU: 0.8011992573738098, Mean_Dice: 0.8870365619659424
2023-10-13 11:41:34,787 [trainer.py:140] INFO: Epoch : 39, Train_loss : 0.06545476615428925, Mean_ioU: 0.8014475703239441, Mean_Dice: 0.8873800039291382
2023-10-13 11:41:55,902 [trainer.py:140] INFO: Epoch : 40, Train_loss : 0.06579918414354324, Mean_ioU: 0.8004832863807678, Mean_Dice: 0.8867440223693848
2023-10-13 11:41:59,426 [trainer.py:188] INFO: Validation: Loss : 0.09513405710458755, mIoU : 0.7303299307823181, mDice : 0.8375493288040161
2023-10-13 11:42:21,256 [trainer.py:140] INFO: Epoch : 41, Train_loss : 0.06563233584165573, Mean_ioU: 0.8013232946395874, Mean_Dice: 0.8870330452919006
2023-10-13 11:42:42,495 [trainer.py:140] INFO: Epoch : 42, Train_loss : 0.06542596966028214, Mean_ioU: 0.8007681965827942, Mean_Dice: 0.8869860172271729
2023-10-13 11:43:03,660 [trainer.py:140] INFO: Epoch : 43, Train_loss : 0.0651954859495163, Mean_ioU: 0.8020226955413818, Mean_Dice: 0.8878711462020874
2023-10-13 11:43:24,437 [trainer.py:140] INFO: Epoch : 44, Train_loss : 0.06584039330482483, Mean_ioU: 0.7996465563774109, Mean_Dice: 0.8861895203590393
2023-10-13 11:43:45,671 [trainer.py:140] INFO: Epoch : 45, Train_loss : 0.06538014113903046, Mean_ioU: 0.8015180826187134, Mean_Dice: 0.887376606464386
2023-10-13 11:44:06,989 [trainer.py:140] INFO: Epoch : 46, Train_loss : 0.06549300253391266, Mean_ioU: 0.8011254668235779, Mean_Dice: 0.8870032429695129
2023-10-13 11:44:28,152 [trainer.py:140] INFO: Epoch : 47, Train_loss : 0.06465619057416916, Mean_ioU: 0.802043080329895, Mean_Dice: 0.8878124356269836
2023-10-13 11:44:49,488 [trainer.py:140] INFO: Epoch : 48, Train_loss : 0.06503612548112869, Mean_ioU: 0.8015252947807312, Mean_Dice: 0.8871490359306335
2023-10-13 11:45:10,780 [trainer.py:140] INFO: Epoch : 49, Train_loss : 0.06456803530454636, Mean_ioU: 0.8033118844032288, Mean_Dice: 0.8886166214942932
2023-10-13 11:45:31,826 [trainer.py:140] INFO: Epoch : 50, Train_loss : 0.06537709385156631, Mean_ioU: 0.8002954125404358, Mean_Dice: 0.8865860104560852
2023-10-13 11:45:35,220 [trainer.py:188] INFO: Validation: Loss : 0.09476136416196823, mIoU : 0.7306922078132629, mDice : 0.8377943634986877
2023-10-13 11:45:35,932 [utils.py:24] INFO: Saving ./checkpoint/ckpt_0.094761 ckp 
2023-10-13 11:45:36,325 [utils.py:30] INFO: Delete ./checkpoint/ckpt_0.095894.pth ckp
2023-10-13 11:45:57,335 [trainer.py:140] INFO: Epoch : 51, Train_loss : 0.06559545546770096, Mean_ioU: 0.8013678193092346, Mean_Dice: 0.8873104453086853
2023-10-13 11:46:18,184 [trainer.py:140] INFO: Epoch : 52, Train_loss : 0.0655280351638794, Mean_ioU: 0.8006909489631653, Mean_Dice: 0.8869374394416809
2023-10-13 11:46:39,322 [trainer.py:140] INFO: Epoch : 53, Train_loss : 0.06549448519945145, Mean_ioU: 0.8016950488090515, Mean_Dice: 0.8873819708824158
2023-10-13 11:47:01,003 [trainer.py:140] INFO: Epoch : 54, Train_loss : 0.06542328745126724, Mean_ioU: 0.8013519644737244, Mean_Dice: 0.8871585130691528
2023-10-13 11:47:22,162 [trainer.py:140] INFO: Epoch : 55, Train_loss : 0.06550202518701553, Mean_ioU: 0.8010799288749695, Mean_Dice: 0.8871631026268005
2023-10-13 11:47:42,845 [trainer.py:140] INFO: Epoch : 56, Train_loss : 0.06590016186237335, Mean_ioU: 0.80064857006073, Mean_Dice: 0.8868077993392944
2023-10-13 11:48:03,624 [trainer.py:140] INFO: Epoch : 57, Train_loss : 0.06475263088941574, Mean_ioU: 0.8027892708778381, Mean_Dice: 0.8883281350135803
2023-10-13 11:48:24,977 [trainer.py:140] INFO: Epoch : 58, Train_loss : 0.06531915813684464, Mean_ioU: 0.8007936477661133, Mean_Dice: 0.8870207667350769
2023-10-13 11:48:45,698 [trainer.py:140] INFO: Epoch : 59, Train_loss : 0.06542705744504929, Mean_ioU: 0.8010345697402954, Mean_Dice: 0.8871850371360779
2023-10-13 11:49:06,287 [trainer.py:140] INFO: Epoch : 60, Train_loss : 0.06544256955385208, Mean_ioU: 0.7999982237815857, Mean_Dice: 0.886322557926178
2023-10-13 11:49:09,730 [trainer.py:188] INFO: Validation: Loss : 0.09496671706438065, mIoU : 0.730398952960968, mDice : 0.837579607963562
2023-10-13 11:49:31,346 [trainer.py:140] INFO: Epoch : 61, Train_loss : 0.06449907273054123, Mean_ioU: 0.8035605549812317, Mean_Dice: 0.8885833621025085
2023-10-13 11:49:52,009 [trainer.py:140] INFO: Epoch : 62, Train_loss : 0.06430882960557938, Mean_ioU: 0.8038303852081299, Mean_Dice: 0.8890568017959595
2023-10-13 11:50:13,044 [trainer.py:140] INFO: Epoch : 63, Train_loss : 0.0650862455368042, Mean_ioU: 0.8021562099456787, Mean_Dice: 0.8878132104873657
2023-10-13 11:50:34,084 [trainer.py:140] INFO: Epoch : 64, Train_loss : 0.066383957862854, Mean_ioU: 0.799529492855072, Mean_Dice: 0.8858718276023865
2023-10-13 11:50:54,827 [trainer.py:140] INFO: Epoch : 65, Train_loss : 0.06664968281984329, Mean_ioU: 0.7989722490310669, Mean_Dice: 0.885516345500946
2023-10-13 11:51:15,649 [trainer.py:140] INFO: Epoch : 66, Train_loss : 0.06487927585840225, Mean_ioU: 0.802796483039856, Mean_Dice: 0.8885180950164795
2023-10-13 11:51:36,595 [trainer.py:140] INFO: Epoch : 67, Train_loss : 0.06624139845371246, Mean_ioU: 0.7997230291366577, Mean_Dice: 0.8859881162643433
2023-10-13 11:51:57,544 [trainer.py:140] INFO: Epoch : 68, Train_loss : 0.06544238328933716, Mean_ioU: 0.8009169101715088, Mean_Dice: 0.8868421912193298
2023-10-13 11:52:18,680 [trainer.py:140] INFO: Epoch : 69, Train_loss : 0.0650353878736496, Mean_ioU: 0.8027693033218384, Mean_Dice: 0.888160765171051
2023-10-13 11:52:39,941 [trainer.py:140] INFO: Epoch : 70, Train_loss : 0.06428549438714981, Mean_ioU: 0.8038079142570496, Mean_Dice: 0.888968288898468
2023-10-13 11:52:43,341 [trainer.py:188] INFO: Validation: Loss : 0.09503114223480225, mIoU : 0.7305521965026855, mDice : 0.8376946449279785
2023-10-13 11:53:05,186 [trainer.py:140] INFO: Epoch : 71, Train_loss : 0.06519842147827148, Mean_ioU: 0.8015351891517639, Mean_Dice: 0.8876183032989502
2023-10-13 11:53:26,371 [trainer.py:140] INFO: Epoch : 72, Train_loss : 0.06563177704811096, Mean_ioU: 0.8003224730491638, Mean_Dice: 0.8865951299667358
2023-10-13 11:53:47,742 [trainer.py:140] INFO: Epoch : 73, Train_loss : 0.06543061137199402, Mean_ioU: 0.7993435263633728, Mean_Dice: 0.8860293626785278
2023-10-13 11:54:08,998 [trainer.py:140] INFO: Epoch : 74, Train_loss : 0.06599077582359314, Mean_ioU: 0.7991300821304321, Mean_Dice: 0.8857444524765015
2023-10-13 11:54:30,090 [trainer.py:140] INFO: Epoch : 75, Train_loss : 0.06512445956468582, Mean_ioU: 0.8021237850189209, Mean_Dice: 0.8877425789833069
2023-10-13 11:54:51,257 [trainer.py:140] INFO: Epoch : 76, Train_loss : 0.06570103019475937, Mean_ioU: 0.8015842437744141, Mean_Dice: 0.8874269127845764
2023-10-13 11:55:12,201 [trainer.py:140] INFO: Epoch : 77, Train_loss : 0.06457184255123138, Mean_ioU: 0.8020059466362, Mean_Dice: 0.8876401782035828
2023-10-13 11:55:33,080 [trainer.py:140] INFO: Epoch : 78, Train_loss : 0.06545145809650421, Mean_ioU: 0.8006511330604553, Mean_Dice: 0.8867549896240234
2023-10-13 11:55:54,085 [trainer.py:140] INFO: Epoch : 79, Train_loss : 0.06520099192857742, Mean_ioU: 0.8021621704101562, Mean_Dice: 0.8879968523979187
2023-10-13 11:56:15,110 [trainer.py:140] INFO: Epoch : 80, Train_loss : 0.06494835764169693, Mean_ioU: 0.8021079897880554, Mean_Dice: 0.8877230882644653
2023-10-13 11:56:18,551 [trainer.py:188] INFO: Validation: Loss : 0.09517814218997955, mIoU : 0.7304227352142334, mDice : 0.8375961184501648
2023-10-13 11:56:40,522 [trainer.py:140] INFO: Epoch : 81, Train_loss : 0.0653475895524025, Mean_ioU: 0.8010910153388977, Mean_Dice: 0.8870519399642944
2023-10-13 11:57:01,894 [trainer.py:140] INFO: Epoch : 82, Train_loss : 0.06634305417537689, Mean_ioU: 0.7986941933631897, Mean_Dice: 0.8852458000183105
2023-10-13 11:57:22,826 [trainer.py:140] INFO: Epoch : 83, Train_loss : 0.06559338420629501, Mean_ioU: 0.7997137904167175, Mean_Dice: 0.8861075043678284
2023-10-13 11:57:43,717 [trainer.py:140] INFO: Epoch : 84, Train_loss : 0.06531495600938797, Mean_ioU: 0.8012813329696655, Mean_Dice: 0.8873457908630371
2023-10-13 11:58:04,659 [trainer.py:140] INFO: Epoch : 85, Train_loss : 0.06484352797269821, Mean_ioU: 0.8019554018974304, Mean_Dice: 0.8875837922096252
2023-10-13 11:58:25,715 [trainer.py:140] INFO: Epoch : 86, Train_loss : 0.0652860775589943, Mean_ioU: 0.800818681716919, Mean_Dice: 0.8871018886566162
2023-10-13 11:58:46,555 [trainer.py:140] INFO: Epoch : 87, Train_loss : 0.06576834619045258, Mean_ioU: 0.8008370995521545, Mean_Dice: 0.8867658972740173
2023-10-13 11:59:07,437 [trainer.py:140] INFO: Epoch : 88, Train_loss : 0.06585013121366501, Mean_ioU: 0.7996382117271423, Mean_Dice: 0.8860068917274475
